#
# There is insufficient memory for the Java Runtime Environment to continue.
# Native memory allocation (malloc) failed to allocate 52428800 bytes for committing reserved memory.
# Possible reasons:
#   The system is out of physical RAM or swap space
#   In 32 bit mode, the process size limit was hit
# Possible solutions:
#   Reduce memory load on the system
#   Increase physical memory or swap space
#   Check if swap backing store is full
#   Use 64 bit Java on a 64 bit OS
#   Decrease Java heap size (-Xmx/-Xms)
#   Decrease number of Java threads
#   Decrease Java thread stack sizes (-Xss)
#   Set larger code cache with -XX:ReservedCodeCacheSize=
# This output file may be truncated or incomplete.
#
#  Out of Memory Error (os_linux.cpp:2809), pid=7735, tid=140704548361984
#
# JRE version: OpenJDK Runtime Environment (7.0_79-b14) (build 1.7.0_79-b14)
# Java VM: OpenJDK 64-Bit Server VM (24.79-b02 mixed mode linux-amd64 compressed oops)
# Derivative: IcedTea 2.5.5
# Distribution: Ubuntu 14.04 LTS, package 7u79-2.5.5-0ubuntu0.14.04.2
# Failed to write core dump. Core dumps have been disabled. To enable core dumping, try "ulimit -c unlimited" before starting Java again
#

---------------  T H R E A D  ---------------

Current thread (0x00007ff858080000):  VMThread [stack: 0x00007ff8548f9000,0x00007ff8549fa000] [id=7748]

Stack: [0x00007ff8548f9000,0x00007ff8549fa000],  sp=0x00007ff8549f8490,  free space=1021k
Native frames: (J=compiled Java code, j=interpreted, Vv=VM code, C=native code)
V  [libjvm.so+0x94aec5]  VMError::report_and_die()+0x175
V  [libjvm.so+0x48b9c4]  report_vm_out_of_memory(char const*, int, unsigned long, char const*)+0x74
V  [libjvm.so+0x7c806b]  os::pd_commit_memory(char*, unsigned long, unsigned long, bool)+0xeb
V  [libjvm.so+0x7c2b0f]  os::commit_memory(char*, unsigned long, unsigned long, bool)+0x1f
V  [libjvm.so+0x83500b]  PSVirtualSpace::expand_by(unsigned long)+0x5b
V  [libjvm.so+0x835e60]  PSYoungGen::resize_generation(unsigned long, unsigned long)+0xb0
V  [libjvm.so+0x83654b]  PSYoungGen::resize(unsigned long, unsigned long)+0x1b
V  [libjvm.so+0x832830]  PSScavenge::invoke_no_policy()+0xde0
V  [libjvm.so+0x833008]  PSScavenge::invoke()+0x38
V  [libjvm.so+0x7e96f3]  ParallelScavengeHeap::failed_mem_allocate(unsigned long)+0x63
V  [libjvm.so+0x94c8c4]  VM_ParallelGCFailedAllocation::doit()+0x84
V  [libjvm.so+0x950dc7]  VM_Operation::evaluate()+0x47
V  [libjvm.so+0x94f738]  VMThread::evaluate_operation(VM_Operation*)+0x318
V  [libjvm.so+0x94fb99]  VMThread::loop()+0x219
V  [libjvm.so+0x94ffe2]  VMThread::run()+0x72
V  [libjvm.so+0x7c4f32]  java_start(Thread*)+0xf2

VM_Operation (0x00007ff861c8b520): ParallelGCFailedAllocation, mode: safepoint, requested by thread 0x00007ff85800c000


---------------  P R O C E S S  ---------------

Java Threads: ( => current thread )
  0x00007ff8580b9800 JavaThread "Service Thread" daemon [_thread_blocked, id=7754, stack(0x00007ff8456cc000,0x00007ff8457cd000)]
  0x00007ff8580b7800 JavaThread "C2 CompilerThread1" daemon [_thread_blocked, id=7753, stack(0x00007ff8457cd000,0x00007ff8458ce000)]
  0x00007ff8580b4800 JavaThread "C2 CompilerThread0" daemon [_thread_blocked, id=7752, stack(0x00007ff8458ce000,0x00007ff8459cf000)]
  0x00007ff8580b2800 JavaThread "Signal Dispatcher" daemon [_thread_blocked, id=7751, stack(0x00007ff8459cf000,0x00007ff845ad0000)]
  0x00007ff858086800 JavaThread "Finalizer" daemon [_thread_blocked, id=7750, stack(0x00007ff8546f7000,0x00007ff8547f8000)]
  0x00007ff858084800 JavaThread "Reference Handler" daemon [_thread_blocked, id=7749, stack(0x00007ff8547f8000,0x00007ff8548f9000)]
  0x00007ff85800c000 JavaThread "main" [_thread_blocked, id=7739, stack(0x00007ff861b8c000,0x00007ff861c8d000)]

Other Threads:
=>0x00007ff858080000 VMThread [stack: 0x00007ff8548f9000,0x00007ff8549fa000] [id=7748]
  0x00007ff8580c4800 WatcherThread [stack: 0x00007ff8455cb000,0x00007ff8456cc000] [id=7755]

VM state:at safepoint (normal execution)

VM Mutex/Monitor currently owned by a thread:  ([mutex/lock_event])
[0x00007ff858008430] Threads_lock - owner thread: 0x00007ff858080000
[0x00007ff858008930] Heap_lock - owner thread: 0x00007ff85800c000

Heap
 PSYoungGen      total 189952K, used 11133K [0x00000000eaa80000, 0x00000000f8000000, 0x0000000100000000)
  eden space 171008K, 0% used [0x00000000eaa80000,0x00000000eaa80000,0x00000000f5180000)
  from space 18944K, 58% used [0x00000000f5180000,0x00000000f5c5f7b8,0x00000000f6400000)
  to   space 10752K, 0% used [0x00000000f6400000,0x00000000f6400000,0x00000000f6e80000)
 ParOldGen       total 64000K, used 24532K [0x00000000c0000000, 0x00000000c3e80000, 0x00000000eaa80000)
  object space 64000K, 38% used [0x00000000c0000000,0x00000000c17f50e0,0x00000000c3e80000)
 PSPermGen       total 21504K, used 7197K [0x00000000b5a00000, 0x00000000b6f00000, 0x00000000c0000000)
  object space 21504K, 33% used [0x00000000b5a00000,0x00000000b61074d0,0x00000000b6f00000)

Card table byte_map: [0x00007ff85e57b000,0x00007ff85e7cf000] byte_map_base: 0x00007ff85dfce000

Polling page: 0x00007ff861cac000

Code Cache  [0x00007ff855000000, 0x00007ff855270000, 0x00007ff858000000)
 total_blobs=964 nmethods=709 adapters=204 free_code_cache=47259Kb largest_free_block=48363520

Compilation events (10 events):
Event: 3,668 Thread 0x00007ff8580b7800  723             com.android.dex.EncodedValue::writeTo (9 bytes)
Event: 3,669 Thread 0x00007ff8580b7800 nmethod 723 0x00007ff855128350 code [0x00007ff8551284a0, 0x00007ff855128638]
Event: 3,724 Thread 0x00007ff8580b4800  724             com.android.dx.util.ByteArrayAnnotatedOutput::<init> (54 bytes)
Event: 3,724 Thread 0x00007ff8580b7800  725             com.android.dx.util.ByteArrayAnnotatedOutput::<init> (9 bytes)
Event: 3,725 Thread 0x00007ff8580b4800 nmethod 724 0x00007ff855128110 code [0x00007ff855128240, 0x00007ff8551282d8]
Event: 3,725 Thread 0x00007ff8580b7800 nmethod 725 0x00007ff855127e10 code [0x00007ff855127f60, 0x00007ff855128078]
Event: 3,725 Thread 0x00007ff8580b7800  726             com.android.dx.util.ByteArrayAnnotatedOutput::toByteArray (23 bytes)
Event: 3,726 Thread 0x00007ff8580b7800 nmethod 726 0x00007ff855127a50 code [0x00007ff855127ba0, 0x00007ff855127d18]
Event: 3,778 Thread 0x00007ff8580b4800  727             sun.misc.VM::isBooted (4 bytes)
Event: 3,778 Thread 0x00007ff8580b7800  728             java.lang.Math::min (46 bytes)

GC Heap History (10 events):
Event: 3,193 GC heap after
Heap after GC invocations=8 (full 0):
 PSYoungGen      total 130048K, used 7504K [0x00000000eaa80000, 0x00000000f3280000, 0x0000000100000000)
  eden space 122368K, 0% used [0x00000000eaa80000,0x00000000eaa80000,0x00000000f2200000)
  from space 7680K, 97% used [0x00000000f2a00000,0x00000000f31540f8,0x00000000f3180000)
  to   space 8192K, 0% used [0x00000000f2200000,0x00000000f2200000,0x00000000f2a00000)
 ParOldGen       total 38400K, used 33463K [0x00000000c0000000, 0x00000000c2580000, 0x00000000eaa80000)
  object space 38400K, 87% used [0x00000000c0000000,0x00000000c20adf58,0x00000000c2580000)
 PSPermGen       total 21504K, used 7186K [0x00000000b5a00000, 0x00000000b6f00000, 0x00000000c0000000)
  object space 21504K, 33% used [0x00000000b5a00000,0x00000000b6104850,0x00000000b6f00000)
}
Event: 3,194 GC heap before
{Heap before GC invocations=9 (full 1):
 PSYoungGen      total 130048K, used 7504K [0x00000000eaa80000, 0x00000000f3280000, 0x0000000100000000)
  eden space 122368K, 0% used [0x00000000eaa80000,0x00000000eaa80000,0x00000000f2200000)
  from space 7680K, 97% used [0x00000000f2a00000,0x00000000f31540f8,0x00000000f3180000)
  to   space 8192K, 0% used [0x00000000f2200000,0x00000000f2200000,0x00000000f2a00000)
 ParOldGen       total 38400K, used 33463K [0x00000000c0000000, 0x00000000c2580000, 0x00000000eaa80000)
  object space 38400K, 87% used [0x00000000c0000000,0x00000000c20adf58,0x00000000c2580000)
 PSPermGen       total 21504K, used 7186K [0x00000000b5a00000, 0x00000000b6f00000, 0x00000000c0000000)
  object space 21504K, 33% used [0x00000000b5a00000,0x00000000b6104850,0x00000000b6f00000)
Event: 3,233 GC heap after
Heap after GC invocations=9 (full 1):
 PSYoungGen      total 130048K, used 0K [0x00000000eaa80000, 0x00000000f3280000, 0x0000000100000000)
  eden space 122368K, 0% used [0x00000000eaa80000,0x00000000eaa80000,0x00000000f2200000)
  from space 7680K, 0% used [0x00000000f2a00000,0x00000000f2a00000,0x00000000f3180000)
  to   space 8192K, 0% used [0x00000000f2200000,0x00000000f2200000,0x00000000f2a00000)
 ParOldGen       total 47616K, used 20590K [0x00000000c0000000, 0x00000000c2e80000, 0x00000000eaa80000)
  object space 47616K, 43% used [0x00000000c0000000,0x00000000c141bba8,0x00000000c2e80000)
 PSPermGen       total 21504K, used 7183K [0x00000000b5a00000, 0x00000000b6f00000, 0x00000000c0000000)
  object space 21504K, 33% used [0x00000000b5a00000,0x00000000b6103d58,0x00000000b6f00000)
}
Event: 3,436 GC heap before
{Heap before GC invocations=10 (full 1):
 PSYoungGen      total 130048K, used 122368K [0x00000000eaa80000, 0x00000000f3280000, 0x0000000100000000)
  eden space 122368K, 100% used [0x00000000eaa80000,0x00000000f2200000,0x00000000f2200000)
  from space 7680K, 0% used [0x00000000f2a00000,0x00000000f2a00000,0x00000000f3180000)
  to   space 8192K, 0% used [0x00000000f2200000,0x00000000f2200000,0x00000000f2a00000)
 ParOldGen       total 47616K, used 20590K [0x00000000c0000000, 0x00000000c2e80000, 0x00000000eaa80000)
  object space 47616K, 43% used [0x00000000c0000000,0x00000000c141bba8,0x00000000c2e80000)
 PSPermGen       total 21504K, used 7190K [0x00000000b5a00000, 0x00000000b6f00000, 0x00000000c0000000)
  object space 21504K, 33% used [0x00000000b5a00000,0x00000000b6105890,0x00000000b6f00000)
Event: 3,443 GC heap after
Heap after GC invocations=10 (full 1):
 PSYoungGen      total 130560K, used 8188K [0x00000000eaa80000, 0x00000000f6e80000, 0x0000000100000000)
  eden space 122368K, 0% used [0x00000000eaa80000,0x00000000eaa80000,0x00000000f2200000)
  from space 8192K, 99% used [0x00000000f2200000,0x00000000f29ff240,0x00000000f2a00000)
  to   space 10752K, 0% used [0x00000000f6400000,0x00000000f6400000,0x00000000f6e80000)
 ParOldGen       total 47616K, used 24605K [0x00000000c0000000, 0x00000000c2e80000, 0x00000000eaa80000)
  object space 47616K, 51% used [0x00000000c0000000,0x00000000c1807490,0x00000000c2e80000)
 PSPermGen       total 21504K, used 7190K [0x00000000b5a00000, 0x00000000b6f00000, 0x00000000c0000000)
  object space 21504K, 33% used [0x00000000b5a00000,0x00000000b6105890,0x00000000b6f00000)
}
Event: 3,578 GC heap before
{Heap before GC invocations=11 (full 1):
 PSYoungGen      total 130560K, used 130556K [0x00000000eaa80000, 0x00000000f6e80000, 0x0000000100000000)
  eden space 122368K, 100% used [0x00000000eaa80000,0x00000000f2200000,0x00000000f2200000)
  from space 8192K, 99% used [0x00000000f2200000,0x00000000f29ff240,0x00000000f2a00000)
  to   space 10752K, 0% used [0x00000000f6400000,0x00000000f6400000,0x00000000f6e80000)
 ParOldGen       total 47616K, used 24605K [0x00000000c0000000, 0x00000000c2e80000, 0x00000000eaa80000)
  object space 47616K, 51% used [0x00000000c0000000,0x00000000c1807490,0x00000000c2e80000)
 PSPermGen       total 21504K, used 7193K [0x00000000b5a00000, 0x00000000b6f00000, 0x00000000c0000000)
  object space 21504K, 33% used [0x00000000b5a00000,0x00000000b6106600,0x00000000b6f00000)
Event: 3,587 GC heap after
Heap after GC invocations=11 (full 1):
 PSYoungGen      total 181760K, used 10732K [0x00000000eaa80000, 0x00000000f8000000, 0x0000000100000000)
  eden space 171008K, 0% used [0x00000000eaa80000,0x00000000eaa80000,0x00000000f5180000)
  from space 10752K, 99% used [0x00000000f6400000,0x00000000f6e7b068,0x00000000f6e80000)
  to   space 18944K, 0% used [0x00000000f5180000,0x00000000f5180000,0x00000000f6400000)
 ParOldGen       total 47616K, used 43794K [0x00000000c0000000, 0x00000000c2e80000, 0x00000000eaa80000)
  object space 47616K, 91% used [0x00000000c0000000,0x00000000c2ac4870,0x00000000c2e80000)
 PSPermGen       total 21504K, used 7193K [0x00000000b5a00000, 0x00000000b6f00000, 0x00000000c0000000)
  object space 21504K, 33% used [0x00000000b5a00000,0x00000000b6106600,0x00000000b6f00000)
}
Event: 3,587 GC heap before
{Heap before GC invocations=12 (full 2):
 PSYoungGen      total 181760K, used 10732K [0x00000000eaa80000, 0x00000000f8000000, 0x0000000100000000)
  eden space 171008K, 0% used [0x00000000eaa80000,0x00000000eaa80000,0x00000000f5180000)
  from space 10752K, 99% used [0x00000000f6400000,0x00000000f6e7b068,0x00000000f6e80000)
  to   space 18944K, 0% used [0x00000000f5180000,0x00000000f5180000,0x00000000f6400000)
 ParOldGen       total 47616K, used 43794K [0x00000000c0000000, 0x00000000c2e80000, 0x00000000eaa80000)
  object space 47616K, 91% used [0x00000000c0000000,0x00000000c2ac4870,0x00000000c2e80000)
 PSPermGen       total 21504K, used 7193K [0x00000000b5a00000, 0x00000000b6f00000, 0x00000000c0000000)
  object space 21504K, 33% used [0x00000000b5a00000,0x00000000b6106600,0x00000000b6f00000)
Event: 3,603 GC heap after
Heap after GC invocations=12 (full 2):
 PSYoungGen      total 181760K, used 0K [0x00000000eaa80000, 0x00000000f8000000, 0x0000000100000000)
  eden space 171008K, 0% used [0x00000000eaa80000,0x00000000eaa80000,0x00000000f5180000)
  from space 10752K, 0% used [0x00000000f6400000,0x00000000f6400000,0x00000000f6e80000)
  to   space 18944K, 0% used [0x00000000f5180000,0x00000000f5180000,0x00000000f6400000)
 ParOldGen       total 64000K, used 24532K [0x00000000c0000000, 0x00000000c3e80000, 0x00000000eaa80000)
  object space 64000K, 38% used [0x00000000c0000000,0x00000000c17f50e0,0x00000000c3e80000)
 PSPermGen       total 21504K, used 7193K [0x00000000b5a00000, 0x00000000b6f00000, 0x00000000c0000000)
  object space 21504K, 33% used [0x00000000b5a00000,0x00000000b6106600,0x00000000b6f00000)
}
Event: 3,890 GC heap before
{Heap before GC invocations=13 (full 2):
 PSYoungGen      total 181760K, used 167902K [0x00000000eaa80000, 0x00000000f8000000, 0x0000000100000000)
  eden space 171008K, 98% used [0x00000000eaa80000,0x00000000f4e778e8,0x00000000f5180000)
  from space 10752K, 0% used [0x00000000f6400000,0x00000000f6400000,0x00000000f6e80000)
  to   space 18944K, 0% used [0x00000000f5180000,0x00000000f5180000,0x00000000f6400000)
 ParOldGen       total 64000K, used 24532K [0x00000000c0000000, 0x00000000c3e80000, 0x00000000eaa80000)
  object space 64000K, 38% used [0x00000000c0000000,0x00000000c17f50e0,0x00000000c3e80000)
 PSPermGen       total 21504K, used 7197K [0x00000000b5a00000, 0x00000000b6f00000, 0x00000000c0000000)
  object space 21504K, 33% used [0x00000000b5a00000,0x00000000b61074d0,0x00000000b6f00000)

Deoptimization events (10 events):
Event: 2,932 Thread 0x00007ff85800c000 Uncommon trap: reason=array_check action=maybe_recompile pc=0x00007ff85517ec80 method=java.util.ComparableTimSort.binarySort([Ljava/lang/Object;III)V @ 193
Event: 2,994 Thread 0x00007ff85800c000 Uncommon trap: reason=predicate action=maybe_recompile pc=0x00007ff855095818 method=java.util.TimSort.binarySort([Ljava/lang/Object;IIILjava/util/Comparator;)V @ 37
Event: 3,040 Thread 0x00007ff85800c000 Uncommon trap: reason=array_check action=maybe_recompile pc=0x00007ff8551955bc method=java.util.TimSort.binarySort([Ljava/lang/Object;IIILjava/util/Comparator;)V @ 193
Event: 3,040 Thread 0x00007ff85800c000 Uncommon trap: reason=array_check action=maybe_recompile pc=0x00007ff8551955bc method=java.util.TimSort.binarySort([Ljava/lang/Object;IIILjava/util/Comparator;)V @ 193
Event: 3,040 Thread 0x00007ff85800c000 Uncommon trap: reason=array_check action=maybe_recompile pc=0x00007ff8551955bc method=java.util.TimSort.binarySort([Ljava/lang/Object;IIILjava/util/Comparator;)V @ 193
Event: 3,040 Thread 0x00007ff85800c000 Uncommon trap: reason=array_check action=maybe_recompile pc=0x00007ff8551954cc method=java.util.TimSort.binarySort([Ljava/lang/Object;IIILjava/util/Comparator;)V @ 215
Event: 3,040 Thread 0x00007ff85800c000 Uncommon trap: reason=array_check action=maybe_recompile pc=0x00007ff85519568c method=java.util.TimSort.binarySort([Ljava/lang/Object;IIILjava/util/Comparator;)V @ 183
Event: 3,040 Thread 0x00007ff85800c000 Uncommon trap: reason=array_check action=maybe_recompile pc=0x00007ff8551955bc method=java.util.TimSort.binarySort([Ljava/lang/Object;IIILjava/util/Comparator;)V @ 193
Event: 3,134 Thread 0x00007ff85800c000 Uncommon trap: reason=array_check action=maybe_recompile pc=0x00007ff8551a45dc method=java.util.ComparableTimSort.binarySort([Ljava/lang/Object;III)V @ 183
Event: 3,171 Thread 0x00007ff85800c000 Uncommon trap: reason=array_check action=maybe_recompile pc=0x00007ff8551a45dc method=java.util.ComparableTimSort.binarySort([Ljava/lang/Object;III)V @ 183

Internal exceptions (10 events):
Event: 2,438 Thread 0x00007ff85800c000 Threw 0x00000000eb87f5c8 at /build/buildd/openjdk-7-7u79-2.5.5/build/openjdk/hotspot/src/share/vm/prims/jvm.cpp:1284
Event: 2,438 Thread 0x00007ff85800c000 Threw 0x00000000eb883208 at /build/buildd/openjdk-7-7u79-2.5.5/build/openjdk/hotspot/src/share/vm/prims/jvm.cpp:1284
Event: 2,439 Thread 0x00007ff85800c000 Threw 0x00000000eb886f98 at /build/buildd/openjdk-7-7u79-2.5.5/build/openjdk/hotspot/src/share/vm/prims/jvm.cpp:1284
Event: 2,439 Thread 0x00007ff85800c000 Threw 0x00000000eb88cf28 at /build/buildd/openjdk-7-7u79-2.5.5/build/openjdk/hotspot/src/share/vm/prims/jvm.cpp:1284
Event: 2,440 Thread 0x00007ff85800c000 Threw 0x00000000eb890a58 at /build/buildd/openjdk-7-7u79-2.5.5/build/openjdk/hotspot/src/share/vm/prims/jvm.cpp:1284
Event: 2,440 Thread 0x00007ff85800c000 Threw 0x00000000eb894720 at /build/buildd/openjdk-7-7u79-2.5.5/build/openjdk/hotspot/src/share/vm/prims/jvm.cpp:1284
Event: 2,440 Thread 0x00007ff85800c000 Threw 0x00000000eb898158 at /build/buildd/openjdk-7-7u79-2.5.5/build/openjdk/hotspot/src/share/vm/prims/jvm.cpp:1284
Event: 2,441 Thread 0x00007ff85800c000 Threw 0x00000000eb89fc28 at /build/buildd/openjdk-7-7u79-2.5.5/build/openjdk/hotspot/src/share/vm/prims/jvm.cpp:1284
Event: 2,442 Thread 0x00007ff85800c000 Threw 0x00000000eb8a2790 at /build/buildd/openjdk-7-7u79-2.5.5/build/openjdk/hotspot/src/share/vm/prims/jvm.cpp:1284
Event: 2,695 Thread 0x00007ff85800c000 Threw 0x00000000ec140280 at /build/buildd/openjdk-7-7u79-2.5.5/build/openjdk/hotspot/src/share/vm/prims/jvm.cpp:1284

Events (10 events):
Event: 3,233 Executing VM operation: ParallelGCFailedAllocation done
Event: 3,292 Thread 0x00007ff8580b4800 flushing nmethod 0x00007ff855122710
Event: 3,292 Thread 0x00007ff8580b4800 flushing nmethod 0x00007ff8551273d0
Event: 3,293 Thread 0x00007ff8580b7800 flushing nmethod 0x00007ff855141fd0
Event: 3,436 Executing VM operation: ParallelGCFailedAllocation
Event: 3,443 Executing VM operation: ParallelGCFailedAllocation done
Event: 3,578 Executing VM operation: ParallelGCFailedAllocation
Event: 3,603 Executing VM operation: ParallelGCFailedAllocation done
Event: 3,638 Thread 0x00007ff8580b4800 flushing nmethod 0x00007ff85517ce90
Event: 3,877 Executing VM operation: ParallelGCFailedAllocation


Dynamic libraries:
00400000-00401000 r-xp 00000000 08:01 2896608                            /usr/lib/jvm/java-7-openjdk-amd64/jre/bin/java
00600000-00601000 r--p 00000000 08:01 2896608                            /usr/lib/jvm/java-7-openjdk-amd64/jre/bin/java
00601000-00602000 rw-p 00001000 08:01 2896608                            /usr/lib/jvm/java-7-openjdk-amd64/jre/bin/java
00db9000-00dda000 rw-p 00000000 00:00 0                                  [heap]
b5a00000-b6f00000 rw-p 00000000 00:00 0 
b6f00000-c0000000 rw-p 00000000 00:00 0 
c0000000-c3e80000 rw-p 00000000 00:00 0 
c3e80000-eaa80000 rw-p 00000000 00:00 0 
eaa80000-f8000000 rw-p 00000000 00:00 0 
fb200000-100000000 rw-p 00000000 00:00 0 
7ff80c000000-7ff80c021000 rw-p 00000000 00:00 0 
7ff80c021000-7ff810000000 ---p 00000000 00:00 0 
7ff813c61000-7ff813dc2000 rw-p 00000000 00:00 0 
7ff813dc2000-7ff813dff000 r-xp 00000000 08:01 1314944                    /lib/x86_64-linux-gnu/libpcre.so.3.13.1
7ff813dff000-7ff813ffe000 ---p 0003d000 08:01 1314944                    /lib/x86_64-linux-gnu/libpcre.so.3.13.1
7ff813ffe000-7ff813fff000 r--p 0003c000 08:01 1314944                    /lib/x86_64-linux-gnu/libpcre.so.3.13.1
7ff813fff000-7ff814000000 rw-p 0003d000 08:01 1314944                    /lib/x86_64-linux-gnu/libpcre.so.3.13.1
7ff814000000-7ff8146dc000 rw-p 00000000 00:00 0 
7ff8146dc000-7ff818000000 ---p 00000000 00:00 0 
7ff818000000-7ff818021000 rw-p 00000000 00:00 0 
7ff818021000-7ff81c000000 ---p 00000000 00:00 0 
7ff81c000000-7ff81c021000 rw-p 00000000 00:00 0 
7ff81c021000-7ff820000000 ---p 00000000 00:00 0 
7ff820000000-7ff820911000 rw-p 00000000 00:00 0 
7ff820911000-7ff824000000 ---p 00000000 00:00 0 
7ff824000000-7ff824021000 rw-p 00000000 00:00 0 
7ff824021000-7ff828000000 ---p 00000000 00:00 0 
7ff828000000-7ff828021000 rw-p 00000000 00:00 0 
7ff828021000-7ff82c000000 ---p 00000000 00:00 0 
7ff82c000000-7ff82c021000 rw-p 00000000 00:00 0 
7ff82c021000-7ff830000000 ---p 00000000 00:00 0 
7ff830000000-7ff8300e1000 rw-p 00000000 00:00 0 
7ff8300e1000-7ff834000000 ---p 00000000 00:00 0 
7ff834000000-7ff834021000 rw-p 00000000 00:00 0 
7ff834021000-7ff838000000 ---p 00000000 00:00 0 
7ff838000000-7ff838021000 rw-p 00000000 00:00 0 
7ff838021000-7ff83c000000 ---p 00000000 00:00 0 
7ff83c000000-7ff83c021000 rw-p 00000000 00:00 0 
7ff83c021000-7ff840000000 ---p 00000000 00:00 0 
7ff840000000-7ff840021000 rw-p 00000000 00:00 0 
7ff840021000-7ff844000000 ---p 00000000 00:00 0 
7ff84408b000-7ff844092000 r-xp 00000000 08:01 2631073                    /usr/lib/x86_64-linux-gnu/libffi.so.6.0.1
7ff844092000-7ff844291000 ---p 00007000 08:01 2631073                    /usr/lib/x86_64-linux-gnu/libffi.so.6.0.1
7ff844291000-7ff844292000 r--p 00006000 08:01 2631073                    /usr/lib/x86_64-linux-gnu/libffi.so.6.0.1
7ff844292000-7ff844293000 rw-p 00007000 08:01 2631073                    /usr/lib/x86_64-linux-gnu/libffi.so.6.0.1
7ff844293000-7ff8442aa000 r-xp 00000000 08:01 1314798                    /lib/x86_64-linux-gnu/libresolv-2.19.so
7ff8442aa000-7ff8444aa000 ---p 00017000 08:01 1314798                    /lib/x86_64-linux-gnu/libresolv-2.19.so
7ff8444aa000-7ff8444ab000 r--p 00017000 08:01 1314798                    /lib/x86_64-linux-gnu/libresolv-2.19.so
7ff8444ab000-7ff8444ac000 rw-p 00018000 08:01 1314798                    /lib/x86_64-linux-gnu/libresolv-2.19.so
7ff8444ac000-7ff8444ae000 rw-p 00000000 00:00 0 
7ff8444ae000-7ff8444ce000 r-xp 00000000 08:01 1314971                    /lib/x86_64-linux-gnu/libselinux.so.1
7ff8444ce000-7ff8446cd000 ---p 00020000 08:01 1314971                    /lib/x86_64-linux-gnu/libselinux.so.1
7ff8446cd000-7ff8446ce000 r--p 0001f000 08:01 1314971                    /lib/x86_64-linux-gnu/libselinux.so.1
7ff8446ce000-7ff8446cf000 rw-p 00020000 08:01 1314971                    /lib/x86_64-linux-gnu/libselinux.so.1
7ff8446cf000-7ff8446d1000 rw-p 00000000 00:00 0 
7ff8446d1000-7ff8446d4000 r-xp 00000000 08:01 2621804                    /usr/lib/x86_64-linux-gnu/libgmodule-2.0.so.0.4002.0
7ff8446d4000-7ff8448d3000 ---p 00003000 08:01 2621804                    /usr/lib/x86_64-linux-gnu/libgmodule-2.0.so.0.4002.0
7ff8448d3000-7ff8448d4000 r--p 00002000 08:01 2621804                    /usr/lib/x86_64-linux-gnu/libgmodule-2.0.so.0.4002.0
7ff8448d4000-7ff8448d5000 rw-p 00003000 08:01 2621804                    /usr/lib/x86_64-linux-gnu/libgmodule-2.0.so.0.4002.0
7ff8448d5000-7ff8449db000 r-xp 00000000 08:01 1314776                    /lib/x86_64-linux-gnu/libglib-2.0.so.0.4002.0
7ff8449db000-7ff844bda000 ---p 00106000 08:01 1314776                    /lib/x86_64-linux-gnu/libglib-2.0.so.0.4002.0
7ff844bda000-7ff844bdb000 r--p 00105000 08:01 1314776                    /lib/x86_64-linux-gnu/libglib-2.0.so.0.4002.0
7ff844bdb000-7ff844bdc000 rw-p 00106000 08:01 1314776                    /lib/x86_64-linux-gnu/libglib-2.0.so.0.4002.0
7ff844bdc000-7ff844bdd000 rw-p 00000000 00:00 0 
7ff844bdd000-7ff844c2c000 r-xp 00000000 08:01 2621822                    /usr/lib/x86_64-linux-gnu/libgobject-2.0.so.0.4002.0
7ff844c2c000-7ff844e2c000 ---p 0004f000 08:01 2621822                    /usr/lib/x86_64-linux-gnu/libgobject-2.0.so.0.4002.0
7ff844e2c000-7ff844e2d000 r--p 0004f000 08:01 2621822                    /usr/lib/x86_64-linux-gnu/libgobject-2.0.so.0.4002.0
7ff844e2d000-7ff844e2e000 rw-p 00050000 08:01 2621822                    /usr/lib/x86_64-linux-gnu/libgobject-2.0.so.0.4002.0
7ff844e2e000-7ff844f9a000 r-xp 00000000 08:01 2621826                    /usr/lib/x86_64-linux-gnu/libgio-2.0.so.0.4002.0
7ff844f9a000-7ff845199000 ---p 0016c000 08:01 2621826                    /usr/lib/x86_64-linux-gnu/libgio-2.0.so.0.4002.0
7ff845199000-7ff84519d000 r--p 0016b000 08:01 2621826                    /usr/lib/x86_64-linux-gnu/libgio-2.0.so.0.4002.0
7ff84519d000-7ff84519f000 rw-p 0016f000 08:01 2621826                    /usr/lib/x86_64-linux-gnu/libgio-2.0.so.0.4002.0
7ff84519f000-7ff8451a1000 rw-p 00000000 00:00 0 
7ff8451a1000-7ff8451b8000 r-xp 00000000 08:01 2896675                    /usr/lib/jvm/java-7-openjdk-amd64/jre/lib/amd64/libnet.so
7ff8451b8000-7ff8453b7000 ---p 00017000 08:01 2896675                    /usr/lib/jvm/java-7-openjdk-amd64/jre/lib/amd64/libnet.so
7ff8453b7000-7ff8453b8000 r--p 00016000 08:01 2896675                    /usr/lib/jvm/java-7-openjdk-amd64/jre/lib/amd64/libnet.so
7ff8453b8000-7ff8453b9000 rw-p 00017000 08:01 2896675                    /usr/lib/jvm/java-7-openjdk-amd64/jre/lib/amd64/libnet.so
7ff8453b9000-7ff8453c9000 r-xp 00000000 08:01 2896662                    /usr/lib/jvm/java-7-openjdk-amd64/jre/lib/amd64/libnio.so
7ff8453c9000-7ff8455c9000 ---p 00010000 08:01 2896662                    /usr/lib/jvm/java-7-openjdk-amd64/jre/lib/amd64/libnio.so
7ff8455c9000-7ff8455ca000 r--p 00010000 08:01 2896662                    /usr/lib/jvm/java-7-openjdk-amd64/jre/lib/amd64/libnio.so
7ff8455ca000-7ff8455cb000 rw-p 00011000 08:01 2896662                    /usr/lib/jvm/java-7-openjdk-amd64/jre/lib/amd64/libnio.so
7ff8455cb000-7ff8455cc000 ---p 00000000 00:00 0 
7ff8455cc000-7ff8456cc000 rw-p 00000000 00:00 0                          [stack:7755]
7ff8456cc000-7ff8456cf000 ---p 00000000 00:00 0 
7ff8456cf000-7ff8457cd000 rw-p 00000000 00:00 0                          [stack:7754]
7ff8457cd000-7ff8457d0000 ---p 00000000 00:00 0 
7ff8457d0000-7ff8458ce000 rw-p 00000000 00:00 0                          [stack:7753]
7ff8458ce000-7ff8458d1000 ---p 00000000 00:00 0 
7ff8458d1000-7ff8459cf000 rw-p 00000000 00:00 0                          [stack:7752]
7ff8459cf000-7ff8459d2000 ---p 00000000 00:00 0 
7ff8459d2000-7ff848000000 rw-p 00000000 00:00 0                          [stack:7751]
7ff848000000-7ff848021000 rw-p 00000000 00:00 0 
7ff848021000-7ff84c000000 ---p 00000000 00:00 0 
7ff84c000000-7ff84c021000 rw-p 00000000 00:00 0 
7ff84c021000-7ff850000000 ---p 00000000 00:00 0 
7ff850000000-7ff850021000 rw-p 00000000 00:00 0 
7ff850021000-7ff854000000 ---p 00000000 00:00 0 
7ff854015000-7ff8546f7000 r--p 00000000 08:01 2629488                    /usr/lib/locale/locale-archive
7ff8546f7000-7ff8546fa000 ---p 00000000 00:00 0 
7ff8546fa000-7ff8547f8000 rw-p 00000000 00:00 0                          [stack:7750]
7ff8547f8000-7ff8547fb000 ---p 00000000 00:00 0 
7ff8547fb000-7ff8548f9000 rw-p 00000000 00:00 0                          [stack:7749]
7ff8548f9000-7ff8548fa000 ---p 00000000 00:00 0 
7ff8548fa000-7ff855000000 rw-p 00000000 00:00 0                          [stack:7748]
7ff855000000-7ff855270000 rwxp 00000000 00:00 0 
7ff855270000-7ff85829a000 rw-p 00000000 00:00 0 
7ff85829a000-7ff85c000000 ---p 00000000 00:00 0 
7ff85c032000-7ff85c037000 r--s 0004d000 08:01 2896697                    /usr/lib/jvm/java-7-openjdk-amd64/jre/lib/jsse.jar
7ff85c037000-7ff85c046000 r--s 000dd000 00:19 3280347                    /home/kev/Android/Sdk/build-tools/21.1.2/lib/dx.jar
7ff85c046000-7ff85d6cd000 rw-p 00000000 00:00 0 
7ff85d6cd000-7ff85d87e000 r--s 01d27000 08:01 2896681                    /usr/lib/jvm/java-7-openjdk-amd64/jre/lib/rt.jar
7ff85d87e000-7ff85dbca000 rw-p 00000000 00:00 0 
7ff85dbca000-7ff85dbcb000 ---p 00000000 00:00 0 
7ff85dbcb000-7ff85dccb000 rw-p 00000000 00:00 0                          [stack:7747]
7ff85dccb000-7ff85dccc000 ---p 00000000 00:00 0 
7ff85dccc000-7ff85ddcc000 rw-p 00000000 00:00 0                          [stack:7746]
7ff85ddcc000-7ff85ddcd000 ---p 00000000 00:00 0 
7ff85ddcd000-7ff85decd000 rw-p 00000000 00:00 0                          [stack:7745]
7ff85decd000-7ff85dece000 ---p 00000000 00:00 0 
7ff85dece000-7ff85dfce000 rw-p 00000000 00:00 0                          [stack:7744]
7ff85dfce000-7ff85dfcf000 ---p 00000000 00:00 0 
7ff85dfcf000-7ff85e0cf000 rw-p 00000000 00:00 0                          [stack:7743]
7ff85e0cf000-7ff85e0d0000 ---p 00000000 00:00 0 
7ff85e0d0000-7ff85e1d0000 rw-p 00000000 00:00 0                          [stack:7742]
7ff85e1d0000-7ff85e1d1000 ---p 00000000 00:00 0 
7ff85e1d1000-7ff85e2d1000 rw-p 00000000 00:00 0                          [stack:7741]
7ff85e2d1000-7ff85e2d2000 ---p 00000000 00:00 0 
7ff85e2d2000-7ff85e3dd000 rw-p 00000000 00:00 0                          [stack:7740]
7ff85e3dd000-7ff85e425000 rw-p 00000000 00:00 0 
7ff85e425000-7ff85e445000 rw-p 00000000 00:00 0 
7ff85e445000-7ff85e57b000 rw-p 00000000 00:00 0 
7ff85e57b000-7ff85e586000 rw-p 00000000 00:00 0 
7ff85e586000-7ff85e5ce000 rw-p 00000000 00:00 0 
7ff85e5ce000-7ff85e5ee000 rw-p 00000000 00:00 0 
7ff85e5ee000-7ff85e723000 rw-p 00000000 00:00 0 
7ff85e723000-7ff85e78e000 rw-p 00000000 00:00 0 
7ff85e78e000-7ff85e7ce000 rw-p 00000000 00:00 0 
7ff85e7ce000-7ff85e7cf000 rw-p 00000000 00:00 0 
7ff85e7cf000-7ff85e7d7000 r-xp 00000000 08:01 2896658                    /usr/lib/jvm/java-7-openjdk-amd64/jre/lib/amd64/libzip.so
7ff85e7d7000-7ff85e9d6000 ---p 00008000 08:01 2896658                    /usr/lib/jvm/java-7-openjdk-amd64/jre/lib/amd64/libzip.so
7ff85e9d6000-7ff85e9d7000 r--p 00007000 08:01 2896658                    /usr/lib/jvm/java-7-openjdk-amd64/jre/lib/amd64/libzip.so
7ff85e9d7000-7ff85e9d8000 rw-p 00008000 08:01 2896658                    /usr/lib/jvm/java-7-openjdk-amd64/jre/lib/amd64/libzip.so
7ff85e9d8000-7ff85e9e3000 r-xp 00000000 08:01 1314833                    /lib/x86_64-linux-gnu/libnss_files-2.19.so
7ff85e9e3000-7ff85ebe2000 ---p 0000b000 08:01 1314833                    /lib/x86_64-linux-gnu/libnss_files-2.19.so
7ff85ebe2000-7ff85ebe3000 r--p 0000a000 08:01 1314833                    /lib/x86_64-linux-gnu/libnss_files-2.19.so
7ff85ebe3000-7ff85ebe4000 rw-p 0000b000 08:01 1314833                    /lib/x86_64-linux-gnu/libnss_files-2.19.so
7ff85ebe4000-7ff85ebef000 r-xp 00000000 08:01 1314967                    /lib/x86_64-linux-gnu/libnss_nis-2.19.so
7ff85ebef000-7ff85edee000 ---p 0000b000 08:01 1314967                    /lib/x86_64-linux-gnu/libnss_nis-2.19.so
7ff85edee000-7ff85edef000 r--p 0000a000 08:01 1314967                    /lib/x86_64-linux-gnu/libnss_nis-2.19.so
7ff85edef000-7ff85edf0000 rw-p 0000b000 08:01 1314967                    /lib/x86_64-linux-gnu/libnss_nis-2.19.so
7ff85edf0000-7ff85ee07000 r-xp 00000000 08:01 1314868                    /lib/x86_64-linux-gnu/libnsl-2.19.so
7ff85ee07000-7ff85f006000 ---p 00017000 08:01 1314868                    /lib/x86_64-linux-gnu/libnsl-2.19.so
7ff85f006000-7ff85f007000 r--p 00016000 08:01 1314868                    /lib/x86_64-linux-gnu/libnsl-2.19.so
7ff85f007000-7ff85f008000 rw-p 00017000 08:01 1314868                    /lib/x86_64-linux-gnu/libnsl-2.19.so
7ff85f008000-7ff85f00a000 rw-p 00000000 00:00 0 
7ff85f00a000-7ff85f013000 r-xp 00000000 08:01 1314859                    /lib/x86_64-linux-gnu/libnss_compat-2.19.so
7ff85f013000-7ff85f212000 ---p 00009000 08:01 1314859                    /lib/x86_64-linux-gnu/libnss_compat-2.19.so
7ff85f212000-7ff85f213000 r--p 00008000 08:01 1314859                    /lib/x86_64-linux-gnu/libnss_compat-2.19.so
7ff85f213000-7ff85f214000 rw-p 00009000 08:01 1314859                    /lib/x86_64-linux-gnu/libnss_compat-2.19.so
7ff85f214000-7ff85f23f000 r-xp 00000000 08:01 2896674                    /usr/lib/jvm/java-7-openjdk-amd64/jre/lib/amd64/libjava.so
7ff85f23f000-7ff85f43f000 ---p 0002b000 08:01 2896674                    /usr/lib/jvm/java-7-openjdk-amd64/jre/lib/amd64/libjava.so
7ff85f43f000-7ff85f440000 r--p 0002b000 08:01 2896674                    /usr/lib/jvm/java-7-openjdk-amd64/jre/lib/amd64/libjava.so
7ff85f440000-7ff85f442000 rw-p 0002c000 08:01 2896674                    /usr/lib/jvm/java-7-openjdk-amd64/jre/lib/amd64/libjava.so
7ff85f442000-7ff85f452000 r-xp 00000000 08:01 2896671                    /usr/lib/jvm/java-7-openjdk-amd64/jre/lib/amd64/libverify.so
7ff85f452000-7ff85f651000 ---p 00010000 08:01 2896671                    /usr/lib/jvm/java-7-openjdk-amd64/jre/lib/amd64/libverify.so
7ff85f651000-7ff85f653000 r--p 0000f000 08:01 2896671                    /usr/lib/jvm/java-7-openjdk-amd64/jre/lib/amd64/libverify.so
7ff85f653000-7ff85f654000 rw-p 00011000 08:01 2896671                    /usr/lib/jvm/java-7-openjdk-amd64/jre/lib/amd64/libverify.so
7ff85f654000-7ff85f65b000 r-xp 00000000 08:01 1314916                    /lib/x86_64-linux-gnu/librt-2.19.so
7ff85f65b000-7ff85f85a000 ---p 00007000 08:01 1314916                    /lib/x86_64-linux-gnu/librt-2.19.so
7ff85f85a000-7ff85f85b000 r--p 00006000 08:01 1314916                    /lib/x86_64-linux-gnu/librt-2.19.so
7ff85f85b000-7ff85f85c000 rw-p 00007000 08:01 1314916                    /lib/x86_64-linux-gnu/librt-2.19.so
7ff85f85c000-7ff85f872000 r-xp 00000000 08:01 1314818                    /lib/x86_64-linux-gnu/libgcc_s.so.1
7ff85f872000-7ff85fa71000 ---p 00016000 08:01 1314818                    /lib/x86_64-linux-gnu/libgcc_s.so.1
7ff85fa71000-7ff85fa72000 rw-p 00015000 08:01 1314818                    /lib/x86_64-linux-gnu/libgcc_s.so.1
7ff85fa72000-7ff85fb77000 r-xp 00000000 08:01 1314817                    /lib/x86_64-linux-gnu/libm-2.19.so
7ff85fb77000-7ff85fd76000 ---p 00105000 08:01 1314817                    /lib/x86_64-linux-gnu/libm-2.19.so
7ff85fd76000-7ff85fd77000 r--p 00104000 08:01 1314817                    /lib/x86_64-linux-gnu/libm-2.19.so
7ff85fd77000-7ff85fd78000 rw-p 00105000 08:01 1314817                    /lib/x86_64-linux-gnu/libm-2.19.so
7ff85fd78000-7ff85fe5e000 r-xp 00000000 08:01 2631701                    /usr/lib/x86_64-linux-gnu/libstdc++.so.6.0.19
7ff85fe5e000-7ff86005d000 ---p 000e6000 08:01 2631701                    /usr/lib/x86_64-linux-gnu/libstdc++.so.6.0.19
7ff86005d000-7ff860065000 r--p 000e5000 08:01 2631701                    /usr/lib/x86_64-linux-gnu/libstdc++.so.6.0.19
7ff860065000-7ff860067000 rw-p 000ed000 08:01 2631701                    /usr/lib/x86_64-linux-gnu/libstdc++.so.6.0.19
7ff860067000-7ff86007c000 rw-p 00000000 00:00 0 
7ff86007c000-7ff860b94000 r-xp 00000000 08:01 2896679                    /usr/lib/jvm/java-7-openjdk-amd64/jre/lib/amd64/server/libjvm.so
7ff860b94000-7ff860d94000 ---p 00b18000 08:01 2896679                    /usr/lib/jvm/java-7-openjdk-amd64/jre/lib/amd64/server/libjvm.so
7ff860d94000-7ff860e2e000 r--p 00b18000 08:01 2896679                    /usr/lib/jvm/java-7-openjdk-amd64/jre/lib/amd64/server/libjvm.so
7ff860e2e000-7ff860e51000 rw-p 00bb2000 08:01 2896679                    /usr/lib/jvm/java-7-openjdk-amd64/jre/lib/amd64/server/libjvm.so
7ff860e51000-7ff860e7f000 rw-p 00000000 00:00 0 
7ff860e7f000-7ff860e97000 r-xp 00000000 08:01 1315004                    /lib/x86_64-linux-gnu/libz.so.1.2.8
7ff860e97000-7ff861096000 ---p 00018000 08:01 1315004                    /lib/x86_64-linux-gnu/libz.so.1.2.8
7ff861096000-7ff861097000 r--p 00017000 08:01 1315004                    /lib/x86_64-linux-gnu/libz.so.1.2.8
7ff861097000-7ff861098000 rw-p 00018000 08:01 1315004                    /lib/x86_64-linux-gnu/libz.so.1.2.8
7ff861098000-7ff8610b1000 r-xp 00000000 08:01 1314912                    /lib/x86_64-linux-gnu/libpthread-2.19.so
7ff8610b1000-7ff8612b0000 ---p 00019000 08:01 1314912                    /lib/x86_64-linux-gnu/libpthread-2.19.so
7ff8612b0000-7ff8612b1000 r--p 00018000 08:01 1314912                    /lib/x86_64-linux-gnu/libpthread-2.19.so
7ff8612b1000-7ff8612b2000 rw-p 00019000 08:01 1314912                    /lib/x86_64-linux-gnu/libpthread-2.19.so
7ff8612b2000-7ff8612b6000 rw-p 00000000 00:00 0 
7ff8612b6000-7ff8612b9000 r-xp 00000000 08:01 1314851                    /lib/x86_64-linux-gnu/libdl-2.19.so
7ff8612b9000-7ff8614b8000 ---p 00003000 08:01 1314851                    /lib/x86_64-linux-gnu/libdl-2.19.so
7ff8614b8000-7ff8614b9000 r--p 00002000 08:01 1314851                    /lib/x86_64-linux-gnu/libdl-2.19.so
7ff8614b9000-7ff8614ba000 rw-p 00003000 08:01 1314851                    /lib/x86_64-linux-gnu/libdl-2.19.so
7ff8614ba000-7ff861675000 r-xp 00000000 08:01 1314910                    /lib/x86_64-linux-gnu/libc-2.19.so
7ff861675000-7ff861874000 ---p 001bb000 08:01 1314910                    /lib/x86_64-linux-gnu/libc-2.19.so
7ff861874000-7ff861878000 r--p 001ba000 08:01 1314910                    /lib/x86_64-linux-gnu/libc-2.19.so
7ff861878000-7ff86187a000 rw-p 001be000 08:01 1314910                    /lib/x86_64-linux-gnu/libc-2.19.so
7ff86187a000-7ff86187f000 rw-p 00000000 00:00 0 
7ff86187f000-7ff86188c000 r-xp 00000000 08:01 2896650                    /usr/lib/jvm/java-7-openjdk-amd64/jre/lib/amd64/jli/libjli.so
7ff86188c000-7ff861a8b000 ---p 0000d000 08:01 2896650                    /usr/lib/jvm/java-7-openjdk-amd64/jre/lib/amd64/jli/libjli.so
7ff861a8b000-7ff861a8c000 r--p 0000c000 08:01 2896650                    /usr/lib/jvm/java-7-openjdk-amd64/jre/lib/amd64/jli/libjli.so
7ff861a8c000-7ff861a8d000 rw-p 0000d000 08:01 2896650                    /usr/lib/jvm/java-7-openjdk-amd64/jre/lib/amd64/jli/libjli.so
7ff861a8d000-7ff861ab0000 r-xp 00000000 08:01 1314872                    /lib/x86_64-linux-gnu/ld-2.19.so
7ff861ab1000-7ff861ab2000 rw-p 00000000 00:00 0 
7ff861ab2000-7ff861ab4000 r--s 00006000 08:01 3031457                    /usr/share/java/java-atk-wrapper.jar
7ff861ab4000-7ff861ad6000 rw-p 00000000 00:00 0 
7ff861ad6000-7ff861b8c000 rw-p 00000000 00:00 0 
7ff861b8c000-7ff861b8f000 ---p 00000000 00:00 0 
7ff861b8f000-7ff861c92000 rw-p 00000000 00:00 0                          [stack:7739]
7ff861c92000-7ff861c94000 r--s 00012000 08:01 2896689                    /usr/lib/jvm/java-7-openjdk-amd64/jre/lib/ext/zipfs.jar
7ff861c94000-7ff861c97000 r--s 0000f000 08:01 2896684                    /usr/lib/jvm/java-7-openjdk-amd64/jre/lib/ext/icedtea-sound.jar
7ff861c97000-7ff861c9a000 r--s 00086000 08:01 2896687                    /usr/lib/jvm/java-7-openjdk-amd64/jre/lib/ext/localedata.jar
7ff861c9a000-7ff861c9e000 r--s 00034000 08:01 2896688                    /usr/lib/jvm/java-7-openjdk-amd64/jre/lib/ext/sunjce_provider.jar
7ff861c9e000-7ff861ca2000 r--s 0003c000 08:01 2896686                    /usr/lib/jvm/java-7-openjdk-amd64/jre/lib/ext/sunpkcs11.jar
7ff861ca2000-7ff861ca3000 r--s 00002000 08:01 2896685                    /usr/lib/jvm/java-7-openjdk-amd64/jre/lib/ext/dnsns.jar
7ff861ca3000-7ff861cab000 rw-s 00000000 08:01 665702                     /tmp/hsperfdata_kev/7735
7ff861cab000-7ff861cac000 rw-p 00000000 00:00 0 
7ff861cac000-7ff861cad000 ---p 00000000 00:00 0 
7ff861cad000-7ff861caf000 rw-p 00000000 00:00 0 
7ff861caf000-7ff861cb0000 r--p 00022000 08:01 1314872                    /lib/x86_64-linux-gnu/ld-2.19.so
7ff861cb0000-7ff861cb1000 rw-p 00023000 08:01 1314872                    /lib/x86_64-linux-gnu/ld-2.19.so
7ff861cb1000-7ff861cb2000 rw-p 00000000 00:00 0 
7fff2547a000-7fff2549c000 rw-p 00000000 00:00 0                          [stack]
7fff25508000-7fff2550a000 r-xp 00000000 00:00 0                          [vdso]
ffffffffff600000-ffffffffff601000 r-xp 00000000 00:00 0                  [vsyscall]

VM Arguments:
jvm_args: -Xmx1024M -Dfile.encoding=UTF-8 -Duser.country=US -Duser.language=en -Duser.variant 
java_command: com.android.dx.command.Main --dex --output /home/kev/AndroidStudioProjects/PriceCloud/app/build/intermediates/dex/debug /home/kev/AndroidStudioProjects/PriceCloud/app/build/intermediates/classes/debug /home/kev/AndroidStudioProjects/PriceCloud/app/build/intermediates/pre-dexed/debug/support-annotations-22.2.0-47529ac724c557d0a5590715bd59ee03eb3d089e.jar /home/kev/AndroidStudioProjects/PriceCloud/app/build/intermediates/pre-dexed/debug/classes-6f53929c59bddb41dc47672ba172f2df13a695dd.jar /home/kev/AndroidStudioProjects/PriceCloud/app/build/intermediates/pre-dexed/debug/classes-6c442f0d9abde040e40e674a19105e4ae643f1e7.jar /home/kev/AndroidStudioProjects/PriceCloud/app/build/intermediates/pre-dexed/debug/classes-b3a574ae2360b2a35a5374027e790e371b6ba833.jar /home/kev/AndroidStudioProjects/PriceCloud/app/build/intermediates/pre-dexed/debug/internal_impl-22.0.0-3f4198c2b9de9c2f236882d5e4e7e5679e500b10.jar /home/kev/AndroidStudioProjects/PriceCloud/app/build/intermediates/pre-dexed/debug/classes-dd00e13e55427572cc98c88a2e708f811418805a.jar /home/kev/AndroidStudioProjects/PriceCloud/app/build/intermediates/pre-dexed/debug/classes-d373bc7eea05044a443c67937e68c3f848c4a891.jar /home/kev/AndroidStudioProjects/PriceCloud/app/build/intermediates/pre-dexed/debug/classes-737b2b747426fb2693012b7faeb38377e52de754.jar /home/kev/AndroidStudioProjects/PriceCloud/app/build/intermediates/pre-dexed/debug/classes-d5aee46fe9fc2fb9ef2d81b7ee3664f00d0edd40.jar /home/kev/AndroidStudioProjects/PriceCloud/app/build/intermediates/pre-dexed/debug/classes-879217c8ec485c1bd328a5b15ebb0d37f78439f6.jar /home/kev/AndroidStudioProjects/PriceCloud/app/build/intermediates/pre-dexed/debug/classes-617b36adb7422716a4e963e770bb49ae6af34efb.jar /home/kev/AndroidStudioProjects/PriceCloud/app/build/intermediates/pre-dexed/debug/classes-dc52b2be9a1451ca03381177a20199fb00f762f3.jar /home/kev/AndroidStudioProjects/PriceCloud/app/build/intermediates/pre-dexed/debug/classes-da4488b3c869e3b39ecca7d99513
Launcher Type: SUN_STANDARD

Environment Variables:
PATH=/usr/local/sbin:/usr/local/bin:/usr/sbin:/usr/bin:/sbin:/bin:/usr/games:/usr/local/games:~/.composer/vendor/bin
LD_LIBRARY_PATH=/opt/android-studio/bin:
SHELL=/bin/bash
DISPLAY=:0

Signal Handlers:
SIGSEGV: [libjvm.so+0x94b9a0], sa_mask[0]=0x7ffbfeff, sa_flags=0x10000004
SIGBUS: [libjvm.so+0x94b9a0], sa_mask[0]=0x7ffbfeff, sa_flags=0x10000004
SIGFPE: [libjvm.so+0x7c3880], sa_mask[0]=0x7ffbfeff, sa_flags=0x10000004
SIGPIPE: [libjvm.so+0x7c3880], sa_mask[0]=0x7ffbfeff, sa_flags=0x10000004
SIGXFSZ: [libjvm.so+0x7c3880], sa_mask[0]=0x7ffbfeff, sa_flags=0x10000004
SIGILL: [libjvm.so+0x7c3880], sa_mask[0]=0x7ffbfeff, sa_flags=0x10000004
SIGUSR1: SIG_DFL, sa_mask[0]=0x00000000, sa_flags=0x00000000
SIGUSR2: [libjvm.so+0x7c3720], sa_mask[0]=0x00000004, sa_flags=0x10000004
SIGHUP: [libjvm.so+0x7c3900], sa_mask[0]=0x7ffbfeff, sa_flags=0x10000004
SIGINT: [libjvm.so+0x7c3900], sa_mask[0]=0x7ffbfeff, sa_flags=0x10000004
SIGTERM: [libjvm.so+0x7c3900], sa_mask[0]=0x7ffbfeff, sa_flags=0x10000004
SIGQUIT: [libjvm.so+0x7c3900], sa_mask[0]=0x7ffbfeff, sa_flags=0x10000004
SIGTRAP: SIG_DFL, sa_mask[0]=0x00000000, sa_flags=0x00000000


---------------  S Y S T E M  ---------------

OS:Ubuntu 14.04 (trusty)
uname:Linux 3.13.0-54-generic #91-Ubuntu SMP Tue May 26 19:15:08 UTC 2015 x86_64
libc:glibc 2.19 NPTL 2.19 
rlimit: STACK 8192k, CORE 0k, NPROC 28866, NOFILE 4096, AS infinity
load average:2,17 2,26 2,32

/proc/meminfo:
MemTotal:        3724688 kB
MemFree:           86704 kB
Buffers:             356 kB
Cached:           615212 kB
SwapCached:         4564 kB
Active:          2641188 kB
Inactive:         820964 kB
Active(anon):    2640616 kB
Inactive(anon):   810984 kB
Active(file):        572 kB
Inactive(file):     9980 kB
Unevictable:          32 kB
Mlocked:              32 kB
SwapTotal:        488276 kB
SwapFree:              4 kB
Dirty:                28 kB
Writeback:             4 kB
AnonPages:       2843076 kB
Mapped:           141088 kB
Shmem:            603936 kB
Slab:              79840 kB
SReclaimable:      30876 kB
SUnreclaim:        48964 kB
KernelStack:        5080 kB
PageTables:        34628 kB
NFS_Unstable:          0 kB
Bounce:                0 kB
WritebackTmp:          0 kB
CommitLimit:     2350620 kB
Committed_AS:    9036356 kB
VmallocTotal:   34359738367 kB
VmallocUsed:      351728 kB
VmallocChunk:   34359361284 kB
HardwareCorrupted:     0 kB
AnonHugePages:    686080 kB
HugePages_Total:       0
HugePages_Free:        0
HugePages_Rsvd:        0
HugePages_Surp:        0
Hugepagesize:       2048 kB
DirectMap4k:       80512 kB
DirectMap2M:     2738176 kB
DirectMap1G:     1048576 kB


CPU:total 8 (4 cores per cpu, 2 threads per core) family 6 model 60 stepping 3, cmov, cx8, fxsr, mmx, sse, sse2, sse3, ssse3, sse4.1, sse4.2, popcnt, avx, avx2, aes, erms, ht, tsc, tscinvbit

/proc/cpuinfo:
processor	: 0
vendor_id	: GenuineIntel
cpu family	: 6
model		: 60
model name	: Intel(R) Core(TM) i7-4771 CPU @ 3.50GHz
stepping	: 3
microcode	: 0x9
cpu MHz		: 2900.000
cache size	: 8192 KB
physical id	: 0
siblings	: 8
core id		: 0
cpu cores	: 4
apicid		: 0
initial apicid	: 0
fpu		: yes
fpu_exception	: yes
cpuid level	: 13
wp		: yes
flags		: fpu vme de pse tsc msr pae mce cx8 apic sep mtrr pge mca cmov pat pse36 clflush dts acpi mmx fxsr sse sse2 ss ht tm pbe syscall nx pdpe1gb rdtscp lm constant_tsc arch_perfmon pebs bts rep_good nopl xtopology nonstop_tsc aperfmperf eagerfpu pni pclmulqdq dtes64 monitor ds_cpl vmx smx est tm2 ssse3 fma cx16 xtpr pdcm pcid sse4_1 sse4_2 x2apic movbe popcnt tsc_deadline_timer aes xsave avx f16c rdrand lahf_lm abm ida arat epb xsaveopt pln pts dtherm tpr_shadow vnmi flexpriority ept vpid fsgsbase tsc_adjust bmi1 hle avx2 smep bmi2 erms invpcid rtm
bogomips	: 6995.80
clflush size	: 64
cache_alignment	: 64
address sizes	: 39 bits physical, 48 bits virtual
power management:

processor	: 1
vendor_id	: GenuineIntel
cpu family	: 6
model		: 60
model name	: Intel(R) Core(TM) i7-4771 CPU @ 3.50GHz
stepping	: 3
microcode	: 0x9
cpu MHz		: 3501.000
cache size	: 8192 KB
physical id	: 0
siblings	: 8
core id		: 1
cpu cores	: 4
apicid		: 2
initial apicid	: 2
fpu		: yes
fpu_exception	: yes
cpuid level	: 13
wp		: yes
flags		: fpu vme de pse tsc msr pae mce cx8 apic sep mtrr pge mca cmov pat pse36 clflush dts acpi mmx fxsr sse sse2 ss ht tm pbe syscall nx pdpe1gb rdtscp lm constant_tsc arch_perfmon pebs bts rep_good nopl xtopology nonstop_tsc aperfmperf eagerfpu pni pclmulqdq dtes64 monitor ds_cpl vmx smx est tm2 ssse3 fma cx16 xtpr pdcm pcid sse4_1 sse4_2 x2apic movbe popcnt tsc_deadline_timer aes xsave avx f16c rdrand lahf_lm abm ida arat epb xsaveopt pln pts dtherm tpr_shadow vnmi flexpriority ept vpid fsgsbase tsc_adjust bmi1 hle avx2 smep bmi2 erms invpcid rtm
bogomips	: 6995.80
clflush size	: 64
cache_alignment	: 64
address sizes	: 39 bits physical, 48 bits virtual
power management:

processor	: 2
vendor_id	: GenuineIntel
cpu family	: 6
model		: 60
model name	: Intel(R) Core(TM) i7-4771 CPU @ 3.50GHz
stepping	: 3
microcode	: 0x9
cpu MHz		: 3500.000
cache size	: 8192 KB
physical id	: 0
siblings	: 8
core id		: 2
cpu cores	: 4
apicid		: 4
initial apicid	: 4
fpu		: yes
fpu_exception	: yes
cpuid level	: 13
wp		: yes
flags		: fpu vme de pse tsc msr pae mce cx8 apic sep mtrr pge mca cmov pat pse36 clflush dts acpi mmx fxsr sse sse2 ss ht tm pbe syscall nx pdpe1gb rdtscp lm constant_tsc arch_perfmon pebs bts rep_good nopl xtopology nonstop_tsc aperfmperf eagerfpu pni pclmulqdq dtes64 monitor ds_cpl vmx smx est tm2 ssse3 fma cx16 xtpr pdcm pcid sse4_1 sse4_2 x2apic movbe popcnt tsc_deadline_timer aes xsave avx f16c rdrand lahf_lm abm ida arat epb xsaveopt pln pts dtherm tpr_shadow vnmi flexpriority ept vpid fsgsbase tsc_adjust bmi1 hle avx2 smep bmi2 erms invpcid rtm
bogomips	: 6995.80
clflush size	: 64
cache_alignment	: 64
address sizes	: 39 bits physical, 48 bits virtual
power management:

processor	: 3
vendor_id	: GenuineIntel
cpu family	: 6
model		: 60
model name	: Intel(R) Core(TM) i7-4771 CPU @ 3.50GHz
stepping	: 3
microcode	: 0x9
cpu MHz		: 2700.000
cache size	: 8192 KB
physical id	: 0
siblings	: 8
core id		: 3
cpu cores	: 4
apicid		: 6
initial apicid	: 6
fpu		: yes
fpu_exception	: yes
cpuid level	: 13
wp		: yes
flags		: fpu vme de pse tsc msr pae mce cx8 apic sep mtrr pge mca cmov pat pse36 clflush dts acpi mmx fxsr sse sse2 ss ht tm pbe syscall nx pdpe1gb rdtscp lm constant_tsc arch_perfmon pebs bts rep_good nopl xtopology nonstop_tsc aperfmperf eagerfpu pni pclmulqdq dtes64 monitor ds_cpl vmx smx est tm2 ssse3 fma cx16 xtpr pdcm pcid sse4_1 sse4_2 x2apic movbe popcnt tsc_deadline_timer aes xsave avx f16c rdrand lahf_lm abm ida arat epb xsaveopt pln pts dtherm tpr_shadow vnmi flexpriority ept vpid fsgsbase tsc_adjust bmi1 hle avx2 smep bmi2 erms invpcid rtm
bogomips	: 6995.80
clflush size	: 64
cache_alignment	: 64
address sizes	: 39 bits physical, 48 bits virtual
power management:

processor	: 4
vendor_id	: GenuineIntel
cpu family	: 6
model		: 60
model name	: Intel(R) Core(TM) i7-4771 CPU @ 3.50GHz
stepping	: 3
microcode	: 0x9
cpu MHz		: 3501.000
cache size	: 8192 KB
physical id	: 0
siblings	: 8
core id		: 0
cpu cores	: 4
apicid		: 1
initial apicid	: 1
fpu		: yes
fpu_exception	: yes
cpuid level	: 13
wp		: yes
flags		: fpu vme de pse tsc msr pae mce cx8 apic sep mtrr pge mca cmov pat pse36 clflush dts acpi mmx fxsr sse sse2 ss ht tm pbe syscall nx pdpe1gb rdtscp lm constant_tsc arch_perfmon pebs bts rep_good nopl xtopology nonstop_tsc aperfmperf eagerfpu pni pclmulqdq dtes64 monitor ds_cpl vmx smx est tm2 ssse3 fma cx16 xtpr pdcm pcid sse4_1 sse4_2 x2apic movbe popcnt tsc_deadline_timer aes xsave avx f16c rdrand lahf_lm abm ida arat epb xsaveopt pln pts dtherm tpr_shadow vnmi flexpriority ept vpid fsgsbase tsc_adjust bmi1 hle avx2 smep bmi2 erms invpcid rtm
bogomips	: 6995.80
clflush size	: 64
cache_alignment	: 64
address sizes	: 39 bits physical, 48 bits virtual
power management:

processor	: 5
vendor_id	: GenuineIntel
cpu family	: 6
model		: 60
model name	: Intel(R) Core(TM) i7-4771 CPU @ 3.50GHz
stepping	: 3
microcode	: 0x9
cpu MHz		: 3501.000
cache size	: 8192 KB
physical id	: 0
siblings	: 8
core id		: 1
cpu cores	: 4
apicid		: 3
initial apicid	: 3
fpu		: yes
fpu_exception	: yes
cpuid level	: 13
wp		: yes
flags		: fpu vme de pse tsc msr pae mce cx8 apic sep mtrr pge mca cmov pat pse36 clflush dts acpi mmx fxsr sse sse2 ss ht tm pbe syscall nx pdpe1gb rdtscp lm constant_tsc arch_perfmon pebs bts rep_good nopl xtopology nonstop_tsc aperfmperf eagerfpu pni pclmulqdq dtes64 monitor ds_cpl vmx smx est tm2 ssse3 fma cx16 xtpr pdcm pcid sse4_1 sse4_2 x2apic movbe popcnt tsc_deadline_timer aes xsave avx f16c rdrand lahf_lm abm ida arat epb xsaveopt pln pts dtherm tpr_shadow vnmi flexpriority ept vpid fsgsbase tsc_adjust bmi1 hle avx2 smep bmi2 erms invpcid rtm
bogomips	: 6995.80
clflush size	: 64
cache_alignment	: 64
address sizes	: 39 bits physical, 48 bits virtual
power management:

processor	: 6
vendor_id	: GenuineIntel
cpu family	: 6
model		: 60
model name	: Intel(R) Core(TM) i7-4771 CPU @ 3.50GHz
stepping	: 3
microcode	: 0x9
cpu MHz		: 3501.000
cache size	: 8192 KB
physical id	: 0
siblings	: 8
core id		: 2
cpu cores	: 4
apicid		: 5
initial apicid	: 5
fpu		: yes
fpu_exception	: yes
cpuid level	: 13
wp		: yes
flags		: fpu vme de pse tsc msr pae mce cx8 apic sep mtrr pge mca cmov pat pse36 clflush dts acpi mmx fxsr sse sse2 ss ht tm pbe syscall nx pdpe1gb rdtscp lm constant_tsc arch_perfmon pebs bts rep_good nopl xtopology nonstop_tsc aperfmperf eagerfpu pni pclmulqdq dtes64 monitor ds_cpl vmx smx est tm2 ssse3 fma cx16 xtpr pdcm pcid sse4_1 sse4_2 x2apic movbe popcnt tsc_deadline_timer aes xsave avx f16c rdrand lahf_lm abm ida arat epb xsaveopt pln pts dtherm tpr_shadow vnmi flexpriority ept vpid fsgsbase tsc_adjust bmi1 hle avx2 smep bmi2 erms invpcid rtm
bogomips	: 6995.80
clflush size	: 64
cache_alignment	: 64
address sizes	: 39 bits physical, 48 bits virtual
power management:

processor	: 7
vendor_id	: GenuineIntel
cpu family	: 6
model		: 60
model name	: Intel(R) Core(TM) i7-4771 CPU @ 3.50GHz
stepping	: 3
microcode	: 0x9
cpu MHz		: 3501.000
cache size	: 8192 KB
physical id	: 0
siblings	: 8
core id		: 3
cpu cores	: 4
apicid		: 7
initial apicid	: 7
fpu		: yes
fpu_exception	: yes
cpuid level	: 13
wp		: yes
flags		: fpu vme de pse tsc msr pae mce cx8 apic sep mtrr pge mca cmov pat pse36 clflush dts acpi mmx fxsr sse sse2 ss ht tm pbe syscall nx pdpe1gb rdtscp lm constant_tsc arch_perfmon pebs bts rep_good nopl xtopology nonstop_tsc aperfmperf eagerfpu pni pclmulqdq dtes64 monitor ds_cpl vmx smx est tm2 ssse3 fma cx16 xtpr pdcm pcid sse4_1 sse4_2 x2apic movbe popcnt tsc_deadline_timer aes xsave avx f16c rdrand lahf_lm abm ida arat epb xsaveopt pln pts dtherm tpr_shadow vnmi flexpriority ept vpid fsgsbase tsc_adjust bmi1 hle avx2 smep bmi2 erms invpcid rtm
bogomips	: 6995.80
clflush size	: 64
cache_alignment	: 64
address sizes	: 39 bits physical, 48 bits virtual
power management:



Memory: 4k page, physical 3724688k(86252k free), swap 488276k(4k free)

vm_info: OpenJDK 64-Bit Server VM (24.79-b02) for linux-amd64 JRE (1.7.0_79-b14), built on Apr 16 2015 08:21:58 by "buildd" with gcc 4.8.2

time: Wed Jun 17 11:05:22 2015
elapsed time: 4 seconds

