#
# There is insufficient memory for the Java Runtime Environment to continue.
# Native memory allocation (malloc) failed to allocate 73924608 bytes for committing reserved memory.
# Possible reasons:
#   The system is out of physical RAM or swap space
#   In 32 bit mode, the process size limit was hit
# Possible solutions:
#   Reduce memory load on the system
#   Increase physical memory or swap space
#   Check if swap backing store is full
#   Use 64 bit Java on a 64 bit OS
#   Decrease Java heap size (-Xmx/-Xms)
#   Decrease number of Java threads
#   Decrease Java thread stack sizes (-Xss)
#   Set larger code cache with -XX:ReservedCodeCacheSize=
# This output file may be truncated or incomplete.
#
#  Out of Memory Error (os_linux.cpp:2809), pid=29259, tid=140582488676096
#
# JRE version: OpenJDK Runtime Environment (7.0_79-b14) (build 1.7.0_79-b14)
# Java VM: OpenJDK 64-Bit Server VM (24.79-b02 mixed mode linux-amd64 compressed oops)
# Derivative: IcedTea 2.5.5
# Distribution: Ubuntu 14.04 LTS, package 7u79-2.5.5-0ubuntu0.14.04.2
# Failed to write core dump. Core dumps have been disabled. To enable core dumping, try "ulimit -c unlimited" before starting Java again
#

---------------  T H R E A D  ---------------

Current thread (0x00007fdc04080000):  VMThread [stack: 0x00007fdbe93c9000,0x00007fdbe94ca000] [id=29273]

Stack: [0x00007fdbe93c9000,0x00007fdbe94ca000],  sp=0x00007fdbe94c8490,  free space=1021k
Native frames: (J=compiled Java code, j=interpreted, Vv=VM code, C=native code)
V  [libjvm.so+0x94aec5]  VMError::report_and_die()+0x175
V  [libjvm.so+0x48b9c4]  report_vm_out_of_memory(char const*, int, unsigned long, char const*)+0x74
V  [libjvm.so+0x7c806b]  os::pd_commit_memory(char*, unsigned long, unsigned long, bool)+0xeb
V  [libjvm.so+0x7c2b0f]  os::commit_memory(char*, unsigned long, unsigned long, bool)+0x1f
V  [libjvm.so+0x83500b]  PSVirtualSpace::expand_by(unsigned long)+0x5b
V  [libjvm.so+0x835e60]  PSYoungGen::resize_generation(unsigned long, unsigned long)+0xb0
V  [libjvm.so+0x83654b]  PSYoungGen::resize(unsigned long, unsigned long)+0x1b
V  [libjvm.so+0x832830]  PSScavenge::invoke_no_policy()+0xde0
V  [libjvm.so+0x833008]  PSScavenge::invoke()+0x38
V  [libjvm.so+0x7e96f3]  ParallelScavengeHeap::failed_mem_allocate(unsigned long)+0x63
V  [libjvm.so+0x94c8c4]  VM_ParallelGCFailedAllocation::doit()+0x84
V  [libjvm.so+0x950dc7]  VM_Operation::evaluate()+0x47
V  [libjvm.so+0x94f738]  VMThread::evaluate_operation(VM_Operation*)+0x318
V  [libjvm.so+0x94fb99]  VMThread::loop()+0x219
V  [libjvm.so+0x94ffe2]  VMThread::run()+0x72
V  [libjvm.so+0x7c4f32]  java_start(Thread*)+0xf2

VM_Operation (0x00007fdc0cc883d0): ParallelGCFailedAllocation, mode: safepoint, requested by thread 0x00007fdc0400c000


---------------  P R O C E S S  ---------------

Java Threads: ( => current thread )
  0x00007fdc040b9800 JavaThread "Service Thread" daemon [_thread_blocked, id=29279, stack(0x00007fdbe86e1000,0x00007fdbe87e2000)]
  0x00007fdc040b7800 JavaThread "C2 CompilerThread1" daemon [_thread_blocked, id=29278, stack(0x00007fdbe87e2000,0x00007fdbe88e3000)]
  0x00007fdc040b4800 JavaThread "C2 CompilerThread0" daemon [_thread_blocked, id=29277, stack(0x00007fdbe88e3000,0x00007fdbe89e4000)]
  0x00007fdc040b2800 JavaThread "Signal Dispatcher" daemon [_thread_blocked, id=29276, stack(0x00007fdbe89e4000,0x00007fdbe8ae5000)]
  0x00007fdc04086800 JavaThread "Finalizer" daemon [_thread_blocked, id=29275, stack(0x00007fdbe91c7000,0x00007fdbe92c8000)]
  0x00007fdc04084800 JavaThread "Reference Handler" daemon [_thread_blocked, id=29274, stack(0x00007fdbe92c8000,0x00007fdbe93c9000)]
  0x00007fdc0400c000 JavaThread "main" [_thread_blocked, id=29264, stack(0x00007fdc0cb89000,0x00007fdc0cc8a000)]

Other Threads:
=>0x00007fdc04080000 VMThread [stack: 0x00007fdbe93c9000,0x00007fdbe94ca000] [id=29273]
  0x00007fdc040c4800 WatcherThread [stack: 0x00007fdbe85e0000,0x00007fdbe86e1000] [id=29280]

VM state:at safepoint (normal execution)

VM Mutex/Monitor currently owned by a thread:  ([mutex/lock_event])
[0x00007fdc04008410] Threads_lock - owner thread: 0x00007fdc04080000
[0x00007fdc04008910] Heap_lock - owner thread: 0x00007fdc0400c000

Heap
 PSYoungGen      total 151552K, used 22014K [0x00000000eaa80000, 0x00000000f6200000, 0x0000000100000000)
  eden space 129536K, 0% used [0x00000000eaa80000,0x00000000eaa80000,0x00000000f2900000)
  from space 22016K, 99% used [0x00000000f2900000,0x00000000f3e7f980,0x00000000f3e80000)
  to   space 19456K, 0% used [0x00000000f3e80000,0x00000000f3e80000,0x00000000f5180000)
 ParOldGen       total 63488K, used 58133K [0x00000000c0000000, 0x00000000c3e00000, 0x00000000eaa80000)
  object space 63488K, 91% used [0x00000000c0000000,0x00000000c38c5580,0x00000000c3e00000)
 PSPermGen       total 21504K, used 7204K [0x00000000b5a00000, 0x00000000b6f00000, 0x00000000c0000000)
  object space 21504K, 33% used [0x00000000b5a00000,0x00000000b61091f0,0x00000000b6f00000)

Card table byte_map: [0x00007fdc09578000,0x00007fdc097cc000] byte_map_base: 0x00007fdc08fcb000

Polling page: 0x00007fdc0cca9000

Code Cache  [0x00007fdc01000000, 0x00007fdc01270000, 0x00007fdc04000000)
 total_blobs=971 nmethods=720 adapters=204 free_code_cache=47180Kb largest_free_block=48273088

Compilation events (10 events):
Event: 2,472 Thread 0x00007fdc040b7800  735             com.android.dx.io.instructions.InstructionCodec$23::decode (87 bytes)
Event: 2,472 Thread 0x00007fdc040b4800  736             com.android.dx.io.instructions.InstructionCodec$23::encode (37 bytes)
Event: 2,473 Thread 0x00007fdc040b4800 nmethod 736 0x00007fdc011eee90 code [0x00007fdc011ef000, 0x00007fdc011ef1d8]
Event: 2,475 Thread 0x00007fdc040b7800 nmethod 735 0x00007fdc011e0450 code [0x00007fdc011e05e0, 0x00007fdc011e0a88]
Event: 2,489 Thread 0x00007fdc040b4800  737             com.android.dx.io.instructions.InstructionCodec$7::decode (50 bytes)
Event: 2,489 Thread 0x00007fdc040b7800  738             com.android.dx.io.instructions.InstructionCodec$7::encode (23 bytes)
Event: 2,490 Thread 0x00007fdc040b7800 nmethod 738 0x00007fdc011dff90 code [0x00007fdc011e00e0, 0x00007fdc011e0238]
Event: 2,490 Thread 0x00007fdc040b4800 nmethod 737 0x00007fdc011dfa50 code [0x00007fdc011dfba0, 0x00007fdc011dfd78]
Event: 2,526 Thread 0x00007fdc040b7800  739             com.android.dex.EncodedValue::writeTo (9 bytes)
Event: 2,527 Thread 0x00007fdc040b7800 nmethod 739 0x00007fdc011f6390 code [0x00007fdc011f64e0, 0x00007fdc011f6678]

GC Heap History (10 events):
Event: 1,900 GC heap after
Heap after GC invocations=8 (full 1):
 PSYoungGen      total 70656K, used 0K [0x00000000eaa80000, 0x00000000f3880000, 0x0000000100000000)
  eden space 55808K, 0% used [0x00000000eaa80000,0x00000000eaa80000,0x00000000ee100000)
  from space 14848K, 0% used [0x00000000ee100000,0x00000000ee100000,0x00000000eef80000)
  to   space 16896K, 0% used [0x00000000f2800000,0x00000000f2800000,0x00000000f3880000)
 ParOldGen       total 47616K, used 17695K [0x00000000c0000000, 0x00000000c2e80000, 0x00000000eaa80000)
  object space 47616K, 37% used [0x00000000c0000000,0x00000000c1147e38,0x00000000c2e80000)
 PSPermGen       total 21504K, used 7182K [0x00000000b5a00000, 0x00000000b6f00000, 0x00000000c0000000)
  object space 21504K, 33% used [0x00000000b5a00000,0x00000000b6103aa8,0x00000000b6f00000)
}
Event: 2,032 GC heap before
{Heap before GC invocations=9 (full 1):
 PSYoungGen      total 70656K, used 54096K [0x00000000eaa80000, 0x00000000f3880000, 0x0000000100000000)
  eden space 55808K, 96% used [0x00000000eaa80000,0x00000000edf54068,0x00000000ee100000)
  from space 14848K, 0% used [0x00000000ee100000,0x00000000ee100000,0x00000000eef80000)
  to   space 16896K, 0% used [0x00000000f2800000,0x00000000f2800000,0x00000000f3880000)
 ParOldGen       total 47616K, used 17695K [0x00000000c0000000, 0x00000000c2e80000, 0x00000000eaa80000)
  object space 47616K, 37% used [0x00000000c0000000,0x00000000c1147e38,0x00000000c2e80000)
 PSPermGen       total 21504K, used 7191K [0x00000000b5a00000, 0x00000000b6f00000, 0x00000000c0000000)
  object space 21504K, 33% used [0x00000000b5a00000,0x00000000b6105e18,0x00000000b6f00000)
Event: 2,041 GC heap after
Heap after GC invocations=9 (full 1):
 PSYoungGen      total 99328K, used 4895K [0x00000000eaa80000, 0x00000000f2d00000, 0x0000000100000000)
  eden space 94208K, 0% used [0x00000000eaa80000,0x00000000eaa80000,0x00000000f0680000)
  from space 5120K, 95% used [0x00000000f2800000,0x00000000f2cc7da0,0x00000000f2d00000)
  to   space 16896K, 0% used [0x00000000f0c00000,0x00000000f0c00000,0x00000000f1c80000)
 ParOldGen       total 47616K, used 17695K [0x00000000c0000000, 0x00000000c2e80000, 0x00000000eaa80000)
  object space 47616K, 37% used [0x00000000c0000000,0x00000000c1147e38,0x00000000c2e80000)
 PSPermGen       total 21504K, used 7191K [0x00000000b5a00000, 0x00000000b6f00000, 0x00000000c0000000)
  object space 21504K, 33% used [0x00000000b5a00000,0x00000000b6105e18,0x00000000b6f00000)
}
Event: 2,196 GC heap before
{Heap before GC invocations=10 (full 1):
 PSYoungGen      total 99328K, used 99103K [0x00000000eaa80000, 0x00000000f2d00000, 0x0000000100000000)
  eden space 94208K, 100% used [0x00000000eaa80000,0x00000000f0680000,0x00000000f0680000)
  from space 5120K, 95% used [0x00000000f2800000,0x00000000f2cc7da0,0x00000000f2d00000)
  to   space 16896K, 0% used [0x00000000f0c00000,0x00000000f0c00000,0x00000000f1c80000)
 ParOldGen       total 47616K, used 17695K [0x00000000c0000000, 0x00000000c2e80000, 0x00000000eaa80000)
  object space 47616K, 37% used [0x00000000c0000000,0x00000000c1147e38,0x00000000c2e80000)
 PSPermGen       total 21504K, used 7200K [0x00000000b5a00000, 0x00000000b6f00000, 0x00000000c0000000)
  object space 21504K, 33% used [0x00000000b5a00000,0x00000000b61081c8,0x00000000b6f00000)
Event: 2,202 GC heap after
Heap after GC invocations=10 (full 1):
 PSYoungGen      total 116736K, used 16456K [0x00000000eaa80000, 0x00000000f5180000, 0x0000000100000000)
  eden space 99840K, 0% used [0x00000000eaa80000,0x00000000eaa80000,0x00000000f0c00000)
  from space 16896K, 97% used [0x00000000f0c00000,0x00000000f1c121d8,0x00000000f1c80000)
  to   space 19456K, 0% used [0x00000000f3e80000,0x00000000f3e80000,0x00000000f5180000)
 ParOldGen       total 47616K, used 22614K [0x00000000c0000000, 0x00000000c2e80000, 0x00000000eaa80000)
  object space 47616K, 47% used [0x00000000c0000000,0x00000000c1615868,0x00000000c2e80000)
 PSPermGen       total 21504K, used 7200K [0x00000000b5a00000, 0x00000000b6f00000, 0x00000000c0000000)
  object space 21504K, 33% used [0x00000000b5a00000,0x00000000b61081c8,0x00000000b6f00000)
}
Event: 2,341 GC heap before
{Heap before GC invocations=11 (full 1):
 PSYoungGen      total 116736K, used 116296K [0x00000000eaa80000, 0x00000000f5180000, 0x0000000100000000)
  eden space 99840K, 100% used [0x00000000eaa80000,0x00000000f0c00000,0x00000000f0c00000)
  from space 16896K, 97% used [0x00000000f0c00000,0x00000000f1c121d8,0x00000000f1c80000)
  to   space 19456K, 0% used [0x00000000f3e80000,0x00000000f3e80000,0x00000000f5180000)
 ParOldGen       total 47616K, used 22614K [0x00000000c0000000, 0x00000000c2e80000, 0x00000000eaa80000)
  object space 47616K, 47% used [0x00000000c0000000,0x00000000c1615868,0x00000000c2e80000)
 PSPermGen       total 21504K, used 7204K [0x00000000b5a00000, 0x00000000b6f00000, 0x00000000c0000000)
  object space 21504K, 33% used [0x00000000b5a00000,0x00000000b61091f0,0x00000000b6f00000)
Event: 2,358 GC heap after
Heap after GC invocations=11 (full 1):
 PSYoungGen      total 148992K, used 19216K [0x00000000eaa80000, 0x00000000f6200000, 0x0000000100000000)
  eden space 129536K, 0% used [0x00000000eaa80000,0x00000000eaa80000,0x00000000f2900000)
  from space 19456K, 98% used [0x00000000f3e80000,0x00000000f51442c0,0x00000000f5180000)
  to   space 22016K, 0% used [0x00000000f2900000,0x00000000f2900000,0x00000000f3e80000)
 ParOldGen       total 47616K, used 38527K [0x00000000c0000000, 0x00000000c2e80000, 0x00000000eaa80000)
  object space 47616K, 80% used [0x00000000c0000000,0x00000000c259ff98,0x00000000c2e80000)
 PSPermGen       total 21504K, used 7204K [0x00000000b5a00000, 0x00000000b6f00000, 0x00000000c0000000)
  object space 21504K, 33% used [0x00000000b5a00000,0x00000000b61091f0,0x00000000b6f00000)
}
Event: 2,358 GC heap before
{Heap before GC invocations=12 (full 2):
 PSYoungGen      total 148992K, used 19216K [0x00000000eaa80000, 0x00000000f6200000, 0x0000000100000000)
  eden space 129536K, 0% used [0x00000000eaa80000,0x00000000eaa80000,0x00000000f2900000)
  from space 19456K, 98% used [0x00000000f3e80000,0x00000000f51442c0,0x00000000f5180000)
  to   space 22016K, 0% used [0x00000000f2900000,0x00000000f2900000,0x00000000f3e80000)
 ParOldGen       total 47616K, used 38527K [0x00000000c0000000, 0x00000000c2e80000, 0x00000000eaa80000)
  object space 47616K, 80% used [0x00000000c0000000,0x00000000c259ff98,0x00000000c2e80000)
 PSPermGen       total 21504K, used 7204K [0x00000000b5a00000, 0x00000000b6f00000, 0x00000000c0000000)
  object space 21504K, 33% used [0x00000000b5a00000,0x00000000b61091f0,0x00000000b6f00000)
Event: 2,379 GC heap after
Heap after GC invocations=12 (full 2):
 PSYoungGen      total 148992K, used 0K [0x00000000eaa80000, 0x00000000f6200000, 0x0000000100000000)
  eden space 129536K, 0% used [0x00000000eaa80000,0x00000000eaa80000,0x00000000f2900000)
  from space 19456K, 0% used [0x00000000f3e80000,0x00000000f3e80000,0x00000000f5180000)
  to   space 22016K, 0% used [0x00000000f2900000,0x00000000f2900000,0x00000000f3e80000)
 ParOldGen       total 63488K, used 23127K [0x00000000c0000000, 0x00000000c3e00000, 0x00000000eaa80000)
  object space 63488K, 36% used [0x00000000c0000000,0x00000000c1695fa0,0x00000000c3e00000)
 PSPermGen       total 21504K, used 7204K [0x00000000b5a00000, 0x00000000b6f00000, 0x00000000c0000000)
  object space 21504K, 33% used [0x00000000b5a00000,0x00000000b61091f0,0x00000000b6f00000)
}
Event: 2,536 GC heap before
{Heap before GC invocations=13 (full 2):
 PSYoungGen      total 148992K, used 129536K [0x00000000eaa80000, 0x00000000f6200000, 0x0000000100000000)
  eden space 129536K, 100% used [0x00000000eaa80000,0x00000000f2900000,0x00000000f2900000)
  from space 19456K, 0% used [0x00000000f3e80000,0x00000000f3e80000,0x00000000f5180000)
  to   space 22016K, 0% used [0x00000000f2900000,0x00000000f2900000,0x00000000f3e80000)
 ParOldGen       total 63488K, used 23127K [0x00000000c0000000, 0x00000000c3e00000, 0x00000000eaa80000)
  object space 63488K, 36% used [0x00000000c0000000,0x00000000c1695fa0,0x00000000c3e00000)
 PSPermGen       total 21504K, used 7204K [0x00000000b5a00000, 0x00000000b6f00000, 0x00000000c0000000)
  object space 21504K, 33% used [0x00000000b5a00000,0x00000000b61091f0,0x00000000b6f00000)

Deoptimization events (10 events):
Event: 1,684 Thread 0x00007fdc0400c000 Uncommon trap: reason=array_check action=maybe_recompile pc=0x00007fdc01195700 method=java.util.ComparableTimSort.binarySort([Ljava/lang/Object;III)V @ 193
Event: 1,717 Thread 0x00007fdc0400c000 Uncommon trap: reason=array_check action=maybe_recompile pc=0x00007fdc01195644 method=java.util.ComparableTimSort.binarySort([Ljava/lang/Object;III)V @ 215
Event: 1,717 Thread 0x00007fdc0400c000 Uncommon trap: reason=array_check action=maybe_recompile pc=0x00007fdc01195700 method=java.util.ComparableTimSort.binarySort([Ljava/lang/Object;III)V @ 193
Event: 1,829 Thread 0x00007fdc0400c000 Uncommon trap: reason=predicate action=maybe_recompile pc=0x00007fdc01197e98 method=java.util.TimSort.binarySort([Ljava/lang/Object;IIILjava/util/Comparator;)V @ 37
Event: 1,938 Thread 0x00007fdc0400c000 Uncommon trap: reason=array_check action=maybe_recompile pc=0x00007fdc011bcf08 method=java.util.TimSort.binarySort([Ljava/lang/Object;IIILjava/util/Comparator;)V @ 193
Event: 1,938 Thread 0x00007fdc0400c000 Uncommon trap: reason=array_check action=maybe_recompile pc=0x00007fdc011bce60 method=java.util.TimSort.binarySort([Ljava/lang/Object;IIILjava/util/Comparator;)V @ 215
Event: 1,939 Thread 0x00007fdc0400c000 Uncommon trap: reason=array_check action=maybe_recompile pc=0x00007fdc011bcf54 method=java.util.TimSort.binarySort([Ljava/lang/Object;IIILjava/util/Comparator;)V @ 183
Event: 1,968 Thread 0x00007fdc0400c000 Uncommon trap: reason=array_check action=maybe_recompile pc=0x00007fdc011b4e5c method=java.util.ComparableTimSort.binarySort([Ljava/lang/Object;III)V @ 183
Event: 1,976 Thread 0x00007fdc0400c000 Uncommon trap: reason=array_check action=maybe_recompile pc=0x00007fdc011bce60 method=java.util.TimSort.binarySort([Ljava/lang/Object;IIILjava/util/Comparator;)V @ 215
Event: 2,041 Thread 0x00007fdc0400c000 Uncommon trap: reason=array_check action=maybe_recompile pc=0x00007fdc011b4e5c method=java.util.ComparableTimSort.binarySort([Ljava/lang/Object;III)V @ 183

Internal exceptions (10 events):
Event: 1,271 Thread 0x00007fdc0400c000 Threw 0x00000000eaa91260 at /build/buildd/openjdk-7-7u79-2.5.5/build/openjdk/hotspot/src/share/vm/prims/jvm.cpp:1284
Event: 1,272 Thread 0x00007fdc0400c000 Threw 0x00000000eaa94ea0 at /build/buildd/openjdk-7-7u79-2.5.5/build/openjdk/hotspot/src/share/vm/prims/jvm.cpp:1284
Event: 1,272 Thread 0x00007fdc0400c000 Threw 0x00000000eaa98c30 at /build/buildd/openjdk-7-7u79-2.5.5/build/openjdk/hotspot/src/share/vm/prims/jvm.cpp:1284
Event: 1,272 Thread 0x00007fdc0400c000 Threw 0x00000000eaa9ebc0 at /build/buildd/openjdk-7-7u79-2.5.5/build/openjdk/hotspot/src/share/vm/prims/jvm.cpp:1284
Event: 1,273 Thread 0x00007fdc0400c000 Threw 0x00000000eaaa2690 at /build/buildd/openjdk-7-7u79-2.5.5/build/openjdk/hotspot/src/share/vm/prims/jvm.cpp:1284
Event: 1,273 Thread 0x00007fdc0400c000 Threw 0x00000000eaaa6358 at /build/buildd/openjdk-7-7u79-2.5.5/build/openjdk/hotspot/src/share/vm/prims/jvm.cpp:1284
Event: 1,273 Thread 0x00007fdc0400c000 Threw 0x00000000eaaa9d90 at /build/buildd/openjdk-7-7u79-2.5.5/build/openjdk/hotspot/src/share/vm/prims/jvm.cpp:1284
Event: 1,274 Thread 0x00007fdc0400c000 Threw 0x00000000eaab1860 at /build/buildd/openjdk-7-7u79-2.5.5/build/openjdk/hotspot/src/share/vm/prims/jvm.cpp:1284
Event: 1,274 Thread 0x00007fdc0400c000 Threw 0x00000000eaab43c8 at /build/buildd/openjdk-7-7u79-2.5.5/build/openjdk/hotspot/src/share/vm/prims/jvm.cpp:1284
Event: 1,505 Thread 0x00007fdc0400c000 Threw 0x00000000ec281588 at /build/buildd/openjdk-7-7u79-2.5.5/build/openjdk/hotspot/src/share/vm/prims/jvm.cpp:1284

Events (10 events):
Event: 2,041 Thread 0x00007fdc0400c000 DEOPT PACKING pc=0x00007fdc011b4e5c sp=0x00007fdc0cc88440
Event: 2,041 Thread 0x00007fdc0400c000 DEOPT UNPACKING pc=0x00007fdc01039445 sp=0x00007fdc0cc88418 mode 2
Event: 2,092 Thread 0x00007fdc040b4800 flushing nmethod 0x00007fdc0113c790
Event: 2,092 Thread 0x00007fdc040b4800 flushing nmethod 0x00007fdc0113f090
Event: 2,196 Executing VM operation: ParallelGCFailedAllocation
Event: 2,202 Executing VM operation: ParallelGCFailedAllocation done
Event: 2,241 Thread 0x00007fdc040b4800 flushing nmethod 0x00007fdc01190790
Event: 2,341 Executing VM operation: ParallelGCFailedAllocation
Event: 2,379 Executing VM operation: ParallelGCFailedAllocation done
Event: 2,536 Executing VM operation: ParallelGCFailedAllocation


Dynamic libraries:
00400000-00401000 r-xp 00000000 08:01 2896608                            /usr/lib/jvm/java-7-openjdk-amd64/jre/bin/java
00600000-00601000 r--p 00000000 08:01 2896608                            /usr/lib/jvm/java-7-openjdk-amd64/jre/bin/java
00601000-00602000 rw-p 00001000 08:01 2896608                            /usr/lib/jvm/java-7-openjdk-amd64/jre/bin/java
02148000-02169000 rw-p 00000000 00:00 0                                  [heap]
b5a00000-b6f00000 rw-p 00000000 00:00 0 
b6f00000-c0000000 rw-p 00000000 00:00 0 
c0000000-c3e00000 rw-p 00000000 00:00 0 
c3e00000-eaa80000 rw-p 00000000 00:00 0 
eaa80000-f6200000 rw-p 00000000 00:00 0 
fa880000-100000000 rw-p 00000000 00:00 0 
7fdbb8000000-7fdbb8021000 rw-p 00000000 00:00 0 
7fdbb8021000-7fdbbc000000 ---p 00000000 00:00 0 
7fdbbecac000-7fdbbece9000 r-xp 00000000 08:01 1314944                    /lib/x86_64-linux-gnu/libpcre.so.3.13.1
7fdbbece9000-7fdbbeee8000 ---p 0003d000 08:01 1314944                    /lib/x86_64-linux-gnu/libpcre.so.3.13.1
7fdbbeee8000-7fdbbeee9000 r--p 0003c000 08:01 1314944                    /lib/x86_64-linux-gnu/libpcre.so.3.13.1
7fdbbeee9000-7fdbbeeea000 rw-p 0003d000 08:01 1314944                    /lib/x86_64-linux-gnu/libpcre.so.3.13.1
7fdbbeeea000-7fdbbeef1000 r-xp 00000000 08:01 2631073                    /usr/lib/x86_64-linux-gnu/libffi.so.6.0.1
7fdbbeef1000-7fdbbf0f0000 ---p 00007000 08:01 2631073                    /usr/lib/x86_64-linux-gnu/libffi.so.6.0.1
7fdbbf0f0000-7fdbbf0f1000 r--p 00006000 08:01 2631073                    /usr/lib/x86_64-linux-gnu/libffi.so.6.0.1
7fdbbf0f1000-7fdbbf0f2000 rw-p 00007000 08:01 2631073                    /usr/lib/x86_64-linux-gnu/libffi.so.6.0.1
7fdbbf0f2000-7fdbbf109000 r-xp 00000000 08:01 1314798                    /lib/x86_64-linux-gnu/libresolv-2.19.so
7fdbbf109000-7fdbbf309000 ---p 00017000 08:01 1314798                    /lib/x86_64-linux-gnu/libresolv-2.19.so
7fdbbf309000-7fdbbf30a000 r--p 00017000 08:01 1314798                    /lib/x86_64-linux-gnu/libresolv-2.19.so
7fdbbf30a000-7fdbbf30b000 rw-p 00018000 08:01 1314798                    /lib/x86_64-linux-gnu/libresolv-2.19.so
7fdbbf30b000-7fdbbf30d000 rw-p 00000000 00:00 0 
7fdbbf30d000-7fdbbf32d000 r-xp 00000000 08:01 1314971                    /lib/x86_64-linux-gnu/libselinux.so.1
7fdbbf32d000-7fdbbf52c000 ---p 00020000 08:01 1314971                    /lib/x86_64-linux-gnu/libselinux.so.1
7fdbbf52c000-7fdbbf52d000 r--p 0001f000 08:01 1314971                    /lib/x86_64-linux-gnu/libselinux.so.1
7fdbbf52d000-7fdbbf52e000 rw-p 00020000 08:01 1314971                    /lib/x86_64-linux-gnu/libselinux.so.1
7fdbbf52e000-7fdbbf530000 rw-p 00000000 00:00 0 
7fdbbf530000-7fdbbf533000 r-xp 00000000 08:01 2621804                    /usr/lib/x86_64-linux-gnu/libgmodule-2.0.so.0.4002.0
7fdbbf533000-7fdbbf732000 ---p 00003000 08:01 2621804                    /usr/lib/x86_64-linux-gnu/libgmodule-2.0.so.0.4002.0
7fdbbf732000-7fdbbf733000 r--p 00002000 08:01 2621804                    /usr/lib/x86_64-linux-gnu/libgmodule-2.0.so.0.4002.0
7fdbbf733000-7fdbbf734000 rw-p 00003000 08:01 2621804                    /usr/lib/x86_64-linux-gnu/libgmodule-2.0.so.0.4002.0
7fdbbf734000-7fdbbf83a000 r-xp 00000000 08:01 1314776                    /lib/x86_64-linux-gnu/libglib-2.0.so.0.4002.0
7fdbbf83a000-7fdbbfa39000 ---p 00106000 08:01 1314776                    /lib/x86_64-linux-gnu/libglib-2.0.so.0.4002.0
7fdbbfa39000-7fdbbfa3a000 r--p 00105000 08:01 1314776                    /lib/x86_64-linux-gnu/libglib-2.0.so.0.4002.0
7fdbbfa3a000-7fdbbfa3b000 rw-p 00106000 08:01 1314776                    /lib/x86_64-linux-gnu/libglib-2.0.so.0.4002.0
7fdbbfa3b000-7fdbbfa3c000 rw-p 00000000 00:00 0 
7fdbbfa3c000-7fdbbfa8b000 r-xp 00000000 08:01 2621822                    /usr/lib/x86_64-linux-gnu/libgobject-2.0.so.0.4002.0
7fdbbfa8b000-7fdbbfc8b000 ---p 0004f000 08:01 2621822                    /usr/lib/x86_64-linux-gnu/libgobject-2.0.so.0.4002.0
7fdbbfc8b000-7fdbbfc8c000 r--p 0004f000 08:01 2621822                    /usr/lib/x86_64-linux-gnu/libgobject-2.0.so.0.4002.0
7fdbbfc8c000-7fdbbfc8d000 rw-p 00050000 08:01 2621822                    /usr/lib/x86_64-linux-gnu/libgobject-2.0.so.0.4002.0
7fdbbfc8d000-7fdbbfdf9000 r-xp 00000000 08:01 2621826                    /usr/lib/x86_64-linux-gnu/libgio-2.0.so.0.4002.0
7fdbbfdf9000-7fdbbfff8000 ---p 0016c000 08:01 2621826                    /usr/lib/x86_64-linux-gnu/libgio-2.0.so.0.4002.0
7fdbbfff8000-7fdbbfffc000 r--p 0016b000 08:01 2621826                    /usr/lib/x86_64-linux-gnu/libgio-2.0.so.0.4002.0
7fdbbfffc000-7fdbbfffe000 rw-p 0016f000 08:01 2621826                    /usr/lib/x86_64-linux-gnu/libgio-2.0.so.0.4002.0
7fdbbfffe000-7fdbc0000000 rw-p 00000000 00:00 0 
7fdbc0000000-7fdbc0744000 rw-p 00000000 00:00 0 
7fdbc0744000-7fdbc4000000 ---p 00000000 00:00 0 
7fdbc4000000-7fdbc4021000 rw-p 00000000 00:00 0 
7fdbc4021000-7fdbc8000000 ---p 00000000 00:00 0 
7fdbc8000000-7fdbc8021000 rw-p 00000000 00:00 0 
7fdbc8021000-7fdbcc000000 ---p 00000000 00:00 0 
7fdbcc000000-7fdbcc941000 rw-p 00000000 00:00 0 
7fdbcc941000-7fdbd0000000 ---p 00000000 00:00 0 
7fdbd0000000-7fdbd0021000 rw-p 00000000 00:00 0 
7fdbd0021000-7fdbd4000000 ---p 00000000 00:00 0 
7fdbd4000000-7fdbd4021000 rw-p 00000000 00:00 0 
7fdbd4021000-7fdbd8000000 ---p 00000000 00:00 0 
7fdbd8000000-7fdbd8021000 rw-p 00000000 00:00 0 
7fdbd8021000-7fdbdc000000 ---p 00000000 00:00 0 
7fdbdc000000-7fdbdc0e1000 rw-p 00000000 00:00 0 
7fdbdc0e1000-7fdbe0000000 ---p 00000000 00:00 0 
7fdbe0000000-7fdbe0021000 rw-p 00000000 00:00 0 
7fdbe0021000-7fdbe4000000 ---p 00000000 00:00 0 
7fdbe4000000-7fdbe4021000 rw-p 00000000 00:00 0 
7fdbe4021000-7fdbe8000000 ---p 00000000 00:00 0 
7fdbe8055000-7fdbe81b6000 rw-p 00000000 00:00 0 
7fdbe81b6000-7fdbe81cd000 r-xp 00000000 08:01 2896675                    /usr/lib/jvm/java-7-openjdk-amd64/jre/lib/amd64/libnet.so
7fdbe81cd000-7fdbe83cc000 ---p 00017000 08:01 2896675                    /usr/lib/jvm/java-7-openjdk-amd64/jre/lib/amd64/libnet.so
7fdbe83cc000-7fdbe83cd000 r--p 00016000 08:01 2896675                    /usr/lib/jvm/java-7-openjdk-amd64/jre/lib/amd64/libnet.so
7fdbe83cd000-7fdbe83ce000 rw-p 00017000 08:01 2896675                    /usr/lib/jvm/java-7-openjdk-amd64/jre/lib/amd64/libnet.so
7fdbe83ce000-7fdbe83de000 r-xp 00000000 08:01 2896662                    /usr/lib/jvm/java-7-openjdk-amd64/jre/lib/amd64/libnio.so
7fdbe83de000-7fdbe85de000 ---p 00010000 08:01 2896662                    /usr/lib/jvm/java-7-openjdk-amd64/jre/lib/amd64/libnio.so
7fdbe85de000-7fdbe85df000 r--p 00010000 08:01 2896662                    /usr/lib/jvm/java-7-openjdk-amd64/jre/lib/amd64/libnio.so
7fdbe85df000-7fdbe85e0000 rw-p 00011000 08:01 2896662                    /usr/lib/jvm/java-7-openjdk-amd64/jre/lib/amd64/libnio.so
7fdbe85e0000-7fdbe85e1000 ---p 00000000 00:00 0 
7fdbe85e1000-7fdbe86e1000 rw-p 00000000 00:00 0                          [stack:29280]
7fdbe86e1000-7fdbe86e4000 ---p 00000000 00:00 0 
7fdbe86e4000-7fdbe87e2000 rw-p 00000000 00:00 0                          [stack:29279]
7fdbe87e2000-7fdbe87e5000 ---p 00000000 00:00 0 
7fdbe87e5000-7fdbe88e3000 rw-p 00000000 00:00 0                          [stack:29278]
7fdbe88e3000-7fdbe88e6000 ---p 00000000 00:00 0 
7fdbe88e6000-7fdbe89e4000 rw-p 00000000 00:00 0                          [stack:29277]
7fdbe89e4000-7fdbe89e7000 ---p 00000000 00:00 0 
7fdbe89e7000-7fdbe8ae5000 rw-p 00000000 00:00 0                          [stack:29276]
7fdbe8ae5000-7fdbe91c7000 r--p 00000000 08:01 2629488                    /usr/lib/locale/locale-archive
7fdbe91c7000-7fdbe91ca000 ---p 00000000 00:00 0 
7fdbe91ca000-7fdbe92c8000 rw-p 00000000 00:00 0                          [stack:29275]
7fdbe92c8000-7fdbe92cb000 ---p 00000000 00:00 0 
7fdbe92cb000-7fdbe93c9000 rw-p 00000000 00:00 0                          [stack:29274]
7fdbe93c9000-7fdbe93ca000 ---p 00000000 00:00 0 
7fdbe93ca000-7fdbec000000 rw-p 00000000 00:00 0                          [stack:29273]
7fdbec000000-7fdbec021000 rw-p 00000000 00:00 0 
7fdbec021000-7fdbf0000000 ---p 00000000 00:00 0 
7fdbf0000000-7fdbf0021000 rw-p 00000000 00:00 0 
7fdbf0021000-7fdbf4000000 ---p 00000000 00:00 0 
7fdbf4000000-7fdbf4021000 rw-p 00000000 00:00 0 
7fdbf4021000-7fdbf8000000 ---p 00000000 00:00 0 
7fdbf8000000-7fdbf8021000 rw-p 00000000 00:00 0 
7fdbf8021000-7fdbfc000000 ---p 00000000 00:00 0 
7fdbfc000000-7fdbfc021000 rw-p 00000000 00:00 0 
7fdbfc021000-7fdc00000000 ---p 00000000 00:00 0 
7fdc0002b000-7fdc01000000 rw-p 00000000 00:00 0 
7fdc01000000-7fdc01270000 rwxp 00000000 00:00 0 
7fdc01270000-7fdc04284000 rw-p 00000000 00:00 0 
7fdc04284000-7fdc08000000 ---p 00000000 00:00 0 
7fdc08004000-7fdc08009000 r--s 0004d000 08:01 2896697                    /usr/lib/jvm/java-7-openjdk-amd64/jre/lib/jsse.jar
7fdc08009000-7fdc08018000 r--s 000dd000 00:18 3280347                    /home/kev/Android/Sdk/build-tools/21.1.2/lib/dx.jar
7fdc08018000-7fdc086ca000 rw-p 00000000 00:00 0 
7fdc086ca000-7fdc0887b000 r--s 01d27000 08:01 2896681                    /usr/lib/jvm/java-7-openjdk-amd64/jre/lib/rt.jar
7fdc0887b000-7fdc08bc7000 rw-p 00000000 00:00 0 
7fdc08bc7000-7fdc08bc8000 ---p 00000000 00:00 0 
7fdc08bc8000-7fdc08cc8000 rw-p 00000000 00:00 0                          [stack:29272]
7fdc08cc8000-7fdc08cc9000 ---p 00000000 00:00 0 
7fdc08cc9000-7fdc08dc9000 rw-p 00000000 00:00 0                          [stack:29271]
7fdc08dc9000-7fdc08dca000 ---p 00000000 00:00 0 
7fdc08dca000-7fdc08eca000 rw-p 00000000 00:00 0                          [stack:29270]
7fdc08eca000-7fdc08ecb000 ---p 00000000 00:00 0 
7fdc08ecb000-7fdc08fcb000 rw-p 00000000 00:00 0                          [stack:29269]
7fdc08fcb000-7fdc08fcc000 ---p 00000000 00:00 0 
7fdc08fcc000-7fdc090cc000 rw-p 00000000 00:00 0                          [stack:29268]
7fdc090cc000-7fdc090cd000 ---p 00000000 00:00 0 
7fdc090cd000-7fdc091cd000 rw-p 00000000 00:00 0                          [stack:29267]
7fdc091cd000-7fdc091ce000 ---p 00000000 00:00 0 
7fdc091ce000-7fdc092ce000 rw-p 00000000 00:00 0                          [stack:29266]
7fdc092ce000-7fdc092cf000 ---p 00000000 00:00 0 
7fdc092cf000-7fdc093da000 rw-p 00000000 00:00 0                          [stack:29265]
7fdc093da000-7fdc09422000 rw-p 00000000 00:00 0 
7fdc09422000-7fdc09441000 rw-p 00000000 00:00 0 
7fdc09441000-7fdc09578000 rw-p 00000000 00:00 0 
7fdc09578000-7fdc09583000 rw-p 00000000 00:00 0 
7fdc09583000-7fdc095cb000 rw-p 00000000 00:00 0 
7fdc095cb000-7fdc095ea000 rw-p 00000000 00:00 0 
7fdc095ea000-7fdc09720000 rw-p 00000000 00:00 0 
7fdc09720000-7fdc0977c000 rw-p 00000000 00:00 0 
7fdc0977c000-7fdc097cb000 rw-p 00000000 00:00 0 
7fdc097cb000-7fdc097cc000 rw-p 00000000 00:00 0 
7fdc097cc000-7fdc097d4000 r-xp 00000000 08:01 2896658                    /usr/lib/jvm/java-7-openjdk-amd64/jre/lib/amd64/libzip.so
7fdc097d4000-7fdc099d3000 ---p 00008000 08:01 2896658                    /usr/lib/jvm/java-7-openjdk-amd64/jre/lib/amd64/libzip.so
7fdc099d3000-7fdc099d4000 r--p 00007000 08:01 2896658                    /usr/lib/jvm/java-7-openjdk-amd64/jre/lib/amd64/libzip.so
7fdc099d4000-7fdc099d5000 rw-p 00008000 08:01 2896658                    /usr/lib/jvm/java-7-openjdk-amd64/jre/lib/amd64/libzip.so
7fdc099d5000-7fdc099e0000 r-xp 00000000 08:01 1314833                    /lib/x86_64-linux-gnu/libnss_files-2.19.so
7fdc099e0000-7fdc09bdf000 ---p 0000b000 08:01 1314833                    /lib/x86_64-linux-gnu/libnss_files-2.19.so
7fdc09bdf000-7fdc09be0000 r--p 0000a000 08:01 1314833                    /lib/x86_64-linux-gnu/libnss_files-2.19.so
7fdc09be0000-7fdc09be1000 rw-p 0000b000 08:01 1314833                    /lib/x86_64-linux-gnu/libnss_files-2.19.so
7fdc09be1000-7fdc09bec000 r-xp 00000000 08:01 1314967                    /lib/x86_64-linux-gnu/libnss_nis-2.19.so
7fdc09bec000-7fdc09deb000 ---p 0000b000 08:01 1314967                    /lib/x86_64-linux-gnu/libnss_nis-2.19.so
7fdc09deb000-7fdc09dec000 r--p 0000a000 08:01 1314967                    /lib/x86_64-linux-gnu/libnss_nis-2.19.so
7fdc09dec000-7fdc09ded000 rw-p 0000b000 08:01 1314967                    /lib/x86_64-linux-gnu/libnss_nis-2.19.so
7fdc09ded000-7fdc09e04000 r-xp 00000000 08:01 1314868                    /lib/x86_64-linux-gnu/libnsl-2.19.so
7fdc09e04000-7fdc0a003000 ---p 00017000 08:01 1314868                    /lib/x86_64-linux-gnu/libnsl-2.19.so
7fdc0a003000-7fdc0a004000 r--p 00016000 08:01 1314868                    /lib/x86_64-linux-gnu/libnsl-2.19.so
7fdc0a004000-7fdc0a005000 rw-p 00017000 08:01 1314868                    /lib/x86_64-linux-gnu/libnsl-2.19.so
7fdc0a005000-7fdc0a007000 rw-p 00000000 00:00 0 
7fdc0a007000-7fdc0a010000 r-xp 00000000 08:01 1314859                    /lib/x86_64-linux-gnu/libnss_compat-2.19.so
7fdc0a010000-7fdc0a20f000 ---p 00009000 08:01 1314859                    /lib/x86_64-linux-gnu/libnss_compat-2.19.so
7fdc0a20f000-7fdc0a210000 r--p 00008000 08:01 1314859                    /lib/x86_64-linux-gnu/libnss_compat-2.19.so
7fdc0a210000-7fdc0a211000 rw-p 00009000 08:01 1314859                    /lib/x86_64-linux-gnu/libnss_compat-2.19.so
7fdc0a211000-7fdc0a23c000 r-xp 00000000 08:01 2896674                    /usr/lib/jvm/java-7-openjdk-amd64/jre/lib/amd64/libjava.so
7fdc0a23c000-7fdc0a43c000 ---p 0002b000 08:01 2896674                    /usr/lib/jvm/java-7-openjdk-amd64/jre/lib/amd64/libjava.so
7fdc0a43c000-7fdc0a43d000 r--p 0002b000 08:01 2896674                    /usr/lib/jvm/java-7-openjdk-amd64/jre/lib/amd64/libjava.so
7fdc0a43d000-7fdc0a43f000 rw-p 0002c000 08:01 2896674                    /usr/lib/jvm/java-7-openjdk-amd64/jre/lib/amd64/libjava.so
7fdc0a43f000-7fdc0a44f000 r-xp 00000000 08:01 2896671                    /usr/lib/jvm/java-7-openjdk-amd64/jre/lib/amd64/libverify.so
7fdc0a44f000-7fdc0a64e000 ---p 00010000 08:01 2896671                    /usr/lib/jvm/java-7-openjdk-amd64/jre/lib/amd64/libverify.so
7fdc0a64e000-7fdc0a650000 r--p 0000f000 08:01 2896671                    /usr/lib/jvm/java-7-openjdk-amd64/jre/lib/amd64/libverify.so
7fdc0a650000-7fdc0a651000 rw-p 00011000 08:01 2896671                    /usr/lib/jvm/java-7-openjdk-amd64/jre/lib/amd64/libverify.so
7fdc0a651000-7fdc0a658000 r-xp 00000000 08:01 1314916                    /lib/x86_64-linux-gnu/librt-2.19.so
7fdc0a658000-7fdc0a857000 ---p 00007000 08:01 1314916                    /lib/x86_64-linux-gnu/librt-2.19.so
7fdc0a857000-7fdc0a858000 r--p 00006000 08:01 1314916                    /lib/x86_64-linux-gnu/librt-2.19.so
7fdc0a858000-7fdc0a859000 rw-p 00007000 08:01 1314916                    /lib/x86_64-linux-gnu/librt-2.19.so
7fdc0a859000-7fdc0a86f000 r-xp 00000000 08:01 1314818                    /lib/x86_64-linux-gnu/libgcc_s.so.1
7fdc0a86f000-7fdc0aa6e000 ---p 00016000 08:01 1314818                    /lib/x86_64-linux-gnu/libgcc_s.so.1
7fdc0aa6e000-7fdc0aa6f000 rw-p 00015000 08:01 1314818                    /lib/x86_64-linux-gnu/libgcc_s.so.1
7fdc0aa6f000-7fdc0ab74000 r-xp 00000000 08:01 1314817                    /lib/x86_64-linux-gnu/libm-2.19.so
7fdc0ab74000-7fdc0ad73000 ---p 00105000 08:01 1314817                    /lib/x86_64-linux-gnu/libm-2.19.so
7fdc0ad73000-7fdc0ad74000 r--p 00104000 08:01 1314817                    /lib/x86_64-linux-gnu/libm-2.19.so
7fdc0ad74000-7fdc0ad75000 rw-p 00105000 08:01 1314817                    /lib/x86_64-linux-gnu/libm-2.19.so
7fdc0ad75000-7fdc0ae5b000 r-xp 00000000 08:01 2631701                    /usr/lib/x86_64-linux-gnu/libstdc++.so.6.0.19
7fdc0ae5b000-7fdc0b05a000 ---p 000e6000 08:01 2631701                    /usr/lib/x86_64-linux-gnu/libstdc++.so.6.0.19
7fdc0b05a000-7fdc0b062000 r--p 000e5000 08:01 2631701                    /usr/lib/x86_64-linux-gnu/libstdc++.so.6.0.19
7fdc0b062000-7fdc0b064000 rw-p 000ed000 08:01 2631701                    /usr/lib/x86_64-linux-gnu/libstdc++.so.6.0.19
7fdc0b064000-7fdc0b079000 rw-p 00000000 00:00 0 
7fdc0b079000-7fdc0bb91000 r-xp 00000000 08:01 2896679                    /usr/lib/jvm/java-7-openjdk-amd64/jre/lib/amd64/server/libjvm.so
7fdc0bb91000-7fdc0bd91000 ---p 00b18000 08:01 2896679                    /usr/lib/jvm/java-7-openjdk-amd64/jre/lib/amd64/server/libjvm.so
7fdc0bd91000-7fdc0be2b000 r--p 00b18000 08:01 2896679                    /usr/lib/jvm/java-7-openjdk-amd64/jre/lib/amd64/server/libjvm.so
7fdc0be2b000-7fdc0be4e000 rw-p 00bb2000 08:01 2896679                    /usr/lib/jvm/java-7-openjdk-amd64/jre/lib/amd64/server/libjvm.so
7fdc0be4e000-7fdc0be7c000 rw-p 00000000 00:00 0 
7fdc0be7c000-7fdc0be94000 r-xp 00000000 08:01 1315004                    /lib/x86_64-linux-gnu/libz.so.1.2.8
7fdc0be94000-7fdc0c093000 ---p 00018000 08:01 1315004                    /lib/x86_64-linux-gnu/libz.so.1.2.8
7fdc0c093000-7fdc0c094000 r--p 00017000 08:01 1315004                    /lib/x86_64-linux-gnu/libz.so.1.2.8
7fdc0c094000-7fdc0c095000 rw-p 00018000 08:01 1315004                    /lib/x86_64-linux-gnu/libz.so.1.2.8
7fdc0c095000-7fdc0c0ae000 r-xp 00000000 08:01 1314912                    /lib/x86_64-linux-gnu/libpthread-2.19.so
7fdc0c0ae000-7fdc0c2ad000 ---p 00019000 08:01 1314912                    /lib/x86_64-linux-gnu/libpthread-2.19.so
7fdc0c2ad000-7fdc0c2ae000 r--p 00018000 08:01 1314912                    /lib/x86_64-linux-gnu/libpthread-2.19.so
7fdc0c2ae000-7fdc0c2af000 rw-p 00019000 08:01 1314912                    /lib/x86_64-linux-gnu/libpthread-2.19.so
7fdc0c2af000-7fdc0c2b3000 rw-p 00000000 00:00 0 
7fdc0c2b3000-7fdc0c2b6000 r-xp 00000000 08:01 1314851                    /lib/x86_64-linux-gnu/libdl-2.19.so
7fdc0c2b6000-7fdc0c4b5000 ---p 00003000 08:01 1314851                    /lib/x86_64-linux-gnu/libdl-2.19.so
7fdc0c4b5000-7fdc0c4b6000 r--p 00002000 08:01 1314851                    /lib/x86_64-linux-gnu/libdl-2.19.so
7fdc0c4b6000-7fdc0c4b7000 rw-p 00003000 08:01 1314851                    /lib/x86_64-linux-gnu/libdl-2.19.so
7fdc0c4b7000-7fdc0c672000 r-xp 00000000 08:01 1314910                    /lib/x86_64-linux-gnu/libc-2.19.so
7fdc0c672000-7fdc0c871000 ---p 001bb000 08:01 1314910                    /lib/x86_64-linux-gnu/libc-2.19.so
7fdc0c871000-7fdc0c875000 r--p 001ba000 08:01 1314910                    /lib/x86_64-linux-gnu/libc-2.19.so
7fdc0c875000-7fdc0c877000 rw-p 001be000 08:01 1314910                    /lib/x86_64-linux-gnu/libc-2.19.so
7fdc0c877000-7fdc0c87c000 rw-p 00000000 00:00 0 
7fdc0c87c000-7fdc0c889000 r-xp 00000000 08:01 2896650                    /usr/lib/jvm/java-7-openjdk-amd64/jre/lib/amd64/jli/libjli.so
7fdc0c889000-7fdc0ca88000 ---p 0000d000 08:01 2896650                    /usr/lib/jvm/java-7-openjdk-amd64/jre/lib/amd64/jli/libjli.so
7fdc0ca88000-7fdc0ca89000 r--p 0000c000 08:01 2896650                    /usr/lib/jvm/java-7-openjdk-amd64/jre/lib/amd64/jli/libjli.so
7fdc0ca89000-7fdc0ca8a000 rw-p 0000d000 08:01 2896650                    /usr/lib/jvm/java-7-openjdk-amd64/jre/lib/amd64/jli/libjli.so
7fdc0ca8a000-7fdc0caad000 r-xp 00000000 08:01 1314872                    /lib/x86_64-linux-gnu/ld-2.19.so
7fdc0caae000-7fdc0caaf000 rw-p 00000000 00:00 0 
7fdc0caaf000-7fdc0cab1000 r--s 00006000 08:01 3031457                    /usr/share/java/java-atk-wrapper.jar
7fdc0cab1000-7fdc0cad3000 rw-p 00000000 00:00 0 
7fdc0cad3000-7fdc0cb89000 rw-p 00000000 00:00 0 
7fdc0cb89000-7fdc0cb8c000 ---p 00000000 00:00 0 
7fdc0cb8c000-7fdc0cc8f000 rw-p 00000000 00:00 0                          [stack:29264]
7fdc0cc8f000-7fdc0cc91000 r--s 00012000 08:01 2896689                    /usr/lib/jvm/java-7-openjdk-amd64/jre/lib/ext/zipfs.jar
7fdc0cc91000-7fdc0cc94000 r--s 0000f000 08:01 2896684                    /usr/lib/jvm/java-7-openjdk-amd64/jre/lib/ext/icedtea-sound.jar
7fdc0cc94000-7fdc0cc97000 r--s 00086000 08:01 2896687                    /usr/lib/jvm/java-7-openjdk-amd64/jre/lib/ext/localedata.jar
7fdc0cc97000-7fdc0cc9b000 r--s 00034000 08:01 2896688                    /usr/lib/jvm/java-7-openjdk-amd64/jre/lib/ext/sunjce_provider.jar
7fdc0cc9b000-7fdc0cc9f000 r--s 0003c000 08:01 2896686                    /usr/lib/jvm/java-7-openjdk-amd64/jre/lib/ext/sunpkcs11.jar
7fdc0cc9f000-7fdc0cca0000 r--s 00002000 08:01 2896685                    /usr/lib/jvm/java-7-openjdk-amd64/jre/lib/ext/dnsns.jar
7fdc0cca0000-7fdc0cca8000 rw-s 00000000 08:01 665786                     /tmp/hsperfdata_kev/29259
7fdc0cca8000-7fdc0cca9000 rw-p 00000000 00:00 0 
7fdc0cca9000-7fdc0ccaa000 ---p 00000000 00:00 0 
7fdc0ccaa000-7fdc0ccac000 rw-p 00000000 00:00 0 
7fdc0ccac000-7fdc0ccad000 r--p 00022000 08:01 1314872                    /lib/x86_64-linux-gnu/ld-2.19.so
7fdc0ccad000-7fdc0ccae000 rw-p 00023000 08:01 1314872                    /lib/x86_64-linux-gnu/ld-2.19.so
7fdc0ccae000-7fdc0ccaf000 rw-p 00000000 00:00 0 
7ffe50f16000-7ffe50f38000 rw-p 00000000 00:00 0                          [stack]
7ffe50f42000-7ffe50f44000 r-xp 00000000 00:00 0                          [vdso]
ffffffffff600000-ffffffffff601000 r-xp 00000000 00:00 0                  [vsyscall]

VM Arguments:
jvm_args: -Xmx1024M -Dfile.encoding=UTF-8 -Duser.country=US -Duser.language=en -Duser.variant 
java_command: com.android.dx.command.Main --dex --output /home/kev/AndroidStudioProjects/PriceCloud/app/build/intermediates/dex/debug /home/kev/AndroidStudioProjects/PriceCloud/app/build/intermediates/classes/debug /home/kev/AndroidStudioProjects/PriceCloud/app/build/intermediates/pre-dexed/debug/support-annotations-22.2.0-47529ac724c557d0a5590715bd59ee03eb3d089e.jar /home/kev/AndroidStudioProjects/PriceCloud/app/build/intermediates/pre-dexed/debug/classes-6f53929c59bddb41dc47672ba172f2df13a695dd.jar /home/kev/AndroidStudioProjects/PriceCloud/app/build/intermediates/pre-dexed/debug/classes-6c442f0d9abde040e40e674a19105e4ae643f1e7.jar /home/kev/AndroidStudioProjects/PriceCloud/app/build/intermediates/pre-dexed/debug/classes-b3a574ae2360b2a35a5374027e790e371b6ba833.jar /home/kev/AndroidStudioProjects/PriceCloud/app/build/intermediates/pre-dexed/debug/internal_impl-22.0.0-3f4198c2b9de9c2f236882d5e4e7e5679e500b10.jar /home/kev/AndroidStudioProjects/PriceCloud/app/build/intermediates/pre-dexed/debug/classes-dd00e13e55427572cc98c88a2e708f811418805a.jar /home/kev/AndroidStudioProjects/PriceCloud/app/build/intermediates/pre-dexed/debug/classes-d373bc7eea05044a443c67937e68c3f848c4a891.jar /home/kev/AndroidStudioProjects/PriceCloud/app/build/intermediates/pre-dexed/debug/classes-737b2b747426fb2693012b7faeb38377e52de754.jar /home/kev/AndroidStudioProjects/PriceCloud/app/build/intermediates/pre-dexed/debug/classes-d5aee46fe9fc2fb9ef2d81b7ee3664f00d0edd40.jar /home/kev/AndroidStudioProjects/PriceCloud/app/build/intermediates/pre-dexed/debug/classes-879217c8ec485c1bd328a5b15ebb0d37f78439f6.jar /home/kev/AndroidStudioProjects/PriceCloud/app/build/intermediates/pre-dexed/debug/classes-617b36adb7422716a4e963e770bb49ae6af34efb.jar /home/kev/AndroidStudioProjects/PriceCloud/app/build/intermediates/pre-dexed/debug/classes-dc52b2be9a1451ca03381177a20199fb00f762f3.jar /home/kev/AndroidStudioProjects/PriceCloud/app/build/intermediates/pre-dexed/debug/classes-da4488b3c869e3b39ecca7d99513
Launcher Type: SUN_STANDARD

Environment Variables:
PATH=/usr/local/sbin:/usr/local/bin:/usr/sbin:/usr/bin:/sbin:/bin:/usr/games:/usr/local/games:~/.composer/vendor/bin
LD_LIBRARY_PATH=.:
SHELL=/bin/bash
DISPLAY=:0

Signal Handlers:
SIGSEGV: [libjvm.so+0x94b9a0], sa_mask[0]=0x7ffbfeff, sa_flags=0x10000004
SIGBUS: [libjvm.so+0x94b9a0], sa_mask[0]=0x7ffbfeff, sa_flags=0x10000004
SIGFPE: [libjvm.so+0x7c3880], sa_mask[0]=0x7ffbfeff, sa_flags=0x10000004
SIGPIPE: [libjvm.so+0x7c3880], sa_mask[0]=0x7ffbfeff, sa_flags=0x10000004
SIGXFSZ: [libjvm.so+0x7c3880], sa_mask[0]=0x7ffbfeff, sa_flags=0x10000004
SIGILL: [libjvm.so+0x7c3880], sa_mask[0]=0x7ffbfeff, sa_flags=0x10000004
SIGUSR1: SIG_DFL, sa_mask[0]=0x00000000, sa_flags=0x00000000
SIGUSR2: [libjvm.so+0x7c3720], sa_mask[0]=0x00000004, sa_flags=0x10000004
SIGHUP: [libjvm.so+0x7c3900], sa_mask[0]=0x7ffbfeff, sa_flags=0x10000004
SIGINT: [libjvm.so+0x7c3900], sa_mask[0]=0x7ffbfeff, sa_flags=0x10000004
SIGTERM: [libjvm.so+0x7c3900], sa_mask[0]=0x7ffbfeff, sa_flags=0x10000004
SIGQUIT: [libjvm.so+0x7c3900], sa_mask[0]=0x7ffbfeff, sa_flags=0x10000004
SIGTRAP: SIG_DFL, sa_mask[0]=0x00000000, sa_flags=0x00000000


---------------  S Y S T E M  ---------------

OS:Ubuntu 14.04 (trusty)
uname:Linux 3.13.0-54-generic #91-Ubuntu SMP Tue May 26 19:15:08 UTC 2015 x86_64
libc:glibc 2.19 NPTL 2.19 
rlimit: STACK 8192k, CORE 0k, NPROC 28866, NOFILE 4096, AS infinity
load average:1,65 1,43 1,53

/proc/meminfo:
MemTotal:        3724688 kB
MemFree:          103828 kB
Buffers:             408 kB
Cached:           446696 kB
SwapCached:        11080 kB
Active:          2292108 kB
Inactive:         709664 kB
Active(anon):    2289400 kB
Inactive(anon):   701408 kB
Active(file):       2708 kB
Inactive(file):     8256 kB
Unevictable:          32 kB
Mlocked:              32 kB
SwapTotal:        488276 kB
SwapFree:              0 kB
Dirty:               276 kB
Writeback:           136 kB
AnonPages:       2543616 kB
Mapped:           523264 kB
Shmem:            435876 kB
Slab:              89136 kB
SReclaimable:      33324 kB
SUnreclaim:        55812 kB
KernelStack:        5944 kB
PageTables:        40796 kB
NFS_Unstable:          0 kB
Bounce:                0 kB
WritebackTmp:          0 kB
CommitLimit:     2350620 kB
Committed_AS:    8215220 kB
VmallocTotal:   34359738367 kB
VmallocUsed:      350676 kB
VmallocChunk:   34359332000 kB
HardwareCorrupted:     0 kB
AnonHugePages:    333824 kB
HugePages_Total:       0
HugePages_Free:        0
HugePages_Rsvd:        0
HugePages_Surp:        0
Hugepagesize:       2048 kB
DirectMap4k:      141952 kB
DirectMap2M:     3725312 kB
DirectMap1G:           0 kB


CPU:total 8 (4 cores per cpu, 2 threads per core) family 6 model 60 stepping 3, cmov, cx8, fxsr, mmx, sse, sse2, sse3, ssse3, sse4.1, sse4.2, popcnt, avx, avx2, aes, erms, ht, tsc, tscinvbit

/proc/cpuinfo:
processor	: 0
vendor_id	: GenuineIntel
cpu family	: 6
model		: 60
model name	: Intel(R) Core(TM) i7-4771 CPU @ 3.50GHz
stepping	: 3
microcode	: 0x9
cpu MHz		: 3501.000
cache size	: 8192 KB
physical id	: 0
siblings	: 8
core id		: 0
cpu cores	: 4
apicid		: 0
initial apicid	: 0
fpu		: yes
fpu_exception	: yes
cpuid level	: 13
wp		: yes
flags		: fpu vme de pse tsc msr pae mce cx8 apic sep mtrr pge mca cmov pat pse36 clflush dts acpi mmx fxsr sse sse2 ss ht tm pbe syscall nx pdpe1gb rdtscp lm constant_tsc arch_perfmon pebs bts rep_good nopl xtopology nonstop_tsc aperfmperf eagerfpu pni pclmulqdq dtes64 monitor ds_cpl vmx smx est tm2 ssse3 fma cx16 xtpr pdcm pcid sse4_1 sse4_2 x2apic movbe popcnt tsc_deadline_timer aes xsave avx f16c rdrand lahf_lm abm ida arat epb xsaveopt pln pts dtherm tpr_shadow vnmi flexpriority ept vpid fsgsbase tsc_adjust bmi1 hle avx2 smep bmi2 erms invpcid rtm
bogomips	: 6995.80
clflush size	: 64
cache_alignment	: 64
address sizes	: 39 bits physical, 48 bits virtual
power management:

processor	: 1
vendor_id	: GenuineIntel
cpu family	: 6
model		: 60
model name	: Intel(R) Core(TM) i7-4771 CPU @ 3.50GHz
stepping	: 3
microcode	: 0x9
cpu MHz		: 3501.000
cache size	: 8192 KB
physical id	: 0
siblings	: 8
core id		: 1
cpu cores	: 4
apicid		: 2
initial apicid	: 2
fpu		: yes
fpu_exception	: yes
cpuid level	: 13
wp		: yes
flags		: fpu vme de pse tsc msr pae mce cx8 apic sep mtrr pge mca cmov pat pse36 clflush dts acpi mmx fxsr sse sse2 ss ht tm pbe syscall nx pdpe1gb rdtscp lm constant_tsc arch_perfmon pebs bts rep_good nopl xtopology nonstop_tsc aperfmperf eagerfpu pni pclmulqdq dtes64 monitor ds_cpl vmx smx est tm2 ssse3 fma cx16 xtpr pdcm pcid sse4_1 sse4_2 x2apic movbe popcnt tsc_deadline_timer aes xsave avx f16c rdrand lahf_lm abm ida arat epb xsaveopt pln pts dtherm tpr_shadow vnmi flexpriority ept vpid fsgsbase tsc_adjust bmi1 hle avx2 smep bmi2 erms invpcid rtm
bogomips	: 6995.80
clflush size	: 64
cache_alignment	: 64
address sizes	: 39 bits physical, 48 bits virtual
power management:

processor	: 2
vendor_id	: GenuineIntel
cpu family	: 6
model		: 60
model name	: Intel(R) Core(TM) i7-4771 CPU @ 3.50GHz
stepping	: 3
microcode	: 0x9
cpu MHz		: 3501.000
cache size	: 8192 KB
physical id	: 0
siblings	: 8
core id		: 2
cpu cores	: 4
apicid		: 4
initial apicid	: 4
fpu		: yes
fpu_exception	: yes
cpuid level	: 13
wp		: yes
flags		: fpu vme de pse tsc msr pae mce cx8 apic sep mtrr pge mca cmov pat pse36 clflush dts acpi mmx fxsr sse sse2 ss ht tm pbe syscall nx pdpe1gb rdtscp lm constant_tsc arch_perfmon pebs bts rep_good nopl xtopology nonstop_tsc aperfmperf eagerfpu pni pclmulqdq dtes64 monitor ds_cpl vmx smx est tm2 ssse3 fma cx16 xtpr pdcm pcid sse4_1 sse4_2 x2apic movbe popcnt tsc_deadline_timer aes xsave avx f16c rdrand lahf_lm abm ida arat epb xsaveopt pln pts dtherm tpr_shadow vnmi flexpriority ept vpid fsgsbase tsc_adjust bmi1 hle avx2 smep bmi2 erms invpcid rtm
bogomips	: 6995.80
clflush size	: 64
cache_alignment	: 64
address sizes	: 39 bits physical, 48 bits virtual
power management:

processor	: 3
vendor_id	: GenuineIntel
cpu family	: 6
model		: 60
model name	: Intel(R) Core(TM) i7-4771 CPU @ 3.50GHz
stepping	: 3
microcode	: 0x9
cpu MHz		: 3501.000
cache size	: 8192 KB
physical id	: 0
siblings	: 8
core id		: 3
cpu cores	: 4
apicid		: 6
initial apicid	: 6
fpu		: yes
fpu_exception	: yes
cpuid level	: 13
wp		: yes
flags		: fpu vme de pse tsc msr pae mce cx8 apic sep mtrr pge mca cmov pat pse36 clflush dts acpi mmx fxsr sse sse2 ss ht tm pbe syscall nx pdpe1gb rdtscp lm constant_tsc arch_perfmon pebs bts rep_good nopl xtopology nonstop_tsc aperfmperf eagerfpu pni pclmulqdq dtes64 monitor ds_cpl vmx smx est tm2 ssse3 fma cx16 xtpr pdcm pcid sse4_1 sse4_2 x2apic movbe popcnt tsc_deadline_timer aes xsave avx f16c rdrand lahf_lm abm ida arat epb xsaveopt pln pts dtherm tpr_shadow vnmi flexpriority ept vpid fsgsbase tsc_adjust bmi1 hle avx2 smep bmi2 erms invpcid rtm
bogomips	: 6995.80
clflush size	: 64
cache_alignment	: 64
address sizes	: 39 bits physical, 48 bits virtual
power management:

processor	: 4
vendor_id	: GenuineIntel
cpu family	: 6
model		: 60
model name	: Intel(R) Core(TM) i7-4771 CPU @ 3.50GHz
stepping	: 3
microcode	: 0x9
cpu MHz		: 3501.000
cache size	: 8192 KB
physical id	: 0
siblings	: 8
core id		: 0
cpu cores	: 4
apicid		: 1
initial apicid	: 1
fpu		: yes
fpu_exception	: yes
cpuid level	: 13
wp		: yes
flags		: fpu vme de pse tsc msr pae mce cx8 apic sep mtrr pge mca cmov pat pse36 clflush dts acpi mmx fxsr sse sse2 ss ht tm pbe syscall nx pdpe1gb rdtscp lm constant_tsc arch_perfmon pebs bts rep_good nopl xtopology nonstop_tsc aperfmperf eagerfpu pni pclmulqdq dtes64 monitor ds_cpl vmx smx est tm2 ssse3 fma cx16 xtpr pdcm pcid sse4_1 sse4_2 x2apic movbe popcnt tsc_deadline_timer aes xsave avx f16c rdrand lahf_lm abm ida arat epb xsaveopt pln pts dtherm tpr_shadow vnmi flexpriority ept vpid fsgsbase tsc_adjust bmi1 hle avx2 smep bmi2 erms invpcid rtm
bogomips	: 6995.80
clflush size	: 64
cache_alignment	: 64
address sizes	: 39 bits physical, 48 bits virtual
power management:

processor	: 5
vendor_id	: GenuineIntel
cpu family	: 6
model		: 60
model name	: Intel(R) Core(TM) i7-4771 CPU @ 3.50GHz
stepping	: 3
microcode	: 0x9
cpu MHz		: 3501.000
cache size	: 8192 KB
physical id	: 0
siblings	: 8
core id		: 1
cpu cores	: 4
apicid		: 3
initial apicid	: 3
fpu		: yes
fpu_exception	: yes
cpuid level	: 13
wp		: yes
flags		: fpu vme de pse tsc msr pae mce cx8 apic sep mtrr pge mca cmov pat pse36 clflush dts acpi mmx fxsr sse sse2 ss ht tm pbe syscall nx pdpe1gb rdtscp lm constant_tsc arch_perfmon pebs bts rep_good nopl xtopology nonstop_tsc aperfmperf eagerfpu pni pclmulqdq dtes64 monitor ds_cpl vmx smx est tm2 ssse3 fma cx16 xtpr pdcm pcid sse4_1 sse4_2 x2apic movbe popcnt tsc_deadline_timer aes xsave avx f16c rdrand lahf_lm abm ida arat epb xsaveopt pln pts dtherm tpr_shadow vnmi flexpriority ept vpid fsgsbase tsc_adjust bmi1 hle avx2 smep bmi2 erms invpcid rtm
bogomips	: 6995.80
clflush size	: 64
cache_alignment	: 64
address sizes	: 39 bits physical, 48 bits virtual
power management:

processor	: 6
vendor_id	: GenuineIntel
cpu family	: 6
model		: 60
model name	: Intel(R) Core(TM) i7-4771 CPU @ 3.50GHz
stepping	: 3
microcode	: 0x9
cpu MHz		: 1600.000
cache size	: 8192 KB
physical id	: 0
siblings	: 8
core id		: 2
cpu cores	: 4
apicid		: 5
initial apicid	: 5
fpu		: yes
fpu_exception	: yes
cpuid level	: 13
wp		: yes
flags		: fpu vme de pse tsc msr pae mce cx8 apic sep mtrr pge mca cmov pat pse36 clflush dts acpi mmx fxsr sse sse2 ss ht tm pbe syscall nx pdpe1gb rdtscp lm constant_tsc arch_perfmon pebs bts rep_good nopl xtopology nonstop_tsc aperfmperf eagerfpu pni pclmulqdq dtes64 monitor ds_cpl vmx smx est tm2 ssse3 fma cx16 xtpr pdcm pcid sse4_1 sse4_2 x2apic movbe popcnt tsc_deadline_timer aes xsave avx f16c rdrand lahf_lm abm ida arat epb xsaveopt pln pts dtherm tpr_shadow vnmi flexpriority ept vpid fsgsbase tsc_adjust bmi1 hle avx2 smep bmi2 erms invpcid rtm
bogomips	: 6995.80
clflush size	: 64
cache_alignment	: 64
address sizes	: 39 bits physical, 48 bits virtual
power management:

processor	: 7
vendor_id	: GenuineIntel
cpu family	: 6
model		: 60
model name	: Intel(R) Core(TM) i7-4771 CPU @ 3.50GHz
stepping	: 3
microcode	: 0x9
cpu MHz		: 3501.000
cache size	: 8192 KB
physical id	: 0
siblings	: 8
core id		: 3
cpu cores	: 4
apicid		: 7
initial apicid	: 7
fpu		: yes
fpu_exception	: yes
cpuid level	: 13
wp		: yes
flags		: fpu vme de pse tsc msr pae mce cx8 apic sep mtrr pge mca cmov pat pse36 clflush dts acpi mmx fxsr sse sse2 ss ht tm pbe syscall nx pdpe1gb rdtscp lm constant_tsc arch_perfmon pebs bts rep_good nopl xtopology nonstop_tsc aperfmperf eagerfpu pni pclmulqdq dtes64 monitor ds_cpl vmx smx est tm2 ssse3 fma cx16 xtpr pdcm pcid sse4_1 sse4_2 x2apic movbe popcnt tsc_deadline_timer aes xsave avx f16c rdrand lahf_lm abm ida arat epb xsaveopt pln pts dtherm tpr_shadow vnmi flexpriority ept vpid fsgsbase tsc_adjust bmi1 hle avx2 smep bmi2 erms invpcid rtm
bogomips	: 6995.80
clflush size	: 64
cache_alignment	: 64
address sizes	: 39 bits physical, 48 bits virtual
power management:



Memory: 4k page, physical 3724688k(102588k free), swap 488276k(0k free)

vm_info: OpenJDK 64-Bit Server VM (24.79-b02) for linux-amd64 JRE (1.7.0_79-b14), built on Apr 16 2015 08:21:58 by "buildd" with gcc 4.8.2

time: Thu Jun 18 00:39:23 2015
elapsed time: 2 seconds

