#
# There is insufficient memory for the Java Runtime Environment to continue.
# Native memory allocation (malloc) failed to allocate 55050240 bytes for committing reserved memory.
# Possible reasons:
#   The system is out of physical RAM or swap space
#   In 32 bit mode, the process size limit was hit
# Possible solutions:
#   Reduce memory load on the system
#   Increase physical memory or swap space
#   Check if swap backing store is full
#   Use 64 bit Java on a 64 bit OS
#   Decrease Java heap size (-Xmx/-Xms)
#   Decrease number of Java threads
#   Decrease Java thread stack sizes (-Xss)
#   Set larger code cache with -XX:ReservedCodeCacheSize=
# This output file may be truncated or incomplete.
#
#  Out of Memory Error (os_linux.cpp:2809), pid=29181, tid=140002182510336
#
# JRE version: OpenJDK Runtime Environment (7.0_79-b14) (build 1.7.0_79-b14)
# Java VM: OpenJDK 64-Bit Server VM (24.79-b02 mixed mode linux-amd64 compressed oops)
# Derivative: IcedTea 2.5.5
# Distribution: Ubuntu 14.04 LTS, package 7u79-2.5.5-0ubuntu0.14.04.2
# Failed to write core dump. Core dumps have been disabled. To enable core dumping, try "ulimit -c unlimited" before starting Java again
#

---------------  T H R E A D  ---------------

Current thread (0x00007f54f4080000):  VMThread [stack: 0x00007f54cc4b3000,0x00007f54cc5b4000] [id=29195]

Stack: [0x00007f54cc4b3000,0x00007f54cc5b4000],  sp=0x00007f54cc5b2490,  free space=1021k
Native frames: (J=compiled Java code, j=interpreted, Vv=VM code, C=native code)
V  [libjvm.so+0x94aec5]  VMError::report_and_die()+0x175
V  [libjvm.so+0x48b9c4]  report_vm_out_of_memory(char const*, int, unsigned long, char const*)+0x74
V  [libjvm.so+0x7c806b]  os::pd_commit_memory(char*, unsigned long, unsigned long, bool)+0xeb
V  [libjvm.so+0x7c2b0f]  os::commit_memory(char*, unsigned long, unsigned long, bool)+0x1f
V  [libjvm.so+0x83500b]  PSVirtualSpace::expand_by(unsigned long)+0x5b
V  [libjvm.so+0x835e60]  PSYoungGen::resize_generation(unsigned long, unsigned long)+0xb0
V  [libjvm.so+0x83654b]  PSYoungGen::resize(unsigned long, unsigned long)+0x1b
V  [libjvm.so+0x832830]  PSScavenge::invoke_no_policy()+0xde0
V  [libjvm.so+0x833008]  PSScavenge::invoke()+0x38
V  [libjvm.so+0x7e96f3]  ParallelScavengeHeap::failed_mem_allocate(unsigned long)+0x63
V  [libjvm.so+0x94c8c4]  VM_ParallelGCFailedAllocation::doit()+0x84
V  [libjvm.so+0x950dc7]  VM_Operation::evaluate()+0x47
V  [libjvm.so+0x94f738]  VMThread::evaluate_operation(VM_Operation*)+0x318
V  [libjvm.so+0x94fb99]  VMThread::loop()+0x219
V  [libjvm.so+0x94ffe2]  VMThread::run()+0x72
V  [libjvm.so+0x7c4f32]  java_start(Thread*)+0xf2

VM_Operation (0x00007f54fbd53460): ParallelGCFailedAllocation, mode: safepoint, requested by thread 0x00007f54f400c000


---------------  P R O C E S S  ---------------

Java Threads: ( => current thread )
  0x00007f54f40b9800 JavaThread "Service Thread" daemon [_thread_blocked, id=29201, stack(0x00007f54bf71c000,0x00007f54bf81d000)]
  0x00007f54f40b7800 JavaThread "C2 CompilerThread1" daemon [_thread_blocked, id=29200, stack(0x00007f54bf81d000,0x00007f54bf91e000)]
  0x00007f54f40b4800 JavaThread "C2 CompilerThread0" daemon [_thread_blocked, id=29199, stack(0x00007f54cc0af000,0x00007f54cc1b0000)]
  0x00007f54f40b2000 JavaThread "Signal Dispatcher" daemon [_thread_blocked, id=29198, stack(0x00007f54cc1b0000,0x00007f54cc2b1000)]
  0x00007f54f4086800 JavaThread "Finalizer" daemon [_thread_blocked, id=29197, stack(0x00007f54cc2b1000,0x00007f54cc3b2000)]
  0x00007f54f4084800 JavaThread "Reference Handler" daemon [_thread_blocked, id=29196, stack(0x00007f54cc3b2000,0x00007f54cc4b3000)]
  0x00007f54f400c000 JavaThread "main" [_thread_blocked, id=29186, stack(0x00007f54fbc54000,0x00007f54fbd55000)]

Other Threads:
=>0x00007f54f4080000 VMThread [stack: 0x00007f54cc4b3000,0x00007f54cc5b4000] [id=29195]
  0x00007f54f40c4800 WatcherThread [stack: 0x00007f54bf61b000,0x00007f54bf71c000] [id=29202]

VM state:at safepoint (normal execution)

VM Mutex/Monitor currently owned by a thread:  ([mutex/lock_event])
[0x00007f54f4008410] Threads_lock - owner thread: 0x00007f54f4080000
[0x00007f54f4008910] Heap_lock - owner thread: 0x00007f54f400c000

Heap
 PSYoungGen      total 252416K, used 41113K [0x00000000eaa80000, 0x00000000fcb80000, 0x0000000100000000)
  eden space 208896K, 0% used [0x00000000eaa80000,0x00000000eaa80000,0x00000000f7680000)
  from space 43520K, 94% used [0x00000000f7680000,0x00000000f9ea6500,0x00000000fa100000)
  to   space 38912K, 0% used [0x00000000fa500000,0x00000000fa500000,0x00000000fcb00000)
 ParOldGen       total 71680K, used 51913K [0x00000000c0000000, 0x00000000c4600000, 0x00000000eaa80000)
  object space 71680K, 72% used [0x00000000c0000000,0x00000000c32b2768,0x00000000c4600000)
 PSPermGen       total 21504K, used 7209K [0x00000000b5a00000, 0x00000000b6f00000, 0x00000000c0000000)
  object space 21504K, 33% used [0x00000000b5a00000,0x00000000b610a6b8,0x00000000b6f00000)

Card table byte_map: [0x00007f54f8643000,0x00007f54f8897000] byte_map_base: 0x00007f54f8096000

Polling page: 0x00007f54fbd74000

Code Cache  [0x00007f54f1000000, 0x00007f54f1270000, 0x00007f54f4000000)
 total_blobs=985 nmethods=734 adapters=204 free_code_cache=47204Kb largest_free_block=48283648

Compilation events (10 events):
Event: 3,195 Thread 0x00007f54f40b4800  748             com.android.dex.Dex$Section::getBytesFrom (34 bytes)
Event: 3,195 Thread 0x00007f54f40b7800  749             com.android.dx.merge.IndexMap$EncodedValueTransformer::<init> (15 bytes)
Event: 3,196 Thread 0x00007f54f40b7800 nmethod 749 0x00007f54f1186ad0 code [0x00007f54f1186c00, 0x00007f54f1186c78]
Event: 3,196 Thread 0x00007f54f40b7800  750             com.android.dex.EncodedValueReader::<init> (10 bytes)
Event: 3,197 Thread 0x00007f54f40b7800 nmethod 750 0x00007f54f107f550 code [0x00007f54f107f6a0, 0x00007f54f107f798]
Event: 3,197 Thread 0x00007f54f40b7800  751             com.android.dex.util.ByteArrayByteInput::<init> (10 bytes)
Event: 3,197 Thread 0x00007f54f40b7800 nmethod 751 0x00007f54f107f350 code [0x00007f54f107f480, 0x00007f54f107f4f8]
Event: 3,197 Thread 0x00007f54f40b7800  752             com.android.dex.EncodedValue::writeTo (9 bytes)
Event: 3,199 Thread 0x00007f54f40b7800 nmethod 752 0x00007f54f107ed90 code [0x00007f54f107eee0, 0x00007f54f107f078]
Event: 3,199 Thread 0x00007f54f40b4800 nmethod 748 0x00007f54f118af10 code [0x00007f54f118b080, 0x00007f54f118b338]

GC Heap History (10 events):
Event: 2,362 GC heap after
Heap after GC invocations=8 (full 1):
 PSYoungGen      total 135168K, used 16572K [0x00000000eaa80000, 0x00000000f6600000, 0x0000000100000000)
  eden space 116736K, 0% used [0x00000000eaa80000,0x00000000eaa80000,0x00000000f1c80000)
  from space 18432K, 89% used [0x00000000f1c80000,0x00000000f2caf258,0x00000000f2e80000)
  to   space 20992K, 0% used [0x00000000f5180000,0x00000000f5180000,0x00000000f6600000)
 ParOldGen       total 54784K, used 21809K [0x00000000c0000000, 0x00000000c3580000, 0x00000000eaa80000)
  object space 54784K, 39% used [0x00000000c0000000,0x00000000c154c7a0,0x00000000c3580000)
 PSPermGen       total 21504K, used 7195K [0x00000000b5a00000, 0x00000000b6f00000, 0x00000000c0000000)
  object space 21504K, 33% used [0x00000000b5a00000,0x00000000b6106ff0,0x00000000b6f00000)
}
Event: 2,527 GC heap before
{Heap before GC invocations=9 (full 1):
 PSYoungGen      total 135168K, used 133308K [0x00000000eaa80000, 0x00000000f6600000, 0x0000000100000000)
  eden space 116736K, 100% used [0x00000000eaa80000,0x00000000f1c80000,0x00000000f1c80000)
  from space 18432K, 89% used [0x00000000f1c80000,0x00000000f2caf258,0x00000000f2e80000)
  to   space 20992K, 0% used [0x00000000f5180000,0x00000000f5180000,0x00000000f6600000)
 ParOldGen       total 54784K, used 21809K [0x00000000c0000000, 0x00000000c3580000, 0x00000000eaa80000)
  object space 54784K, 39% used [0x00000000c0000000,0x00000000c154c7a0,0x00000000c3580000)
 PSPermGen       total 21504K, used 7202K [0x00000000b5a00000, 0x00000000b6f00000, 0x00000000c0000000)
  object space 21504K, 33% used [0x00000000b5a00000,0x00000000b6108b00,0x00000000b6f00000)
Event: 2,630 GC heap after
Heap after GC invocations=9 (full 1):
 PSYoungGen      total 164352K, used 20977K [0x00000000eaa80000, 0x00000000fb600000, 0x0000000100000000)
  eden space 143360K, 0% used [0x00000000eaa80000,0x00000000eaa80000,0x00000000f3680000)
  from space 20992K, 99% used [0x00000000f5180000,0x00000000f65fc5a8,0x00000000f6600000)
  to   space 27648K, 0% used [0x00000000f3680000,0x00000000f3680000,0x00000000f5180000)
 ParOldGen       total 54784K, used 28613K [0x00000000c0000000, 0x00000000c3580000, 0x00000000eaa80000)
  object space 54784K, 52% used [0x00000000c0000000,0x00000000c1bf1480,0x00000000c3580000)
 PSPermGen       total 21504K, used 7202K [0x00000000b5a00000, 0x00000000b6f00000, 0x00000000c0000000)
  object space 21504K, 33% used [0x00000000b5a00000,0x00000000b6108b00,0x00000000b6f00000)
}
Event: 2,808 GC heap before
{Heap before GC invocations=10 (full 1):
 PSYoungGen      total 164352K, used 164337K [0x00000000eaa80000, 0x00000000fb600000, 0x0000000100000000)
  eden space 143360K, 100% used [0x00000000eaa80000,0x00000000f3680000,0x00000000f3680000)
  from space 20992K, 99% used [0x00000000f5180000,0x00000000f65fc5a8,0x00000000f6600000)
  to   space 27648K, 0% used [0x00000000f3680000,0x00000000f3680000,0x00000000f5180000)
 ParOldGen       total 54784K, used 28613K [0x00000000c0000000, 0x00000000c3580000, 0x00000000eaa80000)
  object space 54784K, 52% used [0x00000000c0000000,0x00000000c1bf1480,0x00000000c3580000)
 PSPermGen       total 21504K, used 7202K [0x00000000b5a00000, 0x00000000b6f00000, 0x00000000c0000000)
  object space 21504K, 33% used [0x00000000b5a00000,0x00000000b6108b00,0x00000000b6f00000)
Event: 2,823 GC heap after
Heap after GC invocations=10 (full 1):
 PSYoungGen      total 171008K, used 27633K [0x00000000eaa80000, 0x00000000fcb00000, 0x0000000100000000)
  eden space 143360K, 0% used [0x00000000eaa80000,0x00000000eaa80000,0x00000000f3680000)
  from space 27648K, 99% used [0x00000000f3680000,0x00000000f517c468,0x00000000f5180000)
  to   space 38912K, 0% used [0x00000000fa500000,0x00000000fa500000,0x00000000fcb00000)
 ParOldGen       total 54784K, used 44638K [0x00000000c0000000, 0x00000000c3580000, 0x00000000eaa80000)
  object space 54784K, 81% used [0x00000000c0000000,0x00000000c2b97920,0x00000000c3580000)
 PSPermGen       total 21504K, used 7202K [0x00000000b5a00000, 0x00000000b6f00000, 0x00000000c0000000)
  object space 21504K, 33% used [0x00000000b5a00000,0x00000000b6108b00,0x00000000b6f00000)
}
Event: 2,823 GC heap before
{Heap before GC invocations=11 (full 2):
 PSYoungGen      total 171008K, used 27633K [0x00000000eaa80000, 0x00000000fcb00000, 0x0000000100000000)
  eden space 143360K, 0% used [0x00000000eaa80000,0x00000000eaa80000,0x00000000f3680000)
  from space 27648K, 99% used [0x00000000f3680000,0x00000000f517c468,0x00000000f5180000)
  to   space 38912K, 0% used [0x00000000fa500000,0x00000000fa500000,0x00000000fcb00000)
 ParOldGen       total 54784K, used 44638K [0x00000000c0000000, 0x00000000c3580000, 0x00000000eaa80000)
  object space 54784K, 81% used [0x00000000c0000000,0x00000000c2b97920,0x00000000c3580000)
 PSPermGen       total 21504K, used 7202K [0x00000000b5a00000, 0x00000000b6f00000, 0x00000000c0000000)
  object space 21504K, 33% used [0x00000000b5a00000,0x00000000b6108b00,0x00000000b6f00000)
Event: 2,863 GC heap after
Heap after GC invocations=11 (full 2):
 PSYoungGen      total 171008K, used 0K [0x00000000eaa80000, 0x00000000fcb00000, 0x0000000100000000)
  eden space 143360K, 0% used [0x00000000eaa80000,0x00000000eaa80000,0x00000000f3680000)
  from space 27648K, 0% used [0x00000000f3680000,0x00000000f3680000,0x00000000f5180000)
  to   space 38912K, 0% used [0x00000000fa500000,0x00000000fa500000,0x00000000fcb00000)
 ParOldGen       total 71680K, used 27048K [0x00000000c0000000, 0x00000000c4600000, 0x00000000eaa80000)
  object space 71680K, 37% used [0x00000000c0000000,0x00000000c1a6a0b8,0x00000000c4600000)
 PSPermGen       total 21504K, used 7202K [0x00000000b5a00000, 0x00000000b6f00000, 0x00000000c0000000)
  object space 21504K, 33% used [0x00000000b5a00000,0x00000000b6108b00,0x00000000b6f00000)
}
Event: 3,019 GC heap before
{Heap before GC invocations=12 (full 2):
 PSYoungGen      total 171008K, used 143360K [0x00000000eaa80000, 0x00000000fcb00000, 0x0000000100000000)
  eden space 143360K, 100% used [0x00000000eaa80000,0x00000000f3680000,0x00000000f3680000)
  from space 27648K, 0% used [0x00000000f3680000,0x00000000f3680000,0x00000000f5180000)
  to   space 38912K, 0% used [0x00000000fa500000,0x00000000fa500000,0x00000000fcb00000)
 ParOldGen       total 71680K, used 27048K [0x00000000c0000000, 0x00000000c4600000, 0x00000000eaa80000)
  object space 71680K, 37% used [0x00000000c0000000,0x00000000c1a6a0b8,0x00000000c4600000)
 PSPermGen       total 21504K, used 7206K [0x00000000b5a00000, 0x00000000b6f00000, 0x00000000c0000000)
  object space 21504K, 33% used [0x00000000b5a00000,0x00000000b61099d0,0x00000000b6f00000)
Event: 3,042 GC heap after
Heap after GC invocations=12 (full 2):
 PSYoungGen      total 247808K, used 34227K [0x00000000eaa80000, 0x00000000fcb80000, 0x0000000100000000)
  eden space 208896K, 0% used [0x00000000eaa80000,0x00000000eaa80000,0x00000000f7680000)
  from space 38912K, 87% used [0x00000000fa500000,0x00000000fc66cf70,0x00000000fcb00000)
  to   space 43520K, 0% used [0x00000000f7680000,0x00000000f7680000,0x00000000fa100000)
 ParOldGen       total 71680K, used 47284K [0x00000000c0000000, 0x00000000c4600000, 0x00000000eaa80000)
  object space 71680K, 65% used [0x00000000c0000000,0x00000000c2e2d0a8,0x00000000c4600000)
 PSPermGen       total 21504K, used 7206K [0x00000000b5a00000, 0x00000000b6f00000, 0x00000000c0000000)
  object space 21504K, 33% used [0x00000000b5a00000,0x00000000b61099d0,0x00000000b6f00000)
}
Event: 3,295 GC heap before
{Heap before GC invocations=13 (full 2):
 PSYoungGen      total 247808K, used 243123K [0x00000000eaa80000, 0x00000000fcb80000, 0x0000000100000000)
  eden space 208896K, 100% used [0x00000000eaa80000,0x00000000f7680000,0x00000000f7680000)
  from space 38912K, 87% used [0x00000000fa500000,0x00000000fc66cf70,0x00000000fcb00000)
  to   space 43520K, 0% used [0x00000000f7680000,0x00000000f7680000,0x00000000fa100000)
 ParOldGen       total 71680K, used 47284K [0x00000000c0000000, 0x00000000c4600000, 0x00000000eaa80000)
  object space 71680K, 65% used [0x00000000c0000000,0x00000000c2e2d0a8,0x00000000c4600000)
 PSPermGen       total 21504K, used 7209K [0x00000000b5a00000, 0x00000000b6f00000, 0x00000000c0000000)
  object space 21504K, 33% used [0x00000000b5a00000,0x00000000b610a6b8,0x00000000b6f00000)

Deoptimization events (10 events):
Event: 1,843 Thread 0x00007f54f400c000 Uncommon trap: reason=array_check action=maybe_recompile pc=0x00007f54f118a740 method=java.util.ComparableTimSort.binarySort([Ljava/lang/Object;III)V @ 193
Event: 2,075 Thread 0x00007f54f400c000 Uncommon trap: reason=predicate action=maybe_recompile pc=0x00007f54f11b3ad8 method=java.util.TimSort.binarySort([Ljava/lang/Object;IIILjava/util/Comparator;)V @ 37
Event: 2,119 Thread 0x00007f54f400c000 Uncommon trap: reason=array_check action=maybe_recompile pc=0x00007f54f107f088 method=java.util.TimSort.binarySort([Ljava/lang/Object;IIILjava/util/Comparator;)V @ 193
Event: 2,119 Thread 0x00007f54f400c000 Uncommon trap: reason=array_check action=maybe_recompile pc=0x00007f54f107f088 method=java.util.TimSort.binarySort([Ljava/lang/Object;IIILjava/util/Comparator;)V @ 193
Event: 2,119 Thread 0x00007f54f400c000 Uncommon trap: reason=array_check action=maybe_recompile pc=0x00007f54f107f088 method=java.util.TimSort.binarySort([Ljava/lang/Object;IIILjava/util/Comparator;)V @ 193
Event: 2,119 Thread 0x00007f54f400c000 Uncommon trap: reason=array_check action=maybe_recompile pc=0x00007f54f107ef8c method=java.util.TimSort.binarySort([Ljava/lang/Object;IIILjava/util/Comparator;)V @ 215
Event: 2,119 Thread 0x00007f54f400c000 Uncommon trap: reason=array_check action=maybe_recompile pc=0x00007f54f107f14c method=java.util.TimSort.binarySort([Ljava/lang/Object;IIILjava/util/Comparator;)V @ 183
Event: 2,119 Thread 0x00007f54f400c000 Uncommon trap: reason=array_check action=maybe_recompile pc=0x00007f54f107f088 method=java.util.TimSort.binarySort([Ljava/lang/Object;IIILjava/util/Comparator;)V @ 193
Event: 2,194 Thread 0x00007f54f400c000 Uncommon trap: reason=array_check action=maybe_recompile pc=0x00007f54f109559c method=java.util.ComparableTimSort.binarySort([Ljava/lang/Object;III)V @ 183
Event: 2,242 Thread 0x00007f54f400c000 Uncommon trap: reason=array_check action=maybe_recompile pc=0x00007f54f109559c method=java.util.ComparableTimSort.binarySort([Ljava/lang/Object;III)V @ 183

Internal exceptions (10 events):
Event: 1,382 Thread 0x00007f54f400c000 Threw 0x00000000ec83a3e8 at /build/buildd/openjdk-7-7u79-2.5.5/build/openjdk/hotspot/src/share/vm/prims/jvm.cpp:1284
Event: 1,382 Thread 0x00007f54f400c000 Threw 0x00000000ec83e028 at /build/buildd/openjdk-7-7u79-2.5.5/build/openjdk/hotspot/src/share/vm/prims/jvm.cpp:1284
Event: 1,382 Thread 0x00007f54f400c000 Threw 0x00000000ec841db8 at /build/buildd/openjdk-7-7u79-2.5.5/build/openjdk/hotspot/src/share/vm/prims/jvm.cpp:1284
Event: 1,383 Thread 0x00007f54f400c000 Threw 0x00000000ec847d48 at /build/buildd/openjdk-7-7u79-2.5.5/build/openjdk/hotspot/src/share/vm/prims/jvm.cpp:1284
Event: 1,383 Thread 0x00007f54f400c000 Threw 0x00000000ec84b818 at /build/buildd/openjdk-7-7u79-2.5.5/build/openjdk/hotspot/src/share/vm/prims/jvm.cpp:1284
Event: 1,383 Thread 0x00007f54f400c000 Threw 0x00000000ec84f4e0 at /build/buildd/openjdk-7-7u79-2.5.5/build/openjdk/hotspot/src/share/vm/prims/jvm.cpp:1284
Event: 1,384 Thread 0x00007f54f400c000 Threw 0x00000000ec852f18 at /build/buildd/openjdk-7-7u79-2.5.5/build/openjdk/hotspot/src/share/vm/prims/jvm.cpp:1284
Event: 1,391 Thread 0x00007f54f400c000 Threw 0x00000000eaac0f78 at /build/buildd/openjdk-7-7u79-2.5.5/build/openjdk/hotspot/src/share/vm/prims/jvm.cpp:1284
Event: 1,391 Thread 0x00007f54f400c000 Threw 0x00000000eaac3ae0 at /build/buildd/openjdk-7-7u79-2.5.5/build/openjdk/hotspot/src/share/vm/prims/jvm.cpp:1284
Event: 1,632 Thread 0x00007f54f400c000 Threw 0x00000000ec247b80 at /build/buildd/openjdk-7-7u79-2.5.5/build/openjdk/hotspot/src/share/vm/prims/jvm.cpp:1284

Events (10 events):
Event: 2,527 Executing VM operation: ParallelGCFailedAllocation
Event: 2,630 Executing VM operation: ParallelGCFailedAllocation done
Event: 2,807 Executing VM operation: ParallelGCFailedAllocation
Event: 2,863 Executing VM operation: ParallelGCFailedAllocation done
Event: 2,933 Thread 0x00007f54f40b7800 flushing nmethod 0x00007f54f1186990
Event: 2,933 Thread 0x00007f54f40b7800 flushing nmethod 0x00007f54f1189e50
Event: 3,019 Executing VM operation: ParallelGCFailedAllocation
Event: 3,042 Executing VM operation: ParallelGCFailedAllocation done
Event: 3,127 Thread 0x00007f54f40b7800 flushing nmethod 0x00007f54f107e8d0
Event: 3,295 Executing VM operation: ParallelGCFailedAllocation


Dynamic libraries:
00400000-00401000 r-xp 00000000 08:01 2896608                            /usr/lib/jvm/java-7-openjdk-amd64/jre/bin/java
00600000-00601000 r--p 00000000 08:01 2896608                            /usr/lib/jvm/java-7-openjdk-amd64/jre/bin/java
00601000-00602000 rw-p 00001000 08:01 2896608                            /usr/lib/jvm/java-7-openjdk-amd64/jre/bin/java
01643000-01664000 rw-p 00000000 00:00 0                                  [heap]
b5a00000-b6f00000 rw-p 00000000 00:00 0 
b6f00000-c0000000 rw-p 00000000 00:00 0 
c0000000-c4600000 rw-p 00000000 00:00 0 
c4600000-eaa80000 rw-p 00000000 00:00 0 
eaa80000-fcb80000 rw-p 00000000 00:00 0 
7f54a8000000-7f54a8021000 rw-p 00000000 00:00 0 
7f54a8021000-7f54ac000000 ---p 00000000 00:00 0 
7f54ac000000-7f54ac021000 rw-p 00000000 00:00 0 
7f54ac021000-7f54b0000000 ---p 00000000 00:00 0 
7f54b0000000-7f54b0735000 rw-p 00000000 00:00 0 
7f54b0735000-7f54b4000000 ---p 00000000 00:00 0 
7f54b4000000-7f54b481e000 rw-p 00000000 00:00 0 
7f54b481e000-7f54b8000000 ---p 00000000 00:00 0 
7f54b8000000-7f54b8021000 rw-p 00000000 00:00 0 
7f54b8021000-7f54bc000000 ---p 00000000 00:00 0 
7f54bdd3c000-7f54bde9d000 rw-p 00000000 00:00 0 
7f54bde9d000-7f54bdeda000 r-xp 00000000 08:01 1314944                    /lib/x86_64-linux-gnu/libpcre.so.3.13.1
7f54bdeda000-7f54be0d9000 ---p 0003d000 08:01 1314944                    /lib/x86_64-linux-gnu/libpcre.so.3.13.1
7f54be0d9000-7f54be0da000 r--p 0003c000 08:01 1314944                    /lib/x86_64-linux-gnu/libpcre.so.3.13.1
7f54be0da000-7f54be0db000 rw-p 0003d000 08:01 1314944                    /lib/x86_64-linux-gnu/libpcre.so.3.13.1
7f54be0db000-7f54be0e2000 r-xp 00000000 08:01 2631073                    /usr/lib/x86_64-linux-gnu/libffi.so.6.0.1
7f54be0e2000-7f54be2e1000 ---p 00007000 08:01 2631073                    /usr/lib/x86_64-linux-gnu/libffi.so.6.0.1
7f54be2e1000-7f54be2e2000 r--p 00006000 08:01 2631073                    /usr/lib/x86_64-linux-gnu/libffi.so.6.0.1
7f54be2e2000-7f54be2e3000 rw-p 00007000 08:01 2631073                    /usr/lib/x86_64-linux-gnu/libffi.so.6.0.1
7f54be2e3000-7f54be2fa000 r-xp 00000000 08:01 1314798                    /lib/x86_64-linux-gnu/libresolv-2.19.so
7f54be2fa000-7f54be4fa000 ---p 00017000 08:01 1314798                    /lib/x86_64-linux-gnu/libresolv-2.19.so
7f54be4fa000-7f54be4fb000 r--p 00017000 08:01 1314798                    /lib/x86_64-linux-gnu/libresolv-2.19.so
7f54be4fb000-7f54be4fc000 rw-p 00018000 08:01 1314798                    /lib/x86_64-linux-gnu/libresolv-2.19.so
7f54be4fc000-7f54be4fe000 rw-p 00000000 00:00 0 
7f54be4fe000-7f54be51e000 r-xp 00000000 08:01 1314971                    /lib/x86_64-linux-gnu/libselinux.so.1
7f54be51e000-7f54be71d000 ---p 00020000 08:01 1314971                    /lib/x86_64-linux-gnu/libselinux.so.1
7f54be71d000-7f54be71e000 r--p 0001f000 08:01 1314971                    /lib/x86_64-linux-gnu/libselinux.so.1
7f54be71e000-7f54be71f000 rw-p 00020000 08:01 1314971                    /lib/x86_64-linux-gnu/libselinux.so.1
7f54be71f000-7f54be721000 rw-p 00000000 00:00 0 
7f54be721000-7f54be724000 r-xp 00000000 08:01 2621804                    /usr/lib/x86_64-linux-gnu/libgmodule-2.0.so.0.4002.0
7f54be724000-7f54be923000 ---p 00003000 08:01 2621804                    /usr/lib/x86_64-linux-gnu/libgmodule-2.0.so.0.4002.0
7f54be923000-7f54be924000 r--p 00002000 08:01 2621804                    /usr/lib/x86_64-linux-gnu/libgmodule-2.0.so.0.4002.0
7f54be924000-7f54be925000 rw-p 00003000 08:01 2621804                    /usr/lib/x86_64-linux-gnu/libgmodule-2.0.so.0.4002.0
7f54be925000-7f54bea2b000 r-xp 00000000 08:01 1314776                    /lib/x86_64-linux-gnu/libglib-2.0.so.0.4002.0
7f54bea2b000-7f54bec2a000 ---p 00106000 08:01 1314776                    /lib/x86_64-linux-gnu/libglib-2.0.so.0.4002.0
7f54bec2a000-7f54bec2b000 r--p 00105000 08:01 1314776                    /lib/x86_64-linux-gnu/libglib-2.0.so.0.4002.0
7f54bec2b000-7f54bec2c000 rw-p 00106000 08:01 1314776                    /lib/x86_64-linux-gnu/libglib-2.0.so.0.4002.0
7f54bec2c000-7f54bec2d000 rw-p 00000000 00:00 0 
7f54bec2d000-7f54bec7c000 r-xp 00000000 08:01 2621822                    /usr/lib/x86_64-linux-gnu/libgobject-2.0.so.0.4002.0
7f54bec7c000-7f54bee7c000 ---p 0004f000 08:01 2621822                    /usr/lib/x86_64-linux-gnu/libgobject-2.0.so.0.4002.0
7f54bee7c000-7f54bee7d000 r--p 0004f000 08:01 2621822                    /usr/lib/x86_64-linux-gnu/libgobject-2.0.so.0.4002.0
7f54bee7d000-7f54bee7e000 rw-p 00050000 08:01 2621822                    /usr/lib/x86_64-linux-gnu/libgobject-2.0.so.0.4002.0
7f54bee7e000-7f54befea000 r-xp 00000000 08:01 2621826                    /usr/lib/x86_64-linux-gnu/libgio-2.0.so.0.4002.0
7f54befea000-7f54bf1e9000 ---p 0016c000 08:01 2621826                    /usr/lib/x86_64-linux-gnu/libgio-2.0.so.0.4002.0
7f54bf1e9000-7f54bf1ed000 r--p 0016b000 08:01 2621826                    /usr/lib/x86_64-linux-gnu/libgio-2.0.so.0.4002.0
7f54bf1ed000-7f54bf1ef000 rw-p 0016f000 08:01 2621826                    /usr/lib/x86_64-linux-gnu/libgio-2.0.so.0.4002.0
7f54bf1ef000-7f54bf1f1000 rw-p 00000000 00:00 0 
7f54bf1f1000-7f54bf208000 r-xp 00000000 08:01 2896675                    /usr/lib/jvm/java-7-openjdk-amd64/jre/lib/amd64/libnet.so
7f54bf208000-7f54bf407000 ---p 00017000 08:01 2896675                    /usr/lib/jvm/java-7-openjdk-amd64/jre/lib/amd64/libnet.so
7f54bf407000-7f54bf408000 r--p 00016000 08:01 2896675                    /usr/lib/jvm/java-7-openjdk-amd64/jre/lib/amd64/libnet.so
7f54bf408000-7f54bf409000 rw-p 00017000 08:01 2896675                    /usr/lib/jvm/java-7-openjdk-amd64/jre/lib/amd64/libnet.so
7f54bf409000-7f54bf419000 r-xp 00000000 08:01 2896662                    /usr/lib/jvm/java-7-openjdk-amd64/jre/lib/amd64/libnio.so
7f54bf419000-7f54bf619000 ---p 00010000 08:01 2896662                    /usr/lib/jvm/java-7-openjdk-amd64/jre/lib/amd64/libnio.so
7f54bf619000-7f54bf61a000 r--p 00010000 08:01 2896662                    /usr/lib/jvm/java-7-openjdk-amd64/jre/lib/amd64/libnio.so
7f54bf61a000-7f54bf61b000 rw-p 00011000 08:01 2896662                    /usr/lib/jvm/java-7-openjdk-amd64/jre/lib/amd64/libnio.so
7f54bf61b000-7f54bf61c000 ---p 00000000 00:00 0 
7f54bf61c000-7f54bf71c000 rw-p 00000000 00:00 0                          [stack:29202]
7f54bf71c000-7f54bf71f000 ---p 00000000 00:00 0 
7f54bf71f000-7f54bf81d000 rw-p 00000000 00:00 0                          [stack:29201]
7f54bf81d000-7f54bf820000 ---p 00000000 00:00 0 
7f54bf820000-7f54bf91e000 rw-p 00000000 00:00 0                          [stack:29200]
7f54bf91e000-7f54c0000000 r--p 00000000 08:01 2629488                    /usr/lib/locale/locale-archive
7f54c0000000-7f54c0021000 rw-p 00000000 00:00 0 
7f54c0021000-7f54c4000000 ---p 00000000 00:00 0 
7f54c4000000-7f54c4021000 rw-p 00000000 00:00 0 
7f54c4021000-7f54c8000000 ---p 00000000 00:00 0 
7f54c8000000-7f54c80e1000 rw-p 00000000 00:00 0 
7f54c80e1000-7f54cc000000 ---p 00000000 00:00 0 
7f54cc0af000-7f54cc0b2000 ---p 00000000 00:00 0 
7f54cc0b2000-7f54cc1b0000 rw-p 00000000 00:00 0                          [stack:29199]
7f54cc1b0000-7f54cc1b3000 ---p 00000000 00:00 0 
7f54cc1b3000-7f54cc2b1000 rw-p 00000000 00:00 0                          [stack:29198]
7f54cc2b1000-7f54cc2b4000 ---p 00000000 00:00 0 
7f54cc2b4000-7f54cc3b2000 rw-p 00000000 00:00 0                          [stack:29197]
7f54cc3b2000-7f54cc3b5000 ---p 00000000 00:00 0 
7f54cc3b5000-7f54cc4b3000 rw-p 00000000 00:00 0                          [stack:29196]
7f54cc4b3000-7f54cc4b4000 ---p 00000000 00:00 0 
7f54cc4b4000-7f54d0000000 rw-p 00000000 00:00 0                          [stack:29195]
7f54d0000000-7f54d0021000 rw-p 00000000 00:00 0 
7f54d0021000-7f54d4000000 ---p 00000000 00:00 0 
7f54d4000000-7f54d4021000 rw-p 00000000 00:00 0 
7f54d4021000-7f54d8000000 ---p 00000000 00:00 0 
7f54d8000000-7f54d8021000 rw-p 00000000 00:00 0 
7f54d8021000-7f54dc000000 ---p 00000000 00:00 0 
7f54dc000000-7f54dc021000 rw-p 00000000 00:00 0 
7f54dc021000-7f54e0000000 ---p 00000000 00:00 0 
7f54e0000000-7f54e0021000 rw-p 00000000 00:00 0 
7f54e0021000-7f54e4000000 ---p 00000000 00:00 0 
7f54e4000000-7f54e4021000 rw-p 00000000 00:00 0 
7f54e4021000-7f54e8000000 ---p 00000000 00:00 0 
7f54e8000000-7f54e8021000 rw-p 00000000 00:00 0 
7f54e8021000-7f54ec000000 ---p 00000000 00:00 0 
7f54ec000000-7f54ec021000 rw-p 00000000 00:00 0 
7f54ec021000-7f54f0000000 ---p 00000000 00:00 0 
7f54f000c000-7f54f0011000 r--s 0004d000 08:01 2896697                    /usr/lib/jvm/java-7-openjdk-amd64/jre/lib/jsse.jar
7f54f0011000-7f54f0782000 rw-p 00000000 00:00 0 
7f54f0782000-7f54f0933000 r--s 01d27000 08:01 2896681                    /usr/lib/jvm/java-7-openjdk-amd64/jre/lib/rt.jar
7f54f0933000-7f54f0bfc000 rw-p 00000000 00:00 0 
7f54f0bfc000-7f54f0bfd000 ---p 00000000 00:00 0 
7f54f0bfd000-7f54f0cfd000 rw-p 00000000 00:00 0                          [stack:29194]
7f54f0cfd000-7f54f0cfe000 ---p 00000000 00:00 0 
7f54f0cfe000-7f54f0dfe000 rw-p 00000000 00:00 0                          [stack:29193]
7f54f0dfe000-7f54f0dff000 ---p 00000000 00:00 0 
7f54f0dff000-7f54f0eff000 rw-p 00000000 00:00 0                          [stack:29192]
7f54f0eff000-7f54f0f00000 ---p 00000000 00:00 0 
7f54f0f00000-7f54f1000000 rw-p 00000000 00:00 0                          [stack:29191]
7f54f1000000-7f54f1270000 rwxp 00000000 00:00 0 
7f54f1270000-7f54f427b000 rw-p 00000000 00:00 0 
7f54f427b000-7f54f8000000 ---p 00000000 00:00 0 
7f54f8004000-7f54f8013000 r--s 000dd000 00:18 3280347                    /home/kev/Android/Sdk/build-tools/21.1.2/lib/dx.jar
7f54f8013000-7f54f8096000 rw-p 00000000 00:00 0 
7f54f8096000-7f54f8097000 ---p 00000000 00:00 0 
7f54f8097000-7f54f8197000 rw-p 00000000 00:00 0                          [stack:29190]
7f54f8197000-7f54f8198000 ---p 00000000 00:00 0 
7f54f8198000-7f54f8298000 rw-p 00000000 00:00 0                          [stack:29189]
7f54f8298000-7f54f8299000 ---p 00000000 00:00 0 
7f54f8299000-7f54f8399000 rw-p 00000000 00:00 0                          [stack:29188]
7f54f8399000-7f54f839a000 ---p 00000000 00:00 0 
7f54f839a000-7f54f84a5000 rw-p 00000000 00:00 0                          [stack:29187]
7f54f84a5000-7f54f84ed000 rw-p 00000000 00:00 0 
7f54f84ed000-7f54f8510000 rw-p 00000000 00:00 0 
7f54f8510000-7f54f8643000 rw-p 00000000 00:00 0 
7f54f8643000-7f54f864e000 rw-p 00000000 00:00 0 
7f54f864e000-7f54f8696000 rw-p 00000000 00:00 0 
7f54f8696000-7f54f86b9000 rw-p 00000000 00:00 0 
7f54f86b9000-7f54f87eb000 rw-p 00000000 00:00 0 
7f54f87eb000-7f54f887c000 rw-p 00000000 00:00 0 
7f54f887c000-7f54f8896000 rw-p 00000000 00:00 0 
7f54f8896000-7f54f8897000 rw-p 00000000 00:00 0 
7f54f8897000-7f54f889f000 r-xp 00000000 08:01 2896658                    /usr/lib/jvm/java-7-openjdk-amd64/jre/lib/amd64/libzip.so
7f54f889f000-7f54f8a9e000 ---p 00008000 08:01 2896658                    /usr/lib/jvm/java-7-openjdk-amd64/jre/lib/amd64/libzip.so
7f54f8a9e000-7f54f8a9f000 r--p 00007000 08:01 2896658                    /usr/lib/jvm/java-7-openjdk-amd64/jre/lib/amd64/libzip.so
7f54f8a9f000-7f54f8aa0000 rw-p 00008000 08:01 2896658                    /usr/lib/jvm/java-7-openjdk-amd64/jre/lib/amd64/libzip.so
7f54f8aa0000-7f54f8aab000 r-xp 00000000 08:01 1314833                    /lib/x86_64-linux-gnu/libnss_files-2.19.so
7f54f8aab000-7f54f8caa000 ---p 0000b000 08:01 1314833                    /lib/x86_64-linux-gnu/libnss_files-2.19.so
7f54f8caa000-7f54f8cab000 r--p 0000a000 08:01 1314833                    /lib/x86_64-linux-gnu/libnss_files-2.19.so
7f54f8cab000-7f54f8cac000 rw-p 0000b000 08:01 1314833                    /lib/x86_64-linux-gnu/libnss_files-2.19.so
7f54f8cac000-7f54f8cb7000 r-xp 00000000 08:01 1314967                    /lib/x86_64-linux-gnu/libnss_nis-2.19.so
7f54f8cb7000-7f54f8eb6000 ---p 0000b000 08:01 1314967                    /lib/x86_64-linux-gnu/libnss_nis-2.19.so
7f54f8eb6000-7f54f8eb7000 r--p 0000a000 08:01 1314967                    /lib/x86_64-linux-gnu/libnss_nis-2.19.so
7f54f8eb7000-7f54f8eb8000 rw-p 0000b000 08:01 1314967                    /lib/x86_64-linux-gnu/libnss_nis-2.19.so
7f54f8eb8000-7f54f8ecf000 r-xp 00000000 08:01 1314868                    /lib/x86_64-linux-gnu/libnsl-2.19.so
7f54f8ecf000-7f54f90ce000 ---p 00017000 08:01 1314868                    /lib/x86_64-linux-gnu/libnsl-2.19.so
7f54f90ce000-7f54f90cf000 r--p 00016000 08:01 1314868                    /lib/x86_64-linux-gnu/libnsl-2.19.so
7f54f90cf000-7f54f90d0000 rw-p 00017000 08:01 1314868                    /lib/x86_64-linux-gnu/libnsl-2.19.so
7f54f90d0000-7f54f90d2000 rw-p 00000000 00:00 0 
7f54f90d2000-7f54f90db000 r-xp 00000000 08:01 1314859                    /lib/x86_64-linux-gnu/libnss_compat-2.19.so
7f54f90db000-7f54f92da000 ---p 00009000 08:01 1314859                    /lib/x86_64-linux-gnu/libnss_compat-2.19.so
7f54f92da000-7f54f92db000 r--p 00008000 08:01 1314859                    /lib/x86_64-linux-gnu/libnss_compat-2.19.so
7f54f92db000-7f54f92dc000 rw-p 00009000 08:01 1314859                    /lib/x86_64-linux-gnu/libnss_compat-2.19.so
7f54f92dc000-7f54f9307000 r-xp 00000000 08:01 2896674                    /usr/lib/jvm/java-7-openjdk-amd64/jre/lib/amd64/libjava.so
7f54f9307000-7f54f9507000 ---p 0002b000 08:01 2896674                    /usr/lib/jvm/java-7-openjdk-amd64/jre/lib/amd64/libjava.so
7f54f9507000-7f54f9508000 r--p 0002b000 08:01 2896674                    /usr/lib/jvm/java-7-openjdk-amd64/jre/lib/amd64/libjava.so
7f54f9508000-7f54f950a000 rw-p 0002c000 08:01 2896674                    /usr/lib/jvm/java-7-openjdk-amd64/jre/lib/amd64/libjava.so
7f54f950a000-7f54f951a000 r-xp 00000000 08:01 2896671                    /usr/lib/jvm/java-7-openjdk-amd64/jre/lib/amd64/libverify.so
7f54f951a000-7f54f9719000 ---p 00010000 08:01 2896671                    /usr/lib/jvm/java-7-openjdk-amd64/jre/lib/amd64/libverify.so
7f54f9719000-7f54f971b000 r--p 0000f000 08:01 2896671                    /usr/lib/jvm/java-7-openjdk-amd64/jre/lib/amd64/libverify.so
7f54f971b000-7f54f971c000 rw-p 00011000 08:01 2896671                    /usr/lib/jvm/java-7-openjdk-amd64/jre/lib/amd64/libverify.so
7f54f971c000-7f54f9723000 r-xp 00000000 08:01 1314916                    /lib/x86_64-linux-gnu/librt-2.19.so
7f54f9723000-7f54f9922000 ---p 00007000 08:01 1314916                    /lib/x86_64-linux-gnu/librt-2.19.so
7f54f9922000-7f54f9923000 r--p 00006000 08:01 1314916                    /lib/x86_64-linux-gnu/librt-2.19.so
7f54f9923000-7f54f9924000 rw-p 00007000 08:01 1314916                    /lib/x86_64-linux-gnu/librt-2.19.so
7f54f9924000-7f54f993a000 r-xp 00000000 08:01 1314818                    /lib/x86_64-linux-gnu/libgcc_s.so.1
7f54f993a000-7f54f9b39000 ---p 00016000 08:01 1314818                    /lib/x86_64-linux-gnu/libgcc_s.so.1
7f54f9b39000-7f54f9b3a000 rw-p 00015000 08:01 1314818                    /lib/x86_64-linux-gnu/libgcc_s.so.1
7f54f9b3a000-7f54f9c3f000 r-xp 00000000 08:01 1314817                    /lib/x86_64-linux-gnu/libm-2.19.so
7f54f9c3f000-7f54f9e3e000 ---p 00105000 08:01 1314817                    /lib/x86_64-linux-gnu/libm-2.19.so
7f54f9e3e000-7f54f9e3f000 r--p 00104000 08:01 1314817                    /lib/x86_64-linux-gnu/libm-2.19.so
7f54f9e3f000-7f54f9e40000 rw-p 00105000 08:01 1314817                    /lib/x86_64-linux-gnu/libm-2.19.so
7f54f9e40000-7f54f9f26000 r-xp 00000000 08:01 2631701                    /usr/lib/x86_64-linux-gnu/libstdc++.so.6.0.19
7f54f9f26000-7f54fa125000 ---p 000e6000 08:01 2631701                    /usr/lib/x86_64-linux-gnu/libstdc++.so.6.0.19
7f54fa125000-7f54fa12d000 r--p 000e5000 08:01 2631701                    /usr/lib/x86_64-linux-gnu/libstdc++.so.6.0.19
7f54fa12d000-7f54fa12f000 rw-p 000ed000 08:01 2631701                    /usr/lib/x86_64-linux-gnu/libstdc++.so.6.0.19
7f54fa12f000-7f54fa144000 rw-p 00000000 00:00 0 
7f54fa144000-7f54fac5c000 r-xp 00000000 08:01 2896679                    /usr/lib/jvm/java-7-openjdk-amd64/jre/lib/amd64/server/libjvm.so
7f54fac5c000-7f54fae5c000 ---p 00b18000 08:01 2896679                    /usr/lib/jvm/java-7-openjdk-amd64/jre/lib/amd64/server/libjvm.so
7f54fae5c000-7f54faef6000 r--p 00b18000 08:01 2896679                    /usr/lib/jvm/java-7-openjdk-amd64/jre/lib/amd64/server/libjvm.so
7f54faef6000-7f54faf19000 rw-p 00bb2000 08:01 2896679                    /usr/lib/jvm/java-7-openjdk-amd64/jre/lib/amd64/server/libjvm.so
7f54faf19000-7f54faf47000 rw-p 00000000 00:00 0 
7f54faf47000-7f54faf5f000 r-xp 00000000 08:01 1315004                    /lib/x86_64-linux-gnu/libz.so.1.2.8
7f54faf5f000-7f54fb15e000 ---p 00018000 08:01 1315004                    /lib/x86_64-linux-gnu/libz.so.1.2.8
7f54fb15e000-7f54fb15f000 r--p 00017000 08:01 1315004                    /lib/x86_64-linux-gnu/libz.so.1.2.8
7f54fb15f000-7f54fb160000 rw-p 00018000 08:01 1315004                    /lib/x86_64-linux-gnu/libz.so.1.2.8
7f54fb160000-7f54fb179000 r-xp 00000000 08:01 1314912                    /lib/x86_64-linux-gnu/libpthread-2.19.so
7f54fb179000-7f54fb378000 ---p 00019000 08:01 1314912                    /lib/x86_64-linux-gnu/libpthread-2.19.so
7f54fb378000-7f54fb379000 r--p 00018000 08:01 1314912                    /lib/x86_64-linux-gnu/libpthread-2.19.so
7f54fb379000-7f54fb37a000 rw-p 00019000 08:01 1314912                    /lib/x86_64-linux-gnu/libpthread-2.19.so
7f54fb37a000-7f54fb37e000 rw-p 00000000 00:00 0 
7f54fb37e000-7f54fb381000 r-xp 00000000 08:01 1314851                    /lib/x86_64-linux-gnu/libdl-2.19.so
7f54fb381000-7f54fb580000 ---p 00003000 08:01 1314851                    /lib/x86_64-linux-gnu/libdl-2.19.so
7f54fb580000-7f54fb581000 r--p 00002000 08:01 1314851                    /lib/x86_64-linux-gnu/libdl-2.19.so
7f54fb581000-7f54fb582000 rw-p 00003000 08:01 1314851                    /lib/x86_64-linux-gnu/libdl-2.19.so
7f54fb582000-7f54fb73d000 r-xp 00000000 08:01 1314910                    /lib/x86_64-linux-gnu/libc-2.19.so
7f54fb73d000-7f54fb93c000 ---p 001bb000 08:01 1314910                    /lib/x86_64-linux-gnu/libc-2.19.so
7f54fb93c000-7f54fb940000 r--p 001ba000 08:01 1314910                    /lib/x86_64-linux-gnu/libc-2.19.so
7f54fb940000-7f54fb942000 rw-p 001be000 08:01 1314910                    /lib/x86_64-linux-gnu/libc-2.19.so
7f54fb942000-7f54fb947000 rw-p 00000000 00:00 0 
7f54fb947000-7f54fb954000 r-xp 00000000 08:01 2896650                    /usr/lib/jvm/java-7-openjdk-amd64/jre/lib/amd64/jli/libjli.so
7f54fb954000-7f54fbb53000 ---p 0000d000 08:01 2896650                    /usr/lib/jvm/java-7-openjdk-amd64/jre/lib/amd64/jli/libjli.so
7f54fbb53000-7f54fbb54000 r--p 0000c000 08:01 2896650                    /usr/lib/jvm/java-7-openjdk-amd64/jre/lib/amd64/jli/libjli.so
7f54fbb54000-7f54fbb55000 rw-p 0000d000 08:01 2896650                    /usr/lib/jvm/java-7-openjdk-amd64/jre/lib/amd64/jli/libjli.so
7f54fbb55000-7f54fbb78000 r-xp 00000000 08:01 1314872                    /lib/x86_64-linux-gnu/ld-2.19.so
7f54fbb79000-7f54fbb7a000 rw-p 00000000 00:00 0 
7f54fbb7a000-7f54fbb7c000 r--s 00006000 08:01 3031457                    /usr/share/java/java-atk-wrapper.jar
7f54fbb7c000-7f54fbb9e000 rw-p 00000000 00:00 0 
7f54fbb9e000-7f54fbc54000 rw-p 00000000 00:00 0 
7f54fbc54000-7f54fbc57000 ---p 00000000 00:00 0 
7f54fbc57000-7f54fbd5a000 rw-p 00000000 00:00 0                          [stack:29186]
7f54fbd5a000-7f54fbd5c000 r--s 00012000 08:01 2896689                    /usr/lib/jvm/java-7-openjdk-amd64/jre/lib/ext/zipfs.jar
7f54fbd5c000-7f54fbd5f000 r--s 0000f000 08:01 2896684                    /usr/lib/jvm/java-7-openjdk-amd64/jre/lib/ext/icedtea-sound.jar
7f54fbd5f000-7f54fbd62000 r--s 00086000 08:01 2896687                    /usr/lib/jvm/java-7-openjdk-amd64/jre/lib/ext/localedata.jar
7f54fbd62000-7f54fbd66000 r--s 00034000 08:01 2896688                    /usr/lib/jvm/java-7-openjdk-amd64/jre/lib/ext/sunjce_provider.jar
7f54fbd66000-7f54fbd6a000 r--s 0003c000 08:01 2896686                    /usr/lib/jvm/java-7-openjdk-amd64/jre/lib/ext/sunpkcs11.jar
7f54fbd6a000-7f54fbd6b000 r--s 00002000 08:01 2896685                    /usr/lib/jvm/java-7-openjdk-amd64/jre/lib/ext/dnsns.jar
7f54fbd6b000-7f54fbd73000 rw-s 00000000 08:01 665785                     /tmp/hsperfdata_kev/29181
7f54fbd73000-7f54fbd74000 rw-p 00000000 00:00 0 
7f54fbd74000-7f54fbd75000 ---p 00000000 00:00 0 
7f54fbd75000-7f54fbd77000 rw-p 00000000 00:00 0 
7f54fbd77000-7f54fbd78000 r--p 00022000 08:01 1314872                    /lib/x86_64-linux-gnu/ld-2.19.so
7f54fbd78000-7f54fbd79000 rw-p 00023000 08:01 1314872                    /lib/x86_64-linux-gnu/ld-2.19.so
7f54fbd79000-7f54fbd7a000 rw-p 00000000 00:00 0 
7ffd0b113000-7ffd0b135000 rw-p 00000000 00:00 0                          [stack]
7ffd0b1cc000-7ffd0b1ce000 r-xp 00000000 00:00 0                          [vdso]
ffffffffff600000-ffffffffff601000 r-xp 00000000 00:00 0                  [vsyscall]

VM Arguments:
jvm_args: -Xmx1024M -Dfile.encoding=UTF-8 -Duser.country=US -Duser.language=en -Duser.variant 
java_command: com.android.dx.command.Main --dex --output /home/kev/AndroidStudioProjects/PriceCloud/app/build/intermediates/dex/debug /home/kev/AndroidStudioProjects/PriceCloud/app/build/intermediates/classes/debug /home/kev/AndroidStudioProjects/PriceCloud/app/build/intermediates/pre-dexed/debug/support-annotations-22.2.0-47529ac724c557d0a5590715bd59ee03eb3d089e.jar /home/kev/AndroidStudioProjects/PriceCloud/app/build/intermediates/pre-dexed/debug/classes-6f53929c59bddb41dc47672ba172f2df13a695dd.jar /home/kev/AndroidStudioProjects/PriceCloud/app/build/intermediates/pre-dexed/debug/classes-6c442f0d9abde040e40e674a19105e4ae643f1e7.jar /home/kev/AndroidStudioProjects/PriceCloud/app/build/intermediates/pre-dexed/debug/classes-b3a574ae2360b2a35a5374027e790e371b6ba833.jar /home/kev/AndroidStudioProjects/PriceCloud/app/build/intermediates/pre-dexed/debug/internal_impl-22.0.0-3f4198c2b9de9c2f236882d5e4e7e5679e500b10.jar /home/kev/AndroidStudioProjects/PriceCloud/app/build/intermediates/pre-dexed/debug/classes-dd00e13e55427572cc98c88a2e708f811418805a.jar /home/kev/AndroidStudioProjects/PriceCloud/app/build/intermediates/pre-dexed/debug/classes-d373bc7eea05044a443c67937e68c3f848c4a891.jar /home/kev/AndroidStudioProjects/PriceCloud/app/build/intermediates/pre-dexed/debug/classes-737b2b747426fb2693012b7faeb38377e52de754.jar /home/kev/AndroidStudioProjects/PriceCloud/app/build/intermediates/pre-dexed/debug/classes-d5aee46fe9fc2fb9ef2d81b7ee3664f00d0edd40.jar /home/kev/AndroidStudioProjects/PriceCloud/app/build/intermediates/pre-dexed/debug/classes-879217c8ec485c1bd328a5b15ebb0d37f78439f6.jar /home/kev/AndroidStudioProjects/PriceCloud/app/build/intermediates/pre-dexed/debug/classes-617b36adb7422716a4e963e770bb49ae6af34efb.jar /home/kev/AndroidStudioProjects/PriceCloud/app/build/intermediates/pre-dexed/debug/classes-dc52b2be9a1451ca03381177a20199fb00f762f3.jar /home/kev/AndroidStudioProjects/PriceCloud/app/build/intermediates/pre-dexed/debug/classes-da4488b3c869e3b39ecca7d99513
Launcher Type: SUN_STANDARD

Environment Variables:
PATH=/usr/local/sbin:/usr/local/bin:/usr/sbin:/usr/bin:/sbin:/bin:/usr/games:/usr/local/games:~/.composer/vendor/bin
LD_LIBRARY_PATH=.:
SHELL=/bin/bash
DISPLAY=:0

Signal Handlers:
SIGSEGV: [libjvm.so+0x94b9a0], sa_mask[0]=0x7ffbfeff, sa_flags=0x10000004
SIGBUS: [libjvm.so+0x94b9a0], sa_mask[0]=0x7ffbfeff, sa_flags=0x10000004
SIGFPE: [libjvm.so+0x7c3880], sa_mask[0]=0x7ffbfeff, sa_flags=0x10000004
SIGPIPE: [libjvm.so+0x7c3880], sa_mask[0]=0x7ffbfeff, sa_flags=0x10000004
SIGXFSZ: [libjvm.so+0x7c3880], sa_mask[0]=0x7ffbfeff, sa_flags=0x10000004
SIGILL: [libjvm.so+0x7c3880], sa_mask[0]=0x7ffbfeff, sa_flags=0x10000004
SIGUSR1: SIG_DFL, sa_mask[0]=0x00000000, sa_flags=0x00000000
SIGUSR2: [libjvm.so+0x7c3720], sa_mask[0]=0x00000004, sa_flags=0x10000004
SIGHUP: [libjvm.so+0x7c3900], sa_mask[0]=0x7ffbfeff, sa_flags=0x10000004
SIGINT: [libjvm.so+0x7c3900], sa_mask[0]=0x7ffbfeff, sa_flags=0x10000004
SIGTERM: [libjvm.so+0x7c3900], sa_mask[0]=0x7ffbfeff, sa_flags=0x10000004
SIGQUIT: [libjvm.so+0x7c3900], sa_mask[0]=0x7ffbfeff, sa_flags=0x10000004
SIGTRAP: SIG_DFL, sa_mask[0]=0x00000000, sa_flags=0x00000000


---------------  S Y S T E M  ---------------

OS:Ubuntu 14.04 (trusty)
uname:Linux 3.13.0-54-generic #91-Ubuntu SMP Tue May 26 19:15:08 UTC 2015 x86_64
libc:glibc 2.19 NPTL 2.19 
rlimit: STACK 8192k, CORE 0k, NPROC 28866, NOFILE 4096, AS infinity
load average:1,39 1,34 1,51

/proc/meminfo:
MemTotal:        3724688 kB
MemFree:           88168 kB
Buffers:             480 kB
Cached:           465240 kB
SwapCached:         3556 kB
Active:          2296948 kB
Inactive:         718112 kB
Active(anon):    2296376 kB
Inactive(anon):   698344 kB
Active(file):        572 kB
Inactive(file):    19768 kB
Unevictable:          32 kB
Mlocked:              32 kB
SwapTotal:        488276 kB
SwapFree:              0 kB
Dirty:                 8 kB
Writeback:            44 kB
AnonPages:       2547988 kB
Mapped:           528080 kB
Shmem:            443088 kB
Slab:              88016 kB
SReclaimable:      32948 kB
SUnreclaim:        55068 kB
KernelStack:        6040 kB
PageTables:        41040 kB
NFS_Unstable:          0 kB
Bounce:                0 kB
WritebackTmp:          0 kB
CommitLimit:     2350620 kB
Committed_AS:    8351212 kB
VmallocTotal:   34359738367 kB
VmallocUsed:      350676 kB
VmallocChunk:   34359332000 kB
HardwareCorrupted:     0 kB
AnonHugePages:    333824 kB
HugePages_Total:       0
HugePages_Free:        0
HugePages_Rsvd:        0
HugePages_Surp:        0
Hugepagesize:       2048 kB
DirectMap4k:      141952 kB
DirectMap2M:     3725312 kB
DirectMap1G:           0 kB


CPU:total 8 (4 cores per cpu, 2 threads per core) family 6 model 60 stepping 3, cmov, cx8, fxsr, mmx, sse, sse2, sse3, ssse3, sse4.1, sse4.2, popcnt, avx, avx2, aes, erms, ht, tsc, tscinvbit

/proc/cpuinfo:
processor	: 0
vendor_id	: GenuineIntel
cpu family	: 6
model		: 60
model name	: Intel(R) Core(TM) i7-4771 CPU @ 3.50GHz
stepping	: 3
microcode	: 0x9
cpu MHz		: 3501.000
cache size	: 8192 KB
physical id	: 0
siblings	: 8
core id		: 0
cpu cores	: 4
apicid		: 0
initial apicid	: 0
fpu		: yes
fpu_exception	: yes
cpuid level	: 13
wp		: yes
flags		: fpu vme de pse tsc msr pae mce cx8 apic sep mtrr pge mca cmov pat pse36 clflush dts acpi mmx fxsr sse sse2 ss ht tm pbe syscall nx pdpe1gb rdtscp lm constant_tsc arch_perfmon pebs bts rep_good nopl xtopology nonstop_tsc aperfmperf eagerfpu pni pclmulqdq dtes64 monitor ds_cpl vmx smx est tm2 ssse3 fma cx16 xtpr pdcm pcid sse4_1 sse4_2 x2apic movbe popcnt tsc_deadline_timer aes xsave avx f16c rdrand lahf_lm abm ida arat epb xsaveopt pln pts dtherm tpr_shadow vnmi flexpriority ept vpid fsgsbase tsc_adjust bmi1 hle avx2 smep bmi2 erms invpcid rtm
bogomips	: 6995.80
clflush size	: 64
cache_alignment	: 64
address sizes	: 39 bits physical, 48 bits virtual
power management:

processor	: 1
vendor_id	: GenuineIntel
cpu family	: 6
model		: 60
model name	: Intel(R) Core(TM) i7-4771 CPU @ 3.50GHz
stepping	: 3
microcode	: 0x9
cpu MHz		: 3501.000
cache size	: 8192 KB
physical id	: 0
siblings	: 8
core id		: 1
cpu cores	: 4
apicid		: 2
initial apicid	: 2
fpu		: yes
fpu_exception	: yes
cpuid level	: 13
wp		: yes
flags		: fpu vme de pse tsc msr pae mce cx8 apic sep mtrr pge mca cmov pat pse36 clflush dts acpi mmx fxsr sse sse2 ss ht tm pbe syscall nx pdpe1gb rdtscp lm constant_tsc arch_perfmon pebs bts rep_good nopl xtopology nonstop_tsc aperfmperf eagerfpu pni pclmulqdq dtes64 monitor ds_cpl vmx smx est tm2 ssse3 fma cx16 xtpr pdcm pcid sse4_1 sse4_2 x2apic movbe popcnt tsc_deadline_timer aes xsave avx f16c rdrand lahf_lm abm ida arat epb xsaveopt pln pts dtherm tpr_shadow vnmi flexpriority ept vpid fsgsbase tsc_adjust bmi1 hle avx2 smep bmi2 erms invpcid rtm
bogomips	: 6995.80
clflush size	: 64
cache_alignment	: 64
address sizes	: 39 bits physical, 48 bits virtual
power management:

processor	: 2
vendor_id	: GenuineIntel
cpu family	: 6
model		: 60
model name	: Intel(R) Core(TM) i7-4771 CPU @ 3.50GHz
stepping	: 3
microcode	: 0x9
cpu MHz		: 3100.000
cache size	: 8192 KB
physical id	: 0
siblings	: 8
core id		: 2
cpu cores	: 4
apicid		: 4
initial apicid	: 4
fpu		: yes
fpu_exception	: yes
cpuid level	: 13
wp		: yes
flags		: fpu vme de pse tsc msr pae mce cx8 apic sep mtrr pge mca cmov pat pse36 clflush dts acpi mmx fxsr sse sse2 ss ht tm pbe syscall nx pdpe1gb rdtscp lm constant_tsc arch_perfmon pebs bts rep_good nopl xtopology nonstop_tsc aperfmperf eagerfpu pni pclmulqdq dtes64 monitor ds_cpl vmx smx est tm2 ssse3 fma cx16 xtpr pdcm pcid sse4_1 sse4_2 x2apic movbe popcnt tsc_deadline_timer aes xsave avx f16c rdrand lahf_lm abm ida arat epb xsaveopt pln pts dtherm tpr_shadow vnmi flexpriority ept vpid fsgsbase tsc_adjust bmi1 hle avx2 smep bmi2 erms invpcid rtm
bogomips	: 6995.80
clflush size	: 64
cache_alignment	: 64
address sizes	: 39 bits physical, 48 bits virtual
power management:

processor	: 3
vendor_id	: GenuineIntel
cpu family	: 6
model		: 60
model name	: Intel(R) Core(TM) i7-4771 CPU @ 3.50GHz
stepping	: 3
microcode	: 0x9
cpu MHz		: 3501.000
cache size	: 8192 KB
physical id	: 0
siblings	: 8
core id		: 3
cpu cores	: 4
apicid		: 6
initial apicid	: 6
fpu		: yes
fpu_exception	: yes
cpuid level	: 13
wp		: yes
flags		: fpu vme de pse tsc msr pae mce cx8 apic sep mtrr pge mca cmov pat pse36 clflush dts acpi mmx fxsr sse sse2 ss ht tm pbe syscall nx pdpe1gb rdtscp lm constant_tsc arch_perfmon pebs bts rep_good nopl xtopology nonstop_tsc aperfmperf eagerfpu pni pclmulqdq dtes64 monitor ds_cpl vmx smx est tm2 ssse3 fma cx16 xtpr pdcm pcid sse4_1 sse4_2 x2apic movbe popcnt tsc_deadline_timer aes xsave avx f16c rdrand lahf_lm abm ida arat epb xsaveopt pln pts dtherm tpr_shadow vnmi flexpriority ept vpid fsgsbase tsc_adjust bmi1 hle avx2 smep bmi2 erms invpcid rtm
bogomips	: 6995.80
clflush size	: 64
cache_alignment	: 64
address sizes	: 39 bits physical, 48 bits virtual
power management:

processor	: 4
vendor_id	: GenuineIntel
cpu family	: 6
model		: 60
model name	: Intel(R) Core(TM) i7-4771 CPU @ 3.50GHz
stepping	: 3
microcode	: 0x9
cpu MHz		: 2300.000
cache size	: 8192 KB
physical id	: 0
siblings	: 8
core id		: 0
cpu cores	: 4
apicid		: 1
initial apicid	: 1
fpu		: yes
fpu_exception	: yes
cpuid level	: 13
wp		: yes
flags		: fpu vme de pse tsc msr pae mce cx8 apic sep mtrr pge mca cmov pat pse36 clflush dts acpi mmx fxsr sse sse2 ss ht tm pbe syscall nx pdpe1gb rdtscp lm constant_tsc arch_perfmon pebs bts rep_good nopl xtopology nonstop_tsc aperfmperf eagerfpu pni pclmulqdq dtes64 monitor ds_cpl vmx smx est tm2 ssse3 fma cx16 xtpr pdcm pcid sse4_1 sse4_2 x2apic movbe popcnt tsc_deadline_timer aes xsave avx f16c rdrand lahf_lm abm ida arat epb xsaveopt pln pts dtherm tpr_shadow vnmi flexpriority ept vpid fsgsbase tsc_adjust bmi1 hle avx2 smep bmi2 erms invpcid rtm
bogomips	: 6995.80
clflush size	: 64
cache_alignment	: 64
address sizes	: 39 bits physical, 48 bits virtual
power management:

processor	: 5
vendor_id	: GenuineIntel
cpu family	: 6
model		: 60
model name	: Intel(R) Core(TM) i7-4771 CPU @ 3.50GHz
stepping	: 3
microcode	: 0x9
cpu MHz		: 3501.000
cache size	: 8192 KB
physical id	: 0
siblings	: 8
core id		: 1
cpu cores	: 4
apicid		: 3
initial apicid	: 3
fpu		: yes
fpu_exception	: yes
cpuid level	: 13
wp		: yes
flags		: fpu vme de pse tsc msr pae mce cx8 apic sep mtrr pge mca cmov pat pse36 clflush dts acpi mmx fxsr sse sse2 ss ht tm pbe syscall nx pdpe1gb rdtscp lm constant_tsc arch_perfmon pebs bts rep_good nopl xtopology nonstop_tsc aperfmperf eagerfpu pni pclmulqdq dtes64 monitor ds_cpl vmx smx est tm2 ssse3 fma cx16 xtpr pdcm pcid sse4_1 sse4_2 x2apic movbe popcnt tsc_deadline_timer aes xsave avx f16c rdrand lahf_lm abm ida arat epb xsaveopt pln pts dtherm tpr_shadow vnmi flexpriority ept vpid fsgsbase tsc_adjust bmi1 hle avx2 smep bmi2 erms invpcid rtm
bogomips	: 6995.80
clflush size	: 64
cache_alignment	: 64
address sizes	: 39 bits physical, 48 bits virtual
power management:

processor	: 6
vendor_id	: GenuineIntel
cpu family	: 6
model		: 60
model name	: Intel(R) Core(TM) i7-4771 CPU @ 3.50GHz
stepping	: 3
microcode	: 0x9
cpu MHz		: 3501.000
cache size	: 8192 KB
physical id	: 0
siblings	: 8
core id		: 2
cpu cores	: 4
apicid		: 5
initial apicid	: 5
fpu		: yes
fpu_exception	: yes
cpuid level	: 13
wp		: yes
flags		: fpu vme de pse tsc msr pae mce cx8 apic sep mtrr pge mca cmov pat pse36 clflush dts acpi mmx fxsr sse sse2 ss ht tm pbe syscall nx pdpe1gb rdtscp lm constant_tsc arch_perfmon pebs bts rep_good nopl xtopology nonstop_tsc aperfmperf eagerfpu pni pclmulqdq dtes64 monitor ds_cpl vmx smx est tm2 ssse3 fma cx16 xtpr pdcm pcid sse4_1 sse4_2 x2apic movbe popcnt tsc_deadline_timer aes xsave avx f16c rdrand lahf_lm abm ida arat epb xsaveopt pln pts dtherm tpr_shadow vnmi flexpriority ept vpid fsgsbase tsc_adjust bmi1 hle avx2 smep bmi2 erms invpcid rtm
bogomips	: 6995.80
clflush size	: 64
cache_alignment	: 64
address sizes	: 39 bits physical, 48 bits virtual
power management:

processor	: 7
vendor_id	: GenuineIntel
cpu family	: 6
model		: 60
model name	: Intel(R) Core(TM) i7-4771 CPU @ 3.50GHz
stepping	: 3
microcode	: 0x9
cpu MHz		: 3100.000
cache size	: 8192 KB
physical id	: 0
siblings	: 8
core id		: 3
cpu cores	: 4
apicid		: 7
initial apicid	: 7
fpu		: yes
fpu_exception	: yes
cpuid level	: 13
wp		: yes
flags		: fpu vme de pse tsc msr pae mce cx8 apic sep mtrr pge mca cmov pat pse36 clflush dts acpi mmx fxsr sse sse2 ss ht tm pbe syscall nx pdpe1gb rdtscp lm constant_tsc arch_perfmon pebs bts rep_good nopl xtopology nonstop_tsc aperfmperf eagerfpu pni pclmulqdq dtes64 monitor ds_cpl vmx smx est tm2 ssse3 fma cx16 xtpr pdcm pcid sse4_1 sse4_2 x2apic movbe popcnt tsc_deadline_timer aes xsave avx f16c rdrand lahf_lm abm ida arat epb xsaveopt pln pts dtherm tpr_shadow vnmi flexpriority ept vpid fsgsbase tsc_adjust bmi1 hle avx2 smep bmi2 erms invpcid rtm
bogomips	: 6995.80
clflush size	: 64
cache_alignment	: 64
address sizes	: 39 bits physical, 48 bits virtual
power management:



Memory: 4k page, physical 3724688k(87672k free), swap 488276k(0k free)

vm_info: OpenJDK 64-Bit Server VM (24.79-b02) for linux-amd64 JRE (1.7.0_79-b14), built on Apr 16 2015 08:21:58 by "buildd" with gcc 4.8.2

time: Thu Jun 18 00:38:31 2015
elapsed time: 5 seconds

