#
# There is insufficient memory for the Java Runtime Environment to continue.
# Native memory allocation (malloc) failed to allocate 77594624 bytes for committing reserved memory.
# Possible reasons:
#   The system is out of physical RAM or swap space
#   In 32 bit mode, the process size limit was hit
# Possible solutions:
#   Reduce memory load on the system
#   Increase physical memory or swap space
#   Check if swap backing store is full
#   Use 64 bit Java on a 64 bit OS
#   Decrease Java heap size (-Xmx/-Xms)
#   Decrease number of Java threads
#   Decrease Java thread stack sizes (-Xss)
#   Set larger code cache with -XX:ReservedCodeCacheSize=
# This output file may be truncated or incomplete.
#
#  Out of Memory Error (os_linux.cpp:2809), pid=7684, tid=140074863785728
#
# JRE version: OpenJDK Runtime Environment (7.0_79-b14) (build 1.7.0_79-b14)
# Java VM: OpenJDK 64-Bit Server VM (24.79-b02 mixed mode linux-amd64 compressed oops)
# Derivative: IcedTea 2.5.5
# Distribution: Ubuntu 14.04 LTS, package 7u79-2.5.5-0ubuntu0.14.04.2
# Failed to write core dump. Core dumps have been disabled. To enable core dumping, try "ulimit -c unlimited" before starting Java again
#

---------------  T H R E A D  ---------------

Current thread (0x00007f65bc080000):  VMThread [stack: 0x00007f65b86f7000,0x00007f65b87f8000] [id=7699]

Stack: [0x00007f65b86f7000,0x00007f65b87f8000],  sp=0x00007f65b87f6490,  free space=1021k
Native frames: (J=compiled Java code, j=interpreted, Vv=VM code, C=native code)
V  [libjvm.so+0x94aec5]  VMError::report_and_die()+0x175
V  [libjvm.so+0x48b9c4]  report_vm_out_of_memory(char const*, int, unsigned long, char const*)+0x74
V  [libjvm.so+0x7c806b]  os::pd_commit_memory(char*, unsigned long, unsigned long, bool)+0xeb
V  [libjvm.so+0x7c2b0f]  os::commit_memory(char*, unsigned long, unsigned long, bool)+0x1f
V  [libjvm.so+0x83500b]  PSVirtualSpace::expand_by(unsigned long)+0x5b
V  [libjvm.so+0x835e60]  PSYoungGen::resize_generation(unsigned long, unsigned long)+0xb0
V  [libjvm.so+0x83654b]  PSYoungGen::resize(unsigned long, unsigned long)+0x1b
V  [libjvm.so+0x832830]  PSScavenge::invoke_no_policy()+0xde0
V  [libjvm.so+0x833008]  PSScavenge::invoke()+0x38
V  [libjvm.so+0x7e96f3]  ParallelScavengeHeap::failed_mem_allocate(unsigned long)+0x63
V  [libjvm.so+0x94c8c4]  VM_ParallelGCFailedAllocation::doit()+0x84
V  [libjvm.so+0x950dc7]  VM_Operation::evaluate()+0x47
V  [libjvm.so+0x94f738]  VMThread::evaluate_operation(VM_Operation*)+0x318
V  [libjvm.so+0x94fb99]  VMThread::loop()+0x219
V  [libjvm.so+0x94ffe2]  VMThread::run()+0x72
V  [libjvm.so+0x7c4f32]  java_start(Thread*)+0xf2

VM_Operation (0x00007f65c5a64310): ParallelGCFailedAllocation, mode: safepoint, requested by thread 0x00007f65bc00c000


---------------  P R O C E S S  ---------------

Java Threads: ( => current thread )
  0x00007f65bc0b9800 JavaThread "Service Thread" daemon [_thread_blocked, id=7705, stack(0x00007f65b80f1000,0x00007f65b81f2000)]
  0x00007f65bc0b7800 JavaThread "C2 CompilerThread1" daemon [_thread_blocked, id=7704, stack(0x00007f65b81f2000,0x00007f65b82f3000)]
  0x00007f65bc0b4800 JavaThread "C2 CompilerThread0" daemon [_thread_blocked, id=7703, stack(0x00007f65b82f3000,0x00007f65b83f4000)]
  0x00007f65bc0b2800 JavaThread "Signal Dispatcher" daemon [_thread_blocked, id=7702, stack(0x00007f65b83f4000,0x00007f65b84f5000)]
  0x00007f65bc086800 JavaThread "Finalizer" daemon [_thread_blocked, id=7701, stack(0x00007f65b84f5000,0x00007f65b85f6000)]
  0x00007f65bc084800 JavaThread "Reference Handler" daemon [_thread_blocked, id=7700, stack(0x00007f65b85f6000,0x00007f65b86f7000)]
  0x00007f65bc00c000 JavaThread "main" [_thread_blocked, id=7690, stack(0x00007f65c5965000,0x00007f65c5a66000)]

Other Threads:
=>0x00007f65bc080000 VMThread [stack: 0x00007f65b86f7000,0x00007f65b87f8000] [id=7699]
  0x00007f65bc0c4800 WatcherThread [stack: 0x00007f65a92ed000,0x00007f65a93ee000] [id=7706]

VM state:at safepoint (normal execution)

VM Mutex/Monitor currently owned by a thread:  ([mutex/lock_event])
[0x00007f65bc008430] Threads_lock - owner thread: 0x00007f65bc080000
[0x00007f65bc008930] Heap_lock - owner thread: 0x00007f65bc00c000

Heap
 PSYoungGen      total 132608K, used 10722K [0x00000000eaa80000, 0x00000000f3780000, 0x0000000100000000)
  eden space 121856K, 0% used [0x00000000eaa80000,0x00000000eaa80000,0x00000000f2180000)
  from space 10752K, 99% used [0x00000000f2180000,0x00000000f2bf8a38,0x00000000f2c00000)
  to   space 9728K, 0% used [0x00000000f2c00000,0x00000000f2c00000,0x00000000f3580000)
 ParOldGen       total 46080K, used 36499K [0x00000000c0000000, 0x00000000c2d00000, 0x00000000eaa80000)
  object space 46080K, 79% used [0x00000000c0000000,0x00000000c23a4e70,0x00000000c2d00000)
 PSPermGen       total 21504K, used 7190K [0x00000000b5a00000, 0x00000000b6f00000, 0x00000000c0000000)
  object space 21504K, 33% used [0x00000000b5a00000,0x00000000b61058b8,0x00000000b6f00000)

Card table byte_map: [0x00007f65c2356000,0x00007f65c25aa000] byte_map_base: 0x00007f65c1da9000

Polling page: 0x00007f65c5a85000

Code Cache  [0x00007f65b9000000, 0x00007f65b9270000, 0x00007f65bc000000)
 total_blobs=944 nmethods=693 adapters=204 free_code_cache=47255Kb largest_free_block=48334592

Compilation events (10 events):
Event: 2,321 Thread 0x00007f65bc0b7800 nmethod 704 0x00007f65b913bed0 code [0x00007f65b913c000, 0x00007f65b913c058]
Event: 2,321 Thread 0x00007f65bc0b7800  705             com.android.dx.io.instructions.FiveRegisterDecodedInstruction::getD (5 bytes)
Event: 2,321 Thread 0x00007f65bc0b7800 nmethod 705 0x00007f65b913bcd0 code [0x00007f65b913be00, 0x00007f65b913be58]
Event: 2,321 Thread 0x00007f65bc0b4800 nmethod 699 0x00007f65b91dd590 code [0x00007f65b91dd6e0, 0x00007f65b91dd8b8]
Event: 2,350 Thread 0x00007f65bc0b7800  706             com.android.dx.util.ByteArrayAnnotatedOutput::<init> (54 bytes)
Event: 2,350 Thread 0x00007f65bc0b4800  707             com.android.dx.util.ByteArrayAnnotatedOutput::<init> (9 bytes)
Event: 2,350 Thread 0x00007f65bc0b7800 nmethod 706 0x00007f65b913ba90 code [0x00007f65b913bbc0, 0x00007f65b913bc58]
Event: 2,350 Thread 0x00007f65bc0b7800  708             com.android.dx.util.ByteArrayAnnotatedOutput::toByteArray (23 bytes)
Event: 2,351 Thread 0x00007f65bc0b4800 nmethod 707 0x00007f65b91dd290 code [0x00007f65b91dd3e0, 0x00007f65b91dd4f8]
Event: 2,351 Thread 0x00007f65bc0b7800 nmethod 708 0x00007f65b91dced0 code [0x00007f65b91dd020, 0x00007f65b91dd198]

GC Heap History (10 events):
Event: 1,674 GC heap after
Heap after GC invocations=5 (full 0):
 PSYoungGen      total 32768K, used 2041K [0x00000000eaa80000, 0x00000000ef780000, 0x0000000100000000)
  eden space 30720K, 0% used [0x00000000eaa80000,0x00000000eaa80000,0x00000000ec880000)
  from space 2048K, 99% used [0x00000000ec880000,0x00000000eca7e4c8,0x00000000eca80000)
  to   space 8704K, 0% used [0x00000000eef00000,0x00000000eef00000,0x00000000ef780000)
 ParOldGen       total 38400K, used 20718K [0x00000000c0000000, 0x00000000c2580000, 0x00000000eaa80000)
  object space 38400K, 53% used [0x00000000c0000000,0x00000000c143ba28,0x00000000c2580000)
 PSPermGen       total 21504K, used 7044K [0x00000000b5a00000, 0x00000000b6f00000, 0x00000000c0000000)
  object space 21504K, 32% used [0x00000000b5a00000,0x00000000b60e1020,0x00000000b6f00000)
}
Event: 1,795 GC heap before
{Heap before GC invocations=6 (full 0):
 PSYoungGen      total 32768K, used 32464K [0x00000000eaa80000, 0x00000000ef780000, 0x0000000100000000)
  eden space 30720K, 99% used [0x00000000eaa80000,0x00000000ec835cf0,0x00000000ec880000)
  from space 2048K, 99% used [0x00000000ec880000,0x00000000eca7e4c8,0x00000000eca80000)
  to   space 8704K, 0% used [0x00000000eef00000,0x00000000eef00000,0x00000000ef780000)
 ParOldGen       total 38400K, used 20718K [0x00000000c0000000, 0x00000000c2580000, 0x00000000eaa80000)
  object space 38400K, 53% used [0x00000000c0000000,0x00000000c143ba28,0x00000000c2580000)
 PSPermGen       total 21504K, used 7069K [0x00000000b5a00000, 0x00000000b6f00000, 0x00000000c0000000)
  object space 21504K, 32% used [0x00000000b5a00000,0x00000000b60e7480,0x00000000b6f00000)
Event: 1,798 GC heap after
Heap after GC invocations=6 (full 0):
 PSYoungGen      total 70144K, used 4514K [0x00000000eaa80000, 0x00000000ef780000, 0x0000000100000000)
  eden space 61440K, 0% used [0x00000000eaa80000,0x00000000eaa80000,0x00000000ee680000)
  from space 8704K, 51% used [0x00000000eef00000,0x00000000ef368a60,0x00000000ef780000)
  to   space 8704K, 0% used [0x00000000ee680000,0x00000000ee680000,0x00000000eef00000)
 ParOldGen       total 38400K, used 20718K [0x00000000c0000000, 0x00000000c2580000, 0x00000000eaa80000)
  object space 38400K, 53% used [0x00000000c0000000,0x00000000c143ba28,0x00000000c2580000)
 PSPermGen       total 21504K, used 7069K [0x00000000b5a00000, 0x00000000b6f00000, 0x00000000c0000000)
  object space 21504K, 32% used [0x00000000b5a00000,0x00000000b60e7480,0x00000000b6f00000)
}
Event: 1,947 GC heap before
{Heap before GC invocations=7 (full 0):
 PSYoungGen      total 70144K, used 65954K [0x00000000eaa80000, 0x00000000ef780000, 0x0000000100000000)
  eden space 61440K, 100% used [0x00000000eaa80000,0x00000000ee680000,0x00000000ee680000)
  from space 8704K, 51% used [0x00000000eef00000,0x00000000ef368a60,0x00000000ef780000)
  to   space 8704K, 0% used [0x00000000ee680000,0x00000000ee680000,0x00000000eef00000)
 ParOldGen       total 38400K, used 20718K [0x00000000c0000000, 0x00000000c2580000, 0x00000000eaa80000)
  object space 38400K, 53% used [0x00000000c0000000,0x00000000c143ba28,0x00000000c2580000)
 PSPermGen       total 21504K, used 7176K [0x00000000b5a00000, 0x00000000b6f00000, 0x00000000c0000000)
  object space 21504K, 33% used [0x00000000b5a00000,0x00000000b6102278,0x00000000b6f00000)
Event: 1,968 GC heap after
Heap after GC invocations=7 (full 0):
 PSYoungGen      total 70144K, used 8548K [0x00000000eaa80000, 0x00000000f3580000, 0x0000000100000000)
  eden space 61440K, 0% used [0x00000000eaa80000,0x00000000eaa80000,0x00000000ee680000)
  from space 8704K, 98% used [0x00000000ee680000,0x00000000eeed9188,0x00000000eef00000)
  to   space 9728K, 0% used [0x00000000f2c00000,0x00000000f2c00000,0x00000000f3580000)
 ParOldGen       total 38400K, used 25213K [0x00000000c0000000, 0x00000000c2580000, 0x00000000eaa80000)
  object space 38400K, 65% used [0x00000000c0000000,0x00000000c189f788,0x00000000c2580000)
 PSPermGen       total 21504K, used 7176K [0x00000000b5a00000, 0x00000000b6f00000, 0x00000000c0000000)
  object space 21504K, 33% used [0x00000000b5a00000,0x00000000b6102278,0x00000000b6f00000)
}
Event: 2,125 GC heap before
{Heap before GC invocations=8 (full 0):
 PSYoungGen      total 70144K, used 69988K [0x00000000eaa80000, 0x00000000f3580000, 0x0000000100000000)
  eden space 61440K, 100% used [0x00000000eaa80000,0x00000000ee680000,0x00000000ee680000)
  from space 8704K, 98% used [0x00000000ee680000,0x00000000eeed9188,0x00000000eef00000)
  to   space 9728K, 0% used [0x00000000f2c00000,0x00000000f2c00000,0x00000000f3580000)
 ParOldGen       total 38400K, used 25213K [0x00000000c0000000, 0x00000000c2580000, 0x00000000eaa80000)
  object space 38400K, 65% used [0x00000000c0000000,0x00000000c189f788,0x00000000c2580000)
 PSPermGen       total 21504K, used 7185K [0x00000000b5a00000, 0x00000000b6f00000, 0x00000000c0000000)
  object space 21504K, 33% used [0x00000000b5a00000,0x00000000b6104798,0x00000000b6f00000)
Event: 2,150 GC heap after
Heap after GC invocations=8 (full 0):
 PSYoungGen      total 131584K, used 9300K [0x00000000eaa80000, 0x00000000f3780000, 0x0000000100000000)
  eden space 121856K, 0% used [0x00000000eaa80000,0x00000000eaa80000,0x00000000f2180000)
  from space 9728K, 95% used [0x00000000f2c00000,0x00000000f3515330,0x00000000f3580000)
  to   space 10752K, 0% used [0x00000000f2180000,0x00000000f2180000,0x00000000f2c00000)
 ParOldGen       total 38400K, used 32439K [0x00000000c0000000, 0x00000000c2580000, 0x00000000eaa80000)
  object space 38400K, 84% used [0x00000000c0000000,0x00000000c1fadfc8,0x00000000c2580000)
 PSPermGen       total 21504K, used 7185K [0x00000000b5a00000, 0x00000000b6f00000, 0x00000000c0000000)
  object space 21504K, 33% used [0x00000000b5a00000,0x00000000b6104798,0x00000000b6f00000)
}
Event: 2,150 GC heap before
{Heap before GC invocations=9 (full 1):
 PSYoungGen      total 131584K, used 9300K [0x00000000eaa80000, 0x00000000f3780000, 0x0000000100000000)
  eden space 121856K, 0% used [0x00000000eaa80000,0x00000000eaa80000,0x00000000f2180000)
  from space 9728K, 95% used [0x00000000f2c00000,0x00000000f3515330,0x00000000f3580000)
  to   space 10752K, 0% used [0x00000000f2180000,0x00000000f2180000,0x00000000f2c00000)
 ParOldGen       total 38400K, used 32439K [0x00000000c0000000, 0x00000000c2580000, 0x00000000eaa80000)
  object space 38400K, 84% used [0x00000000c0000000,0x00000000c1fadfc8,0x00000000c2580000)
 PSPermGen       total 21504K, used 7185K [0x00000000b5a00000, 0x00000000b6f00000, 0x00000000c0000000)
  object space 21504K, 33% used [0x00000000b5a00000,0x00000000b6104798,0x00000000b6f00000)
Event: 2,181 GC heap after
Heap after GC invocations=9 (full 1):
 PSYoungGen      total 131584K, used 0K [0x00000000eaa80000, 0x00000000f3780000, 0x0000000100000000)
  eden space 121856K, 0% used [0x00000000eaa80000,0x00000000eaa80000,0x00000000f2180000)
  from space 9728K, 0% used [0x00000000f2c00000,0x00000000f2c00000,0x00000000f3580000)
  to   space 10752K, 0% used [0x00000000f2180000,0x00000000f2180000,0x00000000f2c00000)
 ParOldGen       total 46080K, used 20582K [0x00000000c0000000, 0x00000000c2d00000, 0x00000000eaa80000)
  object space 46080K, 44% used [0x00000000c0000000,0x00000000c1419888,0x00000000c2d00000)
 PSPermGen       total 21504K, used 7183K [0x00000000b5a00000, 0x00000000b6f00000, 0x00000000c0000000)
  object space 21504K, 33% used [0x00000000b5a00000,0x00000000b6103d80,0x00000000b6f00000)
}
Event: 2,353 GC heap before
{Heap before GC invocations=10 (full 1):
 PSYoungGen      total 131584K, used 121856K [0x00000000eaa80000, 0x00000000f3780000, 0x0000000100000000)
  eden space 121856K, 100% used [0x00000000eaa80000,0x00000000f2180000,0x00000000f2180000)
  from space 9728K, 0% used [0x00000000f2c00000,0x00000000f2c00000,0x00000000f3580000)
  to   space 10752K, 0% used [0x00000000f2180000,0x00000000f2180000,0x00000000f2c00000)
 ParOldGen       total 46080K, used 20582K [0x00000000c0000000, 0x00000000c2d00000, 0x00000000eaa80000)
  object space 46080K, 44% used [0x00000000c0000000,0x00000000c1419888,0x00000000c2d00000)
 PSPermGen       total 21504K, used 7190K [0x00000000b5a00000, 0x00000000b6f00000, 0x00000000c0000000)
  object space 21504K, 33% used [0x00000000b5a00000,0x00000000b61058b8,0x00000000b6f00000)

Deoptimization events (10 events):
Event: 1,916 Thread 0x00007f65bc00c000 Uncommon trap: reason=array_check action=maybe_recompile pc=0x00007f65b9087b40 method=java.util.ComparableTimSort.binarySort([Ljava/lang/Object;III)V @ 193
Event: 1,927 Thread 0x00007f65bc00c000 Uncommon trap: reason=predicate action=maybe_recompile pc=0x00007f65b9188ad8 method=java.util.TimSort.binarySort([Ljava/lang/Object;IIILjava/util/Comparator;)V @ 37
Event: 2,006 Thread 0x00007f65bc00c000 Uncommon trap: reason=array_check action=maybe_recompile pc=0x00007f65b91a4ca0 method=java.util.TimSort.binarySort([Ljava/lang/Object;IIILjava/util/Comparator;)V @ 215
Event: 2,006 Thread 0x00007f65bc00c000 Uncommon trap: reason=array_check action=maybe_recompile pc=0x00007f65b91a4ca0 method=java.util.TimSort.binarySort([Ljava/lang/Object;IIILjava/util/Comparator;)V @ 215
Event: 2,007 Thread 0x00007f65bc00c000 Uncommon trap: reason=array_check action=maybe_recompile pc=0x00007f65b91a4d48 method=java.util.TimSort.binarySort([Ljava/lang/Object;IIILjava/util/Comparator;)V @ 193
Event: 2,062 Thread 0x00007f65bc00c000 Uncommon trap: reason=array_check action=maybe_recompile pc=0x00007f65b91a4ca0 method=java.util.TimSort.binarySort([Ljava/lang/Object;IIILjava/util/Comparator;)V @ 215
Event: 2,107 Thread 0x00007f65bc00c000 Uncommon trap: reason=array_check action=maybe_recompile pc=0x00007f65b91ba79c method=java.util.ComparableTimSort.binarySort([Ljava/lang/Object;III)V @ 183
Event: 2,115 Thread 0x00007f65bc00c000 Uncommon trap: reason=array_check action=maybe_recompile pc=0x00007f65b91b5eec method=java.util.TimSort.binarySort([Ljava/lang/Object;IIILjava/util/Comparator;)V @ 183
Event: 2,115 Thread 0x00007f65bc00c000 Uncommon trap: reason=array_check action=maybe_recompile pc=0x00007f65b91b5eec method=java.util.TimSort.binarySort([Ljava/lang/Object;IIILjava/util/Comparator;)V @ 183
Event: 2,206 Thread 0x00007f65bc00c000 Uncommon trap: reason=array_check action=maybe_recompile pc=0x00007f65b91ba79c method=java.util.ComparableTimSort.binarySort([Ljava/lang/Object;III)V @ 183

Internal exceptions (10 events):
Event: 1,383 Thread 0x00007f65bc00c000 Threw 0x00000000eb87ea58 at /build/buildd/openjdk-7-7u79-2.5.5/build/openjdk/hotspot/src/share/vm/prims/jvm.cpp:1284
Event: 1,383 Thread 0x00007f65bc00c000 Threw 0x00000000eb882698 at /build/buildd/openjdk-7-7u79-2.5.5/build/openjdk/hotspot/src/share/vm/prims/jvm.cpp:1284
Event: 1,383 Thread 0x00007f65bc00c000 Threw 0x00000000eb886428 at /build/buildd/openjdk-7-7u79-2.5.5/build/openjdk/hotspot/src/share/vm/prims/jvm.cpp:1284
Event: 1,384 Thread 0x00007f65bc00c000 Threw 0x00000000eb88c3b8 at /build/buildd/openjdk-7-7u79-2.5.5/build/openjdk/hotspot/src/share/vm/prims/jvm.cpp:1284
Event: 1,384 Thread 0x00007f65bc00c000 Threw 0x00000000eb88fee8 at /build/buildd/openjdk-7-7u79-2.5.5/build/openjdk/hotspot/src/share/vm/prims/jvm.cpp:1284
Event: 1,385 Thread 0x00007f65bc00c000 Threw 0x00000000eb893bb0 at /build/buildd/openjdk-7-7u79-2.5.5/build/openjdk/hotspot/src/share/vm/prims/jvm.cpp:1284
Event: 1,385 Thread 0x00007f65bc00c000 Threw 0x00000000eb8975e8 at /build/buildd/openjdk-7-7u79-2.5.5/build/openjdk/hotspot/src/share/vm/prims/jvm.cpp:1284
Event: 1,387 Thread 0x00007f65bc00c000 Threw 0x00000000eb89f0b8 at /build/buildd/openjdk-7-7u79-2.5.5/build/openjdk/hotspot/src/share/vm/prims/jvm.cpp:1284
Event: 1,387 Thread 0x00007f65bc00c000 Threw 0x00000000eb8a1c20 at /build/buildd/openjdk-7-7u79-2.5.5/build/openjdk/hotspot/src/share/vm/prims/jvm.cpp:1284
Event: 1,620 Thread 0x00007f65bc00c000 Threw 0x00000000ec136690 at /build/buildd/openjdk-7-7u79-2.5.5/build/openjdk/hotspot/src/share/vm/prims/jvm.cpp:1284

Events (10 events):
Event: 2,115 Thread 0x00007f65bc00c000 DEOPT UNPACKING pc=0x00007f65b9039445 sp=0x00007f65c5a64498 mode 2
Event: 2,125 Executing VM operation: ParallelGCFailedAllocation
Event: 2,181 Executing VM operation: ParallelGCFailedAllocation done
Event: 2,206 Thread 0x00007f65bc00c000 Uncommon trap: trap_request=0xffffffd6 fr.pc=0x00007f65b91ba79c
Event: 2,206 Thread 0x00007f65bc00c000 DEOPT PACKING pc=0x00007f65b91ba79c sp=0x00007f65c5a64440
Event: 2,206 Thread 0x00007f65bc00c000 DEOPT UNPACKING pc=0x00007f65b9039445 sp=0x00007f65c5a64418 mode 2
Event: 2,230 Thread 0x00007f65bc0b7800 flushing nmethod 0x00007f65b9125190
Event: 2,231 Thread 0x00007f65bc0b7800 flushing nmethod 0x00007f65b912d490
Event: 2,231 Thread 0x00007f65bc0b7800 flushing nmethod 0x00007f65b913b990
Event: 2,353 Executing VM operation: ParallelGCFailedAllocation


Dynamic libraries:
00400000-00401000 r-xp 00000000 08:01 2896608                            /usr/lib/jvm/java-7-openjdk-amd64/jre/bin/java
00600000-00601000 r--p 00000000 08:01 2896608                            /usr/lib/jvm/java-7-openjdk-amd64/jre/bin/java
00601000-00602000 rw-p 00001000 08:01 2896608                            /usr/lib/jvm/java-7-openjdk-amd64/jre/bin/java
0116a000-0118b000 rw-p 00000000 00:00 0                                  [heap]
b5a00000-b6f00000 rw-p 00000000 00:00 0 
b6f00000-c0000000 rw-p 00000000 00:00 0 
c0000000-c2d00000 rw-p 00000000 00:00 0 
c2d00000-eaa80000 rw-p 00000000 00:00 0 
eaa80000-f3780000 rw-p 00000000 00:00 0 
f8180000-100000000 rw-p 00000000 00:00 0 
7f656c000000-7f656c021000 rw-p 00000000 00:00 0 
7f656c021000-7f6570000000 ---p 00000000 00:00 0 
7f6570000000-7f6570021000 rw-p 00000000 00:00 0 
7f6570021000-7f6574000000 ---p 00000000 00:00 0 
7f6574000000-7f65747c6000 rw-p 00000000 00:00 0 
7f65747c6000-7f6578000000 ---p 00000000 00:00 0 
7f6578000000-7f6578928000 rw-p 00000000 00:00 0 
7f6578928000-7f657c000000 ---p 00000000 00:00 0 
7f657c000000-7f657c021000 rw-p 00000000 00:00 0 
7f657c021000-7f6580000000 ---p 00000000 00:00 0 
7f6580000000-7f6580021000 rw-p 00000000 00:00 0 
7f6580021000-7f6584000000 ---p 00000000 00:00 0 
7f6584000000-7f65840e1000 rw-p 00000000 00:00 0 
7f65840e1000-7f6588000000 ---p 00000000 00:00 0 
7f6588000000-7f6588021000 rw-p 00000000 00:00 0 
7f6588021000-7f658c000000 ---p 00000000 00:00 0 
7f658c000000-7f658c021000 rw-p 00000000 00:00 0 
7f658c021000-7f6590000000 ---p 00000000 00:00 0 
7f6594000000-7f6594021000 rw-p 00000000 00:00 0 
7f6594021000-7f6598000000 ---p 00000000 00:00 0 
7f659b99f000-7f659b9dc000 r-xp 00000000 08:01 1314944                    /lib/x86_64-linux-gnu/libpcre.so.3.13.1
7f659b9dc000-7f659bbdb000 ---p 0003d000 08:01 1314944                    /lib/x86_64-linux-gnu/libpcre.so.3.13.1
7f659bbdb000-7f659bbdc000 r--p 0003c000 08:01 1314944                    /lib/x86_64-linux-gnu/libpcre.so.3.13.1
7f659bbdc000-7f659bbdd000 rw-p 0003d000 08:01 1314944                    /lib/x86_64-linux-gnu/libpcre.so.3.13.1
7f659bbdd000-7f659bbe4000 r-xp 00000000 08:01 2631073                    /usr/lib/x86_64-linux-gnu/libffi.so.6.0.1
7f659bbe4000-7f659bde3000 ---p 00007000 08:01 2631073                    /usr/lib/x86_64-linux-gnu/libffi.so.6.0.1
7f659bde3000-7f659bde4000 r--p 00006000 08:01 2631073                    /usr/lib/x86_64-linux-gnu/libffi.so.6.0.1
7f659bde4000-7f659bde5000 rw-p 00007000 08:01 2631073                    /usr/lib/x86_64-linux-gnu/libffi.so.6.0.1
7f659bde5000-7f659bdfc000 r-xp 00000000 08:01 1314798                    /lib/x86_64-linux-gnu/libresolv-2.19.so
7f659bdfc000-7f659bffc000 ---p 00017000 08:01 1314798                    /lib/x86_64-linux-gnu/libresolv-2.19.so
7f659bffc000-7f659bffd000 r--p 00017000 08:01 1314798                    /lib/x86_64-linux-gnu/libresolv-2.19.so
7f659bffd000-7f659bffe000 rw-p 00018000 08:01 1314798                    /lib/x86_64-linux-gnu/libresolv-2.19.so
7f659bffe000-7f659c000000 rw-p 00000000 00:00 0 
7f659c000000-7f659c021000 rw-p 00000000 00:00 0 
7f659c021000-7f65a0000000 ---p 00000000 00:00 0 
7f65a0000000-7f65a0021000 rw-p 00000000 00:00 0 
7f65a0021000-7f65a4000000 ---p 00000000 00:00 0 
7f65a4000000-7f65a4021000 rw-p 00000000 00:00 0 
7f65a4021000-7f65a8000000 ---p 00000000 00:00 0 
7f65a806f000-7f65a81d0000 rw-p 00000000 00:00 0 
7f65a81d0000-7f65a81f0000 r-xp 00000000 08:01 1314971                    /lib/x86_64-linux-gnu/libselinux.so.1
7f65a81f0000-7f65a83ef000 ---p 00020000 08:01 1314971                    /lib/x86_64-linux-gnu/libselinux.so.1
7f65a83ef000-7f65a83f0000 r--p 0001f000 08:01 1314971                    /lib/x86_64-linux-gnu/libselinux.so.1
7f65a83f0000-7f65a83f1000 rw-p 00020000 08:01 1314971                    /lib/x86_64-linux-gnu/libselinux.so.1
7f65a83f1000-7f65a83f3000 rw-p 00000000 00:00 0 
7f65a83f3000-7f65a83f6000 r-xp 00000000 08:01 2621804                    /usr/lib/x86_64-linux-gnu/libgmodule-2.0.so.0.4002.0
7f65a83f6000-7f65a85f5000 ---p 00003000 08:01 2621804                    /usr/lib/x86_64-linux-gnu/libgmodule-2.0.so.0.4002.0
7f65a85f5000-7f65a85f6000 r--p 00002000 08:01 2621804                    /usr/lib/x86_64-linux-gnu/libgmodule-2.0.so.0.4002.0
7f65a85f6000-7f65a85f7000 rw-p 00003000 08:01 2621804                    /usr/lib/x86_64-linux-gnu/libgmodule-2.0.so.0.4002.0
7f65a85f7000-7f65a86fd000 r-xp 00000000 08:01 1314776                    /lib/x86_64-linux-gnu/libglib-2.0.so.0.4002.0
7f65a86fd000-7f65a88fc000 ---p 00106000 08:01 1314776                    /lib/x86_64-linux-gnu/libglib-2.0.so.0.4002.0
7f65a88fc000-7f65a88fd000 r--p 00105000 08:01 1314776                    /lib/x86_64-linux-gnu/libglib-2.0.so.0.4002.0
7f65a88fd000-7f65a88fe000 rw-p 00106000 08:01 1314776                    /lib/x86_64-linux-gnu/libglib-2.0.so.0.4002.0
7f65a88fe000-7f65a88ff000 rw-p 00000000 00:00 0 
7f65a88ff000-7f65a894e000 r-xp 00000000 08:01 2621822                    /usr/lib/x86_64-linux-gnu/libgobject-2.0.so.0.4002.0
7f65a894e000-7f65a8b4e000 ---p 0004f000 08:01 2621822                    /usr/lib/x86_64-linux-gnu/libgobject-2.0.so.0.4002.0
7f65a8b4e000-7f65a8b4f000 r--p 0004f000 08:01 2621822                    /usr/lib/x86_64-linux-gnu/libgobject-2.0.so.0.4002.0
7f65a8b4f000-7f65a8b50000 rw-p 00050000 08:01 2621822                    /usr/lib/x86_64-linux-gnu/libgobject-2.0.so.0.4002.0
7f65a8b50000-7f65a8cbc000 r-xp 00000000 08:01 2621826                    /usr/lib/x86_64-linux-gnu/libgio-2.0.so.0.4002.0
7f65a8cbc000-7f65a8ebb000 ---p 0016c000 08:01 2621826                    /usr/lib/x86_64-linux-gnu/libgio-2.0.so.0.4002.0
7f65a8ebb000-7f65a8ebf000 r--p 0016b000 08:01 2621826                    /usr/lib/x86_64-linux-gnu/libgio-2.0.so.0.4002.0
7f65a8ebf000-7f65a8ec1000 rw-p 0016f000 08:01 2621826                    /usr/lib/x86_64-linux-gnu/libgio-2.0.so.0.4002.0
7f65a8ec1000-7f65a8ec3000 rw-p 00000000 00:00 0 
7f65a8ec3000-7f65a8eda000 r-xp 00000000 08:01 2896675                    /usr/lib/jvm/java-7-openjdk-amd64/jre/lib/amd64/libnet.so
7f65a8eda000-7f65a90d9000 ---p 00017000 08:01 2896675                    /usr/lib/jvm/java-7-openjdk-amd64/jre/lib/amd64/libnet.so
7f65a90d9000-7f65a90da000 r--p 00016000 08:01 2896675                    /usr/lib/jvm/java-7-openjdk-amd64/jre/lib/amd64/libnet.so
7f65a90da000-7f65a90db000 rw-p 00017000 08:01 2896675                    /usr/lib/jvm/java-7-openjdk-amd64/jre/lib/amd64/libnet.so
7f65a90db000-7f65a90eb000 r-xp 00000000 08:01 2896662                    /usr/lib/jvm/java-7-openjdk-amd64/jre/lib/amd64/libnio.so
7f65a90eb000-7f65a92eb000 ---p 00010000 08:01 2896662                    /usr/lib/jvm/java-7-openjdk-amd64/jre/lib/amd64/libnio.so
7f65a92eb000-7f65a92ec000 r--p 00010000 08:01 2896662                    /usr/lib/jvm/java-7-openjdk-amd64/jre/lib/amd64/libnio.so
7f65a92ec000-7f65a92ed000 rw-p 00011000 08:01 2896662                    /usr/lib/jvm/java-7-openjdk-amd64/jre/lib/amd64/libnio.so
7f65a92ed000-7f65a92ee000 ---p 00000000 00:00 0 
7f65a92ee000-7f65a93ee000 rw-p 00000000 00:00 0                          [stack:7706]
7f65a93ee000-7f65a9ad0000 r--p 00000000 08:01 2629488                    /usr/lib/locale/locale-archive
7f65a9ad0000-7f65ac000000 rw-p 00000000 00:00 0 
7f65ac000000-7f65ac021000 rw-p 00000000 00:00 0 
7f65ac021000-7f65b0000000 ---p 00000000 00:00 0 
7f65b0000000-7f65b0021000 rw-p 00000000 00:00 0 
7f65b0021000-7f65b4000000 ---p 00000000 00:00 0 
7f65b4000000-7f65b4021000 rw-p 00000000 00:00 0 
7f65b4021000-7f65b8000000 ---p 00000000 00:00 0 
7f65b80f1000-7f65b80f4000 ---p 00000000 00:00 0 
7f65b80f4000-7f65b81f2000 rw-p 00000000 00:00 0                          [stack:7705]
7f65b81f2000-7f65b81f5000 ---p 00000000 00:00 0 
7f65b81f5000-7f65b82f3000 rw-p 00000000 00:00 0                          [stack:7704]
7f65b82f3000-7f65b82f6000 ---p 00000000 00:00 0 
7f65b82f6000-7f65b83f4000 rw-p 00000000 00:00 0                          [stack:7703]
7f65b83f4000-7f65b83f7000 ---p 00000000 00:00 0 
7f65b83f7000-7f65b84f5000 rw-p 00000000 00:00 0                          [stack:7702]
7f65b84f5000-7f65b84f8000 ---p 00000000 00:00 0 
7f65b84f8000-7f65b85f6000 rw-p 00000000 00:00 0                          [stack:7701]
7f65b85f6000-7f65b85f9000 ---p 00000000 00:00 0 
7f65b85f9000-7f65b86f7000 rw-p 00000000 00:00 0                          [stack:7700]
7f65b86f7000-7f65b86f8000 ---p 00000000 00:00 0 
7f65b86f8000-7f65b9000000 rw-p 00000000 00:00 0                          [stack:7699]
7f65b9000000-7f65b9270000 rwxp 00000000 00:00 0 
7f65b9270000-7f65bc283000 rw-p 00000000 00:00 0 
7f65bc283000-7f65c0000000 ---p 00000000 00:00 0 
7f65c000e000-7f65c000f000 rw-p 00000000 00:00 0 
7f65c000f000-7f65c0014000 r--s 0004d000 08:01 2896697                    /usr/lib/jvm/java-7-openjdk-amd64/jre/lib/jsse.jar
7f65c0014000-7f65c0023000 r--s 000dd000 00:19 3280347                    /home/kev/Android/Sdk/build-tools/21.1.2/lib/dx.jar
7f65c0023000-7f65c14a8000 rw-p 00000000 00:00 0 
7f65c14a8000-7f65c1659000 r--s 01d27000 08:01 2896681                    /usr/lib/jvm/java-7-openjdk-amd64/jre/lib/rt.jar
7f65c1659000-7f65c19a5000 rw-p 00000000 00:00 0 
7f65c19a5000-7f65c19a6000 ---p 00000000 00:00 0 
7f65c19a6000-7f65c1aa6000 rw-p 00000000 00:00 0                          [stack:7698]
7f65c1aa6000-7f65c1aa7000 ---p 00000000 00:00 0 
7f65c1aa7000-7f65c1ba7000 rw-p 00000000 00:00 0                          [stack:7697]
7f65c1ba7000-7f65c1ba8000 ---p 00000000 00:00 0 
7f65c1ba8000-7f65c1ca8000 rw-p 00000000 00:00 0                          [stack:7696]
7f65c1ca8000-7f65c1ca9000 ---p 00000000 00:00 0 
7f65c1ca9000-7f65c1da9000 rw-p 00000000 00:00 0                          [stack:7695]
7f65c1da9000-7f65c1daa000 ---p 00000000 00:00 0 
7f65c1daa000-7f65c1eaa000 rw-p 00000000 00:00 0                          [stack:7694]
7f65c1eaa000-7f65c1eab000 ---p 00000000 00:00 0 
7f65c1eab000-7f65c1fab000 rw-p 00000000 00:00 0                          [stack:7693]
7f65c1fab000-7f65c1fac000 ---p 00000000 00:00 0 
7f65c1fac000-7f65c20ac000 rw-p 00000000 00:00 0                          [stack:7692]
7f65c20ac000-7f65c20ad000 ---p 00000000 00:00 0 
7f65c20ad000-7f65c21b8000 rw-p 00000000 00:00 0                          [stack:7691]
7f65c21b8000-7f65c2200000 rw-p 00000000 00:00 0 
7f65c2200000-7f65c2217000 rw-p 00000000 00:00 0 
7f65c2217000-7f65c2356000 rw-p 00000000 00:00 0 
7f65c2356000-7f65c2361000 rw-p 00000000 00:00 0 
7f65c2361000-7f65c23a9000 rw-p 00000000 00:00 0 
7f65c23a9000-7f65c23c0000 rw-p 00000000 00:00 0 
7f65c23c0000-7f65c24fe000 rw-p 00000000 00:00 0 
7f65c24fe000-7f65c2545000 rw-p 00000000 00:00 0 
7f65c2545000-7f65c25a9000 rw-p 00000000 00:00 0 
7f65c25a9000-7f65c25aa000 rw-p 00000000 00:00 0 
7f65c25aa000-7f65c25b2000 r-xp 00000000 08:01 2896658                    /usr/lib/jvm/java-7-openjdk-amd64/jre/lib/amd64/libzip.so
7f65c25b2000-7f65c27b1000 ---p 00008000 08:01 2896658                    /usr/lib/jvm/java-7-openjdk-amd64/jre/lib/amd64/libzip.so
7f65c27b1000-7f65c27b2000 r--p 00007000 08:01 2896658                    /usr/lib/jvm/java-7-openjdk-amd64/jre/lib/amd64/libzip.so
7f65c27b2000-7f65c27b3000 rw-p 00008000 08:01 2896658                    /usr/lib/jvm/java-7-openjdk-amd64/jre/lib/amd64/libzip.so
7f65c27b3000-7f65c27be000 r-xp 00000000 08:01 1314833                    /lib/x86_64-linux-gnu/libnss_files-2.19.so
7f65c27be000-7f65c29bd000 ---p 0000b000 08:01 1314833                    /lib/x86_64-linux-gnu/libnss_files-2.19.so
7f65c29bd000-7f65c29be000 r--p 0000a000 08:01 1314833                    /lib/x86_64-linux-gnu/libnss_files-2.19.so
7f65c29be000-7f65c29bf000 rw-p 0000b000 08:01 1314833                    /lib/x86_64-linux-gnu/libnss_files-2.19.so
7f65c29bf000-7f65c29ca000 r-xp 00000000 08:01 1314967                    /lib/x86_64-linux-gnu/libnss_nis-2.19.so
7f65c29ca000-7f65c2bc9000 ---p 0000b000 08:01 1314967                    /lib/x86_64-linux-gnu/libnss_nis-2.19.so
7f65c2bc9000-7f65c2bca000 r--p 0000a000 08:01 1314967                    /lib/x86_64-linux-gnu/libnss_nis-2.19.so
7f65c2bca000-7f65c2bcb000 rw-p 0000b000 08:01 1314967                    /lib/x86_64-linux-gnu/libnss_nis-2.19.so
7f65c2bcb000-7f65c2be2000 r-xp 00000000 08:01 1314868                    /lib/x86_64-linux-gnu/libnsl-2.19.so
7f65c2be2000-7f65c2de1000 ---p 00017000 08:01 1314868                    /lib/x86_64-linux-gnu/libnsl-2.19.so
7f65c2de1000-7f65c2de2000 r--p 00016000 08:01 1314868                    /lib/x86_64-linux-gnu/libnsl-2.19.so
7f65c2de2000-7f65c2de3000 rw-p 00017000 08:01 1314868                    /lib/x86_64-linux-gnu/libnsl-2.19.so
7f65c2de3000-7f65c2de5000 rw-p 00000000 00:00 0 
7f65c2de5000-7f65c2dee000 r-xp 00000000 08:01 1314859                    /lib/x86_64-linux-gnu/libnss_compat-2.19.so
7f65c2dee000-7f65c2fed000 ---p 00009000 08:01 1314859                    /lib/x86_64-linux-gnu/libnss_compat-2.19.so
7f65c2fed000-7f65c2fee000 r--p 00008000 08:01 1314859                    /lib/x86_64-linux-gnu/libnss_compat-2.19.so
7f65c2fee000-7f65c2fef000 rw-p 00009000 08:01 1314859                    /lib/x86_64-linux-gnu/libnss_compat-2.19.so
7f65c2fef000-7f65c301a000 r-xp 00000000 08:01 2896674                    /usr/lib/jvm/java-7-openjdk-amd64/jre/lib/amd64/libjava.so
7f65c301a000-7f65c321a000 ---p 0002b000 08:01 2896674                    /usr/lib/jvm/java-7-openjdk-amd64/jre/lib/amd64/libjava.so
7f65c321a000-7f65c321b000 r--p 0002b000 08:01 2896674                    /usr/lib/jvm/java-7-openjdk-amd64/jre/lib/amd64/libjava.so
7f65c321b000-7f65c321d000 rw-p 0002c000 08:01 2896674                    /usr/lib/jvm/java-7-openjdk-amd64/jre/lib/amd64/libjava.so
7f65c321d000-7f65c322d000 r-xp 00000000 08:01 2896671                    /usr/lib/jvm/java-7-openjdk-amd64/jre/lib/amd64/libverify.so
7f65c322d000-7f65c342c000 ---p 00010000 08:01 2896671                    /usr/lib/jvm/java-7-openjdk-amd64/jre/lib/amd64/libverify.so
7f65c342c000-7f65c342e000 r--p 0000f000 08:01 2896671                    /usr/lib/jvm/java-7-openjdk-amd64/jre/lib/amd64/libverify.so
7f65c342e000-7f65c342f000 rw-p 00011000 08:01 2896671                    /usr/lib/jvm/java-7-openjdk-amd64/jre/lib/amd64/libverify.so
7f65c342f000-7f65c3436000 r-xp 00000000 08:01 1314916                    /lib/x86_64-linux-gnu/librt-2.19.so
7f65c3436000-7f65c3635000 ---p 00007000 08:01 1314916                    /lib/x86_64-linux-gnu/librt-2.19.so
7f65c3635000-7f65c3636000 r--p 00006000 08:01 1314916                    /lib/x86_64-linux-gnu/librt-2.19.so
7f65c3636000-7f65c3637000 rw-p 00007000 08:01 1314916                    /lib/x86_64-linux-gnu/librt-2.19.so
7f65c3637000-7f65c364d000 r-xp 00000000 08:01 1314818                    /lib/x86_64-linux-gnu/libgcc_s.so.1
7f65c364d000-7f65c384c000 ---p 00016000 08:01 1314818                    /lib/x86_64-linux-gnu/libgcc_s.so.1
7f65c384c000-7f65c384d000 rw-p 00015000 08:01 1314818                    /lib/x86_64-linux-gnu/libgcc_s.so.1
7f65c384d000-7f65c3952000 r-xp 00000000 08:01 1314817                    /lib/x86_64-linux-gnu/libm-2.19.so
7f65c3952000-7f65c3b51000 ---p 00105000 08:01 1314817                    /lib/x86_64-linux-gnu/libm-2.19.so
7f65c3b51000-7f65c3b52000 r--p 00104000 08:01 1314817                    /lib/x86_64-linux-gnu/libm-2.19.so
7f65c3b52000-7f65c3b53000 rw-p 00105000 08:01 1314817                    /lib/x86_64-linux-gnu/libm-2.19.so
7f65c3b53000-7f65c3c39000 r-xp 00000000 08:01 2631701                    /usr/lib/x86_64-linux-gnu/libstdc++.so.6.0.19
7f65c3c39000-7f65c3e38000 ---p 000e6000 08:01 2631701                    /usr/lib/x86_64-linux-gnu/libstdc++.so.6.0.19
7f65c3e38000-7f65c3e40000 r--p 000e5000 08:01 2631701                    /usr/lib/x86_64-linux-gnu/libstdc++.so.6.0.19
7f65c3e40000-7f65c3e42000 rw-p 000ed000 08:01 2631701                    /usr/lib/x86_64-linux-gnu/libstdc++.so.6.0.19
7f65c3e42000-7f65c3e57000 rw-p 00000000 00:00 0 
7f65c3e57000-7f65c496f000 r-xp 00000000 08:01 2896679                    /usr/lib/jvm/java-7-openjdk-amd64/jre/lib/amd64/server/libjvm.so
7f65c496f000-7f65c4b6f000 ---p 00b18000 08:01 2896679                    /usr/lib/jvm/java-7-openjdk-amd64/jre/lib/amd64/server/libjvm.so
7f65c4b6f000-7f65c4c09000 r--p 00b18000 08:01 2896679                    /usr/lib/jvm/java-7-openjdk-amd64/jre/lib/amd64/server/libjvm.so
7f65c4c09000-7f65c4c2c000 rw-p 00bb2000 08:01 2896679                    /usr/lib/jvm/java-7-openjdk-amd64/jre/lib/amd64/server/libjvm.so
7f65c4c2c000-7f65c4c5a000 rw-p 00000000 00:00 0 
7f65c4c5a000-7f65c4c72000 r-xp 00000000 08:01 1315004                    /lib/x86_64-linux-gnu/libz.so.1.2.8
7f65c4c72000-7f65c4e71000 ---p 00018000 08:01 1315004                    /lib/x86_64-linux-gnu/libz.so.1.2.8
7f65c4e71000-7f65c4e72000 r--p 00017000 08:01 1315004                    /lib/x86_64-linux-gnu/libz.so.1.2.8
7f65c4e72000-7f65c4e73000 rw-p 00018000 08:01 1315004                    /lib/x86_64-linux-gnu/libz.so.1.2.8
7f65c4e73000-7f65c4e8c000 r-xp 00000000 08:01 1314912                    /lib/x86_64-linux-gnu/libpthread-2.19.so
7f65c4e8c000-7f65c508b000 ---p 00019000 08:01 1314912                    /lib/x86_64-linux-gnu/libpthread-2.19.so
7f65c508b000-7f65c508c000 r--p 00018000 08:01 1314912                    /lib/x86_64-linux-gnu/libpthread-2.19.so
7f65c508c000-7f65c508d000 rw-p 00019000 08:01 1314912                    /lib/x86_64-linux-gnu/libpthread-2.19.so
7f65c508d000-7f65c5091000 rw-p 00000000 00:00 0 
7f65c5091000-7f65c5094000 r-xp 00000000 08:01 1314851                    /lib/x86_64-linux-gnu/libdl-2.19.so
7f65c5094000-7f65c5293000 ---p 00003000 08:01 1314851                    /lib/x86_64-linux-gnu/libdl-2.19.so
7f65c5293000-7f65c5294000 r--p 00002000 08:01 1314851                    /lib/x86_64-linux-gnu/libdl-2.19.so
7f65c5294000-7f65c5295000 rw-p 00003000 08:01 1314851                    /lib/x86_64-linux-gnu/libdl-2.19.so
7f65c5295000-7f65c5450000 r-xp 00000000 08:01 1314910                    /lib/x86_64-linux-gnu/libc-2.19.so
7f65c5450000-7f65c564f000 ---p 001bb000 08:01 1314910                    /lib/x86_64-linux-gnu/libc-2.19.so
7f65c564f000-7f65c5653000 r--p 001ba000 08:01 1314910                    /lib/x86_64-linux-gnu/libc-2.19.so
7f65c5653000-7f65c5655000 rw-p 001be000 08:01 1314910                    /lib/x86_64-linux-gnu/libc-2.19.so
7f65c5655000-7f65c565a000 rw-p 00000000 00:00 0 
7f65c565a000-7f65c5667000 r-xp 00000000 08:01 2896650                    /usr/lib/jvm/java-7-openjdk-amd64/jre/lib/amd64/jli/libjli.so
7f65c5667000-7f65c5866000 ---p 0000d000 08:01 2896650                    /usr/lib/jvm/java-7-openjdk-amd64/jre/lib/amd64/jli/libjli.so
7f65c5866000-7f65c5867000 r--p 0000c000 08:01 2896650                    /usr/lib/jvm/java-7-openjdk-amd64/jre/lib/amd64/jli/libjli.so
7f65c5867000-7f65c5868000 rw-p 0000d000 08:01 2896650                    /usr/lib/jvm/java-7-openjdk-amd64/jre/lib/amd64/jli/libjli.so
7f65c5868000-7f65c588b000 r-xp 00000000 08:01 1314872                    /lib/x86_64-linux-gnu/ld-2.19.so
7f65c588b000-7f65c588d000 r--s 00006000 08:01 3031457                    /usr/share/java/java-atk-wrapper.jar
7f65c588d000-7f65c58af000 rw-p 00000000 00:00 0 
7f65c58af000-7f65c5965000 rw-p 00000000 00:00 0 
7f65c5965000-7f65c5968000 ---p 00000000 00:00 0 
7f65c5968000-7f65c5a6b000 rw-p 00000000 00:00 0                          [stack:7690]
7f65c5a6b000-7f65c5a6d000 r--s 00012000 08:01 2896689                    /usr/lib/jvm/java-7-openjdk-amd64/jre/lib/ext/zipfs.jar
7f65c5a6d000-7f65c5a70000 r--s 0000f000 08:01 2896684                    /usr/lib/jvm/java-7-openjdk-amd64/jre/lib/ext/icedtea-sound.jar
7f65c5a70000-7f65c5a73000 r--s 00086000 08:01 2896687                    /usr/lib/jvm/java-7-openjdk-amd64/jre/lib/ext/localedata.jar
7f65c5a73000-7f65c5a77000 r--s 00034000 08:01 2896688                    /usr/lib/jvm/java-7-openjdk-amd64/jre/lib/ext/sunjce_provider.jar
7f65c5a77000-7f65c5a7b000 r--s 0003c000 08:01 2896686                    /usr/lib/jvm/java-7-openjdk-amd64/jre/lib/ext/sunpkcs11.jar
7f65c5a7b000-7f65c5a7c000 r--s 00002000 08:01 2896685                    /usr/lib/jvm/java-7-openjdk-amd64/jre/lib/ext/dnsns.jar
7f65c5a7c000-7f65c5a84000 rw-s 00000000 08:01 665701                     /tmp/hsperfdata_kev/7684
7f65c5a84000-7f65c5a85000 rw-p 00000000 00:00 0 
7f65c5a85000-7f65c5a86000 ---p 00000000 00:00 0 
7f65c5a86000-7f65c5a88000 rw-p 00000000 00:00 0 
7f65c5a88000-7f65c5a8a000 r-xp 00000000 00:00 0                          [vdso]
7f65c5a8a000-7f65c5a8b000 r--p 00022000 08:01 1314872                    /lib/x86_64-linux-gnu/ld-2.19.so
7f65c5a8b000-7f65c5a8c000 rw-p 00023000 08:01 1314872                    /lib/x86_64-linux-gnu/ld-2.19.so
7f65c5a8c000-7f65c5a8d000 rw-p 00000000 00:00 0 
7fffd0bda000-7fffd0bfc000 rw-p 00000000 00:00 0                          [stack]
ffffffffff600000-ffffffffff601000 r-xp 00000000 00:00 0                  [vsyscall]

VM Arguments:
jvm_args: -Xmx1024M -Dfile.encoding=UTF-8 -Duser.country=US -Duser.language=en -Duser.variant 
java_command: com.android.dx.command.Main --dex --output /home/kev/AndroidStudioProjects/PriceCloud/app/build/intermediates/dex/debug /home/kev/AndroidStudioProjects/PriceCloud/app/build/intermediates/classes/debug /home/kev/AndroidStudioProjects/PriceCloud/app/build/intermediates/pre-dexed/debug/support-annotations-22.2.0-47529ac724c557d0a5590715bd59ee03eb3d089e.jar /home/kev/AndroidStudioProjects/PriceCloud/app/build/intermediates/pre-dexed/debug/classes-6f53929c59bddb41dc47672ba172f2df13a695dd.jar /home/kev/AndroidStudioProjects/PriceCloud/app/build/intermediates/pre-dexed/debug/classes-6c442f0d9abde040e40e674a19105e4ae643f1e7.jar /home/kev/AndroidStudioProjects/PriceCloud/app/build/intermediates/pre-dexed/debug/classes-b3a574ae2360b2a35a5374027e790e371b6ba833.jar /home/kev/AndroidStudioProjects/PriceCloud/app/build/intermediates/pre-dexed/debug/internal_impl-22.0.0-3f4198c2b9de9c2f236882d5e4e7e5679e500b10.jar /home/kev/AndroidStudioProjects/PriceCloud/app/build/intermediates/pre-dexed/debug/classes-dd00e13e55427572cc98c88a2e708f811418805a.jar /home/kev/AndroidStudioProjects/PriceCloud/app/build/intermediates/pre-dexed/debug/classes-d373bc7eea05044a443c67937e68c3f848c4a891.jar /home/kev/AndroidStudioProjects/PriceCloud/app/build/intermediates/pre-dexed/debug/classes-737b2b747426fb2693012b7faeb38377e52de754.jar /home/kev/AndroidStudioProjects/PriceCloud/app/build/intermediates/pre-dexed/debug/classes-d5aee46fe9fc2fb9ef2d81b7ee3664f00d0edd40.jar /home/kev/AndroidStudioProjects/PriceCloud/app/build/intermediates/pre-dexed/debug/classes-879217c8ec485c1bd328a5b15ebb0d37f78439f6.jar /home/kev/AndroidStudioProjects/PriceCloud/app/build/intermediates/pre-dexed/debug/classes-617b36adb7422716a4e963e770bb49ae6af34efb.jar /home/kev/AndroidStudioProjects/PriceCloud/app/build/intermediates/pre-dexed/debug/classes-dc52b2be9a1451ca03381177a20199fb00f762f3.jar /home/kev/AndroidStudioProjects/PriceCloud/app/build/intermediates/pre-dexed/debug/classes-da4488b3c869e3b39ecca7d99513
Launcher Type: SUN_STANDARD

Environment Variables:
PATH=/usr/local/sbin:/usr/local/bin:/usr/sbin:/usr/bin:/sbin:/bin:/usr/games:/usr/local/games:~/.composer/vendor/bin
LD_LIBRARY_PATH=/opt/android-studio/bin:
SHELL=/bin/bash
DISPLAY=:0

Signal Handlers:
SIGSEGV: [libjvm.so+0x94b9a0], sa_mask[0]=0x7ffbfeff, sa_flags=0x10000004
SIGBUS: [libjvm.so+0x94b9a0], sa_mask[0]=0x7ffbfeff, sa_flags=0x10000004
SIGFPE: [libjvm.so+0x7c3880], sa_mask[0]=0x7ffbfeff, sa_flags=0x10000004
SIGPIPE: [libjvm.so+0x7c3880], sa_mask[0]=0x7ffbfeff, sa_flags=0x10000004
SIGXFSZ: [libjvm.so+0x7c3880], sa_mask[0]=0x7ffbfeff, sa_flags=0x10000004
SIGILL: [libjvm.so+0x7c3880], sa_mask[0]=0x7ffbfeff, sa_flags=0x10000004
SIGUSR1: SIG_DFL, sa_mask[0]=0x00000000, sa_flags=0x00000000
SIGUSR2: [libjvm.so+0x7c3720], sa_mask[0]=0x00000004, sa_flags=0x10000004
SIGHUP: [libjvm.so+0x7c3900], sa_mask[0]=0x7ffbfeff, sa_flags=0x10000004
SIGINT: [libjvm.so+0x7c3900], sa_mask[0]=0x7ffbfeff, sa_flags=0x10000004
SIGTERM: [libjvm.so+0x7c3900], sa_mask[0]=0x7ffbfeff, sa_flags=0x10000004
SIGQUIT: [libjvm.so+0x7c3900], sa_mask[0]=0x7ffbfeff, sa_flags=0x10000004
SIGTRAP: SIG_DFL, sa_mask[0]=0x00000000, sa_flags=0x00000000


---------------  S Y S T E M  ---------------

OS:Ubuntu 14.04 (trusty)
uname:Linux 3.13.0-54-generic #91-Ubuntu SMP Tue May 26 19:15:08 UTC 2015 x86_64
libc:glibc 2.19 NPTL 2.19 
rlimit: STACK 8192k, CORE 0k, NPROC 28866, NOFILE 4096, AS infinity
load average:1,82 2,21 2,30

/proc/meminfo:
MemTotal:        3724688 kB
MemFree:          127032 kB
Buffers:             584 kB
Cached:           622976 kB
SwapCached:         6828 kB
Active:          2612196 kB
Inactive:         806616 kB
Active(anon):    2602020 kB
Inactive(anon):   797256 kB
Active(file):      10176 kB
Inactive(file):     9360 kB
Unevictable:          32 kB
Mlocked:              32 kB
SwapTotal:        488276 kB
SwapFree:          11796 kB
Dirty:                44 kB
Writeback:          1944 kB
AnonPages:       2787940 kB
Mapped:           153132 kB
Shmem:            604140 kB
Slab:              81636 kB
SReclaimable:      32556 kB
SUnreclaim:        49080 kB
KernelStack:        5096 kB
PageTables:        34300 kB
NFS_Unstable:          0 kB
Bounce:                0 kB
WritebackTmp:          0 kB
CommitLimit:     2350620 kB
Committed_AS:    8944908 kB
VmallocTotal:   34359738367 kB
VmallocUsed:      351728 kB
VmallocChunk:   34359361284 kB
HardwareCorrupted:     0 kB
AnonHugePages:    688128 kB
HugePages_Total:       0
HugePages_Free:        0
HugePages_Rsvd:        0
HugePages_Surp:        0
Hugepagesize:       2048 kB
DirectMap4k:       80512 kB
DirectMap2M:     2738176 kB
DirectMap1G:     1048576 kB


CPU:total 8 (4 cores per cpu, 2 threads per core) family 6 model 60 stepping 3, cmov, cx8, fxsr, mmx, sse, sse2, sse3, ssse3, sse4.1, sse4.2, popcnt, avx, avx2, aes, erms, ht, tsc, tscinvbit

/proc/cpuinfo:
processor	: 0
vendor_id	: GenuineIntel
cpu family	: 6
model		: 60
model name	: Intel(R) Core(TM) i7-4771 CPU @ 3.50GHz
stepping	: 3
microcode	: 0x9
cpu MHz		: 3501.000
cache size	: 8192 KB
physical id	: 0
siblings	: 8
core id		: 0
cpu cores	: 4
apicid		: 0
initial apicid	: 0
fpu		: yes
fpu_exception	: yes
cpuid level	: 13
wp		: yes
flags		: fpu vme de pse tsc msr pae mce cx8 apic sep mtrr pge mca cmov pat pse36 clflush dts acpi mmx fxsr sse sse2 ss ht tm pbe syscall nx pdpe1gb rdtscp lm constant_tsc arch_perfmon pebs bts rep_good nopl xtopology nonstop_tsc aperfmperf eagerfpu pni pclmulqdq dtes64 monitor ds_cpl vmx smx est tm2 ssse3 fma cx16 xtpr pdcm pcid sse4_1 sse4_2 x2apic movbe popcnt tsc_deadline_timer aes xsave avx f16c rdrand lahf_lm abm ida arat epb xsaveopt pln pts dtherm tpr_shadow vnmi flexpriority ept vpid fsgsbase tsc_adjust bmi1 hle avx2 smep bmi2 erms invpcid rtm
bogomips	: 6995.80
clflush size	: 64
cache_alignment	: 64
address sizes	: 39 bits physical, 48 bits virtual
power management:

processor	: 1
vendor_id	: GenuineIntel
cpu family	: 6
model		: 60
model name	: Intel(R) Core(TM) i7-4771 CPU @ 3.50GHz
stepping	: 3
microcode	: 0x9
cpu MHz		: 800.000
cache size	: 8192 KB
physical id	: 0
siblings	: 8
core id		: 1
cpu cores	: 4
apicid		: 2
initial apicid	: 2
fpu		: yes
fpu_exception	: yes
cpuid level	: 13
wp		: yes
flags		: fpu vme de pse tsc msr pae mce cx8 apic sep mtrr pge mca cmov pat pse36 clflush dts acpi mmx fxsr sse sse2 ss ht tm pbe syscall nx pdpe1gb rdtscp lm constant_tsc arch_perfmon pebs bts rep_good nopl xtopology nonstop_tsc aperfmperf eagerfpu pni pclmulqdq dtes64 monitor ds_cpl vmx smx est tm2 ssse3 fma cx16 xtpr pdcm pcid sse4_1 sse4_2 x2apic movbe popcnt tsc_deadline_timer aes xsave avx f16c rdrand lahf_lm abm ida arat epb xsaveopt pln pts dtherm tpr_shadow vnmi flexpriority ept vpid fsgsbase tsc_adjust bmi1 hle avx2 smep bmi2 erms invpcid rtm
bogomips	: 6995.80
clflush size	: 64
cache_alignment	: 64
address sizes	: 39 bits physical, 48 bits virtual
power management:

processor	: 2
vendor_id	: GenuineIntel
cpu family	: 6
model		: 60
model name	: Intel(R) Core(TM) i7-4771 CPU @ 3.50GHz
stepping	: 3
microcode	: 0x9
cpu MHz		: 800.000
cache size	: 8192 KB
physical id	: 0
siblings	: 8
core id		: 2
cpu cores	: 4
apicid		: 4
initial apicid	: 4
fpu		: yes
fpu_exception	: yes
cpuid level	: 13
wp		: yes
flags		: fpu vme de pse tsc msr pae mce cx8 apic sep mtrr pge mca cmov pat pse36 clflush dts acpi mmx fxsr sse sse2 ss ht tm pbe syscall nx pdpe1gb rdtscp lm constant_tsc arch_perfmon pebs bts rep_good nopl xtopology nonstop_tsc aperfmperf eagerfpu pni pclmulqdq dtes64 monitor ds_cpl vmx smx est tm2 ssse3 fma cx16 xtpr pdcm pcid sse4_1 sse4_2 x2apic movbe popcnt tsc_deadline_timer aes xsave avx f16c rdrand lahf_lm abm ida arat epb xsaveopt pln pts dtherm tpr_shadow vnmi flexpriority ept vpid fsgsbase tsc_adjust bmi1 hle avx2 smep bmi2 erms invpcid rtm
bogomips	: 6995.80
clflush size	: 64
cache_alignment	: 64
address sizes	: 39 bits physical, 48 bits virtual
power management:

processor	: 3
vendor_id	: GenuineIntel
cpu family	: 6
model		: 60
model name	: Intel(R) Core(TM) i7-4771 CPU @ 3.50GHz
stepping	: 3
microcode	: 0x9
cpu MHz		: 1400.000
cache size	: 8192 KB
physical id	: 0
siblings	: 8
core id		: 3
cpu cores	: 4
apicid		: 6
initial apicid	: 6
fpu		: yes
fpu_exception	: yes
cpuid level	: 13
wp		: yes
flags		: fpu vme de pse tsc msr pae mce cx8 apic sep mtrr pge mca cmov pat pse36 clflush dts acpi mmx fxsr sse sse2 ss ht tm pbe syscall nx pdpe1gb rdtscp lm constant_tsc arch_perfmon pebs bts rep_good nopl xtopology nonstop_tsc aperfmperf eagerfpu pni pclmulqdq dtes64 monitor ds_cpl vmx smx est tm2 ssse3 fma cx16 xtpr pdcm pcid sse4_1 sse4_2 x2apic movbe popcnt tsc_deadline_timer aes xsave avx f16c rdrand lahf_lm abm ida arat epb xsaveopt pln pts dtherm tpr_shadow vnmi flexpriority ept vpid fsgsbase tsc_adjust bmi1 hle avx2 smep bmi2 erms invpcid rtm
bogomips	: 6995.80
clflush size	: 64
cache_alignment	: 64
address sizes	: 39 bits physical, 48 bits virtual
power management:

processor	: 4
vendor_id	: GenuineIntel
cpu family	: 6
model		: 60
model name	: Intel(R) Core(TM) i7-4771 CPU @ 3.50GHz
stepping	: 3
microcode	: 0x9
cpu MHz		: 800.000
cache size	: 8192 KB
physical id	: 0
siblings	: 8
core id		: 0
cpu cores	: 4
apicid		: 1
initial apicid	: 1
fpu		: yes
fpu_exception	: yes
cpuid level	: 13
wp		: yes
flags		: fpu vme de pse tsc msr pae mce cx8 apic sep mtrr pge mca cmov pat pse36 clflush dts acpi mmx fxsr sse sse2 ss ht tm pbe syscall nx pdpe1gb rdtscp lm constant_tsc arch_perfmon pebs bts rep_good nopl xtopology nonstop_tsc aperfmperf eagerfpu pni pclmulqdq dtes64 monitor ds_cpl vmx smx est tm2 ssse3 fma cx16 xtpr pdcm pcid sse4_1 sse4_2 x2apic movbe popcnt tsc_deadline_timer aes xsave avx f16c rdrand lahf_lm abm ida arat epb xsaveopt pln pts dtherm tpr_shadow vnmi flexpriority ept vpid fsgsbase tsc_adjust bmi1 hle avx2 smep bmi2 erms invpcid rtm
bogomips	: 6995.80
clflush size	: 64
cache_alignment	: 64
address sizes	: 39 bits physical, 48 bits virtual
power management:

processor	: 5
vendor_id	: GenuineIntel
cpu family	: 6
model		: 60
model name	: Intel(R) Core(TM) i7-4771 CPU @ 3.50GHz
stepping	: 3
microcode	: 0x9
cpu MHz		: 2900.000
cache size	: 8192 KB
physical id	: 0
siblings	: 8
core id		: 1
cpu cores	: 4
apicid		: 3
initial apicid	: 3
fpu		: yes
fpu_exception	: yes
cpuid level	: 13
wp		: yes
flags		: fpu vme de pse tsc msr pae mce cx8 apic sep mtrr pge mca cmov pat pse36 clflush dts acpi mmx fxsr sse sse2 ss ht tm pbe syscall nx pdpe1gb rdtscp lm constant_tsc arch_perfmon pebs bts rep_good nopl xtopology nonstop_tsc aperfmperf eagerfpu pni pclmulqdq dtes64 monitor ds_cpl vmx smx est tm2 ssse3 fma cx16 xtpr pdcm pcid sse4_1 sse4_2 x2apic movbe popcnt tsc_deadline_timer aes xsave avx f16c rdrand lahf_lm abm ida arat epb xsaveopt pln pts dtherm tpr_shadow vnmi flexpriority ept vpid fsgsbase tsc_adjust bmi1 hle avx2 smep bmi2 erms invpcid rtm
bogomips	: 6995.80
clflush size	: 64
cache_alignment	: 64
address sizes	: 39 bits physical, 48 bits virtual
power management:

processor	: 6
vendor_id	: GenuineIntel
cpu family	: 6
model		: 60
model name	: Intel(R) Core(TM) i7-4771 CPU @ 3.50GHz
stepping	: 3
microcode	: 0x9
cpu MHz		: 3501.000
cache size	: 8192 KB
physical id	: 0
siblings	: 8
core id		: 2
cpu cores	: 4
apicid		: 5
initial apicid	: 5
fpu		: yes
fpu_exception	: yes
cpuid level	: 13
wp		: yes
flags		: fpu vme de pse tsc msr pae mce cx8 apic sep mtrr pge mca cmov pat pse36 clflush dts acpi mmx fxsr sse sse2 ss ht tm pbe syscall nx pdpe1gb rdtscp lm constant_tsc arch_perfmon pebs bts rep_good nopl xtopology nonstop_tsc aperfmperf eagerfpu pni pclmulqdq dtes64 monitor ds_cpl vmx smx est tm2 ssse3 fma cx16 xtpr pdcm pcid sse4_1 sse4_2 x2apic movbe popcnt tsc_deadline_timer aes xsave avx f16c rdrand lahf_lm abm ida arat epb xsaveopt pln pts dtherm tpr_shadow vnmi flexpriority ept vpid fsgsbase tsc_adjust bmi1 hle avx2 smep bmi2 erms invpcid rtm
bogomips	: 6995.80
clflush size	: 64
cache_alignment	: 64
address sizes	: 39 bits physical, 48 bits virtual
power management:

processor	: 7
vendor_id	: GenuineIntel
cpu family	: 6
model		: 60
model name	: Intel(R) Core(TM) i7-4771 CPU @ 3.50GHz
stepping	: 3
microcode	: 0x9
cpu MHz		: 3501.000
cache size	: 8192 KB
physical id	: 0
siblings	: 8
core id		: 3
cpu cores	: 4
apicid		: 7
initial apicid	: 7
fpu		: yes
fpu_exception	: yes
cpuid level	: 13
wp		: yes
flags		: fpu vme de pse tsc msr pae mce cx8 apic sep mtrr pge mca cmov pat pse36 clflush dts acpi mmx fxsr sse sse2 ss ht tm pbe syscall nx pdpe1gb rdtscp lm constant_tsc arch_perfmon pebs bts rep_good nopl xtopology nonstop_tsc aperfmperf eagerfpu pni pclmulqdq dtes64 monitor ds_cpl vmx smx est tm2 ssse3 fma cx16 xtpr pdcm pcid sse4_1 sse4_2 x2apic movbe popcnt tsc_deadline_timer aes xsave avx f16c rdrand lahf_lm abm ida arat epb xsaveopt pln pts dtherm tpr_shadow vnmi flexpriority ept vpid fsgsbase tsc_adjust bmi1 hle avx2 smep bmi2 erms invpcid rtm
bogomips	: 6995.80
clflush size	: 64
cache_alignment	: 64
address sizes	: 39 bits physical, 48 bits virtual
power management:



Memory: 4k page, physical 3724688k(128404k free), swap 488276k(10424k free)

vm_info: OpenJDK 64-Bit Server VM (24.79-b02) for linux-amd64 JRE (1.7.0_79-b14), built on Apr 16 2015 08:21:58 by "buildd" with gcc 4.8.2

time: Wed Jun 17 11:05:04 2015
elapsed time: 2 seconds

