#
# There is insufficient memory for the Java Runtime Environment to continue.
# Native memory allocation (malloc) failed to allocate 45088768 bytes for committing reserved memory.
# Possible reasons:
#   The system is out of physical RAM or swap space
#   In 32 bit mode, the process size limit was hit
# Possible solutions:
#   Reduce memory load on the system
#   Increase physical memory or swap space
#   Check if swap backing store is full
#   Use 64 bit Java on a 64 bit OS
#   Decrease Java heap size (-Xmx/-Xms)
#   Decrease number of Java threads
#   Decrease Java thread stack sizes (-Xss)
#   Set larger code cache with -XX:ReservedCodeCacheSize=
# This output file may be truncated or incomplete.
#
#  Out of Memory Error (os_linux.cpp:2809), pid=25153, tid=140099900655360
#
# JRE version: OpenJDK Runtime Environment (7.0_79-b14) (build 1.7.0_79-b14)
# Java VM: OpenJDK 64-Bit Server VM (24.79-b02 mixed mode linux-amd64 compressed oops)
# Derivative: IcedTea 2.5.5
# Distribution: Ubuntu 14.04 LTS, package 7u79-2.5.5-0ubuntu0.14.04.2
# Failed to write core dump. Core dumps have been disabled. To enable core dumping, try "ulimit -c unlimited" before starting Java again
#

---------------  T H R E A D  ---------------

Current thread (0x00007f6b90080000):  VMThread [stack: 0x00007f6b8cbfc000,0x00007f6b8ccfd000] [id=25168]

Stack: [0x00007f6b8cbfc000,0x00007f6b8ccfd000],  sp=0x00007f6b8ccfb490,  free space=1021k
Native frames: (J=compiled Java code, j=interpreted, Vv=VM code, C=native code)
V  [libjvm.so+0x94aec5]  VMError::report_and_die()+0x175
V  [libjvm.so+0x48b9c4]  report_vm_out_of_memory(char const*, int, unsigned long, char const*)+0x74
V  [libjvm.so+0x7c806b]  os::pd_commit_memory(char*, unsigned long, unsigned long, bool)+0xeb
V  [libjvm.so+0x7c2b0f]  os::commit_memory(char*, unsigned long, unsigned long, bool)+0x1f
V  [libjvm.so+0x83500b]  PSVirtualSpace::expand_by(unsigned long)+0x5b
V  [libjvm.so+0x835e60]  PSYoungGen::resize_generation(unsigned long, unsigned long)+0xb0
V  [libjvm.so+0x83654b]  PSYoungGen::resize(unsigned long, unsigned long)+0x1b
V  [libjvm.so+0x832830]  PSScavenge::invoke_no_policy()+0xde0
V  [libjvm.so+0x833008]  PSScavenge::invoke()+0x38
V  [libjvm.so+0x7e96f3]  ParallelScavengeHeap::failed_mem_allocate(unsigned long)+0x63
V  [libjvm.so+0x94c8c4]  VM_ParallelGCFailedAllocation::doit()+0x84
V  [libjvm.so+0x950dc7]  VM_Operation::evaluate()+0x47
V  [libjvm.so+0x94f738]  VMThread::evaluate_operation(VM_Operation*)+0x318
V  [libjvm.so+0x94fb99]  VMThread::loop()+0x219
V  [libjvm.so+0x94ffe2]  VMThread::run()+0x72
V  [libjvm.so+0x7c4f32]  java_start(Thread*)+0xf2

VM_Operation (0x00007f6b99f4d220): ParallelGCFailedAllocation, mode: safepoint, requested by thread 0x00007f6b9000c000


---------------  P R O C E S S  ---------------

Java Threads: ( => current thread )
  0x00007f6b900b9800 JavaThread "Service Thread" daemon [_thread_blocked, id=25174, stack(0x00007f6b7d9cf000,0x00007f6b7dad0000)]
  0x00007f6b900b7800 JavaThread "C2 CompilerThread1" daemon [_thread_blocked, id=25173, stack(0x00007f6b8c015000,0x00007f6b8c116000)]
  0x00007f6b900b4800 JavaThread "C2 CompilerThread0" daemon [_thread_blocked, id=25172, stack(0x00007f6b8c116000,0x00007f6b8c217000)]
  0x00007f6b900b2800 JavaThread "Signal Dispatcher" daemon [_thread_blocked, id=25171, stack(0x00007f6b8c217000,0x00007f6b8c318000)]
  0x00007f6b90086800 JavaThread "Finalizer" daemon [_thread_blocked, id=25170, stack(0x00007f6b8c9fa000,0x00007f6b8cafb000)]
  0x00007f6b90084800 JavaThread "Reference Handler" daemon [_thread_blocked, id=25169, stack(0x00007f6b8cafb000,0x00007f6b8cbfc000)]
  0x00007f6b9000c000 JavaThread "main" [_thread_blocked, id=25159, stack(0x00007f6b99e4e000,0x00007f6b99f4f000)]

Other Threads:
=>0x00007f6b90080000 VMThread [stack: 0x00007f6b8cbfc000,0x00007f6b8ccfd000] [id=25168]
  0x00007f6b900c4800 WatcherThread [stack: 0x00007f6b7d8ce000,0x00007f6b7d9cf000] [id=25175]

VM state:at safepoint (normal execution)

VM Mutex/Monitor currently owned by a thread:  ([mutex/lock_event])
[0x00007f6b90008410] Threads_lock - owner thread: 0x00007f6b90080000
[0x00007f6b90008910] Heap_lock - owner thread: 0x00007f6b9000c000

Heap
 PSYoungGen      total 32768K, used 2034K [0x00000000eaa80000, 0x00000000ecc80000, 0x0000000100000000)
  eden space 30720K, 0% used [0x00000000eaa80000,0x00000000eaa80000,0x00000000ec880000)
  from space 2048K, 99% used [0x00000000ec880000,0x00000000eca7c870,0x00000000eca80000)
  to   space 2048K, 0% used [0x00000000eca80000,0x00000000eca80000,0x00000000ecc80000)
 ParOldGen       total 38400K, used 17335K [0x00000000c0000000, 0x00000000c2580000, 0x00000000eaa80000)
  object space 38400K, 45% used [0x00000000c0000000,0x00000000c10edd78,0x00000000c2580000)
 PSPermGen       total 21504K, used 7075K [0x00000000b5a00000, 0x00000000b6f00000, 0x00000000c0000000)
  object space 21504K, 32% used [0x00000000b5a00000,0x00000000b60e8e88,0x00000000b6f00000)

Card table byte_map: [0x00007f6b9683d000,0x00007f6b96a91000] byte_map_base: 0x00007f6b96290000

Polling page: 0x00007f6b99f6e000

Code Cache  [0x00007f6b8d000000, 0x00007f6b8d270000, 0x00007f6b90000000)
 total_blobs=735 nmethods=484 adapters=202 free_code_cache=47692Kb largest_free_block=48800768

Compilation events (10 events):
Event: 14,012 Thread 0x00007f6b900b4800 nmethod 495 0x00007f6b8d0b65d0 code [0x00007f6b8d0b6700, 0x00007f6b8d0b6778]
Event: 14,012 Thread 0x00007f6b900b4800  496             com.android.dx.io.instructions.InstructionCodec$34::decode (314 bytes)
Event: 14,407 Thread 0x00007f6b900b7800 nmethod 491 0x00007f6b8d173a10 code [0x00007f6b8d173d20, 0x00007f6b8d174830]
Event: 14,470 Thread 0x00007f6b900b4800 nmethod 496 0x00007f6b8d08fa90 code [0x00007f6b8d08fca0, 0x00007f6b8d090930]
Event: 14,473 Thread 0x00007f6b900b7800  497             com.android.dx.io.instructions.ShortArrayCodeOutput::write (33 bytes)
Event: 14,473 Thread 0x00007f6b900b4800  498             com.android.dx.io.instructions.OneRegisterDecodedInstruction::getA (5 bytes)
Event: 15,160 Thread 0x00007f6b900b4800 nmethod 498 0x00007f6b8d0b6390 code [0x00007f6b8d0b64c0, 0x00007f6b8d0b6518]
Event: 15,243 Thread 0x00007f6b900b4800  499             com.android.dx.io.instructions.InstructionCodec::byte1 (9 bytes)
Event: 15,991 Thread 0x00007f6b900b7800 nmethod 497 0x00007f6b8d096790 code [0x00007f6b8d0968e0, 0x00007f6b8d096c38]
Event: 16,180 Thread 0x00007f6b900b7800  500             com.android.dx.io.instructions.InstructionCodec::access$200 (5 bytes)

GC Heap History (9 events):
Event: 0,546 GC heap before
{Heap before GC invocations=1 (full 0):
 PSYoungGen      total 17408K, used 15360K [0x00000000eaa80000, 0x00000000ebd80000, 0x0000000100000000)
  eden space 15360K, 100% used [0x00000000eaa80000,0x00000000eb980000,0x00000000eb980000)
  from space 2048K, 0% used [0x00000000ebb80000,0x00000000ebb80000,0x00000000ebd80000)
  to   space 2048K, 0% used [0x00000000eb980000,0x00000000eb980000,0x00000000ebb80000)
 ParOldGen       total 38400K, used 0K [0x00000000c0000000, 0x00000000c2580000, 0x00000000eaa80000)
  object space 38400K, 0% used [0x00000000c0000000,0x00000000c0000000,0x00000000c2580000)
 PSPermGen       total 21504K, used 5017K [0x00000000b5a00000, 0x00000000b6f00000, 0x00000000c0000000)
  object space 21504K, 23% used [0x00000000b5a00000,0x00000000b5ee6580,0x00000000b6f00000)
Event: 0,550 GC heap after
Heap after GC invocations=1 (full 0):
 PSYoungGen      total 17408K, used 2032K [0x00000000eaa80000, 0x00000000ebd80000, 0x0000000100000000)
  eden space 15360K, 0% used [0x00000000eaa80000,0x00000000eaa80000,0x00000000eb980000)
  from space 2048K, 99% used [0x00000000eb980000,0x00000000ebb7c028,0x00000000ebb80000)
  to   space 2048K, 0% used [0x00000000ebb80000,0x00000000ebb80000,0x00000000ebd80000)
 ParOldGen       total 38400K, used 2141K [0x00000000c0000000, 0x00000000c2580000, 0x00000000eaa80000)
  object space 38400K, 5% used [0x00000000c0000000,0x00000000c02175d8,0x00000000c2580000)
 PSPermGen       total 21504K, used 5017K [0x00000000b5a00000, 0x00000000b6f00000, 0x00000000c0000000)
  object space 21504K, 23% used [0x00000000b5a00000,0x00000000b5ee6580,0x00000000b6f00000)
}
Event: 0,929 GC heap before
{Heap before GC invocations=2 (full 0):
 PSYoungGen      total 17408K, used 17392K [0x00000000eaa80000, 0x00000000ebd80000, 0x0000000100000000)
  eden space 15360K, 100% used [0x00000000eaa80000,0x00000000eb980000,0x00000000eb980000)
  from space 2048K, 99% used [0x00000000eb980000,0x00000000ebb7c028,0x00000000ebb80000)
  to   space 2048K, 0% used [0x00000000ebb80000,0x00000000ebb80000,0x00000000ebd80000)
 ParOldGen       total 38400K, used 2141K [0x00000000c0000000, 0x00000000c2580000, 0x00000000eaa80000)
  object space 38400K, 5% used [0x00000000c0000000,0x00000000c02175d8,0x00000000c2580000)
 PSPermGen       total 21504K, used 5219K [0x00000000b5a00000, 0x00000000b6f00000, 0x00000000c0000000)
  object space 21504K, 24% used [0x00000000b5a00000,0x00000000b5f18d28,0x00000000b6f00000)
Event: 0,939 GC heap after
Heap after GC invocations=2 (full 0):
 PSYoungGen      total 17408K, used 2048K [0x00000000eaa80000, 0x00000000ecc80000, 0x0000000100000000)
  eden space 15360K, 0% used [0x00000000eaa80000,0x00000000eaa80000,0x00000000eb980000)
  from space 2048K, 100% used [0x00000000ebb80000,0x00000000ebd80000,0x00000000ebd80000)
  to   space 2048K, 0% used [0x00000000eb980000,0x00000000eb980000,0x00000000ebb80000)
 ParOldGen       total 38400K, used 5412K [0x00000000c0000000, 0x00000000c2580000, 0x00000000eaa80000)
  object space 38400K, 14% used [0x00000000c0000000,0x00000000c0549310,0x00000000c2580000)
 PSPermGen       total 21504K, used 5219K [0x00000000b5a00000, 0x00000000b6f00000, 0x00000000c0000000)
  object space 21504K, 24% used [0x00000000b5a00000,0x00000000b5f18d28,0x00000000b6f00000)
}
Event: 2,336 GC heap before
{Heap before GC invocations=3 (full 0):
 PSYoungGen      total 17408K, used 17222K [0x00000000eaa80000, 0x00000000ecc80000, 0x0000000100000000)
  eden space 15360K, 98% used [0x00000000eaa80000,0x00000000eb9518a8,0x00000000eb980000)
  from space 2048K, 100% used [0x00000000ebb80000,0x00000000ebd80000,0x00000000ebd80000)
  to   space 2048K, 0% used [0x00000000eb980000,0x00000000eb980000,0x00000000ebb80000)
 ParOldGen       total 38400K, used 5412K [0x00000000c0000000, 0x00000000c2580000, 0x00000000eaa80000)
  object space 38400K, 14% used [0x00000000c0000000,0x00000000c0549310,0x00000000c2580000)
 PSPermGen       total 21504K, used 5673K [0x00000000b5a00000, 0x00000000b6f00000, 0x00000000c0000000)
  object space 21504K, 26% used [0x00000000b5a00000,0x00000000b5f8a6e0,0x00000000b6f00000)
Event: 2,362 GC heap after
Heap after GC invocations=3 (full 0):
 PSYoungGen      total 17408K, used 2033K [0x00000000eaa80000, 0x00000000ecc80000, 0x0000000100000000)
  eden space 15360K, 0% used [0x00000000eaa80000,0x00000000eaa80000,0x00000000eb980000)
  from space 2048K, 99% used [0x00000000eb980000,0x00000000ebb7c6a8,0x00000000ebb80000)
  to   space 2048K, 0% used [0x00000000eca80000,0x00000000eca80000,0x00000000ecc80000)
 ParOldGen       total 38400K, used 10183K [0x00000000c0000000, 0x00000000c2580000, 0x00000000eaa80000)
  object space 38400K, 26% used [0x00000000c0000000,0x00000000c09f1dd8,0x00000000c2580000)
 PSPermGen       total 21504K, used 5673K [0x00000000b5a00000, 0x00000000b6f00000, 0x00000000c0000000)
  object space 21504K, 26% used [0x00000000b5a00000,0x00000000b5f8a6e0,0x00000000b6f00000)
}
Event: 9,303 GC heap before
{Heap before GC invocations=4 (full 0):
 PSYoungGen      total 17408K, used 17393K [0x00000000eaa80000, 0x00000000ecc80000, 0x0000000100000000)
  eden space 15360K, 100% used [0x00000000eaa80000,0x00000000eb980000,0x00000000eb980000)
  from space 2048K, 99% used [0x00000000eb980000,0x00000000ebb7c6a8,0x00000000ebb80000)
  to   space 2048K, 0% used [0x00000000eca80000,0x00000000eca80000,0x00000000ecc80000)
 ParOldGen       total 38400K, used 10183K [0x00000000c0000000, 0x00000000c2580000, 0x00000000eaa80000)
  object space 38400K, 26% used [0x00000000c0000000,0x00000000c09f1dd8,0x00000000c2580000)
 PSPermGen       total 21504K, used 6403K [0x00000000b5a00000, 0x00000000b6f00000, 0x00000000c0000000)
  object space 21504K, 29% used [0x00000000b5a00000,0x00000000b6040d68,0x00000000b6f00000)
Event: 9,436 GC heap after
Heap after GC invocations=4 (full 0):
 PSYoungGen      total 32768K, used 2033K [0x00000000eaa80000, 0x00000000ecc80000, 0x0000000100000000)
  eden space 30720K, 0% used [0x00000000eaa80000,0x00000000eaa80000,0x00000000ec880000)
  from space 2048K, 99% used [0x00000000eca80000,0x00000000ecc7c6a8,0x00000000ecc80000)
  to   space 2048K, 0% used [0x00000000ec880000,0x00000000ec880000,0x00000000eca80000)
 ParOldGen       total 38400K, used 15620K [0x00000000c0000000, 0x00000000c2580000, 0x00000000eaa80000)
  object space 38400K, 40% used [0x00000000c0000000,0x00000000c0f41370,0x00000000c2580000)
 PSPermGen       total 21504K, used 6403K [0x00000000b5a00000, 0x00000000b6f00000, 0x00000000c0000000)
  object space 21504K, 29% used [0x00000000b5a00000,0x00000000b6040d68,0x00000000b6f00000)
}
Event: 16,447 GC heap before
{Heap before GC invocations=5 (full 0):
 PSYoungGen      total 32768K, used 32753K [0x00000000eaa80000, 0x00000000ecc80000, 0x0000000100000000)
  eden space 30720K, 100% used [0x00000000eaa80000,0x00000000ec880000,0x00000000ec880000)
  from space 2048K, 99% used [0x00000000eca80000,0x00000000ecc7c6a8,0x00000000ecc80000)
  to   space 2048K, 0% used [0x00000000ec880000,0x00000000ec880000,0x00000000eca80000)
 ParOldGen       total 38400K, used 15620K [0x00000000c0000000, 0x00000000c2580000, 0x00000000eaa80000)
  object space 38400K, 40% used [0x00000000c0000000,0x00000000c0f41370,0x00000000c2580000)
 PSPermGen       total 21504K, used 7075K [0x00000000b5a00000, 0x00000000b6f00000, 0x00000000c0000000)
  object space 21504K, 32% used [0x00000000b5a00000,0x00000000b60e8e88,0x00000000b6f00000)

Deoptimization events (10 events):
Event: 9,166 Thread 0x00007f6b9000c000 Uncommon trap: reason=class_check action=maybe_recompile pc=0x00007f6b8d13220c method=com.android.dex.Leb128.writeUnsignedLeb128(Lcom/android/dex/util/ByteOutput;I)V @ 40
Event: 9,168 Thread 0x00007f6b9000c000 Uncommon trap: reason=class_check action=maybe_recompile pc=0x00007f6b8d13220c method=com.android.dex.Leb128.writeUnsignedLeb128(Lcom/android/dex/util/ByteOutput;I)V @ 40
Event: 9,168 Thread 0x00007f6b9000c000 Uncommon trap: reason=class_check action=maybe_recompile pc=0x00007f6b8d13220c method=com.android.dex.Leb128.writeUnsignedLeb128(Lcom/android/dex/util/ByteOutput;I)V @ 40
Event: 9,169 Thread 0x00007f6b9000c000 Uncommon trap: reason=class_check action=maybe_recompile pc=0x00007f6b8d13220c method=com.android.dex.Leb128.writeUnsignedLeb128(Lcom/android/dex/util/ByteOutput;I)V @ 40
Event: 11,131 Thread 0x00007f6b9000c000 Uncommon trap: reason=predicate action=maybe_recompile pc=0x00007f6b8d1452f8 method=com.android.dex.Leb128.writeUnsignedLeb128(Lcom/android/dex/util/ByteOutput;I)V @ 9
Event: 12,230 Thread 0x00007f6b9000c000 Uncommon trap: reason=class_check action=maybe_recompile pc=0x00007f6b8d1575bc method=com.android.dx.merge.DexMerger$IdMerger.mergeSorted()V @ 11
Event: 12,255 Thread 0x00007f6b9000c000 Uncommon trap: reason=class_check action=maybe_recompile pc=0x00007f6b8d1575bc method=com.android.dx.merge.DexMerger$IdMerger.mergeSorted()V @ 11
Event: 12,257 Thread 0x00007f6b9000c000 Uncommon trap: reason=class_check action=maybe_recompile pc=0x00007f6b8d1575bc method=com.android.dx.merge.DexMerger$IdMerger.mergeSorted()V @ 11
Event: 12,257 Thread 0x00007f6b9000c000 Uncommon trap: reason=class_check action=maybe_recompile pc=0x00007f6b8d1575bc method=com.android.dx.merge.DexMerger$IdMerger.mergeSorted()V @ 11
Event: 12,269 Thread 0x00007f6b9000c000 Uncommon trap: reason=predicate action=maybe_recompile pc=0x00007f6b8d15a014 method=com.android.dex.Leb128.readUnsignedLeb128(Lcom/android/dex/util/ByteInput;)I @ 41

Internal exceptions (10 events):
Event: 11,471 Thread 0x00007f6b9000c000 Threw 0x00000000eacb9910 at /build/buildd/openjdk-7-7u79-2.5.5/build/openjdk/hotspot/src/share/vm/prims/jvm.cpp:1284
Event: 11,472 Thread 0x00007f6b9000c000 Threw 0x00000000eacbd550 at /build/buildd/openjdk-7-7u79-2.5.5/build/openjdk/hotspot/src/share/vm/prims/jvm.cpp:1284
Event: 11,472 Thread 0x00007f6b9000c000 Threw 0x00000000eacc12e0 at /build/buildd/openjdk-7-7u79-2.5.5/build/openjdk/hotspot/src/share/vm/prims/jvm.cpp:1284
Event: 11,475 Thread 0x00007f6b9000c000 Threw 0x00000000eacc7270 at /build/buildd/openjdk-7-7u79-2.5.5/build/openjdk/hotspot/src/share/vm/prims/jvm.cpp:1284
Event: 11,475 Thread 0x00007f6b9000c000 Threw 0x00000000eaccad40 at /build/buildd/openjdk-7-7u79-2.5.5/build/openjdk/hotspot/src/share/vm/prims/jvm.cpp:1284
Event: 11,475 Thread 0x00007f6b9000c000 Threw 0x00000000eaccea08 at /build/buildd/openjdk-7-7u79-2.5.5/build/openjdk/hotspot/src/share/vm/prims/jvm.cpp:1284
Event: 11,476 Thread 0x00007f6b9000c000 Threw 0x00000000eacd2440 at /build/buildd/openjdk-7-7u79-2.5.5/build/openjdk/hotspot/src/share/vm/prims/jvm.cpp:1284
Event: 11,478 Thread 0x00007f6b9000c000 Threw 0x00000000eacd9ed8 at /build/buildd/openjdk-7-7u79-2.5.5/build/openjdk/hotspot/src/share/vm/prims/jvm.cpp:1284
Event: 11,480 Thread 0x00007f6b9000c000 Threw 0x00000000eacdca40 at /build/buildd/openjdk-7-7u79-2.5.5/build/openjdk/hotspot/src/share/vm/prims/jvm.cpp:1284
Event: 14,798 Thread 0x00007f6b9000c000 Threw 0x00000000ec4c6ab0 at /build/buildd/openjdk-7-7u79-2.5.5/build/openjdk/hotspot/src/share/vm/prims/jvm.cpp:1284

Events (10 events):
Event: 12,741 Thread 0x00007f6b900b7800 flushing nmethod 0x00007f6b8d0a7e90
Event: 12,743 Thread 0x00007f6b900b7800 flushing nmethod 0x00007f6b8d0d8210
Event: 13,825 loading class 0x00007f6b95befb90
Event: 13,975 loading class 0x00007f6b95befb90 done
Event: 14,011 Thread 0x00007f6b900b4800 flushing nmethod 0x00007f6b8d095d50
Event: 14,012 Thread 0x00007f6b900b4800 flushing nmethod 0x00007f6b8d0b6390
Event: 14,627 loading class 0x00007f6b9015f690
Event: 14,627 loading class 0x00007f6b9015f690 done
Event: 16,074 Thread 0x00007f6b900b7800 flushing nmethod 0x00007f6b8d131c90
Event: 16,348 Executing VM operation: ParallelGCFailedAllocation


Dynamic libraries:
00400000-00401000 r-xp 00000000 08:01 2896608                            /usr/lib/jvm/java-7-openjdk-amd64/jre/bin/java
00600000-00601000 r--p 00000000 08:01 2896608                            /usr/lib/jvm/java-7-openjdk-amd64/jre/bin/java
00601000-00602000 rw-p 00001000 08:01 2896608                            /usr/lib/jvm/java-7-openjdk-amd64/jre/bin/java
0189e000-018bf000 rw-p 00000000 00:00 0                                  [heap]
b5a00000-b6f00000 rw-p 00000000 00:00 0 
b6f00000-c0000000 rw-p 00000000 00:00 0 
c0000000-c2580000 rw-p 00000000 00:00 0 
c2580000-eaa80000 rw-p 00000000 00:00 0 
eaa80000-ecc80000 rw-p 00000000 00:00 0 
ef780000-100000000 rw-p 00000000 00:00 0 
7f6b38000000-7f6b38021000 rw-p 00000000 00:00 0 
7f6b38021000-7f6b3c000000 ---p 00000000 00:00 0 
7f6b40000000-7f6b40ad0000 rw-p 00000000 00:00 0 
7f6b40ad0000-7f6b44000000 ---p 00000000 00:00 0 
7f6b44000000-7f6b44021000 rw-p 00000000 00:00 0 
7f6b44021000-7f6b48000000 ---p 00000000 00:00 0 
7f6b48000000-7f6b48021000 rw-p 00000000 00:00 0 
7f6b48021000-7f6b4c000000 ---p 00000000 00:00 0 
7f6b4c000000-7f6b4c9f9000 rw-p 00000000 00:00 0 
7f6b4c9f9000-7f6b50000000 ---p 00000000 00:00 0 
7f6b50000000-7f6b50021000 rw-p 00000000 00:00 0 
7f6b50021000-7f6b54000000 ---p 00000000 00:00 0 
7f6b54000000-7f6b54021000 rw-p 00000000 00:00 0 
7f6b54021000-7f6b58000000 ---p 00000000 00:00 0 
7f6b58000000-7f6b58021000 rw-p 00000000 00:00 0 
7f6b58021000-7f6b5c000000 ---p 00000000 00:00 0 
7f6b5c000000-7f6b5c0e0000 rw-p 00000000 00:00 0 
7f6b5c0e0000-7f6b60000000 ---p 00000000 00:00 0 
7f6b60000000-7f6b60021000 rw-p 00000000 00:00 0 
7f6b60021000-7f6b64000000 ---p 00000000 00:00 0 
7f6b68000000-7f6b68021000 rw-p 00000000 00:00 0 
7f6b68021000-7f6b6c000000 ---p 00000000 00:00 0 
7f6b70000000-7f6b70021000 rw-p 00000000 00:00 0 
7f6b70021000-7f6b74000000 ---p 00000000 00:00 0 
7f6b77e9f000-7f6b78000000 rw-p 00000000 00:00 0 
7f6b78000000-7f6b78021000 rw-p 00000000 00:00 0 
7f6b78021000-7f6b7c000000 ---p 00000000 00:00 0 
7f6b7c135000-7f6b7c172000 r-xp 00000000 08:01 1314944                    /lib/x86_64-linux-gnu/libpcre.so.3.13.1
7f6b7c172000-7f6b7c371000 ---p 0003d000 08:01 1314944                    /lib/x86_64-linux-gnu/libpcre.so.3.13.1
7f6b7c371000-7f6b7c372000 r--p 0003c000 08:01 1314944                    /lib/x86_64-linux-gnu/libpcre.so.3.13.1
7f6b7c372000-7f6b7c373000 rw-p 0003d000 08:01 1314944                    /lib/x86_64-linux-gnu/libpcre.so.3.13.1
7f6b7c373000-7f6b7c37a000 r-xp 00000000 08:01 2631073                    /usr/lib/x86_64-linux-gnu/libffi.so.6.0.1
7f6b7c37a000-7f6b7c579000 ---p 00007000 08:01 2631073                    /usr/lib/x86_64-linux-gnu/libffi.so.6.0.1
7f6b7c579000-7f6b7c57a000 r--p 00006000 08:01 2631073                    /usr/lib/x86_64-linux-gnu/libffi.so.6.0.1
7f6b7c57a000-7f6b7c57b000 rw-p 00007000 08:01 2631073                    /usr/lib/x86_64-linux-gnu/libffi.so.6.0.1
7f6b7c57b000-7f6b7c592000 r-xp 00000000 08:01 1314798                    /lib/x86_64-linux-gnu/libresolv-2.19.so
7f6b7c592000-7f6b7c792000 ---p 00017000 08:01 1314798                    /lib/x86_64-linux-gnu/libresolv-2.19.so
7f6b7c792000-7f6b7c793000 r--p 00017000 08:01 1314798                    /lib/x86_64-linux-gnu/libresolv-2.19.so
7f6b7c793000-7f6b7c794000 rw-p 00018000 08:01 1314798                    /lib/x86_64-linux-gnu/libresolv-2.19.so
7f6b7c794000-7f6b7c796000 rw-p 00000000 00:00 0 
7f6b7c796000-7f6b7c7b6000 r-xp 00000000 08:01 1314971                    /lib/x86_64-linux-gnu/libselinux.so.1
7f6b7c7b6000-7f6b7c9b5000 ---p 00020000 08:01 1314971                    /lib/x86_64-linux-gnu/libselinux.so.1
7f6b7c9b5000-7f6b7c9b6000 r--p 0001f000 08:01 1314971                    /lib/x86_64-linux-gnu/libselinux.so.1
7f6b7c9b6000-7f6b7c9b7000 rw-p 00020000 08:01 1314971                    /lib/x86_64-linux-gnu/libselinux.so.1
7f6b7c9b7000-7f6b7c9b9000 rw-p 00000000 00:00 0 
7f6b7c9b9000-7f6b7c9bc000 r-xp 00000000 08:01 2621804                    /usr/lib/x86_64-linux-gnu/libgmodule-2.0.so.0.4002.0
7f6b7c9bc000-7f6b7cbbb000 ---p 00003000 08:01 2621804                    /usr/lib/x86_64-linux-gnu/libgmodule-2.0.so.0.4002.0
7f6b7cbbb000-7f6b7cbbc000 r--p 00002000 08:01 2621804                    /usr/lib/x86_64-linux-gnu/libgmodule-2.0.so.0.4002.0
7f6b7cbbc000-7f6b7cbbd000 rw-p 00003000 08:01 2621804                    /usr/lib/x86_64-linux-gnu/libgmodule-2.0.so.0.4002.0
7f6b7cbbd000-7f6b7ccc3000 r-xp 00000000 08:01 1314776                    /lib/x86_64-linux-gnu/libglib-2.0.so.0.4002.0
7f6b7ccc3000-7f6b7cec2000 ---p 00106000 08:01 1314776                    /lib/x86_64-linux-gnu/libglib-2.0.so.0.4002.0
7f6b7cec2000-7f6b7cec3000 r--p 00105000 08:01 1314776                    /lib/x86_64-linux-gnu/libglib-2.0.so.0.4002.0
7f6b7cec3000-7f6b7cec4000 rw-p 00106000 08:01 1314776                    /lib/x86_64-linux-gnu/libglib-2.0.so.0.4002.0
7f6b7cec4000-7f6b7cec5000 rw-p 00000000 00:00 0 
7f6b7cec5000-7f6b7cf14000 r-xp 00000000 08:01 2621822                    /usr/lib/x86_64-linux-gnu/libgobject-2.0.so.0.4002.0
7f6b7cf14000-7f6b7d114000 ---p 0004f000 08:01 2621822                    /usr/lib/x86_64-linux-gnu/libgobject-2.0.so.0.4002.0
7f6b7d114000-7f6b7d115000 r--p 0004f000 08:01 2621822                    /usr/lib/x86_64-linux-gnu/libgobject-2.0.so.0.4002.0
7f6b7d115000-7f6b7d116000 rw-p 00050000 08:01 2621822                    /usr/lib/x86_64-linux-gnu/libgobject-2.0.so.0.4002.0
7f6b7d116000-7f6b7d282000 r-xp 00000000 08:01 2621826                    /usr/lib/x86_64-linux-gnu/libgio-2.0.so.0.4002.0
7f6b7d282000-7f6b7d481000 ---p 0016c000 08:01 2621826                    /usr/lib/x86_64-linux-gnu/libgio-2.0.so.0.4002.0
7f6b7d481000-7f6b7d485000 r--p 0016b000 08:01 2621826                    /usr/lib/x86_64-linux-gnu/libgio-2.0.so.0.4002.0
7f6b7d485000-7f6b7d487000 rw-p 0016f000 08:01 2621826                    /usr/lib/x86_64-linux-gnu/libgio-2.0.so.0.4002.0
7f6b7d487000-7f6b7d489000 rw-p 00000000 00:00 0 
7f6b7d4a4000-7f6b7d4bb000 r-xp 00000000 08:01 2896675                    /usr/lib/jvm/java-7-openjdk-amd64/jre/lib/amd64/libnet.so
7f6b7d4bb000-7f6b7d6ba000 ---p 00017000 08:01 2896675                    /usr/lib/jvm/java-7-openjdk-amd64/jre/lib/amd64/libnet.so
7f6b7d6ba000-7f6b7d6bb000 r--p 00016000 08:01 2896675                    /usr/lib/jvm/java-7-openjdk-amd64/jre/lib/amd64/libnet.so
7f6b7d6bb000-7f6b7d6bc000 rw-p 00017000 08:01 2896675                    /usr/lib/jvm/java-7-openjdk-amd64/jre/lib/amd64/libnet.so
7f6b7d6bc000-7f6b7d6cc000 r-xp 00000000 08:01 2896662                    /usr/lib/jvm/java-7-openjdk-amd64/jre/lib/amd64/libnio.so
7f6b7d6cc000-7f6b7d8cc000 ---p 00010000 08:01 2896662                    /usr/lib/jvm/java-7-openjdk-amd64/jre/lib/amd64/libnio.so
7f6b7d8cc000-7f6b7d8cd000 r--p 00010000 08:01 2896662                    /usr/lib/jvm/java-7-openjdk-amd64/jre/lib/amd64/libnio.so
7f6b7d8cd000-7f6b7d8ce000 rw-p 00011000 08:01 2896662                    /usr/lib/jvm/java-7-openjdk-amd64/jre/lib/amd64/libnio.so
7f6b7d8ce000-7f6b7d8cf000 ---p 00000000 00:00 0 
7f6b7d8cf000-7f6b7d9cf000 rw-p 00000000 00:00 0                          [stack:25175]
7f6b7d9cf000-7f6b7d9d2000 ---p 00000000 00:00 0 
7f6b7d9d2000-7f6b80000000 rw-p 00000000 00:00 0                          [stack:25174]
7f6b80000000-7f6b80021000 rw-p 00000000 00:00 0 
7f6b80021000-7f6b84000000 ---p 00000000 00:00 0 
7f6b84000000-7f6b84021000 rw-p 00000000 00:00 0 
7f6b84021000-7f6b88000000 ---p 00000000 00:00 0 
7f6b88000000-7f6b88021000 rw-p 00000000 00:00 0 
7f6b88021000-7f6b8c000000 ---p 00000000 00:00 0 
7f6b8c006000-7f6b8c015000 r--s 000dd000 00:18 3280347                    /home/kev/Android/Sdk/build-tools/21.1.2/lib/dx.jar
7f6b8c015000-7f6b8c018000 ---p 00000000 00:00 0 
7f6b8c018000-7f6b8c116000 rw-p 00000000 00:00 0                          [stack:25173]
7f6b8c116000-7f6b8c119000 ---p 00000000 00:00 0 
7f6b8c119000-7f6b8c217000 rw-p 00000000 00:00 0                          [stack:25172]
7f6b8c217000-7f6b8c21a000 ---p 00000000 00:00 0 
7f6b8c21a000-7f6b8c318000 rw-p 00000000 00:00 0                          [stack:25171]
7f6b8c318000-7f6b8c9fa000 r--p 00000000 08:01 2629488                    /usr/lib/locale/locale-archive
7f6b8c9fa000-7f6b8c9fd000 ---p 00000000 00:00 0 
7f6b8c9fd000-7f6b8cafb000 rw-p 00000000 00:00 0                          [stack:25170]
7f6b8cafb000-7f6b8cafe000 ---p 00000000 00:00 0 
7f6b8cafe000-7f6b8cbfc000 rw-p 00000000 00:00 0                          [stack:25169]
7f6b8cbfc000-7f6b8cbfd000 ---p 00000000 00:00 0 
7f6b8cbfd000-7f6b8d000000 rw-p 00000000 00:00 0                          [stack:25168]
7f6b8d000000-7f6b8d270000 rwxp 00000000 00:00 0 
7f6b8d270000-7f6b902af000 rw-p 00000000 00:00 0 
7f6b902af000-7f6b94000000 ---p 00000000 00:00 0 
7f6b94000000-7f6b94005000 r--s 0004d000 08:01 2896697                    /usr/lib/jvm/java-7-openjdk-amd64/jre/lib/jsse.jar
7f6b94005000-7f6b9598f000 rw-p 00000000 00:00 0 
7f6b9598f000-7f6b95b40000 r--s 01d27000 08:01 2896681                    /usr/lib/jvm/java-7-openjdk-amd64/jre/lib/rt.jar
7f6b95b40000-7f6b95e8c000 rw-p 00000000 00:00 0 
7f6b95e8c000-7f6b95e8d000 ---p 00000000 00:00 0 
7f6b95e8d000-7f6b95f8d000 rw-p 00000000 00:00 0                          [stack:25167]
7f6b95f8d000-7f6b95f8e000 ---p 00000000 00:00 0 
7f6b95f8e000-7f6b9608e000 rw-p 00000000 00:00 0                          [stack:25166]
7f6b9608e000-7f6b9608f000 ---p 00000000 00:00 0 
7f6b9608f000-7f6b9618f000 rw-p 00000000 00:00 0                          [stack:25165]
7f6b9618f000-7f6b96190000 ---p 00000000 00:00 0 
7f6b96190000-7f6b96290000 rw-p 00000000 00:00 0                          [stack:25164]
7f6b96290000-7f6b96291000 ---p 00000000 00:00 0 
7f6b96291000-7f6b96391000 rw-p 00000000 00:00 0                          [stack:25163]
7f6b96391000-7f6b96392000 ---p 00000000 00:00 0 
7f6b96392000-7f6b96492000 rw-p 00000000 00:00 0                          [stack:25162]
7f6b96492000-7f6b96493000 ---p 00000000 00:00 0 
7f6b96493000-7f6b96593000 rw-p 00000000 00:00 0                          [stack:25161]
7f6b96593000-7f6b96594000 ---p 00000000 00:00 0 
7f6b96594000-7f6b9669f000 rw-p 00000000 00:00 0                          [stack:25160]
7f6b9669f000-7f6b966e7000 rw-p 00000000 00:00 0 
7f6b966e7000-7f6b966fa000 rw-p 00000000 00:00 0 
7f6b966fa000-7f6b9683d000 rw-p 00000000 00:00 0 
7f6b9683d000-7f6b96848000 rw-p 00000000 00:00 0 
7f6b96848000-7f6b96890000 rw-p 00000000 00:00 0 
7f6b96890000-7f6b968a3000 rw-p 00000000 00:00 0 
7f6b968a3000-7f6b969e5000 rw-p 00000000 00:00 0 
7f6b969e5000-7f6b969f7000 rw-p 00000000 00:00 0 
7f6b969f7000-7f6b96a90000 rw-p 00000000 00:00 0 
7f6b96a90000-7f6b96a91000 rw-p 00000000 00:00 0 
7f6b96a91000-7f6b96a99000 r-xp 00000000 08:01 2896658                    /usr/lib/jvm/java-7-openjdk-amd64/jre/lib/amd64/libzip.so
7f6b96a99000-7f6b96c98000 ---p 00008000 08:01 2896658                    /usr/lib/jvm/java-7-openjdk-amd64/jre/lib/amd64/libzip.so
7f6b96c98000-7f6b96c99000 r--p 00007000 08:01 2896658                    /usr/lib/jvm/java-7-openjdk-amd64/jre/lib/amd64/libzip.so
7f6b96c99000-7f6b96c9a000 rw-p 00008000 08:01 2896658                    /usr/lib/jvm/java-7-openjdk-amd64/jre/lib/amd64/libzip.so
7f6b96c9a000-7f6b96ca5000 r-xp 00000000 08:01 1314833                    /lib/x86_64-linux-gnu/libnss_files-2.19.so
7f6b96ca5000-7f6b96ea4000 ---p 0000b000 08:01 1314833                    /lib/x86_64-linux-gnu/libnss_files-2.19.so
7f6b96ea4000-7f6b96ea5000 r--p 0000a000 08:01 1314833                    /lib/x86_64-linux-gnu/libnss_files-2.19.so
7f6b96ea5000-7f6b96ea6000 rw-p 0000b000 08:01 1314833                    /lib/x86_64-linux-gnu/libnss_files-2.19.so
7f6b96ea6000-7f6b96eb1000 r-xp 00000000 08:01 1314967                    /lib/x86_64-linux-gnu/libnss_nis-2.19.so
7f6b96eb1000-7f6b970b0000 ---p 0000b000 08:01 1314967                    /lib/x86_64-linux-gnu/libnss_nis-2.19.so
7f6b970b0000-7f6b970b1000 r--p 0000a000 08:01 1314967                    /lib/x86_64-linux-gnu/libnss_nis-2.19.so
7f6b970b1000-7f6b970b2000 rw-p 0000b000 08:01 1314967                    /lib/x86_64-linux-gnu/libnss_nis-2.19.so
7f6b970b2000-7f6b970c9000 r-xp 00000000 08:01 1314868                    /lib/x86_64-linux-gnu/libnsl-2.19.so
7f6b970c9000-7f6b972c8000 ---p 00017000 08:01 1314868                    /lib/x86_64-linux-gnu/libnsl-2.19.so
7f6b972c8000-7f6b972c9000 r--p 00016000 08:01 1314868                    /lib/x86_64-linux-gnu/libnsl-2.19.so
7f6b972c9000-7f6b972ca000 rw-p 00017000 08:01 1314868                    /lib/x86_64-linux-gnu/libnsl-2.19.so
7f6b972ca000-7f6b972cc000 rw-p 00000000 00:00 0 
7f6b972cc000-7f6b972d5000 r-xp 00000000 08:01 1314859                    /lib/x86_64-linux-gnu/libnss_compat-2.19.so
7f6b972d5000-7f6b974d4000 ---p 00009000 08:01 1314859                    /lib/x86_64-linux-gnu/libnss_compat-2.19.so
7f6b974d4000-7f6b974d5000 r--p 00008000 08:01 1314859                    /lib/x86_64-linux-gnu/libnss_compat-2.19.so
7f6b974d5000-7f6b974d6000 rw-p 00009000 08:01 1314859                    /lib/x86_64-linux-gnu/libnss_compat-2.19.so
7f6b974d6000-7f6b97501000 r-xp 00000000 08:01 2896674                    /usr/lib/jvm/java-7-openjdk-amd64/jre/lib/amd64/libjava.so
7f6b97501000-7f6b97701000 ---p 0002b000 08:01 2896674                    /usr/lib/jvm/java-7-openjdk-amd64/jre/lib/amd64/libjava.so
7f6b97701000-7f6b97702000 r--p 0002b000 08:01 2896674                    /usr/lib/jvm/java-7-openjdk-amd64/jre/lib/amd64/libjava.so
7f6b97702000-7f6b97704000 rw-p 0002c000 08:01 2896674                    /usr/lib/jvm/java-7-openjdk-amd64/jre/lib/amd64/libjava.so
7f6b97704000-7f6b97714000 r-xp 00000000 08:01 2896671                    /usr/lib/jvm/java-7-openjdk-amd64/jre/lib/amd64/libverify.so
7f6b97714000-7f6b97913000 ---p 00010000 08:01 2896671                    /usr/lib/jvm/java-7-openjdk-amd64/jre/lib/amd64/libverify.so
7f6b97913000-7f6b97915000 r--p 0000f000 08:01 2896671                    /usr/lib/jvm/java-7-openjdk-amd64/jre/lib/amd64/libverify.so
7f6b97915000-7f6b97916000 rw-p 00011000 08:01 2896671                    /usr/lib/jvm/java-7-openjdk-amd64/jre/lib/amd64/libverify.so
7f6b97916000-7f6b9791d000 r-xp 00000000 08:01 1314916                    /lib/x86_64-linux-gnu/librt-2.19.so
7f6b9791d000-7f6b97b1c000 ---p 00007000 08:01 1314916                    /lib/x86_64-linux-gnu/librt-2.19.so
7f6b97b1c000-7f6b97b1d000 r--p 00006000 08:01 1314916                    /lib/x86_64-linux-gnu/librt-2.19.so
7f6b97b1d000-7f6b97b1e000 rw-p 00007000 08:01 1314916                    /lib/x86_64-linux-gnu/librt-2.19.so
7f6b97b1e000-7f6b97b34000 r-xp 00000000 08:01 1314818                    /lib/x86_64-linux-gnu/libgcc_s.so.1
7f6b97b34000-7f6b97d33000 ---p 00016000 08:01 1314818                    /lib/x86_64-linux-gnu/libgcc_s.so.1
7f6b97d33000-7f6b97d34000 rw-p 00015000 08:01 1314818                    /lib/x86_64-linux-gnu/libgcc_s.so.1
7f6b97d34000-7f6b97e39000 r-xp 00000000 08:01 1314817                    /lib/x86_64-linux-gnu/libm-2.19.so
7f6b97e39000-7f6b98038000 ---p 00105000 08:01 1314817                    /lib/x86_64-linux-gnu/libm-2.19.so
7f6b98038000-7f6b98039000 r--p 00104000 08:01 1314817                    /lib/x86_64-linux-gnu/libm-2.19.so
7f6b98039000-7f6b9803a000 rw-p 00105000 08:01 1314817                    /lib/x86_64-linux-gnu/libm-2.19.so
7f6b9803a000-7f6b98120000 r-xp 00000000 08:01 2631701                    /usr/lib/x86_64-linux-gnu/libstdc++.so.6.0.19
7f6b98120000-7f6b9831f000 ---p 000e6000 08:01 2631701                    /usr/lib/x86_64-linux-gnu/libstdc++.so.6.0.19
7f6b9831f000-7f6b98327000 r--p 000e5000 08:01 2631701                    /usr/lib/x86_64-linux-gnu/libstdc++.so.6.0.19
7f6b98327000-7f6b98329000 rw-p 000ed000 08:01 2631701                    /usr/lib/x86_64-linux-gnu/libstdc++.so.6.0.19
7f6b98329000-7f6b9833e000 rw-p 00000000 00:00 0 
7f6b9833e000-7f6b98e56000 r-xp 00000000 08:01 2896679                    /usr/lib/jvm/java-7-openjdk-amd64/jre/lib/amd64/server/libjvm.so
7f6b98e56000-7f6b99056000 ---p 00b18000 08:01 2896679                    /usr/lib/jvm/java-7-openjdk-amd64/jre/lib/amd64/server/libjvm.so
7f6b99056000-7f6b990f0000 r--p 00b18000 08:01 2896679                    /usr/lib/jvm/java-7-openjdk-amd64/jre/lib/amd64/server/libjvm.so
7f6b990f0000-7f6b99113000 rw-p 00bb2000 08:01 2896679                    /usr/lib/jvm/java-7-openjdk-amd64/jre/lib/amd64/server/libjvm.so
7f6b99113000-7f6b99141000 rw-p 00000000 00:00 0 
7f6b99141000-7f6b99159000 r-xp 00000000 08:01 1315004                    /lib/x86_64-linux-gnu/libz.so.1.2.8
7f6b99159000-7f6b99358000 ---p 00018000 08:01 1315004                    /lib/x86_64-linux-gnu/libz.so.1.2.8
7f6b99358000-7f6b99359000 r--p 00017000 08:01 1315004                    /lib/x86_64-linux-gnu/libz.so.1.2.8
7f6b99359000-7f6b9935a000 rw-p 00018000 08:01 1315004                    /lib/x86_64-linux-gnu/libz.so.1.2.8
7f6b9935a000-7f6b99373000 r-xp 00000000 08:01 1314912                    /lib/x86_64-linux-gnu/libpthread-2.19.so
7f6b99373000-7f6b99572000 ---p 00019000 08:01 1314912                    /lib/x86_64-linux-gnu/libpthread-2.19.so
7f6b99572000-7f6b99573000 r--p 00018000 08:01 1314912                    /lib/x86_64-linux-gnu/libpthread-2.19.so
7f6b99573000-7f6b99574000 rw-p 00019000 08:01 1314912                    /lib/x86_64-linux-gnu/libpthread-2.19.so
7f6b99574000-7f6b99578000 rw-p 00000000 00:00 0 
7f6b99578000-7f6b9957b000 r-xp 00000000 08:01 1314851                    /lib/x86_64-linux-gnu/libdl-2.19.so
7f6b9957b000-7f6b9977a000 ---p 00003000 08:01 1314851                    /lib/x86_64-linux-gnu/libdl-2.19.so
7f6b9977a000-7f6b9977b000 r--p 00002000 08:01 1314851                    /lib/x86_64-linux-gnu/libdl-2.19.so
7f6b9977b000-7f6b9977c000 rw-p 00003000 08:01 1314851                    /lib/x86_64-linux-gnu/libdl-2.19.so
7f6b9977c000-7f6b99937000 r-xp 00000000 08:01 1314910                    /lib/x86_64-linux-gnu/libc-2.19.so
7f6b99937000-7f6b99b36000 ---p 001bb000 08:01 1314910                    /lib/x86_64-linux-gnu/libc-2.19.so
7f6b99b36000-7f6b99b3a000 r--p 001ba000 08:01 1314910                    /lib/x86_64-linux-gnu/libc-2.19.so
7f6b99b3a000-7f6b99b3c000 rw-p 001be000 08:01 1314910                    /lib/x86_64-linux-gnu/libc-2.19.so
7f6b99b3c000-7f6b99b41000 rw-p 00000000 00:00 0 
7f6b99b41000-7f6b99b4e000 r-xp 00000000 08:01 2896650                    /usr/lib/jvm/java-7-openjdk-amd64/jre/lib/amd64/jli/libjli.so
7f6b99b4e000-7f6b99d4d000 ---p 0000d000 08:01 2896650                    /usr/lib/jvm/java-7-openjdk-amd64/jre/lib/amd64/jli/libjli.so
7f6b99d4d000-7f6b99d4e000 r--p 0000c000 08:01 2896650                    /usr/lib/jvm/java-7-openjdk-amd64/jre/lib/amd64/jli/libjli.so
7f6b99d4e000-7f6b99d4f000 rw-p 0000d000 08:01 2896650                    /usr/lib/jvm/java-7-openjdk-amd64/jre/lib/amd64/jli/libjli.so
7f6b99d4f000-7f6b99d72000 r-xp 00000000 08:01 1314872                    /lib/x86_64-linux-gnu/ld-2.19.so
7f6b99d73000-7f6b99d74000 rw-p 00000000 00:00 0 
7f6b99d74000-7f6b99d76000 r--s 00006000 08:01 3031457                    /usr/share/java/java-atk-wrapper.jar
7f6b99d76000-7f6b99d98000 rw-p 00000000 00:00 0 
7f6b99d98000-7f6b99e4e000 rw-p 00000000 00:00 0 
7f6b99e4e000-7f6b99e51000 ---p 00000000 00:00 0 
7f6b99e51000-7f6b99f54000 rw-p 00000000 00:00 0                          [stack:25159]
7f6b99f54000-7f6b99f56000 r--s 00012000 08:01 2896689                    /usr/lib/jvm/java-7-openjdk-amd64/jre/lib/ext/zipfs.jar
7f6b99f56000-7f6b99f59000 r--s 0000f000 08:01 2896684                    /usr/lib/jvm/java-7-openjdk-amd64/jre/lib/ext/icedtea-sound.jar
7f6b99f59000-7f6b99f5c000 r--s 00086000 08:01 2896687                    /usr/lib/jvm/java-7-openjdk-amd64/jre/lib/ext/localedata.jar
7f6b99f5c000-7f6b99f60000 r--s 00034000 08:01 2896688                    /usr/lib/jvm/java-7-openjdk-amd64/jre/lib/ext/sunjce_provider.jar
7f6b99f60000-7f6b99f64000 r--s 0003c000 08:01 2896686                    /usr/lib/jvm/java-7-openjdk-amd64/jre/lib/ext/sunpkcs11.jar
7f6b99f64000-7f6b99f65000 r--s 00002000 08:01 2896685                    /usr/lib/jvm/java-7-openjdk-amd64/jre/lib/ext/dnsns.jar
7f6b99f65000-7f6b99f6d000 rw-s 00000000 08:01 665774                     /tmp/hsperfdata_kev/25153
7f6b99f6d000-7f6b99f6e000 rw-p 00000000 00:00 0 
7f6b99f6e000-7f6b99f6f000 ---p 00000000 00:00 0 
7f6b99f6f000-7f6b99f71000 rw-p 00000000 00:00 0 
7f6b99f71000-7f6b99f72000 r--p 00022000 08:01 1314872                    /lib/x86_64-linux-gnu/ld-2.19.so
7f6b99f72000-7f6b99f73000 rw-p 00023000 08:01 1314872                    /lib/x86_64-linux-gnu/ld-2.19.so
7f6b99f73000-7f6b99f74000 rw-p 00000000 00:00 0 
7ffe2282c000-7ffe2284e000 rw-p 00000000 00:00 0                          [stack]
7ffe22937000-7ffe22939000 r-xp 00000000 00:00 0                          [vdso]
ffffffffff600000-ffffffffff601000 r-xp 00000000 00:00 0                  [vsyscall]

VM Arguments:
jvm_args: -Xmx1024M -Dfile.encoding=UTF-8 -Duser.country=US -Duser.language=en -Duser.variant 
java_command: com.android.dx.command.Main --dex --output /home/kev/AndroidStudioProjects/PriceCloud/app/build/intermediates/dex/debug /home/kev/AndroidStudioProjects/PriceCloud/app/build/intermediates/classes/debug /home/kev/AndroidStudioProjects/PriceCloud/app/build/intermediates/pre-dexed/debug/support-annotations-22.2.0-47529ac724c557d0a5590715bd59ee03eb3d089e.jar /home/kev/AndroidStudioProjects/PriceCloud/app/build/intermediates/pre-dexed/debug/classes-6f53929c59bddb41dc47672ba172f2df13a695dd.jar /home/kev/AndroidStudioProjects/PriceCloud/app/build/intermediates/pre-dexed/debug/classes-6c442f0d9abde040e40e674a19105e4ae643f1e7.jar /home/kev/AndroidStudioProjects/PriceCloud/app/build/intermediates/pre-dexed/debug/classes-b3a574ae2360b2a35a5374027e790e371b6ba833.jar /home/kev/AndroidStudioProjects/PriceCloud/app/build/intermediates/pre-dexed/debug/internal_impl-22.0.0-3f4198c2b9de9c2f236882d5e4e7e5679e500b10.jar /home/kev/AndroidStudioProjects/PriceCloud/app/build/intermediates/pre-dexed/debug/classes-dd00e13e55427572cc98c88a2e708f811418805a.jar /home/kev/AndroidStudioProjects/PriceCloud/app/build/intermediates/pre-dexed/debug/classes-d373bc7eea05044a443c67937e68c3f848c4a891.jar /home/kev/AndroidStudioProjects/PriceCloud/app/build/intermediates/pre-dexed/debug/classes-737b2b747426fb2693012b7faeb38377e52de754.jar /home/kev/AndroidStudioProjects/PriceCloud/app/build/intermediates/pre-dexed/debug/classes-d5aee46fe9fc2fb9ef2d81b7ee3664f00d0edd40.jar /home/kev/AndroidStudioProjects/PriceCloud/app/build/intermediates/pre-dexed/debug/classes-879217c8ec485c1bd328a5b15ebb0d37f78439f6.jar /home/kev/AndroidStudioProjects/PriceCloud/app/build/intermediates/pre-dexed/debug/classes-617b36adb7422716a4e963e770bb49ae6af34efb.jar /home/kev/AndroidStudioProjects/PriceCloud/app/build/intermediates/pre-dexed/debug/classes-dc52b2be9a1451ca03381177a20199fb00f762f3.jar /home/kev/AndroidStudioProjects/PriceCloud/app/build/intermediates/pre-dexed/debug/classes-da4488b3c869e3b39ecca7d99513
Launcher Type: SUN_STANDARD

Environment Variables:
PATH=/usr/local/sbin:/usr/local/bin:/usr/sbin:/usr/bin:/sbin:/bin:/usr/games:/usr/local/games:~/.composer/vendor/bin
LD_LIBRARY_PATH=.:
SHELL=/bin/bash
DISPLAY=:0

Signal Handlers:
SIGSEGV: [libjvm.so+0x94b9a0], sa_mask[0]=0x7ffbfeff, sa_flags=0x10000004
SIGBUS: [libjvm.so+0x94b9a0], sa_mask[0]=0x7ffbfeff, sa_flags=0x10000004
SIGFPE: [libjvm.so+0x7c3880], sa_mask[0]=0x7ffbfeff, sa_flags=0x10000004
SIGPIPE: [libjvm.so+0x7c3880], sa_mask[0]=0x7ffbfeff, sa_flags=0x10000004
SIGXFSZ: [libjvm.so+0x7c3880], sa_mask[0]=0x7ffbfeff, sa_flags=0x10000004
SIGILL: [libjvm.so+0x7c3880], sa_mask[0]=0x7ffbfeff, sa_flags=0x10000004
SIGUSR1: SIG_DFL, sa_mask[0]=0x00000000, sa_flags=0x00000000
SIGUSR2: [libjvm.so+0x7c3720], sa_mask[0]=0x00000004, sa_flags=0x10000004
SIGHUP: [libjvm.so+0x7c3900], sa_mask[0]=0x7ffbfeff, sa_flags=0x10000004
SIGINT: [libjvm.so+0x7c3900], sa_mask[0]=0x7ffbfeff, sa_flags=0x10000004
SIGTERM: [libjvm.so+0x7c3900], sa_mask[0]=0x7ffbfeff, sa_flags=0x10000004
SIGQUIT: [libjvm.so+0x7c3900], sa_mask[0]=0x7ffbfeff, sa_flags=0x10000004
SIGTRAP: SIG_DFL, sa_mask[0]=0x00000000, sa_flags=0x00000000


---------------  S Y S T E M  ---------------

OS:Ubuntu 14.04 (trusty)
uname:Linux 3.13.0-54-generic #91-Ubuntu SMP Tue May 26 19:15:08 UTC 2015 x86_64
libc:glibc 2.19 NPTL 2.19 
rlimit: STACK 8192k, CORE 0k, NPROC 28866, NOFILE 4096, AS infinity
load average:6,05 2,96 2,27

/proc/meminfo:
MemTotal:        3724688 kB
MemFree:           85200 kB
Buffers:             340 kB
Cached:           419424 kB
SwapCached:        18484 kB
Active:          2303440 kB
Inactive:         711292 kB
Active(anon):    2303440 kB
Inactive(anon):   700688 kB
Active(file):          0 kB
Inactive(file):    10604 kB
Unevictable:          32 kB
Mlocked:              32 kB
SwapTotal:        488276 kB
SwapFree:              0 kB
Dirty:                88 kB
Writeback:             0 kB
AnonPages:       2577932 kB
Mapped:           524032 kB
Shmem:            407912 kB
Slab:              88644 kB
SReclaimable:      34112 kB
SUnreclaim:        54532 kB
KernelStack:        5784 kB
PageTables:        39832 kB
NFS_Unstable:          0 kB
Bounce:                0 kB
WritebackTmp:          0 kB
CommitLimit:     2350620 kB
Committed_AS:    7907604 kB
VmallocTotal:   34359738367 kB
VmallocUsed:      350676 kB
VmallocChunk:   34359332000 kB
HardwareCorrupted:     0 kB
AnonHugePages:    440320 kB
HugePages_Total:       0
HugePages_Free:        0
HugePages_Rsvd:        0
HugePages_Surp:        0
Hugepagesize:       2048 kB
DirectMap4k:      141952 kB
DirectMap2M:     3725312 kB
DirectMap1G:           0 kB


CPU:total 8 (4 cores per cpu, 2 threads per core) family 6 model 60 stepping 3, cmov, cx8, fxsr, mmx, sse, sse2, sse3, ssse3, sse4.1, sse4.2, popcnt, avx, avx2, aes, erms, ht, tsc, tscinvbit

/proc/cpuinfo:
processor	: 0
vendor_id	: GenuineIntel
cpu family	: 6
model		: 60
model name	: Intel(R) Core(TM) i7-4771 CPU @ 3.50GHz
stepping	: 3
microcode	: 0x9
cpu MHz		: 3501.000
cache size	: 8192 KB
physical id	: 0
siblings	: 8
core id		: 0
cpu cores	: 4
apicid		: 0
initial apicid	: 0
fpu		: yes
fpu_exception	: yes
cpuid level	: 13
wp		: yes
flags		: fpu vme de pse tsc msr pae mce cx8 apic sep mtrr pge mca cmov pat pse36 clflush dts acpi mmx fxsr sse sse2 ss ht tm pbe syscall nx pdpe1gb rdtscp lm constant_tsc arch_perfmon pebs bts rep_good nopl xtopology nonstop_tsc aperfmperf eagerfpu pni pclmulqdq dtes64 monitor ds_cpl vmx smx est tm2 ssse3 fma cx16 xtpr pdcm pcid sse4_1 sse4_2 x2apic movbe popcnt tsc_deadline_timer aes xsave avx f16c rdrand lahf_lm abm ida arat epb xsaveopt pln pts dtherm tpr_shadow vnmi flexpriority ept vpid fsgsbase tsc_adjust bmi1 hle avx2 smep bmi2 erms invpcid rtm
bogomips	: 6995.80
clflush size	: 64
cache_alignment	: 64
address sizes	: 39 bits physical, 48 bits virtual
power management:

processor	: 1
vendor_id	: GenuineIntel
cpu family	: 6
model		: 60
model name	: Intel(R) Core(TM) i7-4771 CPU @ 3.50GHz
stepping	: 3
microcode	: 0x9
cpu MHz		: 3100.000
cache size	: 8192 KB
physical id	: 0
siblings	: 8
core id		: 1
cpu cores	: 4
apicid		: 2
initial apicid	: 2
fpu		: yes
fpu_exception	: yes
cpuid level	: 13
wp		: yes
flags		: fpu vme de pse tsc msr pae mce cx8 apic sep mtrr pge mca cmov pat pse36 clflush dts acpi mmx fxsr sse sse2 ss ht tm pbe syscall nx pdpe1gb rdtscp lm constant_tsc arch_perfmon pebs bts rep_good nopl xtopology nonstop_tsc aperfmperf eagerfpu pni pclmulqdq dtes64 monitor ds_cpl vmx smx est tm2 ssse3 fma cx16 xtpr pdcm pcid sse4_1 sse4_2 x2apic movbe popcnt tsc_deadline_timer aes xsave avx f16c rdrand lahf_lm abm ida arat epb xsaveopt pln pts dtherm tpr_shadow vnmi flexpriority ept vpid fsgsbase tsc_adjust bmi1 hle avx2 smep bmi2 erms invpcid rtm
bogomips	: 6995.80
clflush size	: 64
cache_alignment	: 64
address sizes	: 39 bits physical, 48 bits virtual
power management:

processor	: 2
vendor_id	: GenuineIntel
cpu family	: 6
model		: 60
model name	: Intel(R) Core(TM) i7-4771 CPU @ 3.50GHz
stepping	: 3
microcode	: 0x9
cpu MHz		: 3300.000
cache size	: 8192 KB
physical id	: 0
siblings	: 8
core id		: 2
cpu cores	: 4
apicid		: 4
initial apicid	: 4
fpu		: yes
fpu_exception	: yes
cpuid level	: 13
wp		: yes
flags		: fpu vme de pse tsc msr pae mce cx8 apic sep mtrr pge mca cmov pat pse36 clflush dts acpi mmx fxsr sse sse2 ss ht tm pbe syscall nx pdpe1gb rdtscp lm constant_tsc arch_perfmon pebs bts rep_good nopl xtopology nonstop_tsc aperfmperf eagerfpu pni pclmulqdq dtes64 monitor ds_cpl vmx smx est tm2 ssse3 fma cx16 xtpr pdcm pcid sse4_1 sse4_2 x2apic movbe popcnt tsc_deadline_timer aes xsave avx f16c rdrand lahf_lm abm ida arat epb xsaveopt pln pts dtherm tpr_shadow vnmi flexpriority ept vpid fsgsbase tsc_adjust bmi1 hle avx2 smep bmi2 erms invpcid rtm
bogomips	: 6995.80
clflush size	: 64
cache_alignment	: 64
address sizes	: 39 bits physical, 48 bits virtual
power management:

processor	: 3
vendor_id	: GenuineIntel
cpu family	: 6
model		: 60
model name	: Intel(R) Core(TM) i7-4771 CPU @ 3.50GHz
stepping	: 3
microcode	: 0x9
cpu MHz		: 3501.000
cache size	: 8192 KB
physical id	: 0
siblings	: 8
core id		: 3
cpu cores	: 4
apicid		: 6
initial apicid	: 6
fpu		: yes
fpu_exception	: yes
cpuid level	: 13
wp		: yes
flags		: fpu vme de pse tsc msr pae mce cx8 apic sep mtrr pge mca cmov pat pse36 clflush dts acpi mmx fxsr sse sse2 ss ht tm pbe syscall nx pdpe1gb rdtscp lm constant_tsc arch_perfmon pebs bts rep_good nopl xtopology nonstop_tsc aperfmperf eagerfpu pni pclmulqdq dtes64 monitor ds_cpl vmx smx est tm2 ssse3 fma cx16 xtpr pdcm pcid sse4_1 sse4_2 x2apic movbe popcnt tsc_deadline_timer aes xsave avx f16c rdrand lahf_lm abm ida arat epb xsaveopt pln pts dtherm tpr_shadow vnmi flexpriority ept vpid fsgsbase tsc_adjust bmi1 hle avx2 smep bmi2 erms invpcid rtm
bogomips	: 6995.80
clflush size	: 64
cache_alignment	: 64
address sizes	: 39 bits physical, 48 bits virtual
power management:

processor	: 4
vendor_id	: GenuineIntel
cpu family	: 6
model		: 60
model name	: Intel(R) Core(TM) i7-4771 CPU @ 3.50GHz
stepping	: 3
microcode	: 0x9
cpu MHz		: 2300.000
cache size	: 8192 KB
physical id	: 0
siblings	: 8
core id		: 0
cpu cores	: 4
apicid		: 1
initial apicid	: 1
fpu		: yes
fpu_exception	: yes
cpuid level	: 13
wp		: yes
flags		: fpu vme de pse tsc msr pae mce cx8 apic sep mtrr pge mca cmov pat pse36 clflush dts acpi mmx fxsr sse sse2 ss ht tm pbe syscall nx pdpe1gb rdtscp lm constant_tsc arch_perfmon pebs bts rep_good nopl xtopology nonstop_tsc aperfmperf eagerfpu pni pclmulqdq dtes64 monitor ds_cpl vmx smx est tm2 ssse3 fma cx16 xtpr pdcm pcid sse4_1 sse4_2 x2apic movbe popcnt tsc_deadline_timer aes xsave avx f16c rdrand lahf_lm abm ida arat epb xsaveopt pln pts dtherm tpr_shadow vnmi flexpriority ept vpid fsgsbase tsc_adjust bmi1 hle avx2 smep bmi2 erms invpcid rtm
bogomips	: 6995.80
clflush size	: 64
cache_alignment	: 64
address sizes	: 39 bits physical, 48 bits virtual
power management:

processor	: 5
vendor_id	: GenuineIntel
cpu family	: 6
model		: 60
model name	: Intel(R) Core(TM) i7-4771 CPU @ 3.50GHz
stepping	: 3
microcode	: 0x9
cpu MHz		: 3501.000
cache size	: 8192 KB
physical id	: 0
siblings	: 8
core id		: 1
cpu cores	: 4
apicid		: 3
initial apicid	: 3
fpu		: yes
fpu_exception	: yes
cpuid level	: 13
wp		: yes
flags		: fpu vme de pse tsc msr pae mce cx8 apic sep mtrr pge mca cmov pat pse36 clflush dts acpi mmx fxsr sse sse2 ss ht tm pbe syscall nx pdpe1gb rdtscp lm constant_tsc arch_perfmon pebs bts rep_good nopl xtopology nonstop_tsc aperfmperf eagerfpu pni pclmulqdq dtes64 monitor ds_cpl vmx smx est tm2 ssse3 fma cx16 xtpr pdcm pcid sse4_1 sse4_2 x2apic movbe popcnt tsc_deadline_timer aes xsave avx f16c rdrand lahf_lm abm ida arat epb xsaveopt pln pts dtherm tpr_shadow vnmi flexpriority ept vpid fsgsbase tsc_adjust bmi1 hle avx2 smep bmi2 erms invpcid rtm
bogomips	: 6995.80
clflush size	: 64
cache_alignment	: 64
address sizes	: 39 bits physical, 48 bits virtual
power management:

processor	: 6
vendor_id	: GenuineIntel
cpu family	: 6
model		: 60
model name	: Intel(R) Core(TM) i7-4771 CPU @ 3.50GHz
stepping	: 3
microcode	: 0x9
cpu MHz		: 2000.000
cache size	: 8192 KB
physical id	: 0
siblings	: 8
core id		: 2
cpu cores	: 4
apicid		: 5
initial apicid	: 5
fpu		: yes
fpu_exception	: yes
cpuid level	: 13
wp		: yes
flags		: fpu vme de pse tsc msr pae mce cx8 apic sep mtrr pge mca cmov pat pse36 clflush dts acpi mmx fxsr sse sse2 ss ht tm pbe syscall nx pdpe1gb rdtscp lm constant_tsc arch_perfmon pebs bts rep_good nopl xtopology nonstop_tsc aperfmperf eagerfpu pni pclmulqdq dtes64 monitor ds_cpl vmx smx est tm2 ssse3 fma cx16 xtpr pdcm pcid sse4_1 sse4_2 x2apic movbe popcnt tsc_deadline_timer aes xsave avx f16c rdrand lahf_lm abm ida arat epb xsaveopt pln pts dtherm tpr_shadow vnmi flexpriority ept vpid fsgsbase tsc_adjust bmi1 hle avx2 smep bmi2 erms invpcid rtm
bogomips	: 6995.80
clflush size	: 64
cache_alignment	: 64
address sizes	: 39 bits physical, 48 bits virtual
power management:

processor	: 7
vendor_id	: GenuineIntel
cpu family	: 6
model		: 60
model name	: Intel(R) Core(TM) i7-4771 CPU @ 3.50GHz
stepping	: 3
microcode	: 0x9
cpu MHz		: 3501.000
cache size	: 8192 KB
physical id	: 0
siblings	: 8
core id		: 3
cpu cores	: 4
apicid		: 7
initial apicid	: 7
fpu		: yes
fpu_exception	: yes
cpuid level	: 13
wp		: yes
flags		: fpu vme de pse tsc msr pae mce cx8 apic sep mtrr pge mca cmov pat pse36 clflush dts acpi mmx fxsr sse sse2 ss ht tm pbe syscall nx pdpe1gb rdtscp lm constant_tsc arch_perfmon pebs bts rep_good nopl xtopology nonstop_tsc aperfmperf eagerfpu pni pclmulqdq dtes64 monitor ds_cpl vmx smx est tm2 ssse3 fma cx16 xtpr pdcm pcid sse4_1 sse4_2 x2apic movbe popcnt tsc_deadline_timer aes xsave avx f16c rdrand lahf_lm abm ida arat epb xsaveopt pln pts dtherm tpr_shadow vnmi flexpriority ept vpid fsgsbase tsc_adjust bmi1 hle avx2 smep bmi2 erms invpcid rtm
bogomips	: 6995.80
clflush size	: 64
cache_alignment	: 64
address sizes	: 39 bits physical, 48 bits virtual
power management:



Memory: 4k page, physical 3724688k(84704k free), swap 488276k(0k free)

vm_info: OpenJDK 64-Bit Server VM (24.79-b02) for linux-amd64 JRE (1.7.0_79-b14), built on Apr 16 2015 08:21:58 by "buildd" with gcc 4.8.2

time: Wed Jun 17 23:49:16 2015
elapsed time: 17 seconds

