#
# There is insufficient memory for the Java Runtime Environment to continue.
# Native memory allocation (malloc) failed to allocate 85983232 bytes for committing reserved memory.
# Possible reasons:
#   The system is out of physical RAM or swap space
#   In 32 bit mode, the process size limit was hit
# Possible solutions:
#   Reduce memory load on the system
#   Increase physical memory or swap space
#   Check if swap backing store is full
#   Use 64 bit Java on a 64 bit OS
#   Decrease Java heap size (-Xmx/-Xms)
#   Decrease number of Java threads
#   Decrease Java thread stack sizes (-Xss)
#   Set larger code cache with -XX:ReservedCodeCacheSize=
# This output file may be truncated or incomplete.
#
#  Out of Memory Error (os_linux.cpp:2809), pid=8696, tid=139969039963904
#
# JRE version: OpenJDK Runtime Environment (7.0_79-b14) (build 1.7.0_79-b14)
# Java VM: OpenJDK 64-Bit Server VM (24.79-b02 mixed mode linux-amd64 compressed oops)
# Derivative: IcedTea 2.5.5
# Distribution: Ubuntu 14.04 LTS, package 7u79-2.5.5-0ubuntu0.14.04.2
# Failed to write core dump. Core dumps have been disabled. To enable core dumping, try "ulimit -c unlimited" before starting Java again
#

---------------  T H R E A D  ---------------

Current thread (0x00007f4d38080000):  VMThread [stack: 0x00007f4d14d81000,0x00007f4d14e82000] [id=8710]

Stack: [0x00007f4d14d81000,0x00007f4d14e82000],  sp=0x00007f4d14e80490,  free space=1021k
Native frames: (J=compiled Java code, j=interpreted, Vv=VM code, C=native code)
V  [libjvm.so+0x94aec5]  VMError::report_and_die()+0x175
V  [libjvm.so+0x48b9c4]  report_vm_out_of_memory(char const*, int, unsigned long, char const*)+0x74
V  [libjvm.so+0x7c806b]  os::pd_commit_memory(char*, unsigned long, unsigned long, bool)+0xeb
V  [libjvm.so+0x7c2b0f]  os::commit_memory(char*, unsigned long, unsigned long, bool)+0x1f
V  [libjvm.so+0x83500b]  PSVirtualSpace::expand_by(unsigned long)+0x5b
V  [libjvm.so+0x835e60]  PSYoungGen::resize_generation(unsigned long, unsigned long)+0xb0
V  [libjvm.so+0x83654b]  PSYoungGen::resize(unsigned long, unsigned long)+0x1b
V  [libjvm.so+0x832830]  PSScavenge::invoke_no_policy()+0xde0
V  [libjvm.so+0x833008]  PSScavenge::invoke()+0x38
V  [libjvm.so+0x7e96f3]  ParallelScavengeHeap::failed_mem_allocate(unsigned long)+0x63
V  [libjvm.so+0x94c8c4]  VM_ParallelGCFailedAllocation::doit()+0x84
V  [libjvm.so+0x950dc7]  VM_Operation::evaluate()+0x47
V  [libjvm.so+0x94f738]  VMThread::evaluate_operation(VM_Operation*)+0x318
V  [libjvm.so+0x94fb99]  VMThread::loop()+0x219
V  [libjvm.so+0x94ffe2]  VMThread::run()+0x72
V  [libjvm.so+0x7c4f32]  java_start(Thread*)+0xf2

VM_Operation (0x00007f4d406013f0): ParallelGCFailedAllocation, mode: safepoint, requested by thread 0x00007f4d3800c000


---------------  P R O C E S S  ---------------

Java Threads: ( => current thread )
  0x00007f4d380b9800 JavaThread "Service Thread" daemon [_thread_blocked, id=8716, stack(0x00007f4d14099000,0x00007f4d1419a000)]
  0x00007f4d380b7800 JavaThread "C2 CompilerThread1" daemon [_thread_blocked, id=8715, stack(0x00007f4d1419a000,0x00007f4d1429b000)]
  0x00007f4d380b4800 JavaThread "C2 CompilerThread0" daemon [_thread_blocked, id=8714, stack(0x00007f4d1429b000,0x00007f4d1439c000)]
  0x00007f4d380b2800 JavaThread "Signal Dispatcher" daemon [_thread_blocked, id=8713, stack(0x00007f4d1439c000,0x00007f4d1449d000)]
  0x00007f4d38086800 JavaThread "Finalizer" daemon [_thread_blocked, id=8712, stack(0x00007f4d14b7f000,0x00007f4d14c80000)]
  0x00007f4d38084800 JavaThread "Reference Handler" daemon [_thread_blocked, id=8711, stack(0x00007f4d14c80000,0x00007f4d14d81000)]
  0x00007f4d3800c000 JavaThread "main" [_thread_blocked, id=8701, stack(0x00007f4d40502000,0x00007f4d40603000)]

Other Threads:
=>0x00007f4d38080000 VMThread [stack: 0x00007f4d14d81000,0x00007f4d14e82000] [id=8710]
  0x00007f4d380c4800 WatcherThread [stack: 0x00007f4cf7eff000,0x00007f4cf8000000] [id=8717]

VM state:at safepoint (normal execution)

VM Mutex/Monitor currently owned by a thread:  ([mutex/lock_event])
[0x00007f4d38008530] Threads_lock - owner thread: 0x00007f4d38080000
[0x00007f4d38008a30] Heap_lock - owner thread: 0x00007f4d3800c000

Heap
 PSYoungGen      total 204288K, used 28940K [0x00000000eaa80000, 0x00000000f9600000, 0x0000000100000000)
  eden space 174080K, 0% used [0x00000000eaa80000,0x00000000eaa80000,0x00000000f5480000)
  from space 30208K, 95% used [0x00000000f5480000,0x00000000f70c3398,0x00000000f7200000)
  to   space 26112K, 0% used [0x00000000f7200000,0x00000000f7200000,0x00000000f8b80000)
 ParOldGen       total 65024K, used 38468K [0x00000000c0000000, 0x00000000c3f80000, 0x00000000eaa80000)
  object space 65024K, 59% used [0x00000000c0000000,0x00000000c2591158,0x00000000c3f80000)
 PSPermGen       total 21504K, used 7291K [0x00000000b5a00000, 0x00000000b6f00000, 0x00000000c0000000)
  object space 21504K, 33% used [0x00000000b5a00000,0x00000000b611ecc0,0x00000000b6f00000)

Card table byte_map: [0x00007f4d3cef1000,0x00007f4d3d145000] byte_map_base: 0x00007f4d3c944000

Polling page: 0x00007f4d40622000

Code Cache  [0x00007f4d35000000, 0x00007f4d35270000, 0x00007f4d38000000)
 total_blobs=1060 nmethods=809 adapters=204 free_code_cache=46816Kb largest_free_block=47892672

Compilation events (10 events):
Event: 3,207 Thread 0x00007f4d380b4800 nmethod 824 0x00007f4d3524d690 code [0x00007f4d3524d7e0, 0x00007f4d3524d878]
Event: 3,363 Thread 0x00007f4d380b7800  826             com.android.dx.io.instructions.InstructionCodec$15::decode (54 bytes)
Event: 3,363 Thread 0x00007f4d380b4800  827             com.android.dx.io.instructions.InstructionCodec$15::encode (29 bytes)
Event: 3,365 Thread 0x00007f4d380b7800 nmethod 826 0x00007f4d3524d8d0 code [0x00007f4d3524da20, 0x00007f4d3524dbf8]
Event: 3,365 Thread 0x00007f4d380b7800  828             com.android.dx.io.instructions.DecodedInstruction::getLiteralByte (58 bytes)
Event: 3,365 Thread 0x00007f4d380b4800 nmethod 827 0x00007f4d352474d0 code [0x00007f4d35247640, 0x00007f4d35247878]
Event: 3,365 Thread 0x00007f4d380b7800 nmethod 828 0x00007f4d3524d450 code [0x00007f4d3524d580, 0x00007f4d3524d5f8]
Event: 3,399 Thread 0x00007f4d380b4800  829             java.lang.Integer::highestOneBit (38 bytes)
Event: 3,399 Thread 0x00007f4d380b4800 nmethod 829 0x00007f4d352472d0 code [0x00007f4d35247400, 0x00007f4d35247478]
Event: 3,483 Thread 0x00007f4d380b7800  830             com.android.dex.EncodedValueReader::readMethod (24 bytes)

GC Heap History (10 events):
Event: 2,883 GC heap after
Heap after GC invocations=10 (full 1):
 PSYoungGen      total 100864K, used 17000K [0x00000000eaa80000, 0x00000000f4b80000, 0x0000000100000000)
  eden space 81920K, 0% used [0x00000000eaa80000,0x00000000eaa80000,0x00000000efa80000)
  from space 18944K, 89% used [0x00000000efa80000,0x00000000f0b1a048,0x00000000f0d00000)
  to   space 20992K, 0% used [0x00000000f3700000,0x00000000f3700000,0x00000000f4b80000)
 ParOldGen       total 53760K, used 17381K [0x00000000c0000000, 0x00000000c3480000, 0x00000000eaa80000)
  object space 53760K, 32% used [0x00000000c0000000,0x00000000c10f9498,0x00000000c3480000)
 PSPermGen       total 21504K, used 7277K [0x00000000b5a00000, 0x00000000b6f00000, 0x00000000c0000000)
  object space 21504K, 33% used [0x00000000b5a00000,0x00000000b611b6f8,0x00000000b6f00000)
}
Event: 2,972 GC heap before
{Heap before GC invocations=11 (full 1):
 PSYoungGen      total 100864K, used 98920K [0x00000000eaa80000, 0x00000000f4b80000, 0x0000000100000000)
  eden space 81920K, 100% used [0x00000000eaa80000,0x00000000efa80000,0x00000000efa80000)
  from space 18944K, 89% used [0x00000000efa80000,0x00000000f0b1a048,0x00000000f0d00000)
  to   space 20992K, 0% used [0x00000000f3700000,0x00000000f3700000,0x00000000f4b80000)
 ParOldGen       total 53760K, used 17381K [0x00000000c0000000, 0x00000000c3480000, 0x00000000eaa80000)
  object space 53760K, 32% used [0x00000000c0000000,0x00000000c10f9498,0x00000000c3480000)
 PSPermGen       total 21504K, used 7282K [0x00000000b5a00000, 0x00000000b6f00000, 0x00000000c0000000)
  object space 21504K, 33% used [0x00000000b5a00000,0x00000000b611c920,0x00000000b6f00000)
Event: 2,979 GC heap after
Heap after GC invocations=11 (full 1):
 PSYoungGen      total 141312K, used 20142K [0x00000000eaa80000, 0x00000000f4f80000, 0x0000000100000000)
  eden space 120320K, 0% used [0x00000000eaa80000,0x00000000eaa80000,0x00000000f2000000)
  from space 20992K, 95% used [0x00000000f3700000,0x00000000f4aabb88,0x00000000f4b80000)
  to   space 23552K, 0% used [0x00000000f2000000,0x00000000f2000000,0x00000000f3700000)
 ParOldGen       total 53760K, used 24023K [0x00000000c0000000, 0x00000000c3480000, 0x00000000eaa80000)
  object space 53760K, 44% used [0x00000000c0000000,0x00000000c1775e88,0x00000000c3480000)
 PSPermGen       total 21504K, used 7282K [0x00000000b5a00000, 0x00000000b6f00000, 0x00000000c0000000)
  object space 21504K, 33% used [0x00000000b5a00000,0x00000000b611c920,0x00000000b6f00000)
}
Event: 3,105 GC heap before
{Heap before GC invocations=12 (full 1):
 PSYoungGen      total 141312K, used 140462K [0x00000000eaa80000, 0x00000000f4f80000, 0x0000000100000000)
  eden space 120320K, 100% used [0x00000000eaa80000,0x00000000f2000000,0x00000000f2000000)
  from space 20992K, 95% used [0x00000000f3700000,0x00000000f4aabb88,0x00000000f4b80000)
  to   space 23552K, 0% used [0x00000000f2000000,0x00000000f2000000,0x00000000f3700000)
 ParOldGen       total 53760K, used 24023K [0x00000000c0000000, 0x00000000c3480000, 0x00000000eaa80000)
  object space 53760K, 44% used [0x00000000c0000000,0x00000000c1775e88,0x00000000c3480000)
 PSPermGen       total 21504K, used 7284K [0x00000000b5a00000, 0x00000000b6f00000, 0x00000000c0000000)
  object space 21504K, 33% used [0x00000000b5a00000,0x00000000b611d208,0x00000000b6f00000)
Event: 3,114 GC heap after
Heap after GC invocations=12 (full 1):
 PSYoungGen      total 143872K, used 22193K [0x00000000eaa80000, 0x00000000f8b80000, 0x0000000100000000)
  eden space 120320K, 0% used [0x00000000eaa80000,0x00000000eaa80000,0x00000000f2000000)
  from space 23552K, 94% used [0x00000000f2000000,0x00000000f35ac508,0x00000000f3700000)
  to   space 26112K, 0% used [0x00000000f7200000,0x00000000f7200000,0x00000000f8b80000)
 ParOldGen       total 53760K, used 37010K [0x00000000c0000000, 0x00000000c3480000, 0x00000000eaa80000)
  object space 53760K, 68% used [0x00000000c0000000,0x00000000c2424a80,0x00000000c3480000)
 PSPermGen       total 21504K, used 7284K [0x00000000b5a00000, 0x00000000b6f00000, 0x00000000c0000000)
  object space 21504K, 33% used [0x00000000b5a00000,0x00000000b611d208,0x00000000b6f00000)
}
Event: 3,229 GC heap before
{Heap before GC invocations=13 (full 1):
 PSYoungGen      total 143872K, used 142513K [0x00000000eaa80000, 0x00000000f8b80000, 0x0000000100000000)
  eden space 120320K, 100% used [0x00000000eaa80000,0x00000000f2000000,0x00000000f2000000)
  from space 23552K, 94% used [0x00000000f2000000,0x00000000f35ac508,0x00000000f3700000)
  to   space 26112K, 0% used [0x00000000f7200000,0x00000000f7200000,0x00000000f8b80000)
 ParOldGen       total 53760K, used 37010K [0x00000000c0000000, 0x00000000c3480000, 0x00000000eaa80000)
  object space 53760K, 68% used [0x00000000c0000000,0x00000000c2424a80,0x00000000c3480000)
 PSPermGen       total 21504K, used 7287K [0x00000000b5a00000, 0x00000000b6f00000, 0x00000000c0000000)
  object space 21504K, 33% used [0x00000000b5a00000,0x00000000b611de90,0x00000000b6f00000)
Event: 3,257 GC heap after
Heap after GC invocations=13 (full 1):
 PSYoungGen      total 200192K, used 26095K [0x00000000eaa80000, 0x00000000f9600000, 0x0000000100000000)
  eden space 174080K, 0% used [0x00000000eaa80000,0x00000000eaa80000,0x00000000f5480000)
  from space 26112K, 99% used [0x00000000f7200000,0x00000000f8b7bd48,0x00000000f8b80000)
  to   space 30208K, 0% used [0x00000000f5480000,0x00000000f5480000,0x00000000f7200000)
 ParOldGen       total 53760K, used 45438K [0x00000000c0000000, 0x00000000c3480000, 0x00000000eaa80000)
  object space 53760K, 84% used [0x00000000c0000000,0x00000000c2c5f800,0x00000000c3480000)
 PSPermGen       total 21504K, used 7287K [0x00000000b5a00000, 0x00000000b6f00000, 0x00000000c0000000)
  object space 21504K, 33% used [0x00000000b5a00000,0x00000000b611de90,0x00000000b6f00000)
}
Event: 3,257 GC heap before
{Heap before GC invocations=14 (full 2):
 PSYoungGen      total 200192K, used 26095K [0x00000000eaa80000, 0x00000000f9600000, 0x0000000100000000)
  eden space 174080K, 0% used [0x00000000eaa80000,0x00000000eaa80000,0x00000000f5480000)
  from space 26112K, 99% used [0x00000000f7200000,0x00000000f8b7bd48,0x00000000f8b80000)
  to   space 30208K, 0% used [0x00000000f5480000,0x00000000f5480000,0x00000000f7200000)
 ParOldGen       total 53760K, used 45438K [0x00000000c0000000, 0x00000000c3480000, 0x00000000eaa80000)
  object space 53760K, 84% used [0x00000000c0000000,0x00000000c2c5f800,0x00000000c3480000)
 PSPermGen       total 21504K, used 7287K [0x00000000b5a00000, 0x00000000b6f00000, 0x00000000c0000000)
  object space 21504K, 33% used [0x00000000b5a00000,0x00000000b611de90,0x00000000b6f00000)
Event: 3,297 GC heap after
Heap after GC invocations=14 (full 2):
 PSYoungGen      total 200192K, used 0K [0x00000000eaa80000, 0x00000000f9600000, 0x0000000100000000)
  eden space 174080K, 0% used [0x00000000eaa80000,0x00000000eaa80000,0x00000000f5480000)
  from space 26112K, 0% used [0x00000000f7200000,0x00000000f7200000,0x00000000f8b80000)
  to   space 30208K, 0% used [0x00000000f5480000,0x00000000f5480000,0x00000000f7200000)
 ParOldGen       total 65024K, used 22718K [0x00000000c0000000, 0x00000000c3f80000, 0x00000000eaa80000)
  object space 65024K, 34% used [0x00000000c0000000,0x00000000c162fb90,0x00000000c3f80000)
 PSPermGen       total 21504K, used 7287K [0x00000000b5a00000, 0x00000000b6f00000, 0x00000000c0000000)
  object space 21504K, 33% used [0x00000000b5a00000,0x00000000b611dd90,0x00000000b6f00000)
}
Event: 3,486 GC heap before
{Heap before GC invocations=15 (full 2):
 PSYoungGen      total 200192K, used 174080K [0x00000000eaa80000, 0x00000000f9600000, 0x0000000100000000)
  eden space 174080K, 100% used [0x00000000eaa80000,0x00000000f5480000,0x00000000f5480000)
  from space 26112K, 0% used [0x00000000f7200000,0x00000000f7200000,0x00000000f8b80000)
  to   space 30208K, 0% used [0x00000000f5480000,0x00000000f5480000,0x00000000f7200000)
 ParOldGen       total 65024K, used 22718K [0x00000000c0000000, 0x00000000c3f80000, 0x00000000eaa80000)
  object space 65024K, 34% used [0x00000000c0000000,0x00000000c162fb90,0x00000000c3f80000)
 PSPermGen       total 21504K, used 7291K [0x00000000b5a00000, 0x00000000b6f00000, 0x00000000c0000000)
  object space 21504K, 33% used [0x00000000b5a00000,0x00000000b611ecc0,0x00000000b6f00000)

Deoptimization events (10 events):
Event: 2,113 Thread 0x00007f4d3800c000 Uncommon trap: reason=array_check action=maybe_recompile pc=0x00007f4d351ebac0 method=java.util.ComparableTimSort.binarySort([Ljava/lang/Object;III)V @ 193
Event: 2,633 Thread 0x00007f4d3800c000 Uncommon trap: reason=predicate action=maybe_recompile pc=0x00007f4d351a0198 method=java.util.TimSort.binarySort([Ljava/lang/Object;IIILjava/util/Comparator;)V @ 37
Event: 2,658 Thread 0x00007f4d3800c000 Uncommon trap: reason=array_check action=maybe_recompile pc=0x00007f4d3521449c method=java.util.ComparableTimSort.binarySort([Ljava/lang/Object;III)V @ 183
Event: 2,668 Thread 0x00007f4d3800c000 Uncommon trap: reason=array_check action=maybe_recompile pc=0x00007f4d3521807c method=java.util.TimSort.binarySort([Ljava/lang/Object;IIILjava/util/Comparator;)V @ 193
Event: 2,668 Thread 0x00007f4d3800c000 Uncommon trap: reason=array_check action=maybe_recompile pc=0x00007f4d3521807c method=java.util.TimSort.binarySort([Ljava/lang/Object;IIILjava/util/Comparator;)V @ 193
Event: 2,668 Thread 0x00007f4d3800c000 Uncommon trap: reason=array_check action=maybe_recompile pc=0x00007f4d3521807c method=java.util.TimSort.binarySort([Ljava/lang/Object;IIILjava/util/Comparator;)V @ 193
Event: 2,668 Thread 0x00007f4d3800c000 Uncommon trap: reason=array_check action=maybe_recompile pc=0x00007f4d35217f8c method=java.util.TimSort.binarySort([Ljava/lang/Object;IIILjava/util/Comparator;)V @ 215
Event: 2,668 Thread 0x00007f4d3800c000 Uncommon trap: reason=array_check action=maybe_recompile pc=0x00007f4d3521814c method=java.util.TimSort.binarySort([Ljava/lang/Object;IIILjava/util/Comparator;)V @ 183
Event: 2,668 Thread 0x00007f4d3800c000 Uncommon trap: reason=array_check action=maybe_recompile pc=0x00007f4d3521807c method=java.util.TimSort.binarySort([Ljava/lang/Object;IIILjava/util/Comparator;)V @ 193
Event: 2,735 Thread 0x00007f4d3800c000 Uncommon trap: reason=array_check action=maybe_recompile pc=0x00007f4d3521449c method=java.util.ComparableTimSort.binarySort([Ljava/lang/Object;III)V @ 183

Internal exceptions (10 events):
Event: 1,586 Thread 0x00007f4d3800c000 Threw 0x00000000eb42efc0 at /build/buildd/openjdk-7-7u79-2.5.5/build/openjdk/hotspot/src/share/vm/prims/jvm.cpp:1284
Event: 1,586 Thread 0x00007f4d3800c000 Threw 0x00000000eb433050 at /build/buildd/openjdk-7-7u79-2.5.5/build/openjdk/hotspot/src/share/vm/prims/jvm.cpp:1284
Event: 1,586 Thread 0x00007f4d3800c000 Threw 0x00000000eb436de0 at /build/buildd/openjdk-7-7u79-2.5.5/build/openjdk/hotspot/src/share/vm/prims/jvm.cpp:1284
Event: 1,587 Thread 0x00007f4d3800c000 Threw 0x00000000eb43cd70 at /build/buildd/openjdk-7-7u79-2.5.5/build/openjdk/hotspot/src/share/vm/prims/jvm.cpp:1284
Event: 1,587 Thread 0x00007f4d3800c000 Threw 0x00000000eb440840 at /build/buildd/openjdk-7-7u79-2.5.5/build/openjdk/hotspot/src/share/vm/prims/jvm.cpp:1284
Event: 1,587 Thread 0x00007f4d3800c000 Threw 0x00000000eb444508 at /build/buildd/openjdk-7-7u79-2.5.5/build/openjdk/hotspot/src/share/vm/prims/jvm.cpp:1284
Event: 1,587 Thread 0x00007f4d3800c000 Threw 0x00000000eb447f40 at /build/buildd/openjdk-7-7u79-2.5.5/build/openjdk/hotspot/src/share/vm/prims/jvm.cpp:1284
Event: 1,589 Thread 0x00007f4d3800c000 Threw 0x00000000eb48f9f0 at /build/buildd/openjdk-7-7u79-2.5.5/build/openjdk/hotspot/src/share/vm/prims/jvm.cpp:1284
Event: 1,589 Thread 0x00007f4d3800c000 Threw 0x00000000eb492588 at /build/buildd/openjdk-7-7u79-2.5.5/build/openjdk/hotspot/src/share/vm/prims/jvm.cpp:1284
Event: 1,881 Thread 0x00007f4d3800c000 Threw 0x00000000eaeea750 at /build/buildd/openjdk-7-7u79-2.5.5/build/openjdk/hotspot/src/share/vm/prims/jvm.cpp:1284

Events (10 events):
Event: 2,883 Executing VM operation: ParallelGCFailedAllocation done
Event: 2,935 Thread 0x00007f4d380b7800 flushing nmethod 0x00007f4d351e7e50
Event: 2,972 Executing VM operation: ParallelGCFailedAllocation
Event: 2,979 Executing VM operation: ParallelGCFailedAllocation done
Event: 3,105 Executing VM operation: ParallelGCFailedAllocation
Event: 3,114 Executing VM operation: ParallelGCFailedAllocation done
Event: 3,172 Thread 0x00007f4d380b7800 flushing nmethod 0x00007f4d351eb1d0
Event: 3,229 Executing VM operation: ParallelGCFailedAllocation
Event: 3,297 Executing VM operation: ParallelGCFailedAllocation done
Event: 3,485 Executing VM operation: ParallelGCFailedAllocation


Dynamic libraries:
00400000-00401000 r-xp 00000000 08:01 2896608                            /usr/lib/jvm/java-7-openjdk-amd64/jre/bin/java
00600000-00601000 r--p 00000000 08:01 2896608                            /usr/lib/jvm/java-7-openjdk-amd64/jre/bin/java
00601000-00602000 rw-p 00001000 08:01 2896608                            /usr/lib/jvm/java-7-openjdk-amd64/jre/bin/java
019f4000-01a15000 rw-p 00000000 00:00 0                                  [heap]
b5a00000-b6f00000 rw-p 00000000 00:00 0 
b6f00000-c0000000 rw-p 00000000 00:00 0 
c0000000-c3f80000 rw-p 00000000 00:00 0 
c3f80000-eaa80000 rw-p 00000000 00:00 0 
eaa80000-f9600000 rw-p 00000000 00:00 0 
fe800000-100000000 rw-p 00000000 00:00 0 
7f4cec000000-7f4cec021000 rw-p 00000000 00:00 0 
7f4cec021000-7f4cf0000000 ---p 00000000 00:00 0 
7f4cf0000000-7f4cf0021000 rw-p 00000000 00:00 0 
7f4cf0021000-7f4cf4000000 ---p 00000000 00:00 0 
7f4cf6781000-7f4cf67be000 r-xp 00000000 08:01 1314944                    /lib/x86_64-linux-gnu/libpcre.so.3.13.1
7f4cf67be000-7f4cf69bd000 ---p 0003d000 08:01 1314944                    /lib/x86_64-linux-gnu/libpcre.so.3.13.1
7f4cf69bd000-7f4cf69be000 r--p 0003c000 08:01 1314944                    /lib/x86_64-linux-gnu/libpcre.so.3.13.1
7f4cf69be000-7f4cf69bf000 rw-p 0003d000 08:01 1314944                    /lib/x86_64-linux-gnu/libpcre.so.3.13.1
7f4cf69bf000-7f4cf69c6000 r-xp 00000000 08:01 2631073                    /usr/lib/x86_64-linux-gnu/libffi.so.6.0.1
7f4cf69c6000-7f4cf6bc5000 ---p 00007000 08:01 2631073                    /usr/lib/x86_64-linux-gnu/libffi.so.6.0.1
7f4cf6bc5000-7f4cf6bc6000 r--p 00006000 08:01 2631073                    /usr/lib/x86_64-linux-gnu/libffi.so.6.0.1
7f4cf6bc6000-7f4cf6bc7000 rw-p 00007000 08:01 2631073                    /usr/lib/x86_64-linux-gnu/libffi.so.6.0.1
7f4cf6bc7000-7f4cf6bde000 r-xp 00000000 08:01 1314798                    /lib/x86_64-linux-gnu/libresolv-2.19.so
7f4cf6bde000-7f4cf6dde000 ---p 00017000 08:01 1314798                    /lib/x86_64-linux-gnu/libresolv-2.19.so
7f4cf6dde000-7f4cf6ddf000 r--p 00017000 08:01 1314798                    /lib/x86_64-linux-gnu/libresolv-2.19.so
7f4cf6ddf000-7f4cf6de0000 rw-p 00018000 08:01 1314798                    /lib/x86_64-linux-gnu/libresolv-2.19.so
7f4cf6de0000-7f4cf6de2000 rw-p 00000000 00:00 0 
7f4cf6de2000-7f4cf6e02000 r-xp 00000000 08:01 1314971                    /lib/x86_64-linux-gnu/libselinux.so.1
7f4cf6e02000-7f4cf7001000 ---p 00020000 08:01 1314971                    /lib/x86_64-linux-gnu/libselinux.so.1
7f4cf7001000-7f4cf7002000 r--p 0001f000 08:01 1314971                    /lib/x86_64-linux-gnu/libselinux.so.1
7f4cf7002000-7f4cf7003000 rw-p 00020000 08:01 1314971                    /lib/x86_64-linux-gnu/libselinux.so.1
7f4cf7003000-7f4cf7005000 rw-p 00000000 00:00 0 
7f4cf7005000-7f4cf7008000 r-xp 00000000 08:01 2621804                    /usr/lib/x86_64-linux-gnu/libgmodule-2.0.so.0.4002.0
7f4cf7008000-7f4cf7207000 ---p 00003000 08:01 2621804                    /usr/lib/x86_64-linux-gnu/libgmodule-2.0.so.0.4002.0
7f4cf7207000-7f4cf7208000 r--p 00002000 08:01 2621804                    /usr/lib/x86_64-linux-gnu/libgmodule-2.0.so.0.4002.0
7f4cf7208000-7f4cf7209000 rw-p 00003000 08:01 2621804                    /usr/lib/x86_64-linux-gnu/libgmodule-2.0.so.0.4002.0
7f4cf7209000-7f4cf730f000 r-xp 00000000 08:01 1314776                    /lib/x86_64-linux-gnu/libglib-2.0.so.0.4002.0
7f4cf730f000-7f4cf750e000 ---p 00106000 08:01 1314776                    /lib/x86_64-linux-gnu/libglib-2.0.so.0.4002.0
7f4cf750e000-7f4cf750f000 r--p 00105000 08:01 1314776                    /lib/x86_64-linux-gnu/libglib-2.0.so.0.4002.0
7f4cf750f000-7f4cf7510000 rw-p 00106000 08:01 1314776                    /lib/x86_64-linux-gnu/libglib-2.0.so.0.4002.0
7f4cf7510000-7f4cf7511000 rw-p 00000000 00:00 0 
7f4cf7511000-7f4cf7560000 r-xp 00000000 08:01 2621822                    /usr/lib/x86_64-linux-gnu/libgobject-2.0.so.0.4002.0
7f4cf7560000-7f4cf7760000 ---p 0004f000 08:01 2621822                    /usr/lib/x86_64-linux-gnu/libgobject-2.0.so.0.4002.0
7f4cf7760000-7f4cf7761000 r--p 0004f000 08:01 2621822                    /usr/lib/x86_64-linux-gnu/libgobject-2.0.so.0.4002.0
7f4cf7761000-7f4cf7762000 rw-p 00050000 08:01 2621822                    /usr/lib/x86_64-linux-gnu/libgobject-2.0.so.0.4002.0
7f4cf7762000-7f4cf78ce000 r-xp 00000000 08:01 2621826                    /usr/lib/x86_64-linux-gnu/libgio-2.0.so.0.4002.0
7f4cf78ce000-7f4cf7acd000 ---p 0016c000 08:01 2621826                    /usr/lib/x86_64-linux-gnu/libgio-2.0.so.0.4002.0
7f4cf7acd000-7f4cf7ad1000 r--p 0016b000 08:01 2621826                    /usr/lib/x86_64-linux-gnu/libgio-2.0.so.0.4002.0
7f4cf7ad1000-7f4cf7ad3000 rw-p 0016f000 08:01 2621826                    /usr/lib/x86_64-linux-gnu/libgio-2.0.so.0.4002.0
7f4cf7ad3000-7f4cf7ad5000 rw-p 00000000 00:00 0 
7f4cf7ad5000-7f4cf7aec000 r-xp 00000000 08:01 2896675                    /usr/lib/jvm/java-7-openjdk-amd64/jre/lib/amd64/libnet.so
7f4cf7aec000-7f4cf7ceb000 ---p 00017000 08:01 2896675                    /usr/lib/jvm/java-7-openjdk-amd64/jre/lib/amd64/libnet.so
7f4cf7ceb000-7f4cf7cec000 r--p 00016000 08:01 2896675                    /usr/lib/jvm/java-7-openjdk-amd64/jre/lib/amd64/libnet.so
7f4cf7cec000-7f4cf7ced000 rw-p 00017000 08:01 2896675                    /usr/lib/jvm/java-7-openjdk-amd64/jre/lib/amd64/libnet.so
7f4cf7ced000-7f4cf7cfd000 r-xp 00000000 08:01 2896662                    /usr/lib/jvm/java-7-openjdk-amd64/jre/lib/amd64/libnio.so
7f4cf7cfd000-7f4cf7efd000 ---p 00010000 08:01 2896662                    /usr/lib/jvm/java-7-openjdk-amd64/jre/lib/amd64/libnio.so
7f4cf7efd000-7f4cf7efe000 r--p 00010000 08:01 2896662                    /usr/lib/jvm/java-7-openjdk-amd64/jre/lib/amd64/libnio.so
7f4cf7efe000-7f4cf7eff000 rw-p 00011000 08:01 2896662                    /usr/lib/jvm/java-7-openjdk-amd64/jre/lib/amd64/libnio.so
7f4cf7eff000-7f4cf7f00000 ---p 00000000 00:00 0 
7f4cf7f00000-7f4cf8000000 rw-p 00000000 00:00 0                          [stack:8717]
7f4cf8000000-7f4cf8cc9000 rw-p 00000000 00:00 0 
7f4cf8cc9000-7f4cfc000000 ---p 00000000 00:00 0 
7f4cfc000000-7f4cfce12000 rw-p 00000000 00:00 0 
7f4cfce12000-7f4d00000000 ---p 00000000 00:00 0 
7f4d00000000-7f4d00021000 rw-p 00000000 00:00 0 
7f4d00021000-7f4d04000000 ---p 00000000 00:00 0 
7f4d04000000-7f4d04021000 rw-p 00000000 00:00 0 
7f4d04021000-7f4d08000000 ---p 00000000 00:00 0 
7f4d08000000-7f4d08241000 rw-p 00000000 00:00 0 
7f4d08241000-7f4d0c000000 ---p 00000000 00:00 0 
7f4d0c000000-7f4d0c021000 rw-p 00000000 00:00 0 
7f4d0c021000-7f4d10000000 ---p 00000000 00:00 0 
7f4d10000000-7f4d10021000 rw-p 00000000 00:00 0 
7f4d10021000-7f4d14000000 ---p 00000000 00:00 0 
7f4d14085000-7f4d1408a000 r--s 0004d000 08:01 2896697                    /usr/lib/jvm/java-7-openjdk-amd64/jre/lib/jsse.jar
7f4d1408a000-7f4d14099000 r--s 000dd000 00:19 3280347                    /home/kev/Android/Sdk/build-tools/21.1.2/lib/dx.jar
7f4d14099000-7f4d1409c000 ---p 00000000 00:00 0 
7f4d1409c000-7f4d1419a000 rw-p 00000000 00:00 0                          [stack:8716]
7f4d1419a000-7f4d1419d000 ---p 00000000 00:00 0 
7f4d1419d000-7f4d1429b000 rw-p 00000000 00:00 0                          [stack:8715]
7f4d1429b000-7f4d1429e000 ---p 00000000 00:00 0 
7f4d1429e000-7f4d1439c000 rw-p 00000000 00:00 0                          [stack:8714]
7f4d1439c000-7f4d1439f000 ---p 00000000 00:00 0 
7f4d1439f000-7f4d1449d000 rw-p 00000000 00:00 0                          [stack:8713]
7f4d1449d000-7f4d14b7f000 r--p 00000000 08:01 2629488                    /usr/lib/locale/locale-archive
7f4d14b7f000-7f4d14b82000 ---p 00000000 00:00 0 
7f4d14b82000-7f4d14c80000 rw-p 00000000 00:00 0                          [stack:8712]
7f4d14c80000-7f4d14c83000 ---p 00000000 00:00 0 
7f4d14c83000-7f4d14d81000 rw-p 00000000 00:00 0                          [stack:8711]
7f4d14d81000-7f4d14d82000 ---p 00000000 00:00 0 
7f4d14d82000-7f4d18000000 rw-p 00000000 00:00 0                          [stack:8710]
7f4d18000000-7f4d18021000 rw-p 00000000 00:00 0 
7f4d18021000-7f4d1c000000 ---p 00000000 00:00 0 
7f4d1c000000-7f4d1c021000 rw-p 00000000 00:00 0 
7f4d1c021000-7f4d20000000 ---p 00000000 00:00 0 
7f4d20000000-7f4d20021000 rw-p 00000000 00:00 0 
7f4d20021000-7f4d24000000 ---p 00000000 00:00 0 
7f4d24000000-7f4d24021000 rw-p 00000000 00:00 0 
7f4d24021000-7f4d28000000 ---p 00000000 00:00 0 
7f4d28000000-7f4d28021000 rw-p 00000000 00:00 0 
7f4d28021000-7f4d2c000000 ---p 00000000 00:00 0 
7f4d2c000000-7f4d2c021000 rw-p 00000000 00:00 0 
7f4d2c021000-7f4d30000000 ---p 00000000 00:00 0 
7f4d30000000-7f4d30021000 rw-p 00000000 00:00 0 
7f4d30021000-7f4d34000000 ---p 00000000 00:00 0 
7f4d34003000-7f4d35000000 rw-p 00000000 00:00 0 
7f4d35000000-7f4d35270000 rwxp 00000000 00:00 0 
7f4d35270000-7f4d38290000 rw-p 00000000 00:00 0 
7f4d38290000-7f4d3c000000 ---p 00000000 00:00 0 
7f4d3c001000-7f4d3c043000 rw-p 00000000 00:00 0 
7f4d3c043000-7f4d3c1f4000 r--s 01d27000 08:01 2896681                    /usr/lib/jvm/java-7-openjdk-amd64/jre/lib/rt.jar
7f4d3c1f4000-7f4d3c540000 rw-p 00000000 00:00 0 
7f4d3c540000-7f4d3c541000 ---p 00000000 00:00 0 
7f4d3c541000-7f4d3c641000 rw-p 00000000 00:00 0                          [stack:8709]
7f4d3c641000-7f4d3c642000 ---p 00000000 00:00 0 
7f4d3c642000-7f4d3c742000 rw-p 00000000 00:00 0                          [stack:8708]
7f4d3c742000-7f4d3c743000 ---p 00000000 00:00 0 
7f4d3c743000-7f4d3c843000 rw-p 00000000 00:00 0                          [stack:8707]
7f4d3c843000-7f4d3c844000 ---p 00000000 00:00 0 
7f4d3c844000-7f4d3c944000 rw-p 00000000 00:00 0                          [stack:8706]
7f4d3c944000-7f4d3c945000 ---p 00000000 00:00 0 
7f4d3c945000-7f4d3ca45000 rw-p 00000000 00:00 0                          [stack:8705]
7f4d3ca45000-7f4d3ca46000 ---p 00000000 00:00 0 
7f4d3ca46000-7f4d3cb46000 rw-p 00000000 00:00 0                          [stack:8704]
7f4d3cb46000-7f4d3cb47000 ---p 00000000 00:00 0 
7f4d3cb47000-7f4d3cc47000 rw-p 00000000 00:00 0                          [stack:8703]
7f4d3cc47000-7f4d3cc48000 ---p 00000000 00:00 0 
7f4d3cc48000-7f4d3cd53000 rw-p 00000000 00:00 0                          [stack:8702]
7f4d3cd53000-7f4d3cd9b000 rw-p 00000000 00:00 0 
7f4d3cd9b000-7f4d3cdbb000 rw-p 00000000 00:00 0 
7f4d3cdbb000-7f4d3cef1000 rw-p 00000000 00:00 0 
7f4d3cef1000-7f4d3cefc000 rw-p 00000000 00:00 0 
7f4d3cefc000-7f4d3cf44000 rw-p 00000000 00:00 0 
7f4d3cf44000-7f4d3cf64000 rw-p 00000000 00:00 0 
7f4d3cf64000-7f4d3d099000 rw-p 00000000 00:00 0 
7f4d3d099000-7f4d3d10f000 rw-p 00000000 00:00 0 
7f4d3d10f000-7f4d3d144000 rw-p 00000000 00:00 0 
7f4d3d144000-7f4d3d145000 rw-p 00000000 00:00 0 
7f4d3d145000-7f4d3d14d000 r-xp 00000000 08:01 2896658                    /usr/lib/jvm/java-7-openjdk-amd64/jre/lib/amd64/libzip.so
7f4d3d14d000-7f4d3d34c000 ---p 00008000 08:01 2896658                    /usr/lib/jvm/java-7-openjdk-amd64/jre/lib/amd64/libzip.so
7f4d3d34c000-7f4d3d34d000 r--p 00007000 08:01 2896658                    /usr/lib/jvm/java-7-openjdk-amd64/jre/lib/amd64/libzip.so
7f4d3d34d000-7f4d3d34e000 rw-p 00008000 08:01 2896658                    /usr/lib/jvm/java-7-openjdk-amd64/jre/lib/amd64/libzip.so
7f4d3d34e000-7f4d3d359000 r-xp 00000000 08:01 1314833                    /lib/x86_64-linux-gnu/libnss_files-2.19.so
7f4d3d359000-7f4d3d558000 ---p 0000b000 08:01 1314833                    /lib/x86_64-linux-gnu/libnss_files-2.19.so
7f4d3d558000-7f4d3d559000 r--p 0000a000 08:01 1314833                    /lib/x86_64-linux-gnu/libnss_files-2.19.so
7f4d3d559000-7f4d3d55a000 rw-p 0000b000 08:01 1314833                    /lib/x86_64-linux-gnu/libnss_files-2.19.so
7f4d3d55a000-7f4d3d565000 r-xp 00000000 08:01 1314967                    /lib/x86_64-linux-gnu/libnss_nis-2.19.so
7f4d3d565000-7f4d3d764000 ---p 0000b000 08:01 1314967                    /lib/x86_64-linux-gnu/libnss_nis-2.19.so
7f4d3d764000-7f4d3d765000 r--p 0000a000 08:01 1314967                    /lib/x86_64-linux-gnu/libnss_nis-2.19.so
7f4d3d765000-7f4d3d766000 rw-p 0000b000 08:01 1314967                    /lib/x86_64-linux-gnu/libnss_nis-2.19.so
7f4d3d766000-7f4d3d77d000 r-xp 00000000 08:01 1314868                    /lib/x86_64-linux-gnu/libnsl-2.19.so
7f4d3d77d000-7f4d3d97c000 ---p 00017000 08:01 1314868                    /lib/x86_64-linux-gnu/libnsl-2.19.so
7f4d3d97c000-7f4d3d97d000 r--p 00016000 08:01 1314868                    /lib/x86_64-linux-gnu/libnsl-2.19.so
7f4d3d97d000-7f4d3d97e000 rw-p 00017000 08:01 1314868                    /lib/x86_64-linux-gnu/libnsl-2.19.so
7f4d3d97e000-7f4d3d980000 rw-p 00000000 00:00 0 
7f4d3d980000-7f4d3d989000 r-xp 00000000 08:01 1314859                    /lib/x86_64-linux-gnu/libnss_compat-2.19.so
7f4d3d989000-7f4d3db88000 ---p 00009000 08:01 1314859                    /lib/x86_64-linux-gnu/libnss_compat-2.19.so
7f4d3db88000-7f4d3db89000 r--p 00008000 08:01 1314859                    /lib/x86_64-linux-gnu/libnss_compat-2.19.so
7f4d3db89000-7f4d3db8a000 rw-p 00009000 08:01 1314859                    /lib/x86_64-linux-gnu/libnss_compat-2.19.so
7f4d3db8a000-7f4d3dbb5000 r-xp 00000000 08:01 2896674                    /usr/lib/jvm/java-7-openjdk-amd64/jre/lib/amd64/libjava.so
7f4d3dbb5000-7f4d3ddb5000 ---p 0002b000 08:01 2896674                    /usr/lib/jvm/java-7-openjdk-amd64/jre/lib/amd64/libjava.so
7f4d3ddb5000-7f4d3ddb6000 r--p 0002b000 08:01 2896674                    /usr/lib/jvm/java-7-openjdk-amd64/jre/lib/amd64/libjava.so
7f4d3ddb6000-7f4d3ddb8000 rw-p 0002c000 08:01 2896674                    /usr/lib/jvm/java-7-openjdk-amd64/jre/lib/amd64/libjava.so
7f4d3ddb8000-7f4d3ddc8000 r-xp 00000000 08:01 2896671                    /usr/lib/jvm/java-7-openjdk-amd64/jre/lib/amd64/libverify.so
7f4d3ddc8000-7f4d3dfc7000 ---p 00010000 08:01 2896671                    /usr/lib/jvm/java-7-openjdk-amd64/jre/lib/amd64/libverify.so
7f4d3dfc7000-7f4d3dfc9000 r--p 0000f000 08:01 2896671                    /usr/lib/jvm/java-7-openjdk-amd64/jre/lib/amd64/libverify.so
7f4d3dfc9000-7f4d3dfca000 rw-p 00011000 08:01 2896671                    /usr/lib/jvm/java-7-openjdk-amd64/jre/lib/amd64/libverify.so
7f4d3dfca000-7f4d3dfd1000 r-xp 00000000 08:01 1314916                    /lib/x86_64-linux-gnu/librt-2.19.so
7f4d3dfd1000-7f4d3e1d0000 ---p 00007000 08:01 1314916                    /lib/x86_64-linux-gnu/librt-2.19.so
7f4d3e1d0000-7f4d3e1d1000 r--p 00006000 08:01 1314916                    /lib/x86_64-linux-gnu/librt-2.19.so
7f4d3e1d1000-7f4d3e1d2000 rw-p 00007000 08:01 1314916                    /lib/x86_64-linux-gnu/librt-2.19.so
7f4d3e1d2000-7f4d3e1e8000 r-xp 00000000 08:01 1314818                    /lib/x86_64-linux-gnu/libgcc_s.so.1
7f4d3e1e8000-7f4d3e3e7000 ---p 00016000 08:01 1314818                    /lib/x86_64-linux-gnu/libgcc_s.so.1
7f4d3e3e7000-7f4d3e3e8000 rw-p 00015000 08:01 1314818                    /lib/x86_64-linux-gnu/libgcc_s.so.1
7f4d3e3e8000-7f4d3e4ed000 r-xp 00000000 08:01 1314817                    /lib/x86_64-linux-gnu/libm-2.19.so
7f4d3e4ed000-7f4d3e6ec000 ---p 00105000 08:01 1314817                    /lib/x86_64-linux-gnu/libm-2.19.so
7f4d3e6ec000-7f4d3e6ed000 r--p 00104000 08:01 1314817                    /lib/x86_64-linux-gnu/libm-2.19.so
7f4d3e6ed000-7f4d3e6ee000 rw-p 00105000 08:01 1314817                    /lib/x86_64-linux-gnu/libm-2.19.so
7f4d3e6ee000-7f4d3e7d4000 r-xp 00000000 08:01 2631701                    /usr/lib/x86_64-linux-gnu/libstdc++.so.6.0.19
7f4d3e7d4000-7f4d3e9d3000 ---p 000e6000 08:01 2631701                    /usr/lib/x86_64-linux-gnu/libstdc++.so.6.0.19
7f4d3e9d3000-7f4d3e9db000 r--p 000e5000 08:01 2631701                    /usr/lib/x86_64-linux-gnu/libstdc++.so.6.0.19
7f4d3e9db000-7f4d3e9dd000 rw-p 000ed000 08:01 2631701                    /usr/lib/x86_64-linux-gnu/libstdc++.so.6.0.19
7f4d3e9dd000-7f4d3e9f2000 rw-p 00000000 00:00 0 
7f4d3e9f2000-7f4d3f50a000 r-xp 00000000 08:01 2896679                    /usr/lib/jvm/java-7-openjdk-amd64/jre/lib/amd64/server/libjvm.so
7f4d3f50a000-7f4d3f70a000 ---p 00b18000 08:01 2896679                    /usr/lib/jvm/java-7-openjdk-amd64/jre/lib/amd64/server/libjvm.so
7f4d3f70a000-7f4d3f7a4000 r--p 00b18000 08:01 2896679                    /usr/lib/jvm/java-7-openjdk-amd64/jre/lib/amd64/server/libjvm.so
7f4d3f7a4000-7f4d3f7c7000 rw-p 00bb2000 08:01 2896679                    /usr/lib/jvm/java-7-openjdk-amd64/jre/lib/amd64/server/libjvm.so
7f4d3f7c7000-7f4d3f7f5000 rw-p 00000000 00:00 0 
7f4d3f7f5000-7f4d3f80d000 r-xp 00000000 08:01 1315004                    /lib/x86_64-linux-gnu/libz.so.1.2.8
7f4d3f80d000-7f4d3fa0c000 ---p 00018000 08:01 1315004                    /lib/x86_64-linux-gnu/libz.so.1.2.8
7f4d3fa0c000-7f4d3fa0d000 r--p 00017000 08:01 1315004                    /lib/x86_64-linux-gnu/libz.so.1.2.8
7f4d3fa0d000-7f4d3fa0e000 rw-p 00018000 08:01 1315004                    /lib/x86_64-linux-gnu/libz.so.1.2.8
7f4d3fa0e000-7f4d3fa27000 r-xp 00000000 08:01 1314912                    /lib/x86_64-linux-gnu/libpthread-2.19.so
7f4d3fa27000-7f4d3fc26000 ---p 00019000 08:01 1314912                    /lib/x86_64-linux-gnu/libpthread-2.19.so
7f4d3fc26000-7f4d3fc27000 r--p 00018000 08:01 1314912                    /lib/x86_64-linux-gnu/libpthread-2.19.so
7f4d3fc27000-7f4d3fc28000 rw-p 00019000 08:01 1314912                    /lib/x86_64-linux-gnu/libpthread-2.19.so
7f4d3fc28000-7f4d3fc2c000 rw-p 00000000 00:00 0 
7f4d3fc2c000-7f4d3fc2f000 r-xp 00000000 08:01 1314851                    /lib/x86_64-linux-gnu/libdl-2.19.so
7f4d3fc2f000-7f4d3fe2e000 ---p 00003000 08:01 1314851                    /lib/x86_64-linux-gnu/libdl-2.19.so
7f4d3fe2e000-7f4d3fe2f000 r--p 00002000 08:01 1314851                    /lib/x86_64-linux-gnu/libdl-2.19.so
7f4d3fe2f000-7f4d3fe30000 rw-p 00003000 08:01 1314851                    /lib/x86_64-linux-gnu/libdl-2.19.so
7f4d3fe30000-7f4d3ffeb000 r-xp 00000000 08:01 1314910                    /lib/x86_64-linux-gnu/libc-2.19.so
7f4d3ffeb000-7f4d401ea000 ---p 001bb000 08:01 1314910                    /lib/x86_64-linux-gnu/libc-2.19.so
7f4d401ea000-7f4d401ee000 r--p 001ba000 08:01 1314910                    /lib/x86_64-linux-gnu/libc-2.19.so
7f4d401ee000-7f4d401f0000 rw-p 001be000 08:01 1314910                    /lib/x86_64-linux-gnu/libc-2.19.so
7f4d401f0000-7f4d401f5000 rw-p 00000000 00:00 0 
7f4d401f5000-7f4d40202000 r-xp 00000000 08:01 2896650                    /usr/lib/jvm/java-7-openjdk-amd64/jre/lib/amd64/jli/libjli.so
7f4d40202000-7f4d40401000 ---p 0000d000 08:01 2896650                    /usr/lib/jvm/java-7-openjdk-amd64/jre/lib/amd64/jli/libjli.so
7f4d40401000-7f4d40402000 r--p 0000c000 08:01 2896650                    /usr/lib/jvm/java-7-openjdk-amd64/jre/lib/amd64/jli/libjli.so
7f4d40402000-7f4d40403000 rw-p 0000d000 08:01 2896650                    /usr/lib/jvm/java-7-openjdk-amd64/jre/lib/amd64/jli/libjli.so
7f4d40403000-7f4d40426000 r-xp 00000000 08:01 1314872                    /lib/x86_64-linux-gnu/ld-2.19.so
7f4d40427000-7f4d40428000 rw-p 00000000 00:00 0 
7f4d40428000-7f4d4042a000 r--s 00006000 08:01 3031457                    /usr/share/java/java-atk-wrapper.jar
7f4d4042a000-7f4d4044c000 rw-p 00000000 00:00 0 
7f4d4044c000-7f4d40502000 rw-p 00000000 00:00 0 
7f4d40502000-7f4d40505000 ---p 00000000 00:00 0 
7f4d40505000-7f4d40608000 rw-p 00000000 00:00 0                          [stack:8701]
7f4d40608000-7f4d4060a000 r--s 00012000 08:01 2896689                    /usr/lib/jvm/java-7-openjdk-amd64/jre/lib/ext/zipfs.jar
7f4d4060a000-7f4d4060d000 r--s 0000f000 08:01 2896684                    /usr/lib/jvm/java-7-openjdk-amd64/jre/lib/ext/icedtea-sound.jar
7f4d4060d000-7f4d40610000 r--s 00086000 08:01 2896687                    /usr/lib/jvm/java-7-openjdk-amd64/jre/lib/ext/localedata.jar
7f4d40610000-7f4d40614000 r--s 00034000 08:01 2896688                    /usr/lib/jvm/java-7-openjdk-amd64/jre/lib/ext/sunjce_provider.jar
7f4d40614000-7f4d40618000 r--s 0003c000 08:01 2896686                    /usr/lib/jvm/java-7-openjdk-amd64/jre/lib/ext/sunpkcs11.jar
7f4d40618000-7f4d40619000 r--s 00002000 08:01 2896685                    /usr/lib/jvm/java-7-openjdk-amd64/jre/lib/ext/dnsns.jar
7f4d40619000-7f4d40621000 rw-s 00000000 08:01 665813                     /tmp/hsperfdata_kev/8696
7f4d40621000-7f4d40622000 rw-p 00000000 00:00 0 
7f4d40622000-7f4d40623000 ---p 00000000 00:00 0 
7f4d40623000-7f4d40625000 rw-p 00000000 00:00 0 
7f4d40625000-7f4d40626000 r--p 00022000 08:01 1314872                    /lib/x86_64-linux-gnu/ld-2.19.so
7f4d40626000-7f4d40627000 rw-p 00023000 08:01 1314872                    /lib/x86_64-linux-gnu/ld-2.19.so
7f4d40627000-7f4d40628000 rw-p 00000000 00:00 0 
7ffc442d6000-7ffc442f8000 rw-p 00000000 00:00 0                          [stack]
7ffc443bc000-7ffc443be000 r-xp 00000000 00:00 0                          [vdso]
ffffffffff600000-ffffffffff601000 r-xp 00000000 00:00 0                  [vsyscall]

VM Arguments:
jvm_args: -Xmx1024M -Dfile.encoding=UTF-8 -Duser.country=US -Duser.language=en -Duser.variant 
java_command: com.android.dx.command.Main --dex --output /home/kev/AndroidStudioProjects/PriceCloud/app/build/intermediates/dex/debug /home/kev/AndroidStudioProjects/PriceCloud/app/build/intermediates/classes/debug /home/kev/AndroidStudioProjects/PriceCloud/app/build/intermediates/pre-dexed/debug/support-annotations-22.2.0-47529ac724c557d0a5590715bd59ee03eb3d089e.jar /home/kev/AndroidStudioProjects/PriceCloud/app/build/intermediates/pre-dexed/debug/classes-6f53929c59bddb41dc47672ba172f2df13a695dd.jar /home/kev/AndroidStudioProjects/PriceCloud/app/build/intermediates/pre-dexed/debug/classes-6c442f0d9abde040e40e674a19105e4ae643f1e7.jar /home/kev/AndroidStudioProjects/PriceCloud/app/build/intermediates/pre-dexed/debug/classes-b3a574ae2360b2a35a5374027e790e371b6ba833.jar /home/kev/AndroidStudioProjects/PriceCloud/app/build/intermediates/pre-dexed/debug/internal_impl-22.0.0-3f4198c2b9de9c2f236882d5e4e7e5679e500b10.jar /home/kev/AndroidStudioProjects/PriceCloud/app/build/intermediates/pre-dexed/debug/classes-dd00e13e55427572cc98c88a2e708f811418805a.jar /home/kev/AndroidStudioProjects/PriceCloud/app/build/intermediates/pre-dexed/debug/classes-d373bc7eea05044a443c67937e68c3f848c4a891.jar /home/kev/AndroidStudioProjects/PriceCloud/app/build/intermediates/pre-dexed/debug/classes-737b2b747426fb2693012b7faeb38377e52de754.jar /home/kev/AndroidStudioProjects/PriceCloud/app/build/intermediates/pre-dexed/debug/classes-d5aee46fe9fc2fb9ef2d81b7ee3664f00d0edd40.jar /home/kev/AndroidStudioProjects/PriceCloud/app/build/intermediates/pre-dexed/debug/classes-879217c8ec485c1bd328a5b15ebb0d37f78439f6.jar /home/kev/AndroidStudioProjects/PriceCloud/app/build/intermediates/pre-dexed/debug/classes-617b36adb7422716a4e963e770bb49ae6af34efb.jar /home/kev/AndroidStudioProjects/PriceCloud/app/build/intermediates/pre-dexed/debug/classes-dc52b2be9a1451ca03381177a20199fb00f762f3.jar /home/kev/AndroidStudioProjects/PriceCloud/app/build/intermediates/pre-dexed/debug/classes-da4488b3c869e3b39ecca7d99513
Launcher Type: SUN_STANDARD

Environment Variables:
PATH=/usr/local/sbin:/usr/local/bin:/usr/sbin:/usr/bin:/sbin:/bin:/usr/games:/usr/local/games:~/.composer/vendor/bin
LD_LIBRARY_PATH=.:
SHELL=/bin/bash
DISPLAY=:0

Signal Handlers:
SIGSEGV: [libjvm.so+0x94b9a0], sa_mask[0]=0x7ffbfeff, sa_flags=0x10000004
SIGBUS: [libjvm.so+0x94b9a0], sa_mask[0]=0x7ffbfeff, sa_flags=0x10000004
SIGFPE: [libjvm.so+0x7c3880], sa_mask[0]=0x7ffbfeff, sa_flags=0x10000004
SIGPIPE: [libjvm.so+0x7c3880], sa_mask[0]=0x7ffbfeff, sa_flags=0x10000004
SIGXFSZ: [libjvm.so+0x7c3880], sa_mask[0]=0x7ffbfeff, sa_flags=0x10000004
SIGILL: [libjvm.so+0x7c3880], sa_mask[0]=0x7ffbfeff, sa_flags=0x10000004
SIGUSR1: SIG_DFL, sa_mask[0]=0x00000000, sa_flags=0x00000000
SIGUSR2: [libjvm.so+0x7c3720], sa_mask[0]=0x00000004, sa_flags=0x10000004
SIGHUP: [libjvm.so+0x7c3900], sa_mask[0]=0x7ffbfeff, sa_flags=0x10000004
SIGINT: [libjvm.so+0x7c3900], sa_mask[0]=0x7ffbfeff, sa_flags=0x10000004
SIGTERM: [libjvm.so+0x7c3900], sa_mask[0]=0x7ffbfeff, sa_flags=0x10000004
SIGQUIT: [libjvm.so+0x7c3900], sa_mask[0]=0x7ffbfeff, sa_flags=0x10000004
SIGTRAP: SIG_DFL, sa_mask[0]=0x00000000, sa_flags=0x00000000


---------------  S Y S T E M  ---------------

OS:Ubuntu 14.04 (trusty)
uname:Linux 3.13.0-54-generic #91-Ubuntu SMP Tue May 26 19:15:08 UTC 2015 x86_64
libc:glibc 2.19 NPTL 2.19 
rlimit: STACK 8192k, CORE 0k, NPROC 28866, NOFILE 4096, AS infinity
load average:0,50 0,55 0,63

/proc/meminfo:
MemTotal:        3724688 kB
MemFree:          112120 kB
Buffers:             732 kB
Cached:           403836 kB
SwapCached:         5080 kB
Active:          2217804 kB
Inactive:         691964 kB
Active(anon):    2209500 kB
Inactive(anon):   683200 kB
Active(file):       8304 kB
Inactive(file):     8764 kB
Unevictable:          52 kB
Mlocked:              52 kB
SwapTotal:        488276 kB
SwapFree:           5492 kB
Dirty:               152 kB
Writeback:             0 kB
AnonPages:       2501036 kB
Mapped:           556328 kB
Shmem:            387060 kB
Slab:             120360 kB
SReclaimable:      50776 kB
SUnreclaim:        69584 kB
KernelStack:        5592 kB
PageTables:        38676 kB
NFS_Unstable:          0 kB
Bounce:                0 kB
WritebackTmp:          0 kB
CommitLimit:     2350620 kB
Committed_AS:    7665124 kB
VmallocTotal:   34359738367 kB
VmallocUsed:      350644 kB
VmallocChunk:   34359354920 kB
HardwareCorrupted:     0 kB
AnonHugePages:    567296 kB
HugePages_Total:       0
HugePages_Free:        0
HugePages_Rsvd:        0
HugePages_Surp:        0
Hugepagesize:       2048 kB
DirectMap4k:      141952 kB
DirectMap2M:     3725312 kB
DirectMap1G:           0 kB


CPU:total 8 (4 cores per cpu, 2 threads per core) family 6 model 60 stepping 3, cmov, cx8, fxsr, mmx, sse, sse2, sse3, ssse3, sse4.1, sse4.2, popcnt, avx, avx2, aes, erms, ht, tsc, tscinvbit

/proc/cpuinfo:
processor	: 0
vendor_id	: GenuineIntel
cpu family	: 6
model		: 60
model name	: Intel(R) Core(TM) i7-4771 CPU @ 3.50GHz
stepping	: 3
microcode	: 0x9
cpu MHz		: 800.000
cache size	: 8192 KB
physical id	: 0
siblings	: 8
core id		: 0
cpu cores	: 4
apicid		: 0
initial apicid	: 0
fpu		: yes
fpu_exception	: yes
cpuid level	: 13
wp		: yes
flags		: fpu vme de pse tsc msr pae mce cx8 apic sep mtrr pge mca cmov pat pse36 clflush dts acpi mmx fxsr sse sse2 ss ht tm pbe syscall nx pdpe1gb rdtscp lm constant_tsc arch_perfmon pebs bts rep_good nopl xtopology nonstop_tsc aperfmperf eagerfpu pni pclmulqdq dtes64 monitor ds_cpl vmx smx est tm2 ssse3 fma cx16 xtpr pdcm pcid sse4_1 sse4_2 x2apic movbe popcnt tsc_deadline_timer aes xsave avx f16c rdrand lahf_lm abm ida arat epb xsaveopt pln pts dtherm tpr_shadow vnmi flexpriority ept vpid fsgsbase tsc_adjust bmi1 hle avx2 smep bmi2 erms invpcid rtm
bogomips	: 6995.80
clflush size	: 64
cache_alignment	: 64
address sizes	: 39 bits physical, 48 bits virtual
power management:

processor	: 1
vendor_id	: GenuineIntel
cpu family	: 6
model		: 60
model name	: Intel(R) Core(TM) i7-4771 CPU @ 3.50GHz
stepping	: 3
microcode	: 0x9
cpu MHz		: 3100.000
cache size	: 8192 KB
physical id	: 0
siblings	: 8
core id		: 1
cpu cores	: 4
apicid		: 2
initial apicid	: 2
fpu		: yes
fpu_exception	: yes
cpuid level	: 13
wp		: yes
flags		: fpu vme de pse tsc msr pae mce cx8 apic sep mtrr pge mca cmov pat pse36 clflush dts acpi mmx fxsr sse sse2 ss ht tm pbe syscall nx pdpe1gb rdtscp lm constant_tsc arch_perfmon pebs bts rep_good nopl xtopology nonstop_tsc aperfmperf eagerfpu pni pclmulqdq dtes64 monitor ds_cpl vmx smx est tm2 ssse3 fma cx16 xtpr pdcm pcid sse4_1 sse4_2 x2apic movbe popcnt tsc_deadline_timer aes xsave avx f16c rdrand lahf_lm abm ida arat epb xsaveopt pln pts dtherm tpr_shadow vnmi flexpriority ept vpid fsgsbase tsc_adjust bmi1 hle avx2 smep bmi2 erms invpcid rtm
bogomips	: 6995.80
clflush size	: 64
cache_alignment	: 64
address sizes	: 39 bits physical, 48 bits virtual
power management:

processor	: 2
vendor_id	: GenuineIntel
cpu family	: 6
model		: 60
model name	: Intel(R) Core(TM) i7-4771 CPU @ 3.50GHz
stepping	: 3
microcode	: 0x9
cpu MHz		: 800.000
cache size	: 8192 KB
physical id	: 0
siblings	: 8
core id		: 2
cpu cores	: 4
apicid		: 4
initial apicid	: 4
fpu		: yes
fpu_exception	: yes
cpuid level	: 13
wp		: yes
flags		: fpu vme de pse tsc msr pae mce cx8 apic sep mtrr pge mca cmov pat pse36 clflush dts acpi mmx fxsr sse sse2 ss ht tm pbe syscall nx pdpe1gb rdtscp lm constant_tsc arch_perfmon pebs bts rep_good nopl xtopology nonstop_tsc aperfmperf eagerfpu pni pclmulqdq dtes64 monitor ds_cpl vmx smx est tm2 ssse3 fma cx16 xtpr pdcm pcid sse4_1 sse4_2 x2apic movbe popcnt tsc_deadline_timer aes xsave avx f16c rdrand lahf_lm abm ida arat epb xsaveopt pln pts dtherm tpr_shadow vnmi flexpriority ept vpid fsgsbase tsc_adjust bmi1 hle avx2 smep bmi2 erms invpcid rtm
bogomips	: 6995.80
clflush size	: 64
cache_alignment	: 64
address sizes	: 39 bits physical, 48 bits virtual
power management:

processor	: 3
vendor_id	: GenuineIntel
cpu family	: 6
model		: 60
model name	: Intel(R) Core(TM) i7-4771 CPU @ 3.50GHz
stepping	: 3
microcode	: 0x9
cpu MHz		: 2700.000
cache size	: 8192 KB
physical id	: 0
siblings	: 8
core id		: 3
cpu cores	: 4
apicid		: 6
initial apicid	: 6
fpu		: yes
fpu_exception	: yes
cpuid level	: 13
wp		: yes
flags		: fpu vme de pse tsc msr pae mce cx8 apic sep mtrr pge mca cmov pat pse36 clflush dts acpi mmx fxsr sse sse2 ss ht tm pbe syscall nx pdpe1gb rdtscp lm constant_tsc arch_perfmon pebs bts rep_good nopl xtopology nonstop_tsc aperfmperf eagerfpu pni pclmulqdq dtes64 monitor ds_cpl vmx smx est tm2 ssse3 fma cx16 xtpr pdcm pcid sse4_1 sse4_2 x2apic movbe popcnt tsc_deadline_timer aes xsave avx f16c rdrand lahf_lm abm ida arat epb xsaveopt pln pts dtherm tpr_shadow vnmi flexpriority ept vpid fsgsbase tsc_adjust bmi1 hle avx2 smep bmi2 erms invpcid rtm
bogomips	: 6995.80
clflush size	: 64
cache_alignment	: 64
address sizes	: 39 bits physical, 48 bits virtual
power management:

processor	: 4
vendor_id	: GenuineIntel
cpu family	: 6
model		: 60
model name	: Intel(R) Core(TM) i7-4771 CPU @ 3.50GHz
stepping	: 3
microcode	: 0x9
cpu MHz		: 800.000
cache size	: 8192 KB
physical id	: 0
siblings	: 8
core id		: 0
cpu cores	: 4
apicid		: 1
initial apicid	: 1
fpu		: yes
fpu_exception	: yes
cpuid level	: 13
wp		: yes
flags		: fpu vme de pse tsc msr pae mce cx8 apic sep mtrr pge mca cmov pat pse36 clflush dts acpi mmx fxsr sse sse2 ss ht tm pbe syscall nx pdpe1gb rdtscp lm constant_tsc arch_perfmon pebs bts rep_good nopl xtopology nonstop_tsc aperfmperf eagerfpu pni pclmulqdq dtes64 monitor ds_cpl vmx smx est tm2 ssse3 fma cx16 xtpr pdcm pcid sse4_1 sse4_2 x2apic movbe popcnt tsc_deadline_timer aes xsave avx f16c rdrand lahf_lm abm ida arat epb xsaveopt pln pts dtherm tpr_shadow vnmi flexpriority ept vpid fsgsbase tsc_adjust bmi1 hle avx2 smep bmi2 erms invpcid rtm
bogomips	: 6995.80
clflush size	: 64
cache_alignment	: 64
address sizes	: 39 bits physical, 48 bits virtual
power management:

processor	: 5
vendor_id	: GenuineIntel
cpu family	: 6
model		: 60
model name	: Intel(R) Core(TM) i7-4771 CPU @ 3.50GHz
stepping	: 3
microcode	: 0x9
cpu MHz		: 3501.000
cache size	: 8192 KB
physical id	: 0
siblings	: 8
core id		: 1
cpu cores	: 4
apicid		: 3
initial apicid	: 3
fpu		: yes
fpu_exception	: yes
cpuid level	: 13
wp		: yes
flags		: fpu vme de pse tsc msr pae mce cx8 apic sep mtrr pge mca cmov pat pse36 clflush dts acpi mmx fxsr sse sse2 ss ht tm pbe syscall nx pdpe1gb rdtscp lm constant_tsc arch_perfmon pebs bts rep_good nopl xtopology nonstop_tsc aperfmperf eagerfpu pni pclmulqdq dtes64 monitor ds_cpl vmx smx est tm2 ssse3 fma cx16 xtpr pdcm pcid sse4_1 sse4_2 x2apic movbe popcnt tsc_deadline_timer aes xsave avx f16c rdrand lahf_lm abm ida arat epb xsaveopt pln pts dtherm tpr_shadow vnmi flexpriority ept vpid fsgsbase tsc_adjust bmi1 hle avx2 smep bmi2 erms invpcid rtm
bogomips	: 6995.80
clflush size	: 64
cache_alignment	: 64
address sizes	: 39 bits physical, 48 bits virtual
power management:

processor	: 6
vendor_id	: GenuineIntel
cpu family	: 6
model		: 60
model name	: Intel(R) Core(TM) i7-4771 CPU @ 3.50GHz
stepping	: 3
microcode	: 0x9
cpu MHz		: 800.000
cache size	: 8192 KB
physical id	: 0
siblings	: 8
core id		: 2
cpu cores	: 4
apicid		: 5
initial apicid	: 5
fpu		: yes
fpu_exception	: yes
cpuid level	: 13
wp		: yes
flags		: fpu vme de pse tsc msr pae mce cx8 apic sep mtrr pge mca cmov pat pse36 clflush dts acpi mmx fxsr sse sse2 ss ht tm pbe syscall nx pdpe1gb rdtscp lm constant_tsc arch_perfmon pebs bts rep_good nopl xtopology nonstop_tsc aperfmperf eagerfpu pni pclmulqdq dtes64 monitor ds_cpl vmx smx est tm2 ssse3 fma cx16 xtpr pdcm pcid sse4_1 sse4_2 x2apic movbe popcnt tsc_deadline_timer aes xsave avx f16c rdrand lahf_lm abm ida arat epb xsaveopt pln pts dtherm tpr_shadow vnmi flexpriority ept vpid fsgsbase tsc_adjust bmi1 hle avx2 smep bmi2 erms invpcid rtm
bogomips	: 6995.80
clflush size	: 64
cache_alignment	: 64
address sizes	: 39 bits physical, 48 bits virtual
power management:

processor	: 7
vendor_id	: GenuineIntel
cpu family	: 6
model		: 60
model name	: Intel(R) Core(TM) i7-4771 CPU @ 3.50GHz
stepping	: 3
microcode	: 0x9
cpu MHz		: 800.000
cache size	: 8192 KB
physical id	: 0
siblings	: 8
core id		: 3
cpu cores	: 4
apicid		: 7
initial apicid	: 7
fpu		: yes
fpu_exception	: yes
cpuid level	: 13
wp		: yes
flags		: fpu vme de pse tsc msr pae mce cx8 apic sep mtrr pge mca cmov pat pse36 clflush dts acpi mmx fxsr sse sse2 ss ht tm pbe syscall nx pdpe1gb rdtscp lm constant_tsc arch_perfmon pebs bts rep_good nopl xtopology nonstop_tsc aperfmperf eagerfpu pni pclmulqdq dtes64 monitor ds_cpl vmx smx est tm2 ssse3 fma cx16 xtpr pdcm pcid sse4_1 sse4_2 x2apic movbe popcnt tsc_deadline_timer aes xsave avx f16c rdrand lahf_lm abm ida arat epb xsaveopt pln pts dtherm tpr_shadow vnmi flexpriority ept vpid fsgsbase tsc_adjust bmi1 hle avx2 smep bmi2 erms invpcid rtm
bogomips	: 6995.80
clflush size	: 64
cache_alignment	: 64
address sizes	: 39 bits physical, 48 bits virtual
power management:



Memory: 4k page, physical 3724688k(111872k free), swap 488276k(5492k free)

vm_info: OpenJDK 64-Bit Server VM (24.79-b02) for linux-amd64 JRE (1.7.0_79-b14), built on Apr 16 2015 08:21:58 by "buildd" with gcc 4.8.2

time: Thu Jun 18 04:57:54 2015
elapsed time: 3 seconds

