#
# There is insufficient memory for the Java Runtime Environment to continue.
# Native memory allocation (malloc) failed to allocate 62390272 bytes for committing reserved memory.
# Possible reasons:
#   The system is out of physical RAM or swap space
#   In 32 bit mode, the process size limit was hit
# Possible solutions:
#   Reduce memory load on the system
#   Increase physical memory or swap space
#   Check if swap backing store is full
#   Use 64 bit Java on a 64 bit OS
#   Decrease Java heap size (-Xmx/-Xms)
#   Decrease number of Java threads
#   Decrease Java thread stack sizes (-Xss)
#   Set larger code cache with -XX:ReservedCodeCacheSize=
# This output file may be truncated or incomplete.
#
#  Out of Memory Error (os_linux.cpp:2809), pid=24531, tid=139973781059328
#
# JRE version: OpenJDK Runtime Environment (7.0_79-b14) (build 1.7.0_79-b14)
# Java VM: OpenJDK 64-Bit Server VM (24.79-b02 mixed mode linux-amd64 compressed oops)
# Derivative: IcedTea 2.5.5
# Distribution: Ubuntu 14.04 LTS, package 7u79-2.5.5-0ubuntu0.14.04.2
# Failed to write core dump. Core dumps have been disabled. To enable core dumping, try "ulimit -c unlimited" before starting Java again
#

---------------  T H R E A D  ---------------

Current thread (0x00007f4e3c080000):  VMThread [stack: 0x00007f4e2f6f7000,0x00007f4e2f7f8000] [id=24545]

Stack: [0x00007f4e2f6f7000,0x00007f4e2f7f8000],  sp=0x00007f4e2f7f6490,  free space=1021k
Native frames: (J=compiled Java code, j=interpreted, Vv=VM code, C=native code)
V  [libjvm.so+0x94aec5]  VMError::report_and_die()+0x175
V  [libjvm.so+0x48b9c4]  report_vm_out_of_memory(char const*, int, unsigned long, char const*)+0x74
V  [libjvm.so+0x7c806b]  os::pd_commit_memory(char*, unsigned long, unsigned long, bool)+0xeb
V  [libjvm.so+0x7c2b0f]  os::commit_memory(char*, unsigned long, unsigned long, bool)+0x1f
V  [libjvm.so+0x83500b]  PSVirtualSpace::expand_by(unsigned long)+0x5b
V  [libjvm.so+0x835e60]  PSYoungGen::resize_generation(unsigned long, unsigned long)+0xb0
V  [libjvm.so+0x83654b]  PSYoungGen::resize(unsigned long, unsigned long)+0x1b
V  [libjvm.so+0x832830]  PSScavenge::invoke_no_policy()+0xde0
V  [libjvm.so+0x833008]  PSScavenge::invoke()+0x38
V  [libjvm.so+0x7e96f3]  ParallelScavengeHeap::failed_mem_allocate(unsigned long)+0x63
V  [libjvm.so+0x94c8c4]  VM_ParallelGCFailedAllocation::doit()+0x84
V  [libjvm.so+0x950dc7]  VM_Operation::evaluate()+0x47
V  [libjvm.so+0x94f738]  VMThread::evaluate_operation(VM_Operation*)+0x318
V  [libjvm.so+0x94fb99]  VMThread::loop()+0x219
V  [libjvm.so+0x94ffe2]  VMThread::run()+0x72
V  [libjvm.so+0x7c4f32]  java_start(Thread*)+0xf2

VM_Operation (0x00007f4e42fa6390): ParallelGCFailedAllocation, mode: safepoint, requested by thread 0x00007f4e3c00c000


---------------  P R O C E S S  ---------------

Java Threads: ( => current thread )
  0x00007f4e3c0b9800 JavaThread "Service Thread" daemon [_thread_blocked, id=24551, stack(0x00007f4e2ea0f000,0x00007f4e2eb10000)]
  0x00007f4e3c0b7800 JavaThread "C2 CompilerThread1" daemon [_thread_blocked, id=24550, stack(0x00007f4e2eb10000,0x00007f4e2ec11000)]
  0x00007f4e3c0b4800 JavaThread "C2 CompilerThread0" daemon [_thread_blocked, id=24549, stack(0x00007f4e2ec11000,0x00007f4e2ed12000)]
  0x00007f4e3c0b2800 JavaThread "Signal Dispatcher" daemon [_thread_blocked, id=24548, stack(0x00007f4e2ed12000,0x00007f4e2ee13000)]
  0x00007f4e3c086800 JavaThread "Finalizer" daemon [_thread_blocked, id=24547, stack(0x00007f4e2f4f5000,0x00007f4e2f5f6000)]
  0x00007f4e3c084800 JavaThread "Reference Handler" daemon [_thread_blocked, id=24546, stack(0x00007f4e2f5f6000,0x00007f4e2f6f7000)]
  0x00007f4e3c00c000 JavaThread "main" [_thread_blocked, id=24536, stack(0x00007f4e42ea7000,0x00007f4e42fa8000)]

Other Threads:
=>0x00007f4e3c080000 VMThread [stack: 0x00007f4e2f6f7000,0x00007f4e2f7f8000] [id=24545]
  0x00007f4e3c0c4800 WatcherThread [stack: 0x00007f4e2e90e000,0x00007f4e2ea0f000] [id=24552]

VM state:at safepoint (normal execution)

VM Mutex/Monitor currently owned by a thread:  ([mutex/lock_event])
[0x00007f4e3c008410] Threads_lock - owner thread: 0x00007f4e3c080000
[0x00007f4e3c008910] Heap_lock - owner thread: 0x00007f4e3c00c000

Heap
 PSYoungGen      total 109056K, used 14307K [0x00000000eaa80000, 0x00000000f2400000, 0x0000000100000000)
  eden space 94720K, 0% used [0x00000000eaa80000,0x00000000eaa80000,0x00000000f0700000)
  from space 14336K, 99% used [0x00000000f1600000,0x00000000f23f8d78,0x00000000f2400000)
  to   space 13312K, 0% used [0x00000000f0700000,0x00000000f0700000,0x00000000f1400000)
 ParOldGen       total 66560K, used 62657K [0x00000000c0000000, 0x00000000c4100000, 0x00000000eaa80000)
  object space 66560K, 94% used [0x00000000c0000000,0x00000000c3d305d8,0x00000000c4100000)
 PSPermGen       total 21504K, used 7228K [0x00000000b5a00000, 0x00000000b6f00000, 0x00000000c0000000)
  object space 21504K, 33% used [0x00000000b5a00000,0x00000000b610f2e8,0x00000000b6f00000)

Card table byte_map: [0x00007f4e3878b000,0x00007f4e389df000] byte_map_base: 0x00007f4e381de000

Polling page: 0x00007f4e42fc7000

Code Cache  [0x00007f4e389df000, 0x00007f4e38c4f000, 0x00007f4e3b9df000)
 total_blobs=984 nmethods=733 adapters=204 free_code_cache=47107Kb largest_free_block=48190400

Compilation events (10 events):
Event: 2,391 Thread 0x00007f4e3c0b7800 nmethod 746 0x00007f4e38b367d0 code [0x00007f4e38b36900, 0x00007f4e38b36938]
Event: 2,391 Thread 0x00007f4e3c0b7800  748             com.android.dx.io.instructions.InstructionCodec::unit1 (6 bytes)
Event: 2,391 Thread 0x00007f4e3c0b4800 nmethod 747 0x00007f4e38b7d0d0 code [0x00007f4e38b7d200, 0x00007f4e38b7d238]
Event: 2,391 Thread 0x00007f4e3c0b7800 nmethod 748 0x00007f4e38b87f50 code [0x00007f4e38b88080, 0x00007f4e38b880b8]
Event: 2,392 Thread 0x00007f4e3c0b4800  749             com.android.dx.io.instructions.RegisterRangeDecodedInstruction::<init> (26 bytes)
Event: 2,392 Thread 0x00007f4e3c0b7800  750             com.android.dx.io.instructions.InstructionCodec$14::decode (53 bytes)
Event: 2,393 Thread 0x00007f4e3c0b4800 nmethod 749 0x00007f4e38b82f50 code [0x00007f4e38b830a0, 0x00007f4e38b831b8]
Event: 2,393 Thread 0x00007f4e3c0b4800  751             com.android.dx.io.instructions.InstructionCodec$14::encode (29 bytes)
Event: 2,393 Thread 0x00007f4e3c0b4800 nmethod 751 0x00007f4e38be1a10 code [0x00007f4e38be1b80, 0x00007f4e38be1d98]
Event: 2,394 Thread 0x00007f4e3c0b7800 nmethod 750 0x00007f4e38be9790 code [0x00007f4e38be98e0, 0x00007f4e38be9ab8]

GC Heap History (10 events):
Event: 1,817 GC heap after
Heap after GC invocations=7 (full 1):
 PSYoungGen      total 68608K, used 0K [0x00000000eaa80000, 0x00000000ef880000, 0x0000000100000000)
  eden space 60416K, 0% used [0x00000000eaa80000,0x00000000eaa80000,0x00000000ee580000)
  from space 8192K, 0% used [0x00000000eee80000,0x00000000eee80000,0x00000000ef680000)
  to   space 9216K, 0% used [0x00000000ee580000,0x00000000ee580000,0x00000000eee80000)
 ParOldGen       total 50176K, used 20502K [0x00000000c0000000, 0x00000000c3100000, 0x00000000eaa80000)
  object space 50176K, 40% used [0x00000000c0000000,0x00000000c1405a50,0x00000000c3100000)
 PSPermGen       total 21504K, used 7101K [0x00000000b5a00000, 0x00000000b6f00000, 0x00000000c0000000)
  object space 21504K, 33% used [0x00000000b5a00000,0x00000000b60ef4d0,0x00000000b6f00000)
}
Event: 1,975 GC heap before
{Heap before GC invocations=8 (full 1):
 PSYoungGen      total 68608K, used 60416K [0x00000000eaa80000, 0x00000000ef880000, 0x0000000100000000)
  eden space 60416K, 100% used [0x00000000eaa80000,0x00000000ee580000,0x00000000ee580000)
  from space 8192K, 0% used [0x00000000eee80000,0x00000000eee80000,0x00000000ef680000)
  to   space 9216K, 0% used [0x00000000ee580000,0x00000000ee580000,0x00000000eee80000)
 ParOldGen       total 50176K, used 20502K [0x00000000c0000000, 0x00000000c3100000, 0x00000000eaa80000)
  object space 50176K, 40% used [0x00000000c0000000,0x00000000c1405a50,0x00000000c3100000)
 PSPermGen       total 21504K, used 7209K [0x00000000b5a00000, 0x00000000b6f00000, 0x00000000c0000000)
  object space 21504K, 33% used [0x00000000b5a00000,0x00000000b610a5c0,0x00000000b6f00000)
Event: 1,982 GC heap after
Heap after GC invocations=8 (full 1):
 PSYoungGen      total 69632K, used 7201K [0x00000000eaa80000, 0x00000000f2100000, 0x0000000100000000)
  eden space 60416K, 0% used [0x00000000eaa80000,0x00000000eaa80000,0x00000000ee580000)
  from space 9216K, 78% used [0x00000000ee580000,0x00000000eec88660,0x00000000eee80000)
  to   space 9216K, 0% used [0x00000000f1800000,0x00000000f1800000,0x00000000f2100000)
 ParOldGen       total 50176K, used 36913K [0x00000000c0000000, 0x00000000c3100000, 0x00000000eaa80000)
  object space 50176K, 73% used [0x00000000c0000000,0x00000000c240c520,0x00000000c3100000)
 PSPermGen       total 21504K, used 7209K [0x00000000b5a00000, 0x00000000b6f00000, 0x00000000c0000000)
  object space 21504K, 33% used [0x00000000b5a00000,0x00000000b610a5c0,0x00000000b6f00000)
}
Event: 1,982 GC heap before
{Heap before GC invocations=9 (full 2):
 PSYoungGen      total 69632K, used 7201K [0x00000000eaa80000, 0x00000000f2100000, 0x0000000100000000)
  eden space 60416K, 0% used [0x00000000eaa80000,0x00000000eaa80000,0x00000000ee580000)
  from space 9216K, 78% used [0x00000000ee580000,0x00000000eec88660,0x00000000eee80000)
  to   space 9216K, 0% used [0x00000000f1800000,0x00000000f1800000,0x00000000f2100000)
 ParOldGen       total 50176K, used 36913K [0x00000000c0000000, 0x00000000c3100000, 0x00000000eaa80000)
  object space 50176K, 73% used [0x00000000c0000000,0x00000000c240c520,0x00000000c3100000)
 PSPermGen       total 21504K, used 7209K [0x00000000b5a00000, 0x00000000b6f00000, 0x00000000c0000000)
  object space 21504K, 33% used [0x00000000b5a00000,0x00000000b610a5c0,0x00000000b6f00000)
Event: 2,013 GC heap after
Heap after GC invocations=9 (full 2):
 PSYoungGen      total 69632K, used 0K [0x00000000eaa80000, 0x00000000f2100000, 0x0000000100000000)
  eden space 60416K, 0% used [0x00000000eaa80000,0x00000000eaa80000,0x00000000ee580000)
  from space 9216K, 0% used [0x00000000ee580000,0x00000000ee580000,0x00000000eee80000)
  to   space 9216K, 0% used [0x00000000f1800000,0x00000000f1800000,0x00000000f2100000)
 ParOldGen       total 66560K, used 17655K [0x00000000c0000000, 0x00000000c4100000, 0x00000000eaa80000)
  object space 66560K, 26% used [0x00000000c0000000,0x00000000c113dc70,0x00000000c4100000)
 PSPermGen       total 21504K, used 7209K [0x00000000b5a00000, 0x00000000b6f00000, 0x00000000c0000000)
  object space 21504K, 33% used [0x00000000b5a00000,0x00000000b610a5c0,0x00000000b6f00000)
}
Event: 2,125 GC heap before
{Heap before GC invocations=10 (full 2):
 PSYoungGen      total 69632K, used 60416K [0x00000000eaa80000, 0x00000000f2100000, 0x0000000100000000)
  eden space 60416K, 100% used [0x00000000eaa80000,0x00000000ee580000,0x00000000ee580000)
  from space 9216K, 0% used [0x00000000ee580000,0x00000000ee580000,0x00000000eee80000)
  to   space 9216K, 0% used [0x00000000f1800000,0x00000000f1800000,0x00000000f2100000)
 ParOldGen       total 66560K, used 17655K [0x00000000c0000000, 0x00000000c4100000, 0x00000000eaa80000)
  object space 66560K, 26% used [0x00000000c0000000,0x00000000c113dc70,0x00000000c4100000)
 PSPermGen       total 21504K, used 7215K [0x00000000b5a00000, 0x00000000b6f00000, 0x00000000c0000000)
  object space 21504K, 33% used [0x00000000b5a00000,0x00000000b610bf10,0x00000000b6f00000)
Event: 2,133 GC heap after
Heap after GC invocations=10 (full 2):
 PSYoungGen      total 89600K, used 9196K [0x00000000eaa80000, 0x00000000f2100000, 0x0000000100000000)
  eden space 80384K, 0% used [0x00000000eaa80000,0x00000000eaa80000,0x00000000ef900000)
  from space 9216K, 99% used [0x00000000f1800000,0x00000000f20fb048,0x00000000f2100000)
  to   space 13312K, 0% used [0x00000000f0700000,0x00000000f0700000,0x00000000f1400000)
 ParOldGen       total 66560K, used 24888K [0x00000000c0000000, 0x00000000c4100000, 0x00000000eaa80000)
  object space 66560K, 37% used [0x00000000c0000000,0x00000000c184e3f0,0x00000000c4100000)
 PSPermGen       total 21504K, used 7215K [0x00000000b5a00000, 0x00000000b6f00000, 0x00000000c0000000)
  object space 21504K, 33% used [0x00000000b5a00000,0x00000000b610bf10,0x00000000b6f00000)
}
Event: 2,259 GC heap before
{Heap before GC invocations=11 (full 2):
 PSYoungGen      total 89600K, used 88027K [0x00000000eaa80000, 0x00000000f2100000, 0x0000000100000000)
  eden space 80384K, 98% used [0x00000000eaa80000,0x00000000ef77be60,0x00000000ef900000)
  from space 9216K, 99% used [0x00000000f1800000,0x00000000f20fb048,0x00000000f2100000)
  to   space 13312K, 0% used [0x00000000f0700000,0x00000000f0700000,0x00000000f1400000)
 ParOldGen       total 66560K, used 24888K [0x00000000c0000000, 0x00000000c4100000, 0x00000000eaa80000)
  object space 66560K, 37% used [0x00000000c0000000,0x00000000c184e3f0,0x00000000c4100000)
 PSPermGen       total 21504K, used 7224K [0x00000000b5a00000, 0x00000000b6f00000, 0x00000000c0000000)
  object space 21504K, 33% used [0x00000000b5a00000,0x00000000b610e2c0,0x00000000b6f00000)
Event: 2,264 GC heap after
Heap after GC invocations=11 (full 2):
 PSYoungGen      total 108032K, used 11595K [0x00000000eaa80000, 0x00000000f2400000, 0x0000000100000000)
  eden space 94720K, 0% used [0x00000000eaa80000,0x00000000eaa80000,0x00000000f0700000)
  from space 13312K, 87% used [0x00000000f0700000,0x00000000f1252df0,0x00000000f1400000)
  to   space 14336K, 0% used [0x00000000f1600000,0x00000000f1600000,0x00000000f2400000)
 ParOldGen       total 66560K, used 31331K [0x00000000c0000000, 0x00000000c4100000, 0x00000000eaa80000)
  object space 66560K, 47% used [0x00000000c0000000,0x00000000c1e98ee0,0x00000000c4100000)
 PSPermGen       total 21504K, used 7224K [0x00000000b5a00000, 0x00000000b6f00000, 0x00000000c0000000)
  object space 21504K, 33% used [0x00000000b5a00000,0x00000000b610e2c0,0x00000000b6f00000)
}
Event: 2,397 GC heap before
{Heap before GC invocations=12 (full 2):
 PSYoungGen      total 108032K, used 106315K [0x00000000eaa80000, 0x00000000f2400000, 0x0000000100000000)
  eden space 94720K, 100% used [0x00000000eaa80000,0x00000000f0700000,0x00000000f0700000)
  from space 13312K, 87% used [0x00000000f0700000,0x00000000f1252df0,0x00000000f1400000)
  to   space 14336K, 0% used [0x00000000f1600000,0x00000000f1600000,0x00000000f2400000)
 ParOldGen       total 66560K, used 31331K [0x00000000c0000000, 0x00000000c4100000, 0x00000000eaa80000)
  object space 66560K, 47% used [0x00000000c0000000,0x00000000c1e98ee0,0x00000000c4100000)
 PSPermGen       total 21504K, used 7228K [0x00000000b5a00000, 0x00000000b6f00000, 0x00000000c0000000)
  object space 21504K, 33% used [0x00000000b5a00000,0x00000000b610f2e8,0x00000000b6f00000)

Deoptimization events (10 events):
Event: 1,962 Thread 0x00007f4e3c00c000 Uncommon trap: reason=predicate action=maybe_recompile pc=0x00007f4e38a6b4d8 method=java.util.TimSort.binarySort([Ljava/lang/Object;IIILjava/util/Comparator;)V @ 37
Event: 2,074 Thread 0x00007f4e3c00c000 Uncommon trap: reason=array_check action=maybe_recompile pc=0x00007f4e38ba3adc method=java.util.ComparableTimSort.binarySort([Ljava/lang/Object;III)V @ 183
Event: 2,083 Thread 0x00007f4e3c00c000 Uncommon trap: reason=array_check action=maybe_recompile pc=0x00007f4e38ba6460 method=java.util.TimSort.binarySort([Ljava/lang/Object;IIILjava/util/Comparator;)V @ 215
Event: 2,083 Thread 0x00007f4e3c00c000 Uncommon trap: reason=array_check action=maybe_recompile pc=0x00007f4e38ba6460 method=java.util.TimSort.binarySort([Ljava/lang/Object;IIILjava/util/Comparator;)V @ 215
Event: 2,083 Thread 0x00007f4e3c00c000 Uncommon trap: reason=array_check action=maybe_recompile pc=0x00007f4e38ba6460 method=java.util.TimSort.binarySort([Ljava/lang/Object;IIILjava/util/Comparator;)V @ 215
Event: 2,115 Thread 0x00007f4e3c00c000 Uncommon trap: reason=array_check action=maybe_recompile pc=0x00007f4e38ba3adc method=java.util.ComparableTimSort.binarySort([Ljava/lang/Object;III)V @ 183
Event: 2,134 Thread 0x00007f4e3c00c000 Uncommon trap: reason=array_check action=maybe_recompile pc=0x00007f4e38ba6460 method=java.util.TimSort.binarySort([Ljava/lang/Object;IIILjava/util/Comparator;)V @ 215
Event: 2,187 Thread 0x00007f4e3c00c000 Uncommon trap: reason=array_check action=maybe_recompile pc=0x00007f4e38bbe86c method=java.util.TimSort.binarySort([Ljava/lang/Object;IIILjava/util/Comparator;)V @ 183
Event: 2,187 Thread 0x00007f4e3c00c000 Uncommon trap: reason=array_check action=maybe_recompile pc=0x00007f4e38bbe754 method=java.util.TimSort.binarySort([Ljava/lang/Object;IIILjava/util/Comparator;)V @ 193
Event: 2,187 Thread 0x00007f4e3c00c000 Uncommon trap: reason=array_check action=maybe_recompile pc=0x00007f4e38bbe754 method=java.util.TimSort.binarySort([Ljava/lang/Object;IIILjava/util/Comparator;)V @ 193

Internal exceptions (10 events):
Event: 1,383 Thread 0x00007f4e3c00c000 Threw 0x00000000eacb9b58 at /build/buildd/openjdk-7-7u79-2.5.5/build/openjdk/hotspot/src/share/vm/prims/jvm.cpp:1284
Event: 1,383 Thread 0x00007f4e3c00c000 Threw 0x00000000eacbd798 at /build/buildd/openjdk-7-7u79-2.5.5/build/openjdk/hotspot/src/share/vm/prims/jvm.cpp:1284
Event: 1,383 Thread 0x00007f4e3c00c000 Threw 0x00000000eacc1528 at /build/buildd/openjdk-7-7u79-2.5.5/build/openjdk/hotspot/src/share/vm/prims/jvm.cpp:1284
Event: 1,384 Thread 0x00007f4e3c00c000 Threw 0x00000000eacc74b8 at /build/buildd/openjdk-7-7u79-2.5.5/build/openjdk/hotspot/src/share/vm/prims/jvm.cpp:1284
Event: 1,384 Thread 0x00007f4e3c00c000 Threw 0x00000000eaccaf88 at /build/buildd/openjdk-7-7u79-2.5.5/build/openjdk/hotspot/src/share/vm/prims/jvm.cpp:1284
Event: 1,384 Thread 0x00007f4e3c00c000 Threw 0x00000000eaccec50 at /build/buildd/openjdk-7-7u79-2.5.5/build/openjdk/hotspot/src/share/vm/prims/jvm.cpp:1284
Event: 1,384 Thread 0x00007f4e3c00c000 Threw 0x00000000eacd2688 at /build/buildd/openjdk-7-7u79-2.5.5/build/openjdk/hotspot/src/share/vm/prims/jvm.cpp:1284
Event: 1,386 Thread 0x00007f4e3c00c000 Threw 0x00000000eacda120 at /build/buildd/openjdk-7-7u79-2.5.5/build/openjdk/hotspot/src/share/vm/prims/jvm.cpp:1284
Event: 1,386 Thread 0x00007f4e3c00c000 Threw 0x00000000eacdcc88 at /build/buildd/openjdk-7-7u79-2.5.5/build/openjdk/hotspot/src/share/vm/prims/jvm.cpp:1284
Event: 1,623 Thread 0x00007f4e3c00c000 Threw 0x00000000ec4b6540 at /build/buildd/openjdk-7-7u79-2.5.5/build/openjdk/hotspot/src/share/vm/prims/jvm.cpp:1284

Events (10 events):
Event: 2,187 Thread 0x00007f4e3c00c000 Uncommon trap: trap_request=0xffffffd6 fr.pc=0x00007f4e38bbe754
Event: 2,187 Thread 0x00007f4e3c00c000 DEOPT PACKING pc=0x00007f4e38bbe754 sp=0x00007f4e42fa64e0
Event: 2,187 Thread 0x00007f4e3c00c000 DEOPT UNPACKING pc=0x00007f4e38a18445 sp=0x00007f4e42fa64a8 mode 2
Event: 2,187 Thread 0x00007f4e3c00c000 Uncommon trap: trap_request=0xffffffd6 fr.pc=0x00007f4e38bbe754
Event: 2,187 Thread 0x00007f4e3c00c000 DEOPT PACKING pc=0x00007f4e38bbe754 sp=0x00007f4e42fa64e0
Event: 2,187 Thread 0x00007f4e3c00c000 DEOPT UNPACKING pc=0x00007f4e38a18445 sp=0x00007f4e42fa64a8 mode 2
Event: 2,259 Executing VM operation: ParallelGCFailedAllocation
Event: 2,264 Executing VM operation: ParallelGCFailedAllocation done
Event: 2,296 Thread 0x00007f4e3c0b4800 flushing nmethod 0x00007f4e38b82f50
Event: 2,397 Executing VM operation: ParallelGCFailedAllocation


Dynamic libraries:
00400000-00401000 r-xp 00000000 08:01 2896608                            /usr/lib/jvm/java-7-openjdk-amd64/jre/bin/java
00600000-00601000 r--p 00000000 08:01 2896608                            /usr/lib/jvm/java-7-openjdk-amd64/jre/bin/java
00601000-00602000 rw-p 00001000 08:01 2896608                            /usr/lib/jvm/java-7-openjdk-amd64/jre/bin/java
00709000-0072a000 rw-p 00000000 00:00 0                                  [heap]
b5a00000-b6f00000 rw-p 00000000 00:00 0 
b6f00000-c0000000 rw-p 00000000 00:00 0 
c0000000-c4100000 rw-p 00000000 00:00 0 
c4100000-eaa80000 rw-p 00000000 00:00 0 
eaa80000-f2400000 rw-p 00000000 00:00 0 
f5f80000-100000000 rw-p 00000000 00:00 0 
7f4dd8000000-7f4dd8021000 rw-p 00000000 00:00 0 
7f4dd8021000-7f4ddc000000 ---p 00000000 00:00 0 
7f4de0000000-7f4de0a0d000 rw-p 00000000 00:00 0 
7f4de0a0d000-7f4de4000000 ---p 00000000 00:00 0 
7f4de4000000-7f4de4021000 rw-p 00000000 00:00 0 
7f4de4021000-7f4de8000000 ---p 00000000 00:00 0 
7f4de8000000-7f4de8021000 rw-p 00000000 00:00 0 
7f4de8021000-7f4dec000000 ---p 00000000 00:00 0 
7f4dec000000-7f4decc0b000 rw-p 00000000 00:00 0 
7f4decc0b000-7f4df0000000 ---p 00000000 00:00 0 
7f4df0000000-7f4df0021000 rw-p 00000000 00:00 0 
7f4df0021000-7f4df4000000 ---p 00000000 00:00 0 
7f4df4000000-7f4df4021000 rw-p 00000000 00:00 0 
7f4df4021000-7f4df8000000 ---p 00000000 00:00 0 
7f4df8000000-7f4df8021000 rw-p 00000000 00:00 0 
7f4df8021000-7f4dfc000000 ---p 00000000 00:00 0 
7f4dfc000000-7f4dfc0e1000 rw-p 00000000 00:00 0 
7f4dfc0e1000-7f4e00000000 ---p 00000000 00:00 0 
7f4e00000000-7f4e00021000 rw-p 00000000 00:00 0 
7f4e00021000-7f4e04000000 ---p 00000000 00:00 0 
7f4e08000000-7f4e08021000 rw-p 00000000 00:00 0 
7f4e08021000-7f4e0c000000 ---p 00000000 00:00 0 
7f4e10000000-7f4e10021000 rw-p 00000000 00:00 0 
7f4e10021000-7f4e14000000 ---p 00000000 00:00 0 
7f4e18000000-7f4e18021000 rw-p 00000000 00:00 0 
7f4e18021000-7f4e1c000000 ---p 00000000 00:00 0 
7f4e20000000-7f4e20021000 rw-p 00000000 00:00 0 
7f4e20021000-7f4e24000000 ---p 00000000 00:00 0 
7f4e28000000-7f4e28021000 rw-p 00000000 00:00 0 
7f4e28021000-7f4e2c000000 ---p 00000000 00:00 0 
7f4e2d02f000-7f4e2d190000 rw-p 00000000 00:00 0 
7f4e2d190000-7f4e2d1cd000 r-xp 00000000 08:01 1314944                    /lib/x86_64-linux-gnu/libpcre.so.3.13.1
7f4e2d1cd000-7f4e2d3cc000 ---p 0003d000 08:01 1314944                    /lib/x86_64-linux-gnu/libpcre.so.3.13.1
7f4e2d3cc000-7f4e2d3cd000 r--p 0003c000 08:01 1314944                    /lib/x86_64-linux-gnu/libpcre.so.3.13.1
7f4e2d3cd000-7f4e2d3ce000 rw-p 0003d000 08:01 1314944                    /lib/x86_64-linux-gnu/libpcre.so.3.13.1
7f4e2d3ce000-7f4e2d3d5000 r-xp 00000000 08:01 2631073                    /usr/lib/x86_64-linux-gnu/libffi.so.6.0.1
7f4e2d3d5000-7f4e2d5d4000 ---p 00007000 08:01 2631073                    /usr/lib/x86_64-linux-gnu/libffi.so.6.0.1
7f4e2d5d4000-7f4e2d5d5000 r--p 00006000 08:01 2631073                    /usr/lib/x86_64-linux-gnu/libffi.so.6.0.1
7f4e2d5d5000-7f4e2d5d6000 rw-p 00007000 08:01 2631073                    /usr/lib/x86_64-linux-gnu/libffi.so.6.0.1
7f4e2d5d6000-7f4e2d5ed000 r-xp 00000000 08:01 1314798                    /lib/x86_64-linux-gnu/libresolv-2.19.so
7f4e2d5ed000-7f4e2d7ed000 ---p 00017000 08:01 1314798                    /lib/x86_64-linux-gnu/libresolv-2.19.so
7f4e2d7ed000-7f4e2d7ee000 r--p 00017000 08:01 1314798                    /lib/x86_64-linux-gnu/libresolv-2.19.so
7f4e2d7ee000-7f4e2d7ef000 rw-p 00018000 08:01 1314798                    /lib/x86_64-linux-gnu/libresolv-2.19.so
7f4e2d7ef000-7f4e2d7f1000 rw-p 00000000 00:00 0 
7f4e2d7f1000-7f4e2d811000 r-xp 00000000 08:01 1314971                    /lib/x86_64-linux-gnu/libselinux.so.1
7f4e2d811000-7f4e2da10000 ---p 00020000 08:01 1314971                    /lib/x86_64-linux-gnu/libselinux.so.1
7f4e2da10000-7f4e2da11000 r--p 0001f000 08:01 1314971                    /lib/x86_64-linux-gnu/libselinux.so.1
7f4e2da11000-7f4e2da12000 rw-p 00020000 08:01 1314971                    /lib/x86_64-linux-gnu/libselinux.so.1
7f4e2da12000-7f4e2da14000 rw-p 00000000 00:00 0 
7f4e2da14000-7f4e2da17000 r-xp 00000000 08:01 2621804                    /usr/lib/x86_64-linux-gnu/libgmodule-2.0.so.0.4002.0
7f4e2da17000-7f4e2dc16000 ---p 00003000 08:01 2621804                    /usr/lib/x86_64-linux-gnu/libgmodule-2.0.so.0.4002.0
7f4e2dc16000-7f4e2dc17000 r--p 00002000 08:01 2621804                    /usr/lib/x86_64-linux-gnu/libgmodule-2.0.so.0.4002.0
7f4e2dc17000-7f4e2dc18000 rw-p 00003000 08:01 2621804                    /usr/lib/x86_64-linux-gnu/libgmodule-2.0.so.0.4002.0
7f4e2dc18000-7f4e2dd1e000 r-xp 00000000 08:01 1314776                    /lib/x86_64-linux-gnu/libglib-2.0.so.0.4002.0
7f4e2dd1e000-7f4e2df1d000 ---p 00106000 08:01 1314776                    /lib/x86_64-linux-gnu/libglib-2.0.so.0.4002.0
7f4e2df1d000-7f4e2df1e000 r--p 00105000 08:01 1314776                    /lib/x86_64-linux-gnu/libglib-2.0.so.0.4002.0
7f4e2df1e000-7f4e2df1f000 rw-p 00106000 08:01 1314776                    /lib/x86_64-linux-gnu/libglib-2.0.so.0.4002.0
7f4e2df1f000-7f4e2df20000 rw-p 00000000 00:00 0 
7f4e2df20000-7f4e2df6f000 r-xp 00000000 08:01 2621822                    /usr/lib/x86_64-linux-gnu/libgobject-2.0.so.0.4002.0
7f4e2df6f000-7f4e2e16f000 ---p 0004f000 08:01 2621822                    /usr/lib/x86_64-linux-gnu/libgobject-2.0.so.0.4002.0
7f4e2e16f000-7f4e2e170000 r--p 0004f000 08:01 2621822                    /usr/lib/x86_64-linux-gnu/libgobject-2.0.so.0.4002.0
7f4e2e170000-7f4e2e171000 rw-p 00050000 08:01 2621822                    /usr/lib/x86_64-linux-gnu/libgobject-2.0.so.0.4002.0
7f4e2e171000-7f4e2e2dd000 r-xp 00000000 08:01 2621826                    /usr/lib/x86_64-linux-gnu/libgio-2.0.so.0.4002.0
7f4e2e2dd000-7f4e2e4dc000 ---p 0016c000 08:01 2621826                    /usr/lib/x86_64-linux-gnu/libgio-2.0.so.0.4002.0
7f4e2e4dc000-7f4e2e4e0000 r--p 0016b000 08:01 2621826                    /usr/lib/x86_64-linux-gnu/libgio-2.0.so.0.4002.0
7f4e2e4e0000-7f4e2e4e2000 rw-p 0016f000 08:01 2621826                    /usr/lib/x86_64-linux-gnu/libgio-2.0.so.0.4002.0
7f4e2e4e2000-7f4e2e4e4000 rw-p 00000000 00:00 0 
7f4e2e4e4000-7f4e2e4fb000 r-xp 00000000 08:01 2896675                    /usr/lib/jvm/java-7-openjdk-amd64/jre/lib/amd64/libnet.so
7f4e2e4fb000-7f4e2e6fa000 ---p 00017000 08:01 2896675                    /usr/lib/jvm/java-7-openjdk-amd64/jre/lib/amd64/libnet.so
7f4e2e6fa000-7f4e2e6fb000 r--p 00016000 08:01 2896675                    /usr/lib/jvm/java-7-openjdk-amd64/jre/lib/amd64/libnet.so
7f4e2e6fb000-7f4e2e6fc000 rw-p 00017000 08:01 2896675                    /usr/lib/jvm/java-7-openjdk-amd64/jre/lib/amd64/libnet.so
7f4e2e6fc000-7f4e2e70c000 r-xp 00000000 08:01 2896662                    /usr/lib/jvm/java-7-openjdk-amd64/jre/lib/amd64/libnio.so
7f4e2e70c000-7f4e2e90c000 ---p 00010000 08:01 2896662                    /usr/lib/jvm/java-7-openjdk-amd64/jre/lib/amd64/libnio.so
7f4e2e90c000-7f4e2e90d000 r--p 00010000 08:01 2896662                    /usr/lib/jvm/java-7-openjdk-amd64/jre/lib/amd64/libnio.so
7f4e2e90d000-7f4e2e90e000 rw-p 00011000 08:01 2896662                    /usr/lib/jvm/java-7-openjdk-amd64/jre/lib/amd64/libnio.so
7f4e2e90e000-7f4e2e90f000 ---p 00000000 00:00 0 
7f4e2e90f000-7f4e2ea0f000 rw-p 00000000 00:00 0                          [stack:24552]
7f4e2ea0f000-7f4e2ea12000 ---p 00000000 00:00 0 
7f4e2ea12000-7f4e2eb10000 rw-p 00000000 00:00 0                          [stack:24551]
7f4e2eb10000-7f4e2eb13000 ---p 00000000 00:00 0 
7f4e2eb13000-7f4e2ec11000 rw-p 00000000 00:00 0                          [stack:24550]
7f4e2ec11000-7f4e2ec14000 ---p 00000000 00:00 0 
7f4e2ec14000-7f4e2ed12000 rw-p 00000000 00:00 0                          [stack:24549]
7f4e2ed12000-7f4e2ed15000 ---p 00000000 00:00 0 
7f4e2ed15000-7f4e2ee13000 rw-p 00000000 00:00 0                          [stack:24548]
7f4e2ee13000-7f4e2f4f5000 r--p 00000000 08:01 2629488                    /usr/lib/locale/locale-archive
7f4e2f4f5000-7f4e2f4f8000 ---p 00000000 00:00 0 
7f4e2f4f8000-7f4e2f5f6000 rw-p 00000000 00:00 0                          [stack:24547]
7f4e2f5f6000-7f4e2f5f9000 ---p 00000000 00:00 0 
7f4e2f5f9000-7f4e2f6f7000 rw-p 00000000 00:00 0                          [stack:24546]
7f4e2f6f7000-7f4e2f6f8000 ---p 00000000 00:00 0 
7f4e2f6f8000-7f4e30000000 rw-p 00000000 00:00 0                          [stack:24545]
7f4e30000000-7f4e30021000 rw-p 00000000 00:00 0 
7f4e30021000-7f4e34000000 ---p 00000000 00:00 0 
7f4e3401f000-7f4e35483000 rw-p 00000000 00:00 0 
7f4e35483000-7f4e35634000 r--s 01d27000 08:01 2896681                    /usr/lib/jvm/java-7-openjdk-amd64/jre/lib/rt.jar
7f4e35634000-7f4e37e2d000 rw-p 00000000 00:00 0 
7f4e37e2d000-7f4e37e2e000 ---p 00000000 00:00 0 
7f4e37e2e000-7f4e37f2e000 rw-p 00000000 00:00 0                          [stack:24544]
7f4e37f2e000-7f4e37f2f000 ---p 00000000 00:00 0 
7f4e37f2f000-7f4e3802f000 rw-p 00000000 00:00 0                          [stack:24543]
7f4e3802f000-7f4e38030000 ---p 00000000 00:00 0 
7f4e38030000-7f4e38130000 rw-p 00000000 00:00 0                          [stack:24542]
7f4e38130000-7f4e38131000 ---p 00000000 00:00 0 
7f4e38131000-7f4e38231000 rw-p 00000000 00:00 0                          [stack:24541]
7f4e38231000-7f4e38232000 ---p 00000000 00:00 0 
7f4e38232000-7f4e38332000 rw-p 00000000 00:00 0                          [stack:24540]
7f4e38332000-7f4e38333000 ---p 00000000 00:00 0 
7f4e38333000-7f4e38433000 rw-p 00000000 00:00 0                          [stack:24539]
7f4e38433000-7f4e38434000 ---p 00000000 00:00 0 
7f4e38434000-7f4e38534000 rw-p 00000000 00:00 0                          [stack:24538]
7f4e38534000-7f4e38535000 ---p 00000000 00:00 0 
7f4e38535000-7f4e38656000 rw-p 00000000 00:00 0                          [stack:24537]
7f4e38656000-7f4e3878b000 rw-p 00000000 00:00 0 
7f4e3878b000-7f4e38796000 rw-p 00000000 00:00 0 
7f4e38796000-7f4e387de000 rw-p 00000000 00:00 0 
7f4e387de000-7f4e387ff000 rw-p 00000000 00:00 0 
7f4e387ff000-7f4e38933000 rw-p 00000000 00:00 0 
7f4e38933000-7f4e38970000 rw-p 00000000 00:00 0 
7f4e38970000-7f4e389de000 rw-p 00000000 00:00 0 
7f4e389de000-7f4e389df000 rw-p 00000000 00:00 0 
7f4e389df000-7f4e38c4f000 rwxp 00000000 00:00 0 
7f4e38c4f000-7f4e3b9df000 rw-p 00000000 00:00 0 
7f4e3b9df000-7f4e3b9e7000 r-xp 00000000 08:01 2896658                    /usr/lib/jvm/java-7-openjdk-amd64/jre/lib/amd64/libzip.so
7f4e3b9e7000-7f4e3bbe6000 ---p 00008000 08:01 2896658                    /usr/lib/jvm/java-7-openjdk-amd64/jre/lib/amd64/libzip.so
7f4e3bbe6000-7f4e3bbe7000 r--p 00007000 08:01 2896658                    /usr/lib/jvm/java-7-openjdk-amd64/jre/lib/amd64/libzip.so
7f4e3bbe7000-7f4e3bbe8000 rw-p 00008000 08:01 2896658                    /usr/lib/jvm/java-7-openjdk-amd64/jre/lib/amd64/libzip.so
7f4e3bbe8000-7f4e3bbf3000 r-xp 00000000 08:01 1314833                    /lib/x86_64-linux-gnu/libnss_files-2.19.so
7f4e3bbf3000-7f4e3bdf2000 ---p 0000b000 08:01 1314833                    /lib/x86_64-linux-gnu/libnss_files-2.19.so
7f4e3bdf2000-7f4e3bdf3000 r--p 0000a000 08:01 1314833                    /lib/x86_64-linux-gnu/libnss_files-2.19.so
7f4e3bdf3000-7f4e3bdf4000 rw-p 0000b000 08:01 1314833                    /lib/x86_64-linux-gnu/libnss_files-2.19.so
7f4e3bdf4000-7f4e3bdff000 r-xp 00000000 08:01 1314967                    /lib/x86_64-linux-gnu/libnss_nis-2.19.so
7f4e3bdff000-7f4e3bffe000 ---p 0000b000 08:01 1314967                    /lib/x86_64-linux-gnu/libnss_nis-2.19.so
7f4e3bffe000-7f4e3bfff000 r--p 0000a000 08:01 1314967                    /lib/x86_64-linux-gnu/libnss_nis-2.19.so
7f4e3bfff000-7f4e3c000000 rw-p 0000b000 08:01 1314967                    /lib/x86_64-linux-gnu/libnss_nis-2.19.so
7f4e3c000000-7f4e3c28d000 rw-p 00000000 00:00 0 
7f4e3c28d000-7f4e40000000 ---p 00000000 00:00 0 
7f4e40000000-7f4e40005000 r--s 0004d000 08:01 2896697                    /usr/lib/jvm/java-7-openjdk-amd64/jre/lib/jsse.jar
7f4e40005000-7f4e40014000 r--s 000dd000 00:18 3280347                    /home/kev/Android/Sdk/build-tools/21.1.2/lib/dx.jar
7f4e40014000-7f4e400c3000 rw-p 00000000 00:00 0 
7f4e400c3000-7f4e4010b000 rw-p 00000000 00:00 0 
7f4e4010b000-7f4e40122000 r-xp 00000000 08:01 1314868                    /lib/x86_64-linux-gnu/libnsl-2.19.so
7f4e40122000-7f4e40321000 ---p 00017000 08:01 1314868                    /lib/x86_64-linux-gnu/libnsl-2.19.so
7f4e40321000-7f4e40322000 r--p 00016000 08:01 1314868                    /lib/x86_64-linux-gnu/libnsl-2.19.so
7f4e40322000-7f4e40323000 rw-p 00017000 08:01 1314868                    /lib/x86_64-linux-gnu/libnsl-2.19.so
7f4e40323000-7f4e40325000 rw-p 00000000 00:00 0 
7f4e40325000-7f4e4032e000 r-xp 00000000 08:01 1314859                    /lib/x86_64-linux-gnu/libnss_compat-2.19.so
7f4e4032e000-7f4e4052d000 ---p 00009000 08:01 1314859                    /lib/x86_64-linux-gnu/libnss_compat-2.19.so
7f4e4052d000-7f4e4052e000 r--p 00008000 08:01 1314859                    /lib/x86_64-linux-gnu/libnss_compat-2.19.so
7f4e4052e000-7f4e4052f000 rw-p 00009000 08:01 1314859                    /lib/x86_64-linux-gnu/libnss_compat-2.19.so
7f4e4052f000-7f4e4055a000 r-xp 00000000 08:01 2896674                    /usr/lib/jvm/java-7-openjdk-amd64/jre/lib/amd64/libjava.so
7f4e4055a000-7f4e4075a000 ---p 0002b000 08:01 2896674                    /usr/lib/jvm/java-7-openjdk-amd64/jre/lib/amd64/libjava.so
7f4e4075a000-7f4e4075b000 r--p 0002b000 08:01 2896674                    /usr/lib/jvm/java-7-openjdk-amd64/jre/lib/amd64/libjava.so
7f4e4075b000-7f4e4075d000 rw-p 0002c000 08:01 2896674                    /usr/lib/jvm/java-7-openjdk-amd64/jre/lib/amd64/libjava.so
7f4e4075d000-7f4e4076d000 r-xp 00000000 08:01 2896671                    /usr/lib/jvm/java-7-openjdk-amd64/jre/lib/amd64/libverify.so
7f4e4076d000-7f4e4096c000 ---p 00010000 08:01 2896671                    /usr/lib/jvm/java-7-openjdk-amd64/jre/lib/amd64/libverify.so
7f4e4096c000-7f4e4096e000 r--p 0000f000 08:01 2896671                    /usr/lib/jvm/java-7-openjdk-amd64/jre/lib/amd64/libverify.so
7f4e4096e000-7f4e4096f000 rw-p 00011000 08:01 2896671                    /usr/lib/jvm/java-7-openjdk-amd64/jre/lib/amd64/libverify.so
7f4e4096f000-7f4e40976000 r-xp 00000000 08:01 1314916                    /lib/x86_64-linux-gnu/librt-2.19.so
7f4e40976000-7f4e40b75000 ---p 00007000 08:01 1314916                    /lib/x86_64-linux-gnu/librt-2.19.so
7f4e40b75000-7f4e40b76000 r--p 00006000 08:01 1314916                    /lib/x86_64-linux-gnu/librt-2.19.so
7f4e40b76000-7f4e40b77000 rw-p 00007000 08:01 1314916                    /lib/x86_64-linux-gnu/librt-2.19.so
7f4e40b77000-7f4e40b8d000 r-xp 00000000 08:01 1314818                    /lib/x86_64-linux-gnu/libgcc_s.so.1
7f4e40b8d000-7f4e40d8c000 ---p 00016000 08:01 1314818                    /lib/x86_64-linux-gnu/libgcc_s.so.1
7f4e40d8c000-7f4e40d8d000 rw-p 00015000 08:01 1314818                    /lib/x86_64-linux-gnu/libgcc_s.so.1
7f4e40d8d000-7f4e40e92000 r-xp 00000000 08:01 1314817                    /lib/x86_64-linux-gnu/libm-2.19.so
7f4e40e92000-7f4e41091000 ---p 00105000 08:01 1314817                    /lib/x86_64-linux-gnu/libm-2.19.so
7f4e41091000-7f4e41092000 r--p 00104000 08:01 1314817                    /lib/x86_64-linux-gnu/libm-2.19.so
7f4e41092000-7f4e41093000 rw-p 00105000 08:01 1314817                    /lib/x86_64-linux-gnu/libm-2.19.so
7f4e41093000-7f4e41179000 r-xp 00000000 08:01 2631701                    /usr/lib/x86_64-linux-gnu/libstdc++.so.6.0.19
7f4e41179000-7f4e41378000 ---p 000e6000 08:01 2631701                    /usr/lib/x86_64-linux-gnu/libstdc++.so.6.0.19
7f4e41378000-7f4e41380000 r--p 000e5000 08:01 2631701                    /usr/lib/x86_64-linux-gnu/libstdc++.so.6.0.19
7f4e41380000-7f4e41382000 rw-p 000ed000 08:01 2631701                    /usr/lib/x86_64-linux-gnu/libstdc++.so.6.0.19
7f4e41382000-7f4e41397000 rw-p 00000000 00:00 0 
7f4e41397000-7f4e41eaf000 r-xp 00000000 08:01 2896679                    /usr/lib/jvm/java-7-openjdk-amd64/jre/lib/amd64/server/libjvm.so
7f4e41eaf000-7f4e420af000 ---p 00b18000 08:01 2896679                    /usr/lib/jvm/java-7-openjdk-amd64/jre/lib/amd64/server/libjvm.so
7f4e420af000-7f4e42149000 r--p 00b18000 08:01 2896679                    /usr/lib/jvm/java-7-openjdk-amd64/jre/lib/amd64/server/libjvm.so
7f4e42149000-7f4e4216c000 rw-p 00bb2000 08:01 2896679                    /usr/lib/jvm/java-7-openjdk-amd64/jre/lib/amd64/server/libjvm.so
7f4e4216c000-7f4e4219a000 rw-p 00000000 00:00 0 
7f4e4219a000-7f4e421b2000 r-xp 00000000 08:01 1315004                    /lib/x86_64-linux-gnu/libz.so.1.2.8
7f4e421b2000-7f4e423b1000 ---p 00018000 08:01 1315004                    /lib/x86_64-linux-gnu/libz.so.1.2.8
7f4e423b1000-7f4e423b2000 r--p 00017000 08:01 1315004                    /lib/x86_64-linux-gnu/libz.so.1.2.8
7f4e423b2000-7f4e423b3000 rw-p 00018000 08:01 1315004                    /lib/x86_64-linux-gnu/libz.so.1.2.8
7f4e423b3000-7f4e423cc000 r-xp 00000000 08:01 1314912                    /lib/x86_64-linux-gnu/libpthread-2.19.so
7f4e423cc000-7f4e425cb000 ---p 00019000 08:01 1314912                    /lib/x86_64-linux-gnu/libpthread-2.19.so
7f4e425cb000-7f4e425cc000 r--p 00018000 08:01 1314912                    /lib/x86_64-linux-gnu/libpthread-2.19.so
7f4e425cc000-7f4e425cd000 rw-p 00019000 08:01 1314912                    /lib/x86_64-linux-gnu/libpthread-2.19.so
7f4e425cd000-7f4e425d1000 rw-p 00000000 00:00 0 
7f4e425d1000-7f4e425d4000 r-xp 00000000 08:01 1314851                    /lib/x86_64-linux-gnu/libdl-2.19.so
7f4e425d4000-7f4e427d3000 ---p 00003000 08:01 1314851                    /lib/x86_64-linux-gnu/libdl-2.19.so
7f4e427d3000-7f4e427d4000 r--p 00002000 08:01 1314851                    /lib/x86_64-linux-gnu/libdl-2.19.so
7f4e427d4000-7f4e427d5000 rw-p 00003000 08:01 1314851                    /lib/x86_64-linux-gnu/libdl-2.19.so
7f4e427d5000-7f4e42990000 r-xp 00000000 08:01 1314910                    /lib/x86_64-linux-gnu/libc-2.19.so
7f4e42990000-7f4e42b8f000 ---p 001bb000 08:01 1314910                    /lib/x86_64-linux-gnu/libc-2.19.so
7f4e42b8f000-7f4e42b93000 r--p 001ba000 08:01 1314910                    /lib/x86_64-linux-gnu/libc-2.19.so
7f4e42b93000-7f4e42b95000 rw-p 001be000 08:01 1314910                    /lib/x86_64-linux-gnu/libc-2.19.so
7f4e42b95000-7f4e42b9a000 rw-p 00000000 00:00 0 
7f4e42b9a000-7f4e42ba7000 r-xp 00000000 08:01 2896650                    /usr/lib/jvm/java-7-openjdk-amd64/jre/lib/amd64/jli/libjli.so
7f4e42ba7000-7f4e42da6000 ---p 0000d000 08:01 2896650                    /usr/lib/jvm/java-7-openjdk-amd64/jre/lib/amd64/jli/libjli.so
7f4e42da6000-7f4e42da7000 r--p 0000c000 08:01 2896650                    /usr/lib/jvm/java-7-openjdk-amd64/jre/lib/amd64/jli/libjli.so
7f4e42da7000-7f4e42da8000 rw-p 0000d000 08:01 2896650                    /usr/lib/jvm/java-7-openjdk-amd64/jre/lib/amd64/jli/libjli.so
7f4e42da8000-7f4e42dcb000 r-xp 00000000 08:01 1314872                    /lib/x86_64-linux-gnu/ld-2.19.so
7f4e42dcc000-7f4e42dcd000 rw-p 00000000 00:00 0 
7f4e42dcd000-7f4e42dcf000 r--s 00006000 08:01 3031457                    /usr/share/java/java-atk-wrapper.jar
7f4e42dcf000-7f4e42df1000 rw-p 00000000 00:00 0 
7f4e42df1000-7f4e42ea7000 rw-p 00000000 00:00 0 
7f4e42ea7000-7f4e42eaa000 ---p 00000000 00:00 0 
7f4e42eaa000-7f4e42fad000 rw-p 00000000 00:00 0                          [stack:24536]
7f4e42fad000-7f4e42faf000 r--s 00012000 08:01 2896689                    /usr/lib/jvm/java-7-openjdk-amd64/jre/lib/ext/zipfs.jar
7f4e42faf000-7f4e42fb2000 r--s 0000f000 08:01 2896684                    /usr/lib/jvm/java-7-openjdk-amd64/jre/lib/ext/icedtea-sound.jar
7f4e42fb2000-7f4e42fb5000 r--s 00086000 08:01 2896687                    /usr/lib/jvm/java-7-openjdk-amd64/jre/lib/ext/localedata.jar
7f4e42fb5000-7f4e42fb9000 r--s 00034000 08:01 2896688                    /usr/lib/jvm/java-7-openjdk-amd64/jre/lib/ext/sunjce_provider.jar
7f4e42fb9000-7f4e42fbd000 r--s 0003c000 08:01 2896686                    /usr/lib/jvm/java-7-openjdk-amd64/jre/lib/ext/sunpkcs11.jar
7f4e42fbd000-7f4e42fbe000 r--s 00002000 08:01 2896685                    /usr/lib/jvm/java-7-openjdk-amd64/jre/lib/ext/dnsns.jar
7f4e42fbe000-7f4e42fc6000 rw-s 00000000 08:01 665769                     /tmp/hsperfdata_kev/24531
7f4e42fc6000-7f4e42fc7000 rw-p 00000000 00:00 0 
7f4e42fc7000-7f4e42fc8000 ---p 00000000 00:00 0 
7f4e42fc8000-7f4e42fca000 rw-p 00000000 00:00 0 
7f4e42fca000-7f4e42fcb000 r--p 00022000 08:01 1314872                    /lib/x86_64-linux-gnu/ld-2.19.so
7f4e42fcb000-7f4e42fcc000 rw-p 00023000 08:01 1314872                    /lib/x86_64-linux-gnu/ld-2.19.so
7f4e42fcc000-7f4e42fcd000 rw-p 00000000 00:00 0 
7ffe5e951000-7ffe5e973000 rw-p 00000000 00:00 0                          [stack]
7ffe5e991000-7ffe5e993000 r-xp 00000000 00:00 0                          [vdso]
ffffffffff600000-ffffffffff601000 r-xp 00000000 00:00 0                  [vsyscall]

VM Arguments:
jvm_args: -Xmx1024M -Dfile.encoding=UTF-8 -Duser.country=US -Duser.language=en -Duser.variant 
java_command: com.android.dx.command.Main --dex --output /home/kev/AndroidStudioProjects/PriceCloud/app/build/intermediates/dex/debug /home/kev/AndroidStudioProjects/PriceCloud/app/build/intermediates/classes/debug /home/kev/AndroidStudioProjects/PriceCloud/app/build/intermediates/pre-dexed/debug/support-annotations-22.2.0-47529ac724c557d0a5590715bd59ee03eb3d089e.jar /home/kev/AndroidStudioProjects/PriceCloud/app/build/intermediates/pre-dexed/debug/classes-6f53929c59bddb41dc47672ba172f2df13a695dd.jar /home/kev/AndroidStudioProjects/PriceCloud/app/build/intermediates/pre-dexed/debug/classes-6c442f0d9abde040e40e674a19105e4ae643f1e7.jar /home/kev/AndroidStudioProjects/PriceCloud/app/build/intermediates/pre-dexed/debug/classes-b3a574ae2360b2a35a5374027e790e371b6ba833.jar /home/kev/AndroidStudioProjects/PriceCloud/app/build/intermediates/pre-dexed/debug/internal_impl-22.0.0-3f4198c2b9de9c2f236882d5e4e7e5679e500b10.jar /home/kev/AndroidStudioProjects/PriceCloud/app/build/intermediates/pre-dexed/debug/classes-dd00e13e55427572cc98c88a2e708f811418805a.jar /home/kev/AndroidStudioProjects/PriceCloud/app/build/intermediates/pre-dexed/debug/classes-d373bc7eea05044a443c67937e68c3f848c4a891.jar /home/kev/AndroidStudioProjects/PriceCloud/app/build/intermediates/pre-dexed/debug/classes-737b2b747426fb2693012b7faeb38377e52de754.jar /home/kev/AndroidStudioProjects/PriceCloud/app/build/intermediates/pre-dexed/debug/classes-d5aee46fe9fc2fb9ef2d81b7ee3664f00d0edd40.jar /home/kev/AndroidStudioProjects/PriceCloud/app/build/intermediates/pre-dexed/debug/classes-879217c8ec485c1bd328a5b15ebb0d37f78439f6.jar /home/kev/AndroidStudioProjects/PriceCloud/app/build/intermediates/pre-dexed/debug/classes-617b36adb7422716a4e963e770bb49ae6af34efb.jar /home/kev/AndroidStudioProjects/PriceCloud/app/build/intermediates/pre-dexed/debug/classes-dc52b2be9a1451ca03381177a20199fb00f762f3.jar /home/kev/AndroidStudioProjects/PriceCloud/app/build/intermediates/pre-dexed/debug/classes-da4488b3c869e3b39ecca7d99513
Launcher Type: SUN_STANDARD

Environment Variables:
PATH=/usr/local/sbin:/usr/local/bin:/usr/sbin:/usr/bin:/sbin:/bin:/usr/games:/usr/local/games:~/.composer/vendor/bin
LD_LIBRARY_PATH=.:
SHELL=/bin/bash
DISPLAY=:0

Signal Handlers:
SIGSEGV: [libjvm.so+0x94b9a0], sa_mask[0]=0x7ffbfeff, sa_flags=0x10000004
SIGBUS: [libjvm.so+0x94b9a0], sa_mask[0]=0x7ffbfeff, sa_flags=0x10000004
SIGFPE: [libjvm.so+0x7c3880], sa_mask[0]=0x7ffbfeff, sa_flags=0x10000004
SIGPIPE: [libjvm.so+0x7c3880], sa_mask[0]=0x7ffbfeff, sa_flags=0x10000004
SIGXFSZ: [libjvm.so+0x7c3880], sa_mask[0]=0x7ffbfeff, sa_flags=0x10000004
SIGILL: [libjvm.so+0x7c3880], sa_mask[0]=0x7ffbfeff, sa_flags=0x10000004
SIGUSR1: SIG_DFL, sa_mask[0]=0x00000000, sa_flags=0x00000000
SIGUSR2: [libjvm.so+0x7c3720], sa_mask[0]=0x00000004, sa_flags=0x10000004
SIGHUP: [libjvm.so+0x7c3900], sa_mask[0]=0x7ffbfeff, sa_flags=0x10000004
SIGINT: [libjvm.so+0x7c3900], sa_mask[0]=0x7ffbfeff, sa_flags=0x10000004
SIGTERM: [libjvm.so+0x7c3900], sa_mask[0]=0x7ffbfeff, sa_flags=0x10000004
SIGQUIT: [libjvm.so+0x7c3900], sa_mask[0]=0x7ffbfeff, sa_flags=0x10000004
SIGTRAP: SIG_DFL, sa_mask[0]=0x00000000, sa_flags=0x00000000


---------------  S Y S T E M  ---------------

OS:Ubuntu 14.04 (trusty)
uname:Linux 3.13.0-54-generic #91-Ubuntu SMP Tue May 26 19:15:08 UTC 2015 x86_64
libc:glibc 2.19 NPTL 2.19 
rlimit: STACK 8192k, CORE 0k, NPROC 28866, NOFILE 4096, AS infinity
load average:3,03 1,79 1,89

/proc/meminfo:
MemTotal:        3724688 kB
MemFree:           82760 kB
Buffers:             204 kB
Cached:           426556 kB
SwapCached:        20296 kB
Active:          2297128 kB
Inactive:         711296 kB
Active(anon):    2296940 kB
Inactive(anon):   705060 kB
Active(file):        188 kB
Inactive(file):     6236 kB
Unevictable:          32 kB
Mlocked:              32 kB
SwapTotal:        488276 kB
SwapFree:              0 kB
Dirty:                64 kB
Writeback:             0 kB
AnonPages:       2562224 kB
Mapped:           525544 kB
Shmem:            419532 kB
Slab:              91372 kB
SReclaimable:      35988 kB
SUnreclaim:        55384 kB
KernelStack:        5848 kB
PageTables:        39936 kB
NFS_Unstable:          0 kB
Bounce:                0 kB
WritebackTmp:          0 kB
CommitLimit:     2350620 kB
Committed_AS:    7955296 kB
VmallocTotal:   34359738367 kB
VmallocUsed:      350676 kB
VmallocChunk:   34359332000 kB
HardwareCorrupted:     0 kB
AnonHugePages:    430080 kB
HugePages_Total:       0
HugePages_Free:        0
HugePages_Rsvd:        0
HugePages_Surp:        0
Hugepagesize:       2048 kB
DirectMap4k:      141952 kB
DirectMap2M:     3725312 kB
DirectMap1G:           0 kB


CPU:total 8 (4 cores per cpu, 2 threads per core) family 6 model 60 stepping 3, cmov, cx8, fxsr, mmx, sse, sse2, sse3, ssse3, sse4.1, sse4.2, popcnt, avx, avx2, aes, erms, ht, tsc, tscinvbit

/proc/cpuinfo:
processor	: 0
vendor_id	: GenuineIntel
cpu family	: 6
model		: 60
model name	: Intel(R) Core(TM) i7-4771 CPU @ 3.50GHz
stepping	: 3
microcode	: 0x9
cpu MHz		: 3300.000
cache size	: 8192 KB
physical id	: 0
siblings	: 8
core id		: 0
cpu cores	: 4
apicid		: 0
initial apicid	: 0
fpu		: yes
fpu_exception	: yes
cpuid level	: 13
wp		: yes
flags		: fpu vme de pse tsc msr pae mce cx8 apic sep mtrr pge mca cmov pat pse36 clflush dts acpi mmx fxsr sse sse2 ss ht tm pbe syscall nx pdpe1gb rdtscp lm constant_tsc arch_perfmon pebs bts rep_good nopl xtopology nonstop_tsc aperfmperf eagerfpu pni pclmulqdq dtes64 monitor ds_cpl vmx smx est tm2 ssse3 fma cx16 xtpr pdcm pcid sse4_1 sse4_2 x2apic movbe popcnt tsc_deadline_timer aes xsave avx f16c rdrand lahf_lm abm ida arat epb xsaveopt pln pts dtherm tpr_shadow vnmi flexpriority ept vpid fsgsbase tsc_adjust bmi1 hle avx2 smep bmi2 erms invpcid rtm
bogomips	: 6995.80
clflush size	: 64
cache_alignment	: 64
address sizes	: 39 bits physical, 48 bits virtual
power management:

processor	: 1
vendor_id	: GenuineIntel
cpu family	: 6
model		: 60
model name	: Intel(R) Core(TM) i7-4771 CPU @ 3.50GHz
stepping	: 3
microcode	: 0x9
cpu MHz		: 2900.000
cache size	: 8192 KB
physical id	: 0
siblings	: 8
core id		: 1
cpu cores	: 4
apicid		: 2
initial apicid	: 2
fpu		: yes
fpu_exception	: yes
cpuid level	: 13
wp		: yes
flags		: fpu vme de pse tsc msr pae mce cx8 apic sep mtrr pge mca cmov pat pse36 clflush dts acpi mmx fxsr sse sse2 ss ht tm pbe syscall nx pdpe1gb rdtscp lm constant_tsc arch_perfmon pebs bts rep_good nopl xtopology nonstop_tsc aperfmperf eagerfpu pni pclmulqdq dtes64 monitor ds_cpl vmx smx est tm2 ssse3 fma cx16 xtpr pdcm pcid sse4_1 sse4_2 x2apic movbe popcnt tsc_deadline_timer aes xsave avx f16c rdrand lahf_lm abm ida arat epb xsaveopt pln pts dtherm tpr_shadow vnmi flexpriority ept vpid fsgsbase tsc_adjust bmi1 hle avx2 smep bmi2 erms invpcid rtm
bogomips	: 6995.80
clflush size	: 64
cache_alignment	: 64
address sizes	: 39 bits physical, 48 bits virtual
power management:

processor	: 2
vendor_id	: GenuineIntel
cpu family	: 6
model		: 60
model name	: Intel(R) Core(TM) i7-4771 CPU @ 3.50GHz
stepping	: 3
microcode	: 0x9
cpu MHz		: 3501.000
cache size	: 8192 KB
physical id	: 0
siblings	: 8
core id		: 2
cpu cores	: 4
apicid		: 4
initial apicid	: 4
fpu		: yes
fpu_exception	: yes
cpuid level	: 13
wp		: yes
flags		: fpu vme de pse tsc msr pae mce cx8 apic sep mtrr pge mca cmov pat pse36 clflush dts acpi mmx fxsr sse sse2 ss ht tm pbe syscall nx pdpe1gb rdtscp lm constant_tsc arch_perfmon pebs bts rep_good nopl xtopology nonstop_tsc aperfmperf eagerfpu pni pclmulqdq dtes64 monitor ds_cpl vmx smx est tm2 ssse3 fma cx16 xtpr pdcm pcid sse4_1 sse4_2 x2apic movbe popcnt tsc_deadline_timer aes xsave avx f16c rdrand lahf_lm abm ida arat epb xsaveopt pln pts dtherm tpr_shadow vnmi flexpriority ept vpid fsgsbase tsc_adjust bmi1 hle avx2 smep bmi2 erms invpcid rtm
bogomips	: 6995.80
clflush size	: 64
cache_alignment	: 64
address sizes	: 39 bits physical, 48 bits virtual
power management:

processor	: 3
vendor_id	: GenuineIntel
cpu family	: 6
model		: 60
model name	: Intel(R) Core(TM) i7-4771 CPU @ 3.50GHz
stepping	: 3
microcode	: 0x9
cpu MHz		: 3501.000
cache size	: 8192 KB
physical id	: 0
siblings	: 8
core id		: 3
cpu cores	: 4
apicid		: 6
initial apicid	: 6
fpu		: yes
fpu_exception	: yes
cpuid level	: 13
wp		: yes
flags		: fpu vme de pse tsc msr pae mce cx8 apic sep mtrr pge mca cmov pat pse36 clflush dts acpi mmx fxsr sse sse2 ss ht tm pbe syscall nx pdpe1gb rdtscp lm constant_tsc arch_perfmon pebs bts rep_good nopl xtopology nonstop_tsc aperfmperf eagerfpu pni pclmulqdq dtes64 monitor ds_cpl vmx smx est tm2 ssse3 fma cx16 xtpr pdcm pcid sse4_1 sse4_2 x2apic movbe popcnt tsc_deadline_timer aes xsave avx f16c rdrand lahf_lm abm ida arat epb xsaveopt pln pts dtherm tpr_shadow vnmi flexpriority ept vpid fsgsbase tsc_adjust bmi1 hle avx2 smep bmi2 erms invpcid rtm
bogomips	: 6995.80
clflush size	: 64
cache_alignment	: 64
address sizes	: 39 bits physical, 48 bits virtual
power management:

processor	: 4
vendor_id	: GenuineIntel
cpu family	: 6
model		: 60
model name	: Intel(R) Core(TM) i7-4771 CPU @ 3.50GHz
stepping	: 3
microcode	: 0x9
cpu MHz		: 3500.000
cache size	: 8192 KB
physical id	: 0
siblings	: 8
core id		: 0
cpu cores	: 4
apicid		: 1
initial apicid	: 1
fpu		: yes
fpu_exception	: yes
cpuid level	: 13
wp		: yes
flags		: fpu vme de pse tsc msr pae mce cx8 apic sep mtrr pge mca cmov pat pse36 clflush dts acpi mmx fxsr sse sse2 ss ht tm pbe syscall nx pdpe1gb rdtscp lm constant_tsc arch_perfmon pebs bts rep_good nopl xtopology nonstop_tsc aperfmperf eagerfpu pni pclmulqdq dtes64 monitor ds_cpl vmx smx est tm2 ssse3 fma cx16 xtpr pdcm pcid sse4_1 sse4_2 x2apic movbe popcnt tsc_deadline_timer aes xsave avx f16c rdrand lahf_lm abm ida arat epb xsaveopt pln pts dtherm tpr_shadow vnmi flexpriority ept vpid fsgsbase tsc_adjust bmi1 hle avx2 smep bmi2 erms invpcid rtm
bogomips	: 6995.80
clflush size	: 64
cache_alignment	: 64
address sizes	: 39 bits physical, 48 bits virtual
power management:

processor	: 5
vendor_id	: GenuineIntel
cpu family	: 6
model		: 60
model name	: Intel(R) Core(TM) i7-4771 CPU @ 3.50GHz
stepping	: 3
microcode	: 0x9
cpu MHz		: 3501.000
cache size	: 8192 KB
physical id	: 0
siblings	: 8
core id		: 1
cpu cores	: 4
apicid		: 3
initial apicid	: 3
fpu		: yes
fpu_exception	: yes
cpuid level	: 13
wp		: yes
flags		: fpu vme de pse tsc msr pae mce cx8 apic sep mtrr pge mca cmov pat pse36 clflush dts acpi mmx fxsr sse sse2 ss ht tm pbe syscall nx pdpe1gb rdtscp lm constant_tsc arch_perfmon pebs bts rep_good nopl xtopology nonstop_tsc aperfmperf eagerfpu pni pclmulqdq dtes64 monitor ds_cpl vmx smx est tm2 ssse3 fma cx16 xtpr pdcm pcid sse4_1 sse4_2 x2apic movbe popcnt tsc_deadline_timer aes xsave avx f16c rdrand lahf_lm abm ida arat epb xsaveopt pln pts dtherm tpr_shadow vnmi flexpriority ept vpid fsgsbase tsc_adjust bmi1 hle avx2 smep bmi2 erms invpcid rtm
bogomips	: 6995.80
clflush size	: 64
cache_alignment	: 64
address sizes	: 39 bits physical, 48 bits virtual
power management:

processor	: 6
vendor_id	: GenuineIntel
cpu family	: 6
model		: 60
model name	: Intel(R) Core(TM) i7-4771 CPU @ 3.50GHz
stepping	: 3
microcode	: 0x9
cpu MHz		: 3501.000
cache size	: 8192 KB
physical id	: 0
siblings	: 8
core id		: 2
cpu cores	: 4
apicid		: 5
initial apicid	: 5
fpu		: yes
fpu_exception	: yes
cpuid level	: 13
wp		: yes
flags		: fpu vme de pse tsc msr pae mce cx8 apic sep mtrr pge mca cmov pat pse36 clflush dts acpi mmx fxsr sse sse2 ss ht tm pbe syscall nx pdpe1gb rdtscp lm constant_tsc arch_perfmon pebs bts rep_good nopl xtopology nonstop_tsc aperfmperf eagerfpu pni pclmulqdq dtes64 monitor ds_cpl vmx smx est tm2 ssse3 fma cx16 xtpr pdcm pcid sse4_1 sse4_2 x2apic movbe popcnt tsc_deadline_timer aes xsave avx f16c rdrand lahf_lm abm ida arat epb xsaveopt pln pts dtherm tpr_shadow vnmi flexpriority ept vpid fsgsbase tsc_adjust bmi1 hle avx2 smep bmi2 erms invpcid rtm
bogomips	: 6995.80
clflush size	: 64
cache_alignment	: 64
address sizes	: 39 bits physical, 48 bits virtual
power management:

processor	: 7
vendor_id	: GenuineIntel
cpu family	: 6
model		: 60
model name	: Intel(R) Core(TM) i7-4771 CPU @ 3.50GHz
stepping	: 3
microcode	: 0x9
cpu MHz		: 2700.000
cache size	: 8192 KB
physical id	: 0
siblings	: 8
core id		: 3
cpu cores	: 4
apicid		: 7
initial apicid	: 7
fpu		: yes
fpu_exception	: yes
cpuid level	: 13
wp		: yes
flags		: fpu vme de pse tsc msr pae mce cx8 apic sep mtrr pge mca cmov pat pse36 clflush dts acpi mmx fxsr sse sse2 ss ht tm pbe syscall nx pdpe1gb rdtscp lm constant_tsc arch_perfmon pebs bts rep_good nopl xtopology nonstop_tsc aperfmperf eagerfpu pni pclmulqdq dtes64 monitor ds_cpl vmx smx est tm2 ssse3 fma cx16 xtpr pdcm pcid sse4_1 sse4_2 x2apic movbe popcnt tsc_deadline_timer aes xsave avx f16c rdrand lahf_lm abm ida arat epb xsaveopt pln pts dtherm tpr_shadow vnmi flexpriority ept vpid fsgsbase tsc_adjust bmi1 hle avx2 smep bmi2 erms invpcid rtm
bogomips	: 6995.80
clflush size	: 64
cache_alignment	: 64
address sizes	: 39 bits physical, 48 bits virtual
power management:



Memory: 4k page, physical 3724688k(82380k free), swap 488276k(0k free)

vm_info: OpenJDK 64-Bit Server VM (24.79-b02) for linux-amd64 JRE (1.7.0_79-b14), built on Apr 16 2015 08:21:58 by "buildd" with gcc 4.8.2

time: Wed Jun 17 23:44:29 2015
elapsed time: 5 seconds

