#
# There is insufficient memory for the Java Runtime Environment to continue.
# Native memory allocation (malloc) failed to allocate 83886080 bytes for committing reserved memory.
# Possible reasons:
#   The system is out of physical RAM or swap space
#   In 32 bit mode, the process size limit was hit
# Possible solutions:
#   Reduce memory load on the system
#   Increase physical memory or swap space
#   Check if swap backing store is full
#   Use 64 bit Java on a 64 bit OS
#   Decrease Java heap size (-Xmx/-Xms)
#   Decrease number of Java threads
#   Decrease Java thread stack sizes (-Xss)
#   Set larger code cache with -XX:ReservedCodeCacheSize=
# This output file may be truncated or incomplete.
#
#  Out of Memory Error (os_linux.cpp:2809), pid=29882, tid=140574945421056
#
# JRE version: OpenJDK Runtime Environment (7.0_79-b14) (build 1.7.0_79-b14)
# Java VM: OpenJDK 64-Bit Server VM (24.79-b02 mixed mode linux-amd64 compressed oops)
# Derivative: IcedTea 2.5.5
# Distribution: Ubuntu 14.04 LTS, package 7u79-2.5.5-0ubuntu0.14.04.2
# Failed to write core dump. Core dumps have been disabled. To enable core dumping, try "ulimit -c unlimited" before starting Java again
#

---------------  T H R E A D  ---------------

Current thread (0x00007fda38080000):  VMThread [stack: 0x00007fda279fa000,0x00007fda27afb000] [id=29896]

Stack: [0x00007fda279fa000,0x00007fda27afb000],  sp=0x00007fda27af9490,  free space=1021k
Native frames: (J=compiled Java code, j=interpreted, Vv=VM code, C=native code)
V  [libjvm.so+0x94aec5]  VMError::report_and_die()+0x175
V  [libjvm.so+0x48b9c4]  report_vm_out_of_memory(char const*, int, unsigned long, char const*)+0x74
V  [libjvm.so+0x7c806b]  os::pd_commit_memory(char*, unsigned long, unsigned long, bool)+0xeb
V  [libjvm.so+0x7c2b0f]  os::commit_memory(char*, unsigned long, unsigned long, bool)+0x1f
V  [libjvm.so+0x83500b]  PSVirtualSpace::expand_by(unsigned long)+0x5b
V  [libjvm.so+0x835e60]  PSYoungGen::resize_generation(unsigned long, unsigned long)+0xb0
V  [libjvm.so+0x83654b]  PSYoungGen::resize(unsigned long, unsigned long)+0x1b
V  [libjvm.so+0x832830]  PSScavenge::invoke_no_policy()+0xde0
V  [libjvm.so+0x833008]  PSScavenge::invoke()+0x38
V  [libjvm.so+0x7e96f3]  ParallelScavengeHeap::failed_mem_allocate(unsigned long)+0x63
V  [libjvm.so+0x94c8c4]  VM_ParallelGCFailedAllocation::doit()+0x84
V  [libjvm.so+0x950dc7]  VM_Operation::evaluate()+0x47
V  [libjvm.so+0x94f738]  VMThread::evaluate_operation(VM_Operation*)+0x318
V  [libjvm.so+0x94fb99]  VMThread::loop()+0x219
V  [libjvm.so+0x94ffe2]  VMThread::run()+0x72
V  [libjvm.so+0x7c4f32]  java_start(Thread*)+0xf2

VM_Operation (0x00007fda3f39e370): ParallelGCFailedAllocation, mode: safepoint, requested by thread 0x00007fda3800c000


---------------  P R O C E S S  ---------------

Java Threads: ( => current thread )
  0x00007fda380b9800 JavaThread "Service Thread" daemon [_thread_blocked, id=29902, stack(0x00007fda26d12000,0x00007fda26e13000)]
  0x00007fda380b7800 JavaThread "C2 CompilerThread1" daemon [_thread_blocked, id=29901, stack(0x00007fda26e13000,0x00007fda26f14000)]
  0x00007fda380b4800 JavaThread "C2 CompilerThread0" daemon [_thread_blocked, id=29900, stack(0x00007fda26f14000,0x00007fda27015000)]
  0x00007fda380b2000 JavaThread "Signal Dispatcher" daemon [_thread_blocked, id=29899, stack(0x00007fda27015000,0x00007fda27116000)]
  0x00007fda38086800 JavaThread "Finalizer" daemon [_thread_blocked, id=29898, stack(0x00007fda277f8000,0x00007fda278f9000)]
  0x00007fda38084800 JavaThread "Reference Handler" daemon [_thread_blocked, id=29897, stack(0x00007fda278f9000,0x00007fda279fa000)]
  0x00007fda3800c000 JavaThread "main" [_thread_blocked, id=29887, stack(0x00007fda3f29f000,0x00007fda3f3a0000)]

Other Threads:
=>0x00007fda38080000 VMThread [stack: 0x00007fda279fa000,0x00007fda27afb000] [id=29896]
  0x00007fda380c4800 WatcherThread [stack: 0x00007fda26c11000,0x00007fda26d12000] [id=29903]

VM state:at safepoint (normal execution)

VM Mutex/Monitor currently owned by a thread:  ([mutex/lock_event])
[0x00007fda38008410] Threads_lock - owner thread: 0x00007fda38080000
[0x00007fda38008910] Heap_lock - owner thread: 0x00007fda3800c000

Heap
 PSYoungGen      total 227328K, used 23369K [0x00000000eaa80000, 0x00000000fb000000, 0x0000000100000000)
  eden space 197120K, 0% used [0x00000000eaa80000,0x00000000eaa80000,0x00000000f6b00000)
  from space 30208K, 77% used [0x00000000f6b00000,0x00000000f81d2458,0x00000000f8880000)
  to   space 31232K, 0% used [0x00000000f8880000,0x00000000f8880000,0x00000000fa700000)
 ParOldGen       total 69120K, used 21558K [0x00000000c0000000, 0x00000000c4380000, 0x00000000eaa80000)
  object space 69120K, 31% used [0x00000000c0000000,0x00000000c150da18,0x00000000c4380000)
 PSPermGen       total 21504K, used 7207K [0x00000000b5a00000, 0x00000000b6f00000, 0x00000000c0000000)
  object space 21504K, 33% used [0x00000000b5a00000,0x00000000b6109fb8,0x00000000b6f00000)

Card table byte_map: [0x00007fda34ba3000,0x00007fda34df7000] byte_map_base: 0x00007fda345f6000

Polling page: 0x00007fda3f3bf000

Code Cache  [0x00007fda34df7000, 0x00007fda35067000, 0x00007fda37df7000)
 total_blobs=986 nmethods=734 adapters=204 free_code_cache=47168Kb largest_free_block=48265024

Compilation events (10 events):
Event: 2,615 Thread 0x00007fda380b7800  747             com.android.dx.io.instructions.InstructionCodec$7::encode (23 bytes)
Event: 2,616 Thread 0x00007fda380b7800 nmethod 747 0x00007fda34fe42d0 code [0x00007fda34fe4420, 0x00007fda34fe4578]
Event: 2,616 Thread 0x00007fda380b4800 nmethod 746 0x00007fda34fe3d90 code [0x00007fda34fe3ee0, 0x00007fda34fe40b8]
Event: 2,651 Thread 0x00007fda380b7800  748             com.android.dex.EncodedValue::writeTo (9 bytes)
Event: 2,653 Thread 0x00007fda380b7800 nmethod 748 0x00007fda34fef310 code [0x00007fda34fef460, 0x00007fda34fef5f8]
Event: 2,741 Thread 0x00007fda380b4800  749             sun.misc.VM::isBooted (4 bytes)
Event: 2,742 Thread 0x00007fda380b4800 nmethod 749 0x00007fda34f36450 code [0x00007fda34f36580, 0x00007fda34f365d8]
Event: 2,745 Thread 0x00007fda380b7800  750             java.lang.Math::min (46 bytes)
Event: 2,746 Thread 0x00007fda380b4800  751             java.util.HashMap::initHashSeedAsNeeded (61 bytes)
Event: 2,751 Thread 0x00007fda380b7800 nmethod 750 0x00007fda34f36650 code [0x00007fda34f367a0, 0x00007fda34f36838]

GC Heap History (10 events):
Event: 1,697 GC heap after
Heap after GC invocations=6 (full 1):
 PSYoungGen      total 63488K, used 0K [0x00000000eaa80000, 0x00000000f4580000, 0x0000000100000000)
  eden space 61440K, 0% used [0x00000000eaa80000,0x00000000eaa80000,0x00000000ee680000)
  from space 2048K, 0% used [0x00000000ee680000,0x00000000ee680000,0x00000000ee880000)
  to   space 17920K, 0% used [0x00000000f3400000,0x00000000f3400000,0x00000000f4580000)
 ParOldGen       total 57344K, used 19470K [0x00000000c0000000, 0x00000000c3800000, 0x00000000eaa80000)
  object space 57344K, 33% used [0x00000000c0000000,0x00000000c1303840,0x00000000c3800000)
 PSPermGen       total 21504K, used 7173K [0x00000000b5a00000, 0x00000000b6f00000, 0x00000000c0000000)
  object space 21504K, 33% used [0x00000000b5a00000,0x00000000b6101798,0x00000000b6f00000)
}
Event: 1,820 GC heap before
{Heap before GC invocations=7 (full 1):
 PSYoungGen      total 63488K, used 61440K [0x00000000eaa80000, 0x00000000f4580000, 0x0000000100000000)
  eden space 61440K, 100% used [0x00000000eaa80000,0x00000000ee680000,0x00000000ee680000)
  from space 2048K, 0% used [0x00000000ee680000,0x00000000ee680000,0x00000000ee880000)
  to   space 17920K, 0% used [0x00000000f3400000,0x00000000f3400000,0x00000000f4580000)
 ParOldGen       total 57344K, used 19470K [0x00000000c0000000, 0x00000000c3800000, 0x00000000eaa80000)
  object space 57344K, 33% used [0x00000000c0000000,0x00000000c1303840,0x00000000c3800000)
 PSPermGen       total 21504K, used 7190K [0x00000000b5a00000, 0x00000000b6f00000, 0x00000000c0000000)
  object space 21504K, 33% used [0x00000000b5a00000,0x00000000b6105a78,0x00000000b6f00000)
Event: 1,829 GC heap after
Heap after GC invocations=7 (full 1):
 PSYoungGen      total 112128K, used 9804K [0x00000000eaa80000, 0x00000000f3e00000, 0x0000000100000000)
  eden space 101888K, 0% used [0x00000000eaa80000,0x00000000eaa80000,0x00000000f0e00000)
  from space 10240K, 95% used [0x00000000f3400000,0x00000000f3d93278,0x00000000f3e00000)
  to   space 17408K, 0% used [0x00000000f1c00000,0x00000000f1c00000,0x00000000f2d00000)
 ParOldGen       total 57344K, used 19470K [0x00000000c0000000, 0x00000000c3800000, 0x00000000eaa80000)
  object space 57344K, 33% used [0x00000000c0000000,0x00000000c1303840,0x00000000c3800000)
 PSPermGen       total 21504K, used 7190K [0x00000000b5a00000, 0x00000000b6f00000, 0x00000000c0000000)
  object space 21504K, 33% used [0x00000000b5a00000,0x00000000b6105a78,0x00000000b6f00000)
}
Event: 1,986 GC heap before
{Heap before GC invocations=8 (full 1):
 PSYoungGen      total 112128K, used 111692K [0x00000000eaa80000, 0x00000000f3e00000, 0x0000000100000000)
  eden space 101888K, 100% used [0x00000000eaa80000,0x00000000f0e00000,0x00000000f0e00000)
  from space 10240K, 95% used [0x00000000f3400000,0x00000000f3d93278,0x00000000f3e00000)
  to   space 17408K, 0% used [0x00000000f1c00000,0x00000000f1c00000,0x00000000f2d00000)
 ParOldGen       total 57344K, used 19470K [0x00000000c0000000, 0x00000000c3800000, 0x00000000eaa80000)
  object space 57344K, 33% used [0x00000000c0000000,0x00000000c1303840,0x00000000c3800000)
 PSPermGen       total 21504K, used 7197K [0x00000000b5a00000, 0x00000000b6f00000, 0x00000000c0000000)
  object space 21504K, 33% used [0x00000000b5a00000,0x00000000b6107680,0x00000000b6f00000)
Event: 2,309 GC heap after
Heap after GC invocations=8 (full 1):
 PSYoungGen      total 133632K, used 17398K [0x00000000eaa80000, 0x00000000fa700000, 0x0000000100000000)
  eden space 116224K, 0% used [0x00000000eaa80000,0x00000000eaa80000,0x00000000f1c00000)
  from space 17408K, 99% used [0x00000000f1c00000,0x00000000f2cfd840,0x00000000f2d00000)
  to   space 31232K, 0% used [0x00000000f8880000,0x00000000f8880000,0x00000000fa700000)
 ParOldGen       total 57344K, used 40244K [0x00000000c0000000, 0x00000000c3800000, 0x00000000eaa80000)
  object space 57344K, 70% used [0x00000000c0000000,0x00000000c274d3d0,0x00000000c3800000)
 PSPermGen       total 21504K, used 7197K [0x00000000b5a00000, 0x00000000b6f00000, 0x00000000c0000000)
  object space 21504K, 33% used [0x00000000b5a00000,0x00000000b6107680,0x00000000b6f00000)
}
Event: 2,309 GC heap before
{Heap before GC invocations=9 (full 2):
 PSYoungGen      total 133632K, used 17398K [0x00000000eaa80000, 0x00000000fa700000, 0x0000000100000000)
  eden space 116224K, 0% used [0x00000000eaa80000,0x00000000eaa80000,0x00000000f1c00000)
  from space 17408K, 99% used [0x00000000f1c00000,0x00000000f2cfd840,0x00000000f2d00000)
  to   space 31232K, 0% used [0x00000000f8880000,0x00000000f8880000,0x00000000fa700000)
 ParOldGen       total 57344K, used 40244K [0x00000000c0000000, 0x00000000c3800000, 0x00000000eaa80000)
  object space 57344K, 70% used [0x00000000c0000000,0x00000000c274d3d0,0x00000000c3800000)
 PSPermGen       total 21504K, used 7197K [0x00000000b5a00000, 0x00000000b6f00000, 0x00000000c0000000)
  object space 21504K, 33% used [0x00000000b5a00000,0x00000000b6107680,0x00000000b6f00000)
Event: 2,354 GC heap after
Heap after GC invocations=9 (full 2):
 PSYoungGen      total 133632K, used 0K [0x00000000eaa80000, 0x00000000fa700000, 0x0000000100000000)
  eden space 116224K, 0% used [0x00000000eaa80000,0x00000000eaa80000,0x00000000f1c00000)
  from space 17408K, 0% used [0x00000000f1c00000,0x00000000f1c00000,0x00000000f2d00000)
  to   space 31232K, 0% used [0x00000000f8880000,0x00000000f8880000,0x00000000fa700000)
 ParOldGen       total 69120K, used 21558K [0x00000000c0000000, 0x00000000c4380000, 0x00000000eaa80000)
  object space 69120K, 31% used [0x00000000c0000000,0x00000000c150da18,0x00000000c4380000)
 PSPermGen       total 21504K, used 7197K [0x00000000b5a00000, 0x00000000b6f00000, 0x00000000c0000000)
  object space 21504K, 33% used [0x00000000b5a00000,0x00000000b6107680,0x00000000b6f00000)
}
Event: 2,504 GC heap before
{Heap before GC invocations=10 (full 2):
 PSYoungGen      total 133632K, used 114635K [0x00000000eaa80000, 0x00000000fa700000, 0x0000000100000000)
  eden space 116224K, 98% used [0x00000000eaa80000,0x00000000f1a72cd8,0x00000000f1c00000)
  from space 17408K, 0% used [0x00000000f1c00000,0x00000000f1c00000,0x00000000f2d00000)
  to   space 31232K, 0% used [0x00000000f8880000,0x00000000f8880000,0x00000000fa700000)
 ParOldGen       total 69120K, used 21558K [0x00000000c0000000, 0x00000000c4380000, 0x00000000eaa80000)
  object space 69120K, 31% used [0x00000000c0000000,0x00000000c150da18,0x00000000c4380000)
 PSPermGen       total 21504K, used 7204K [0x00000000b5a00000, 0x00000000b6f00000, 0x00000000c0000000)
  object space 21504K, 33% used [0x00000000b5a00000,0x00000000b6109190,0x00000000b6f00000)
Event: 2,512 GC heap after
Heap after GC invocations=10 (full 2):
 PSYoungGen      total 228352K, used 4899K [0x00000000eaa80000, 0x00000000fb000000, 0x0000000100000000)
  eden space 197120K, 0% used [0x00000000eaa80000,0x00000000eaa80000,0x00000000f6b00000)
  from space 31232K, 15% used [0x00000000f8880000,0x00000000f8d48c10,0x00000000fa700000)
  to   space 30208K, 0% used [0x00000000f6b00000,0x00000000f6b00000,0x00000000f8880000)
 ParOldGen       total 69120K, used 21558K [0x00000000c0000000, 0x00000000c4380000, 0x00000000eaa80000)
  object space 69120K, 31% used [0x00000000c0000000,0x00000000c150da18,0x00000000c4380000)
 PSPermGen       total 21504K, used 7204K [0x00000000b5a00000, 0x00000000b6f00000, 0x00000000c0000000)
  object space 21504K, 33% used [0x00000000b5a00000,0x00000000b6109190,0x00000000b6f00000)
}
Event: 2,775 GC heap before
{Heap before GC invocations=11 (full 2):
 PSYoungGen      total 228352K, used 202019K [0x00000000eaa80000, 0x00000000fb000000, 0x0000000100000000)
  eden space 197120K, 100% used [0x00000000eaa80000,0x00000000f6b00000,0x00000000f6b00000)
  from space 31232K, 15% used [0x00000000f8880000,0x00000000f8d48c10,0x00000000fa700000)
  to   space 30208K, 0% used [0x00000000f6b00000,0x00000000f6b00000,0x00000000f8880000)
 ParOldGen       total 69120K, used 21558K [0x00000000c0000000, 0x00000000c4380000, 0x00000000eaa80000)
  object space 69120K, 31% used [0x00000000c0000000,0x00000000c150da18,0x00000000c4380000)
 PSPermGen       total 21504K, used 7207K [0x00000000b5a00000, 0x00000000b6f00000, 0x00000000c0000000)
  object space 21504K, 33% used [0x00000000b5a00000,0x00000000b6109fb8,0x00000000b6f00000)

Deoptimization events (10 events):
Event: 1,540 Thread 0x00007fda3800c000 Uncommon trap: reason=array_check action=maybe_recompile pc=0x00007fda34f85f40 method=java.util.ComparableTimSort.binarySort([Ljava/lang/Object;III)V @ 193
Event: 1,579 Thread 0x00007fda3800c000 Uncommon trap: reason=array_check action=maybe_recompile pc=0x00007fda34f85e84 method=java.util.ComparableTimSort.binarySort([Ljava/lang/Object;III)V @ 215
Event: 1,579 Thread 0x00007fda3800c000 Uncommon trap: reason=array_check action=maybe_recompile pc=0x00007fda34f85f40 method=java.util.ComparableTimSort.binarySort([Ljava/lang/Object;III)V @ 193
Event: 1,745 Thread 0x00007fda3800c000 Uncommon trap: reason=predicate action=maybe_recompile pc=0x00007fda34f6b098 method=java.util.TimSort.binarySort([Ljava/lang/Object;IIILjava/util/Comparator;)V @ 37
Event: 1,787 Thread 0x00007fda3800c000 Uncommon trap: reason=array_check action=maybe_recompile pc=0x00007fda34fa5ac8 method=java.util.TimSort.binarySort([Ljava/lang/Object;IIILjava/util/Comparator;)V @ 193
Event: 1,788 Thread 0x00007fda3800c000 Uncommon trap: reason=array_check action=maybe_recompile pc=0x00007fda34fa5a20 method=java.util.TimSort.binarySort([Ljava/lang/Object;IIILjava/util/Comparator;)V @ 215
Event: 1,788 Thread 0x00007fda3800c000 Uncommon trap: reason=array_check action=maybe_recompile pc=0x00007fda34fa5b14 method=java.util.TimSort.binarySort([Ljava/lang/Object;IIILjava/util/Comparator;)V @ 183
Event: 1,816 Thread 0x00007fda3800c000 Uncommon trap: reason=array_check action=maybe_recompile pc=0x00007fda34e8aadc method=java.util.ComparableTimSort.binarySort([Ljava/lang/Object;III)V @ 183
Event: 1,831 Thread 0x00007fda3800c000 Uncommon trap: reason=array_check action=maybe_recompile pc=0x00007fda34fa5a20 method=java.util.TimSort.binarySort([Ljava/lang/Object;IIILjava/util/Comparator;)V @ 215
Event: 1,865 Thread 0x00007fda3800c000 Uncommon trap: reason=array_check action=maybe_recompile pc=0x00007fda34e8aadc method=java.util.ComparableTimSort.binarySort([Ljava/lang/Object;III)V @ 183

Internal exceptions (10 events):
Event: 1,137 Thread 0x00007fda3800c000 Threw 0x00000000ec8552e8 at /build/buildd/openjdk-7-7u79-2.5.5/build/openjdk/hotspot/src/share/vm/prims/jvm.cpp:1284
Event: 1,137 Thread 0x00007fda3800c000 Threw 0x00000000ec858f28 at /build/buildd/openjdk-7-7u79-2.5.5/build/openjdk/hotspot/src/share/vm/prims/jvm.cpp:1284
Event: 1,138 Thread 0x00007fda3800c000 Threw 0x00000000ec85ccb8 at /build/buildd/openjdk-7-7u79-2.5.5/build/openjdk/hotspot/src/share/vm/prims/jvm.cpp:1284
Event: 1,138 Thread 0x00007fda3800c000 Threw 0x00000000ec862c48 at /build/buildd/openjdk-7-7u79-2.5.5/build/openjdk/hotspot/src/share/vm/prims/jvm.cpp:1284
Event: 1,138 Thread 0x00007fda3800c000 Threw 0x00000000ec866718 at /build/buildd/openjdk-7-7u79-2.5.5/build/openjdk/hotspot/src/share/vm/prims/jvm.cpp:1284
Event: 1,139 Thread 0x00007fda3800c000 Threw 0x00000000ec86a3e0 at /build/buildd/openjdk-7-7u79-2.5.5/build/openjdk/hotspot/src/share/vm/prims/jvm.cpp:1284
Event: 1,139 Thread 0x00007fda3800c000 Threw 0x00000000ec86de18 at /build/buildd/openjdk-7-7u79-2.5.5/build/openjdk/hotspot/src/share/vm/prims/jvm.cpp:1284
Event: 1,151 Thread 0x00007fda3800c000 Threw 0x00000000eaac0f78 at /build/buildd/openjdk-7-7u79-2.5.5/build/openjdk/hotspot/src/share/vm/prims/jvm.cpp:1284
Event: 1,152 Thread 0x00007fda3800c000 Threw 0x00000000eaac3ae0 at /build/buildd/openjdk-7-7u79-2.5.5/build/openjdk/hotspot/src/share/vm/prims/jvm.cpp:1284
Event: 1,371 Thread 0x00007fda3800c000 Threw 0x00000000ec249f08 at /build/buildd/openjdk-7-7u79-2.5.5/build/openjdk/hotspot/src/share/vm/prims/jvm.cpp:1284

Events (10 events):
Event: 1,865 Thread 0x00007fda3800c000 DEOPT UNPACKING pc=0x00007fda34e30445 sp=0x00007fda3f39e418 mode 2
Event: 1,875 Thread 0x00007fda380b4800 flushing nmethod 0x00007fda34f12690
Event: 1,875 Thread 0x00007fda380b4800 flushing nmethod 0x00007fda34f18a50
Event: 1,986 Executing VM operation: ParallelGCFailedAllocation
Event: 2,354 Executing VM operation: ParallelGCFailedAllocation done
Event: 2,396 Thread 0x00007fda380b7800 flushing nmethod 0x00007fda34f34e10
Event: 2,396 Thread 0x00007fda380b7800 flushing nmethod 0x00007fda34f37450
Event: 2,504 Executing VM operation: ParallelGCFailedAllocation
Event: 2,513 Executing VM operation: ParallelGCFailedAllocation done
Event: 2,755 Executing VM operation: ParallelGCFailedAllocation


Dynamic libraries:
00400000-00401000 r-xp 00000000 08:01 2896608                            /usr/lib/jvm/java-7-openjdk-amd64/jre/bin/java
00600000-00601000 r--p 00000000 08:01 2896608                            /usr/lib/jvm/java-7-openjdk-amd64/jre/bin/java
00601000-00602000 rw-p 00001000 08:01 2896608                            /usr/lib/jvm/java-7-openjdk-amd64/jre/bin/java
0175d000-0177e000 rw-p 00000000 00:00 0                                  [heap]
b5a00000-b6f00000 rw-p 00000000 00:00 0 
b6f00000-c0000000 rw-p 00000000 00:00 0 
c0000000-c4380000 rw-p 00000000 00:00 0 
c4380000-eaa80000 rw-p 00000000 00:00 0 
eaa80000-fb000000 rw-p 00000000 00:00 0 
7fd9e0000000-7fd9e0021000 rw-p 00000000 00:00 0 
7fd9e0021000-7fd9e4000000 ---p 00000000 00:00 0 
7fd9e4000000-7fd9e4021000 rw-p 00000000 00:00 0 
7fd9e4021000-7fd9e8000000 ---p 00000000 00:00 0 
7fd9e8000000-7fd9e890b000 rw-p 00000000 00:00 0 
7fd9e890b000-7fd9ec000000 ---p 00000000 00:00 0 
7fd9ec000000-7fd9ec74f000 rw-p 00000000 00:00 0 
7fd9ec74f000-7fd9f0000000 ---p 00000000 00:00 0 
7fd9f0000000-7fd9f0021000 rw-p 00000000 00:00 0 
7fd9f0021000-7fd9f4000000 ---p 00000000 00:00 0 
7fd9f4000000-7fd9f4021000 rw-p 00000000 00:00 0 
7fd9f4021000-7fd9f8000000 ---p 00000000 00:00 0 
7fd9f8000000-7fd9f80e1000 rw-p 00000000 00:00 0 
7fd9f80e1000-7fd9fc000000 ---p 00000000 00:00 0 
7fd9fc000000-7fd9fc021000 rw-p 00000000 00:00 0 
7fd9fc021000-7fda00000000 ---p 00000000 00:00 0 
7fda00000000-7fda00021000 rw-p 00000000 00:00 0 
7fda00021000-7fda04000000 ---p 00000000 00:00 0 
7fda08000000-7fda08021000 rw-p 00000000 00:00 0 
7fda08021000-7fda0c000000 ---p 00000000 00:00 0 
7fda10000000-7fda10021000 rw-p 00000000 00:00 0 
7fda10021000-7fda14000000 ---p 00000000 00:00 0 
7fda18000000-7fda18021000 rw-p 00000000 00:00 0 
7fda18021000-7fda1c000000 ---p 00000000 00:00 0 
7fda1c000000-7fda1c021000 rw-p 00000000 00:00 0 
7fda1c021000-7fda20000000 ---p 00000000 00:00 0 
7fda20000000-7fda20021000 rw-p 00000000 00:00 0 
7fda20021000-7fda24000000 ---p 00000000 00:00 0 
7fda25332000-7fda25493000 rw-p 00000000 00:00 0 
7fda25493000-7fda254d0000 r-xp 00000000 08:01 1314944                    /lib/x86_64-linux-gnu/libpcre.so.3.13.1
7fda254d0000-7fda256cf000 ---p 0003d000 08:01 1314944                    /lib/x86_64-linux-gnu/libpcre.so.3.13.1
7fda256cf000-7fda256d0000 r--p 0003c000 08:01 1314944                    /lib/x86_64-linux-gnu/libpcre.so.3.13.1
7fda256d0000-7fda256d1000 rw-p 0003d000 08:01 1314944                    /lib/x86_64-linux-gnu/libpcre.so.3.13.1
7fda256d1000-7fda256d8000 r-xp 00000000 08:01 2631073                    /usr/lib/x86_64-linux-gnu/libffi.so.6.0.1
7fda256d8000-7fda258d7000 ---p 00007000 08:01 2631073                    /usr/lib/x86_64-linux-gnu/libffi.so.6.0.1
7fda258d7000-7fda258d8000 r--p 00006000 08:01 2631073                    /usr/lib/x86_64-linux-gnu/libffi.so.6.0.1
7fda258d8000-7fda258d9000 rw-p 00007000 08:01 2631073                    /usr/lib/x86_64-linux-gnu/libffi.so.6.0.1
7fda258d9000-7fda258f0000 r-xp 00000000 08:01 1314798                    /lib/x86_64-linux-gnu/libresolv-2.19.so
7fda258f0000-7fda25af0000 ---p 00017000 08:01 1314798                    /lib/x86_64-linux-gnu/libresolv-2.19.so
7fda25af0000-7fda25af1000 r--p 00017000 08:01 1314798                    /lib/x86_64-linux-gnu/libresolv-2.19.so
7fda25af1000-7fda25af2000 rw-p 00018000 08:01 1314798                    /lib/x86_64-linux-gnu/libresolv-2.19.so
7fda25af2000-7fda25af4000 rw-p 00000000 00:00 0 
7fda25af4000-7fda25b14000 r-xp 00000000 08:01 1314971                    /lib/x86_64-linux-gnu/libselinux.so.1
7fda25b14000-7fda25d13000 ---p 00020000 08:01 1314971                    /lib/x86_64-linux-gnu/libselinux.so.1
7fda25d13000-7fda25d14000 r--p 0001f000 08:01 1314971                    /lib/x86_64-linux-gnu/libselinux.so.1
7fda25d14000-7fda25d15000 rw-p 00020000 08:01 1314971                    /lib/x86_64-linux-gnu/libselinux.so.1
7fda25d15000-7fda25d17000 rw-p 00000000 00:00 0 
7fda25d17000-7fda25d1a000 r-xp 00000000 08:01 2621804                    /usr/lib/x86_64-linux-gnu/libgmodule-2.0.so.0.4002.0
7fda25d1a000-7fda25f19000 ---p 00003000 08:01 2621804                    /usr/lib/x86_64-linux-gnu/libgmodule-2.0.so.0.4002.0
7fda25f19000-7fda25f1a000 r--p 00002000 08:01 2621804                    /usr/lib/x86_64-linux-gnu/libgmodule-2.0.so.0.4002.0
7fda25f1a000-7fda25f1b000 rw-p 00003000 08:01 2621804                    /usr/lib/x86_64-linux-gnu/libgmodule-2.0.so.0.4002.0
7fda25f1b000-7fda26021000 r-xp 00000000 08:01 1314776                    /lib/x86_64-linux-gnu/libglib-2.0.so.0.4002.0
7fda26021000-7fda26220000 ---p 00106000 08:01 1314776                    /lib/x86_64-linux-gnu/libglib-2.0.so.0.4002.0
7fda26220000-7fda26221000 r--p 00105000 08:01 1314776                    /lib/x86_64-linux-gnu/libglib-2.0.so.0.4002.0
7fda26221000-7fda26222000 rw-p 00106000 08:01 1314776                    /lib/x86_64-linux-gnu/libglib-2.0.so.0.4002.0
7fda26222000-7fda26223000 rw-p 00000000 00:00 0 
7fda26223000-7fda26272000 r-xp 00000000 08:01 2621822                    /usr/lib/x86_64-linux-gnu/libgobject-2.0.so.0.4002.0
7fda26272000-7fda26472000 ---p 0004f000 08:01 2621822                    /usr/lib/x86_64-linux-gnu/libgobject-2.0.so.0.4002.0
7fda26472000-7fda26473000 r--p 0004f000 08:01 2621822                    /usr/lib/x86_64-linux-gnu/libgobject-2.0.so.0.4002.0
7fda26473000-7fda26474000 rw-p 00050000 08:01 2621822                    /usr/lib/x86_64-linux-gnu/libgobject-2.0.so.0.4002.0
7fda26474000-7fda265e0000 r-xp 00000000 08:01 2621826                    /usr/lib/x86_64-linux-gnu/libgio-2.0.so.0.4002.0
7fda265e0000-7fda267df000 ---p 0016c000 08:01 2621826                    /usr/lib/x86_64-linux-gnu/libgio-2.0.so.0.4002.0
7fda267df000-7fda267e3000 r--p 0016b000 08:01 2621826                    /usr/lib/x86_64-linux-gnu/libgio-2.0.so.0.4002.0
7fda267e3000-7fda267e5000 rw-p 0016f000 08:01 2621826                    /usr/lib/x86_64-linux-gnu/libgio-2.0.so.0.4002.0
7fda267e5000-7fda267e7000 rw-p 00000000 00:00 0 
7fda267e7000-7fda267fe000 r-xp 00000000 08:01 2896675                    /usr/lib/jvm/java-7-openjdk-amd64/jre/lib/amd64/libnet.so
7fda267fe000-7fda269fd000 ---p 00017000 08:01 2896675                    /usr/lib/jvm/java-7-openjdk-amd64/jre/lib/amd64/libnet.so
7fda269fd000-7fda269fe000 r--p 00016000 08:01 2896675                    /usr/lib/jvm/java-7-openjdk-amd64/jre/lib/amd64/libnet.so
7fda269fe000-7fda269ff000 rw-p 00017000 08:01 2896675                    /usr/lib/jvm/java-7-openjdk-amd64/jre/lib/amd64/libnet.so
7fda269ff000-7fda26a0f000 r-xp 00000000 08:01 2896662                    /usr/lib/jvm/java-7-openjdk-amd64/jre/lib/amd64/libnio.so
7fda26a0f000-7fda26c0f000 ---p 00010000 08:01 2896662                    /usr/lib/jvm/java-7-openjdk-amd64/jre/lib/amd64/libnio.so
7fda26c0f000-7fda26c10000 r--p 00010000 08:01 2896662                    /usr/lib/jvm/java-7-openjdk-amd64/jre/lib/amd64/libnio.so
7fda26c10000-7fda26c11000 rw-p 00011000 08:01 2896662                    /usr/lib/jvm/java-7-openjdk-amd64/jre/lib/amd64/libnio.so
7fda26c11000-7fda26c12000 ---p 00000000 00:00 0 
7fda26c12000-7fda26d12000 rw-p 00000000 00:00 0                          [stack:29903]
7fda26d12000-7fda26d15000 ---p 00000000 00:00 0 
7fda26d15000-7fda26e13000 rw-p 00000000 00:00 0                          [stack:29902]
7fda26e13000-7fda26e16000 ---p 00000000 00:00 0 
7fda26e16000-7fda26f14000 rw-p 00000000 00:00 0                          [stack:29901]
7fda26f14000-7fda26f17000 ---p 00000000 00:00 0 
7fda26f17000-7fda27015000 rw-p 00000000 00:00 0                          [stack:29900]
7fda27015000-7fda27018000 ---p 00000000 00:00 0 
7fda27018000-7fda27116000 rw-p 00000000 00:00 0                          [stack:29899]
7fda27116000-7fda277f8000 r--p 00000000 08:01 2629488                    /usr/lib/locale/locale-archive
7fda277f8000-7fda277fb000 ---p 00000000 00:00 0 
7fda277fb000-7fda278f9000 rw-p 00000000 00:00 0                          [stack:29898]
7fda278f9000-7fda278fc000 ---p 00000000 00:00 0 
7fda278fc000-7fda279fa000 rw-p 00000000 00:00 0                          [stack:29897]
7fda279fa000-7fda279fb000 ---p 00000000 00:00 0 
7fda279fb000-7fda28000000 rw-p 00000000 00:00 0                          [stack:29896]
7fda28000000-7fda28021000 rw-p 00000000 00:00 0 
7fda28021000-7fda2c000000 ---p 00000000 00:00 0 
7fda2c0f5000-7fda30000000 rw-p 00000000 00:00 0 
7fda30000000-7fda30021000 rw-p 00000000 00:00 0 
7fda30021000-7fda34000000 ---p 00000000 00:00 0 
7fda3401e000-7fda341cf000 r--s 01d27000 08:01 2896681                    /usr/lib/jvm/java-7-openjdk-amd64/jre/lib/rt.jar
7fda341cf000-7fda34245000 rw-p 00000000 00:00 0 
7fda34245000-7fda34246000 ---p 00000000 00:00 0 
7fda34246000-7fda34346000 rw-p 00000000 00:00 0                          [stack:29895]
7fda34346000-7fda34347000 ---p 00000000 00:00 0 
7fda34347000-7fda34447000 rw-p 00000000 00:00 0                          [stack:29894]
7fda34447000-7fda34448000 ---p 00000000 00:00 0 
7fda34448000-7fda34548000 rw-p 00000000 00:00 0                          [stack:29893]
7fda34548000-7fda34549000 ---p 00000000 00:00 0 
7fda34549000-7fda34649000 rw-p 00000000 00:00 0                          [stack:29892]
7fda34649000-7fda3464a000 ---p 00000000 00:00 0 
7fda3464a000-7fda3474a000 rw-p 00000000 00:00 0                          [stack:29891]
7fda3474a000-7fda3474b000 ---p 00000000 00:00 0 
7fda3474b000-7fda3484b000 rw-p 00000000 00:00 0                          [stack:29890]
7fda3484b000-7fda3484c000 ---p 00000000 00:00 0 
7fda3484c000-7fda3494c000 rw-p 00000000 00:00 0                          [stack:29889]
7fda3494c000-7fda3494d000 ---p 00000000 00:00 0 
7fda3494d000-7fda34a6f000 rw-p 00000000 00:00 0                          [stack:29888]
7fda34a6f000-7fda34ba3000 rw-p 00000000 00:00 0 
7fda34ba3000-7fda34bae000 rw-p 00000000 00:00 0 
7fda34bae000-7fda34bf6000 rw-p 00000000 00:00 0 
7fda34bf6000-7fda34c18000 rw-p 00000000 00:00 0 
7fda34c18000-7fda34d4b000 rw-p 00000000 00:00 0 
7fda34d4b000-7fda34dce000 rw-p 00000000 00:00 0 
7fda34dce000-7fda34df6000 rw-p 00000000 00:00 0 
7fda34df6000-7fda34df7000 rw-p 00000000 00:00 0 
7fda34df7000-7fda35067000 rwxp 00000000 00:00 0 
7fda35067000-7fda37df7000 rw-p 00000000 00:00 0 
7fda37df7000-7fda37dff000 r-xp 00000000 08:01 2896658                    /usr/lib/jvm/java-7-openjdk-amd64/jre/lib/amd64/libzip.so
7fda37dff000-7fda37ffe000 ---p 00008000 08:01 2896658                    /usr/lib/jvm/java-7-openjdk-amd64/jre/lib/amd64/libzip.so
7fda37ffe000-7fda37fff000 r--p 00007000 08:01 2896658                    /usr/lib/jvm/java-7-openjdk-amd64/jre/lib/amd64/libzip.so
7fda37fff000-7fda38000000 rw-p 00008000 08:01 2896658                    /usr/lib/jvm/java-7-openjdk-amd64/jre/lib/amd64/libzip.so
7fda38000000-7fda382a2000 rw-p 00000000 00:00 0 
7fda382a2000-7fda3c000000 ---p 00000000 00:00 0 
7fda3c001000-7fda3c006000 r--s 0004d000 08:01 2896697                    /usr/lib/jvm/java-7-openjdk-amd64/jre/lib/jsse.jar
7fda3c006000-7fda3c015000 r--s 000dd000 00:18 3280347                    /home/kev/Android/Sdk/build-tools/21.1.2/lib/dx.jar
7fda3c015000-7fda3c0a3000 rw-p 00000000 00:00 0 
7fda3c0a3000-7fda3c0eb000 rw-p 00000000 00:00 0 
7fda3c0eb000-7fda3c0f6000 r-xp 00000000 08:01 1314833                    /lib/x86_64-linux-gnu/libnss_files-2.19.so
7fda3c0f6000-7fda3c2f5000 ---p 0000b000 08:01 1314833                    /lib/x86_64-linux-gnu/libnss_files-2.19.so
7fda3c2f5000-7fda3c2f6000 r--p 0000a000 08:01 1314833                    /lib/x86_64-linux-gnu/libnss_files-2.19.so
7fda3c2f6000-7fda3c2f7000 rw-p 0000b000 08:01 1314833                    /lib/x86_64-linux-gnu/libnss_files-2.19.so
7fda3c2f7000-7fda3c302000 r-xp 00000000 08:01 1314967                    /lib/x86_64-linux-gnu/libnss_nis-2.19.so
7fda3c302000-7fda3c501000 ---p 0000b000 08:01 1314967                    /lib/x86_64-linux-gnu/libnss_nis-2.19.so
7fda3c501000-7fda3c502000 r--p 0000a000 08:01 1314967                    /lib/x86_64-linux-gnu/libnss_nis-2.19.so
7fda3c502000-7fda3c503000 rw-p 0000b000 08:01 1314967                    /lib/x86_64-linux-gnu/libnss_nis-2.19.so
7fda3c503000-7fda3c51a000 r-xp 00000000 08:01 1314868                    /lib/x86_64-linux-gnu/libnsl-2.19.so
7fda3c51a000-7fda3c719000 ---p 00017000 08:01 1314868                    /lib/x86_64-linux-gnu/libnsl-2.19.so
7fda3c719000-7fda3c71a000 r--p 00016000 08:01 1314868                    /lib/x86_64-linux-gnu/libnsl-2.19.so
7fda3c71a000-7fda3c71b000 rw-p 00017000 08:01 1314868                    /lib/x86_64-linux-gnu/libnsl-2.19.so
7fda3c71b000-7fda3c71d000 rw-p 00000000 00:00 0 
7fda3c71d000-7fda3c726000 r-xp 00000000 08:01 1314859                    /lib/x86_64-linux-gnu/libnss_compat-2.19.so
7fda3c726000-7fda3c925000 ---p 00009000 08:01 1314859                    /lib/x86_64-linux-gnu/libnss_compat-2.19.so
7fda3c925000-7fda3c926000 r--p 00008000 08:01 1314859                    /lib/x86_64-linux-gnu/libnss_compat-2.19.so
7fda3c926000-7fda3c927000 rw-p 00009000 08:01 1314859                    /lib/x86_64-linux-gnu/libnss_compat-2.19.so
7fda3c927000-7fda3c952000 r-xp 00000000 08:01 2896674                    /usr/lib/jvm/java-7-openjdk-amd64/jre/lib/amd64/libjava.so
7fda3c952000-7fda3cb52000 ---p 0002b000 08:01 2896674                    /usr/lib/jvm/java-7-openjdk-amd64/jre/lib/amd64/libjava.so
7fda3cb52000-7fda3cb53000 r--p 0002b000 08:01 2896674                    /usr/lib/jvm/java-7-openjdk-amd64/jre/lib/amd64/libjava.so
7fda3cb53000-7fda3cb55000 rw-p 0002c000 08:01 2896674                    /usr/lib/jvm/java-7-openjdk-amd64/jre/lib/amd64/libjava.so
7fda3cb55000-7fda3cb65000 r-xp 00000000 08:01 2896671                    /usr/lib/jvm/java-7-openjdk-amd64/jre/lib/amd64/libverify.so
7fda3cb65000-7fda3cd64000 ---p 00010000 08:01 2896671                    /usr/lib/jvm/java-7-openjdk-amd64/jre/lib/amd64/libverify.so
7fda3cd64000-7fda3cd66000 r--p 0000f000 08:01 2896671                    /usr/lib/jvm/java-7-openjdk-amd64/jre/lib/amd64/libverify.so
7fda3cd66000-7fda3cd67000 rw-p 00011000 08:01 2896671                    /usr/lib/jvm/java-7-openjdk-amd64/jre/lib/amd64/libverify.so
7fda3cd67000-7fda3cd6e000 r-xp 00000000 08:01 1314916                    /lib/x86_64-linux-gnu/librt-2.19.so
7fda3cd6e000-7fda3cf6d000 ---p 00007000 08:01 1314916                    /lib/x86_64-linux-gnu/librt-2.19.so
7fda3cf6d000-7fda3cf6e000 r--p 00006000 08:01 1314916                    /lib/x86_64-linux-gnu/librt-2.19.so
7fda3cf6e000-7fda3cf6f000 rw-p 00007000 08:01 1314916                    /lib/x86_64-linux-gnu/librt-2.19.so
7fda3cf6f000-7fda3cf85000 r-xp 00000000 08:01 1314818                    /lib/x86_64-linux-gnu/libgcc_s.so.1
7fda3cf85000-7fda3d184000 ---p 00016000 08:01 1314818                    /lib/x86_64-linux-gnu/libgcc_s.so.1
7fda3d184000-7fda3d185000 rw-p 00015000 08:01 1314818                    /lib/x86_64-linux-gnu/libgcc_s.so.1
7fda3d185000-7fda3d28a000 r-xp 00000000 08:01 1314817                    /lib/x86_64-linux-gnu/libm-2.19.so
7fda3d28a000-7fda3d489000 ---p 00105000 08:01 1314817                    /lib/x86_64-linux-gnu/libm-2.19.so
7fda3d489000-7fda3d48a000 r--p 00104000 08:01 1314817                    /lib/x86_64-linux-gnu/libm-2.19.so
7fda3d48a000-7fda3d48b000 rw-p 00105000 08:01 1314817                    /lib/x86_64-linux-gnu/libm-2.19.so
7fda3d48b000-7fda3d571000 r-xp 00000000 08:01 2631701                    /usr/lib/x86_64-linux-gnu/libstdc++.so.6.0.19
7fda3d571000-7fda3d770000 ---p 000e6000 08:01 2631701                    /usr/lib/x86_64-linux-gnu/libstdc++.so.6.0.19
7fda3d770000-7fda3d778000 r--p 000e5000 08:01 2631701                    /usr/lib/x86_64-linux-gnu/libstdc++.so.6.0.19
7fda3d778000-7fda3d77a000 rw-p 000ed000 08:01 2631701                    /usr/lib/x86_64-linux-gnu/libstdc++.so.6.0.19
7fda3d77a000-7fda3d78f000 rw-p 00000000 00:00 0 
7fda3d78f000-7fda3e2a7000 r-xp 00000000 08:01 2896679                    /usr/lib/jvm/java-7-openjdk-amd64/jre/lib/amd64/server/libjvm.so
7fda3e2a7000-7fda3e4a7000 ---p 00b18000 08:01 2896679                    /usr/lib/jvm/java-7-openjdk-amd64/jre/lib/amd64/server/libjvm.so
7fda3e4a7000-7fda3e541000 r--p 00b18000 08:01 2896679                    /usr/lib/jvm/java-7-openjdk-amd64/jre/lib/amd64/server/libjvm.so
7fda3e541000-7fda3e564000 rw-p 00bb2000 08:01 2896679                    /usr/lib/jvm/java-7-openjdk-amd64/jre/lib/amd64/server/libjvm.so
7fda3e564000-7fda3e592000 rw-p 00000000 00:00 0 
7fda3e592000-7fda3e5aa000 r-xp 00000000 08:01 1315004                    /lib/x86_64-linux-gnu/libz.so.1.2.8
7fda3e5aa000-7fda3e7a9000 ---p 00018000 08:01 1315004                    /lib/x86_64-linux-gnu/libz.so.1.2.8
7fda3e7a9000-7fda3e7aa000 r--p 00017000 08:01 1315004                    /lib/x86_64-linux-gnu/libz.so.1.2.8
7fda3e7aa000-7fda3e7ab000 rw-p 00018000 08:01 1315004                    /lib/x86_64-linux-gnu/libz.so.1.2.8
7fda3e7ab000-7fda3e7c4000 r-xp 00000000 08:01 1314912                    /lib/x86_64-linux-gnu/libpthread-2.19.so
7fda3e7c4000-7fda3e9c3000 ---p 00019000 08:01 1314912                    /lib/x86_64-linux-gnu/libpthread-2.19.so
7fda3e9c3000-7fda3e9c4000 r--p 00018000 08:01 1314912                    /lib/x86_64-linux-gnu/libpthread-2.19.so
7fda3e9c4000-7fda3e9c5000 rw-p 00019000 08:01 1314912                    /lib/x86_64-linux-gnu/libpthread-2.19.so
7fda3e9c5000-7fda3e9c9000 rw-p 00000000 00:00 0 
7fda3e9c9000-7fda3e9cc000 r-xp 00000000 08:01 1314851                    /lib/x86_64-linux-gnu/libdl-2.19.so
7fda3e9cc000-7fda3ebcb000 ---p 00003000 08:01 1314851                    /lib/x86_64-linux-gnu/libdl-2.19.so
7fda3ebcb000-7fda3ebcc000 r--p 00002000 08:01 1314851                    /lib/x86_64-linux-gnu/libdl-2.19.so
7fda3ebcc000-7fda3ebcd000 rw-p 00003000 08:01 1314851                    /lib/x86_64-linux-gnu/libdl-2.19.so
7fda3ebcd000-7fda3ed88000 r-xp 00000000 08:01 1314910                    /lib/x86_64-linux-gnu/libc-2.19.so
7fda3ed88000-7fda3ef87000 ---p 001bb000 08:01 1314910                    /lib/x86_64-linux-gnu/libc-2.19.so
7fda3ef87000-7fda3ef8b000 r--p 001ba000 08:01 1314910                    /lib/x86_64-linux-gnu/libc-2.19.so
7fda3ef8b000-7fda3ef8d000 rw-p 001be000 08:01 1314910                    /lib/x86_64-linux-gnu/libc-2.19.so
7fda3ef8d000-7fda3ef92000 rw-p 00000000 00:00 0 
7fda3ef92000-7fda3ef9f000 r-xp 00000000 08:01 2896650                    /usr/lib/jvm/java-7-openjdk-amd64/jre/lib/amd64/jli/libjli.so
7fda3ef9f000-7fda3f19e000 ---p 0000d000 08:01 2896650                    /usr/lib/jvm/java-7-openjdk-amd64/jre/lib/amd64/jli/libjli.so
7fda3f19e000-7fda3f19f000 r--p 0000c000 08:01 2896650                    /usr/lib/jvm/java-7-openjdk-amd64/jre/lib/amd64/jli/libjli.so
7fda3f19f000-7fda3f1a0000 rw-p 0000d000 08:01 2896650                    /usr/lib/jvm/java-7-openjdk-amd64/jre/lib/amd64/jli/libjli.so
7fda3f1a0000-7fda3f1c3000 r-xp 00000000 08:01 1314872                    /lib/x86_64-linux-gnu/ld-2.19.so
7fda3f1c4000-7fda3f1c5000 rw-p 00000000 00:00 0 
7fda3f1c5000-7fda3f1c7000 r--s 00006000 08:01 3031457                    /usr/share/java/java-atk-wrapper.jar
7fda3f1c7000-7fda3f1e9000 rw-p 00000000 00:00 0 
7fda3f1e9000-7fda3f29f000 rw-p 00000000 00:00 0 
7fda3f29f000-7fda3f2a2000 ---p 00000000 00:00 0 
7fda3f2a2000-7fda3f3a5000 rw-p 00000000 00:00 0                          [stack:29887]
7fda3f3a5000-7fda3f3a7000 r--s 00012000 08:01 2896689                    /usr/lib/jvm/java-7-openjdk-amd64/jre/lib/ext/zipfs.jar
7fda3f3a7000-7fda3f3aa000 r--s 0000f000 08:01 2896684                    /usr/lib/jvm/java-7-openjdk-amd64/jre/lib/ext/icedtea-sound.jar
7fda3f3aa000-7fda3f3ad000 r--s 00086000 08:01 2896687                    /usr/lib/jvm/java-7-openjdk-amd64/jre/lib/ext/localedata.jar
7fda3f3ad000-7fda3f3b1000 r--s 00034000 08:01 2896688                    /usr/lib/jvm/java-7-openjdk-amd64/jre/lib/ext/sunjce_provider.jar
7fda3f3b1000-7fda3f3b5000 r--s 0003c000 08:01 2896686                    /usr/lib/jvm/java-7-openjdk-amd64/jre/lib/ext/sunpkcs11.jar
7fda3f3b5000-7fda3f3b6000 r--s 00002000 08:01 2896685                    /usr/lib/jvm/java-7-openjdk-amd64/jre/lib/ext/dnsns.jar
7fda3f3b6000-7fda3f3be000 rw-s 00000000 08:01 665791                     /tmp/hsperfdata_kev/29882
7fda3f3be000-7fda3f3bf000 rw-p 00000000 00:00 0 
7fda3f3bf000-7fda3f3c0000 ---p 00000000 00:00 0 
7fda3f3c0000-7fda3f3c2000 rw-p 00000000 00:00 0 
7fda3f3c2000-7fda3f3c3000 r--p 00022000 08:01 1314872                    /lib/x86_64-linux-gnu/ld-2.19.so
7fda3f3c3000-7fda3f3c4000 rw-p 00023000 08:01 1314872                    /lib/x86_64-linux-gnu/ld-2.19.so
7fda3f3c4000-7fda3f3c5000 rw-p 00000000 00:00 0 
7ffe67499000-7ffe674bb000 rw-p 00000000 00:00 0                          [stack]
7ffe67536000-7ffe67538000 r-xp 00000000 00:00 0                          [vdso]
ffffffffff600000-ffffffffff601000 r-xp 00000000 00:00 0                  [vsyscall]

VM Arguments:
jvm_args: -Xmx1024M -Dfile.encoding=UTF-8 -Duser.country=US -Duser.language=en -Duser.variant 
java_command: com.android.dx.command.Main --dex --output /home/kev/AndroidStudioProjects/PriceCloud/app/build/intermediates/dex/debug /home/kev/AndroidStudioProjects/PriceCloud/app/build/intermediates/classes/debug /home/kev/AndroidStudioProjects/PriceCloud/app/build/intermediates/pre-dexed/debug/support-annotations-22.2.0-47529ac724c557d0a5590715bd59ee03eb3d089e.jar /home/kev/AndroidStudioProjects/PriceCloud/app/build/intermediates/pre-dexed/debug/classes-6f53929c59bddb41dc47672ba172f2df13a695dd.jar /home/kev/AndroidStudioProjects/PriceCloud/app/build/intermediates/pre-dexed/debug/classes-6c442f0d9abde040e40e674a19105e4ae643f1e7.jar /home/kev/AndroidStudioProjects/PriceCloud/app/build/intermediates/pre-dexed/debug/classes-b3a574ae2360b2a35a5374027e790e371b6ba833.jar /home/kev/AndroidStudioProjects/PriceCloud/app/build/intermediates/pre-dexed/debug/internal_impl-22.0.0-3f4198c2b9de9c2f236882d5e4e7e5679e500b10.jar /home/kev/AndroidStudioProjects/PriceCloud/app/build/intermediates/pre-dexed/debug/classes-dd00e13e55427572cc98c88a2e708f811418805a.jar /home/kev/AndroidStudioProjects/PriceCloud/app/build/intermediates/pre-dexed/debug/classes-d373bc7eea05044a443c67937e68c3f848c4a891.jar /home/kev/AndroidStudioProjects/PriceCloud/app/build/intermediates/pre-dexed/debug/classes-737b2b747426fb2693012b7faeb38377e52de754.jar /home/kev/AndroidStudioProjects/PriceCloud/app/build/intermediates/pre-dexed/debug/classes-d5aee46fe9fc2fb9ef2d81b7ee3664f00d0edd40.jar /home/kev/AndroidStudioProjects/PriceCloud/app/build/intermediates/pre-dexed/debug/classes-879217c8ec485c1bd328a5b15ebb0d37f78439f6.jar /home/kev/AndroidStudioProjects/PriceCloud/app/build/intermediates/pre-dexed/debug/classes-617b36adb7422716a4e963e770bb49ae6af34efb.jar /home/kev/AndroidStudioProjects/PriceCloud/app/build/intermediates/pre-dexed/debug/classes-dc52b2be9a1451ca03381177a20199fb00f762f3.jar /home/kev/AndroidStudioProjects/PriceCloud/app/build/intermediates/pre-dexed/debug/classes-da4488b3c869e3b39ecca7d99513
Launcher Type: SUN_STANDARD

Environment Variables:
PATH=/usr/local/sbin:/usr/local/bin:/usr/sbin:/usr/bin:/sbin:/bin:/usr/games:/usr/local/games:~/.composer/vendor/bin
LD_LIBRARY_PATH=.:
SHELL=/bin/bash
DISPLAY=:0

Signal Handlers:
SIGSEGV: [libjvm.so+0x94b9a0], sa_mask[0]=0x7ffbfeff, sa_flags=0x10000004
SIGBUS: [libjvm.so+0x94b9a0], sa_mask[0]=0x7ffbfeff, sa_flags=0x10000004
SIGFPE: [libjvm.so+0x7c3880], sa_mask[0]=0x7ffbfeff, sa_flags=0x10000004
SIGPIPE: [libjvm.so+0x7c3880], sa_mask[0]=0x7ffbfeff, sa_flags=0x10000004
SIGXFSZ: [libjvm.so+0x7c3880], sa_mask[0]=0x7ffbfeff, sa_flags=0x10000004
SIGILL: [libjvm.so+0x7c3880], sa_mask[0]=0x7ffbfeff, sa_flags=0x10000004
SIGUSR1: SIG_DFL, sa_mask[0]=0x00000000, sa_flags=0x00000000
SIGUSR2: [libjvm.so+0x7c3720], sa_mask[0]=0x00000004, sa_flags=0x10000004
SIGHUP: [libjvm.so+0x7c3900], sa_mask[0]=0x7ffbfeff, sa_flags=0x10000004
SIGINT: [libjvm.so+0x7c3900], sa_mask[0]=0x7ffbfeff, sa_flags=0x10000004
SIGTERM: [libjvm.so+0x7c3900], sa_mask[0]=0x7ffbfeff, sa_flags=0x10000004
SIGQUIT: [libjvm.so+0x7c3900], sa_mask[0]=0x7ffbfeff, sa_flags=0x10000004
SIGTRAP: SIG_DFL, sa_mask[0]=0x00000000, sa_flags=0x00000000


---------------  S Y S T E M  ---------------

OS:Ubuntu 14.04 (trusty)
uname:Linux 3.13.0-54-generic #91-Ubuntu SMP Tue May 26 19:15:08 UTC 2015 x86_64
libc:glibc 2.19 NPTL 2.19 
rlimit: STACK 8192k, CORE 0k, NPROC 28866, NOFILE 4096, AS infinity
load average:2,04 2,02 1,77

/proc/meminfo:
MemTotal:        3724688 kB
MemFree:          101944 kB
Buffers:             552 kB
Cached:           433540 kB
SwapCached:        13316 kB
Active:          2297812 kB
Inactive:         710840 kB
Active(anon):    2297104 kB
Inactive(anon):   697256 kB
Active(file):        708 kB
Inactive(file):    13584 kB
Unevictable:          32 kB
Mlocked:              32 kB
SwapTotal:        488276 kB
SwapFree:              0 kB
Dirty:                40 kB
Writeback:             0 kB
AnonPages:       2562132 kB
Mapped:           515396 kB
Shmem:            418856 kB
Slab:              88556 kB
SReclaimable:      33136 kB
SUnreclaim:        55420 kB
KernelStack:        5912 kB
PageTables:        40812 kB
NFS_Unstable:          0 kB
Bounce:                0 kB
WritebackTmp:          0 kB
CommitLimit:     2350620 kB
Committed_AS:    8268028 kB
VmallocTotal:   34359738367 kB
VmallocUsed:      350676 kB
VmallocChunk:   34359332000 kB
HardwareCorrupted:     0 kB
AnonHugePages:    342016 kB
HugePages_Total:       0
HugePages_Free:        0
HugePages_Rsvd:        0
HugePages_Surp:        0
Hugepagesize:       2048 kB
DirectMap4k:      141952 kB
DirectMap2M:     3725312 kB
DirectMap1G:           0 kB


CPU:total 8 (4 cores per cpu, 2 threads per core) family 6 model 60 stepping 3, cmov, cx8, fxsr, mmx, sse, sse2, sse3, ssse3, sse4.1, sse4.2, popcnt, avx, avx2, aes, erms, ht, tsc, tscinvbit

/proc/cpuinfo:
processor	: 0
vendor_id	: GenuineIntel
cpu family	: 6
model		: 60
model name	: Intel(R) Core(TM) i7-4771 CPU @ 3.50GHz
stepping	: 3
microcode	: 0x9
cpu MHz		: 3501.000
cache size	: 8192 KB
physical id	: 0
siblings	: 8
core id		: 0
cpu cores	: 4
apicid		: 0
initial apicid	: 0
fpu		: yes
fpu_exception	: yes
cpuid level	: 13
wp		: yes
flags		: fpu vme de pse tsc msr pae mce cx8 apic sep mtrr pge mca cmov pat pse36 clflush dts acpi mmx fxsr sse sse2 ss ht tm pbe syscall nx pdpe1gb rdtscp lm constant_tsc arch_perfmon pebs bts rep_good nopl xtopology nonstop_tsc aperfmperf eagerfpu pni pclmulqdq dtes64 monitor ds_cpl vmx smx est tm2 ssse3 fma cx16 xtpr pdcm pcid sse4_1 sse4_2 x2apic movbe popcnt tsc_deadline_timer aes xsave avx f16c rdrand lahf_lm abm ida arat epb xsaveopt pln pts dtherm tpr_shadow vnmi flexpriority ept vpid fsgsbase tsc_adjust bmi1 hle avx2 smep bmi2 erms invpcid rtm
bogomips	: 6995.80
clflush size	: 64
cache_alignment	: 64
address sizes	: 39 bits physical, 48 bits virtual
power management:

processor	: 1
vendor_id	: GenuineIntel
cpu family	: 6
model		: 60
model name	: Intel(R) Core(TM) i7-4771 CPU @ 3.50GHz
stepping	: 3
microcode	: 0x9
cpu MHz		: 3300.000
cache size	: 8192 KB
physical id	: 0
siblings	: 8
core id		: 1
cpu cores	: 4
apicid		: 2
initial apicid	: 2
fpu		: yes
fpu_exception	: yes
cpuid level	: 13
wp		: yes
flags		: fpu vme de pse tsc msr pae mce cx8 apic sep mtrr pge mca cmov pat pse36 clflush dts acpi mmx fxsr sse sse2 ss ht tm pbe syscall nx pdpe1gb rdtscp lm constant_tsc arch_perfmon pebs bts rep_good nopl xtopology nonstop_tsc aperfmperf eagerfpu pni pclmulqdq dtes64 monitor ds_cpl vmx smx est tm2 ssse3 fma cx16 xtpr pdcm pcid sse4_1 sse4_2 x2apic movbe popcnt tsc_deadline_timer aes xsave avx f16c rdrand lahf_lm abm ida arat epb xsaveopt pln pts dtherm tpr_shadow vnmi flexpriority ept vpid fsgsbase tsc_adjust bmi1 hle avx2 smep bmi2 erms invpcid rtm
bogomips	: 6995.80
clflush size	: 64
cache_alignment	: 64
address sizes	: 39 bits physical, 48 bits virtual
power management:

processor	: 2
vendor_id	: GenuineIntel
cpu family	: 6
model		: 60
model name	: Intel(R) Core(TM) i7-4771 CPU @ 3.50GHz
stepping	: 3
microcode	: 0x9
cpu MHz		: 3100.000
cache size	: 8192 KB
physical id	: 0
siblings	: 8
core id		: 2
cpu cores	: 4
apicid		: 4
initial apicid	: 4
fpu		: yes
fpu_exception	: yes
cpuid level	: 13
wp		: yes
flags		: fpu vme de pse tsc msr pae mce cx8 apic sep mtrr pge mca cmov pat pse36 clflush dts acpi mmx fxsr sse sse2 ss ht tm pbe syscall nx pdpe1gb rdtscp lm constant_tsc arch_perfmon pebs bts rep_good nopl xtopology nonstop_tsc aperfmperf eagerfpu pni pclmulqdq dtes64 monitor ds_cpl vmx smx est tm2 ssse3 fma cx16 xtpr pdcm pcid sse4_1 sse4_2 x2apic movbe popcnt tsc_deadline_timer aes xsave avx f16c rdrand lahf_lm abm ida arat epb xsaveopt pln pts dtherm tpr_shadow vnmi flexpriority ept vpid fsgsbase tsc_adjust bmi1 hle avx2 smep bmi2 erms invpcid rtm
bogomips	: 6995.80
clflush size	: 64
cache_alignment	: 64
address sizes	: 39 bits physical, 48 bits virtual
power management:

processor	: 3
vendor_id	: GenuineIntel
cpu family	: 6
model		: 60
model name	: Intel(R) Core(TM) i7-4771 CPU @ 3.50GHz
stepping	: 3
microcode	: 0x9
cpu MHz		: 3501.000
cache size	: 8192 KB
physical id	: 0
siblings	: 8
core id		: 3
cpu cores	: 4
apicid		: 6
initial apicid	: 6
fpu		: yes
fpu_exception	: yes
cpuid level	: 13
wp		: yes
flags		: fpu vme de pse tsc msr pae mce cx8 apic sep mtrr pge mca cmov pat pse36 clflush dts acpi mmx fxsr sse sse2 ss ht tm pbe syscall nx pdpe1gb rdtscp lm constant_tsc arch_perfmon pebs bts rep_good nopl xtopology nonstop_tsc aperfmperf eagerfpu pni pclmulqdq dtes64 monitor ds_cpl vmx smx est tm2 ssse3 fma cx16 xtpr pdcm pcid sse4_1 sse4_2 x2apic movbe popcnt tsc_deadline_timer aes xsave avx f16c rdrand lahf_lm abm ida arat epb xsaveopt pln pts dtherm tpr_shadow vnmi flexpriority ept vpid fsgsbase tsc_adjust bmi1 hle avx2 smep bmi2 erms invpcid rtm
bogomips	: 6995.80
clflush size	: 64
cache_alignment	: 64
address sizes	: 39 bits physical, 48 bits virtual
power management:

processor	: 4
vendor_id	: GenuineIntel
cpu family	: 6
model		: 60
model name	: Intel(R) Core(TM) i7-4771 CPU @ 3.50GHz
stepping	: 3
microcode	: 0x9
cpu MHz		: 3100.000
cache size	: 8192 KB
physical id	: 0
siblings	: 8
core id		: 0
cpu cores	: 4
apicid		: 1
initial apicid	: 1
fpu		: yes
fpu_exception	: yes
cpuid level	: 13
wp		: yes
flags		: fpu vme de pse tsc msr pae mce cx8 apic sep mtrr pge mca cmov pat pse36 clflush dts acpi mmx fxsr sse sse2 ss ht tm pbe syscall nx pdpe1gb rdtscp lm constant_tsc arch_perfmon pebs bts rep_good nopl xtopology nonstop_tsc aperfmperf eagerfpu pni pclmulqdq dtes64 monitor ds_cpl vmx smx est tm2 ssse3 fma cx16 xtpr pdcm pcid sse4_1 sse4_2 x2apic movbe popcnt tsc_deadline_timer aes xsave avx f16c rdrand lahf_lm abm ida arat epb xsaveopt pln pts dtherm tpr_shadow vnmi flexpriority ept vpid fsgsbase tsc_adjust bmi1 hle avx2 smep bmi2 erms invpcid rtm
bogomips	: 6995.80
clflush size	: 64
cache_alignment	: 64
address sizes	: 39 bits physical, 48 bits virtual
power management:

processor	: 5
vendor_id	: GenuineIntel
cpu family	: 6
model		: 60
model name	: Intel(R) Core(TM) i7-4771 CPU @ 3.50GHz
stepping	: 3
microcode	: 0x9
cpu MHz		: 800.000
cache size	: 8192 KB
physical id	: 0
siblings	: 8
core id		: 1
cpu cores	: 4
apicid		: 3
initial apicid	: 3
fpu		: yes
fpu_exception	: yes
cpuid level	: 13
wp		: yes
flags		: fpu vme de pse tsc msr pae mce cx8 apic sep mtrr pge mca cmov pat pse36 clflush dts acpi mmx fxsr sse sse2 ss ht tm pbe syscall nx pdpe1gb rdtscp lm constant_tsc arch_perfmon pebs bts rep_good nopl xtopology nonstop_tsc aperfmperf eagerfpu pni pclmulqdq dtes64 monitor ds_cpl vmx smx est tm2 ssse3 fma cx16 xtpr pdcm pcid sse4_1 sse4_2 x2apic movbe popcnt tsc_deadline_timer aes xsave avx f16c rdrand lahf_lm abm ida arat epb xsaveopt pln pts dtherm tpr_shadow vnmi flexpriority ept vpid fsgsbase tsc_adjust bmi1 hle avx2 smep bmi2 erms invpcid rtm
bogomips	: 6995.80
clflush size	: 64
cache_alignment	: 64
address sizes	: 39 bits physical, 48 bits virtual
power management:

processor	: 6
vendor_id	: GenuineIntel
cpu family	: 6
model		: 60
model name	: Intel(R) Core(TM) i7-4771 CPU @ 3.50GHz
stepping	: 3
microcode	: 0x9
cpu MHz		: 2300.000
cache size	: 8192 KB
physical id	: 0
siblings	: 8
core id		: 2
cpu cores	: 4
apicid		: 5
initial apicid	: 5
fpu		: yes
fpu_exception	: yes
cpuid level	: 13
wp		: yes
flags		: fpu vme de pse tsc msr pae mce cx8 apic sep mtrr pge mca cmov pat pse36 clflush dts acpi mmx fxsr sse sse2 ss ht tm pbe syscall nx pdpe1gb rdtscp lm constant_tsc arch_perfmon pebs bts rep_good nopl xtopology nonstop_tsc aperfmperf eagerfpu pni pclmulqdq dtes64 monitor ds_cpl vmx smx est tm2 ssse3 fma cx16 xtpr pdcm pcid sse4_1 sse4_2 x2apic movbe popcnt tsc_deadline_timer aes xsave avx f16c rdrand lahf_lm abm ida arat epb xsaveopt pln pts dtherm tpr_shadow vnmi flexpriority ept vpid fsgsbase tsc_adjust bmi1 hle avx2 smep bmi2 erms invpcid rtm
bogomips	: 6995.80
clflush size	: 64
cache_alignment	: 64
address sizes	: 39 bits physical, 48 bits virtual
power management:

processor	: 7
vendor_id	: GenuineIntel
cpu family	: 6
model		: 60
model name	: Intel(R) Core(TM) i7-4771 CPU @ 3.50GHz
stepping	: 3
microcode	: 0x9
cpu MHz		: 1200.000
cache size	: 8192 KB
physical id	: 0
siblings	: 8
core id		: 3
cpu cores	: 4
apicid		: 7
initial apicid	: 7
fpu		: yes
fpu_exception	: yes
cpuid level	: 13
wp		: yes
flags		: fpu vme de pse tsc msr pae mce cx8 apic sep mtrr pge mca cmov pat pse36 clflush dts acpi mmx fxsr sse sse2 ss ht tm pbe syscall nx pdpe1gb rdtscp lm constant_tsc arch_perfmon pebs bts rep_good nopl xtopology nonstop_tsc aperfmperf eagerfpu pni pclmulqdq dtes64 monitor ds_cpl vmx smx est tm2 ssse3 fma cx16 xtpr pdcm pcid sse4_1 sse4_2 x2apic movbe popcnt tsc_deadline_timer aes xsave avx f16c rdrand lahf_lm abm ida arat epb xsaveopt pln pts dtherm tpr_shadow vnmi flexpriority ept vpid fsgsbase tsc_adjust bmi1 hle avx2 smep bmi2 erms invpcid rtm
bogomips	: 6995.80
clflush size	: 64
cache_alignment	: 64
address sizes	: 39 bits physical, 48 bits virtual
power management:



Memory: 4k page, physical 3724688k(101696k free), swap 488276k(0k free)

vm_info: OpenJDK 64-Bit Server VM (24.79-b02) for linux-amd64 JRE (1.7.0_79-b14), built on Apr 16 2015 08:21:58 by "buildd" with gcc 4.8.2

time: Thu Jun 18 00:42:33 2015
elapsed time: 3 seconds

