#
# There is insufficient memory for the Java Runtime Environment to continue.
# Native memory allocation (malloc) failed to allocate 32505856 bytes for committing reserved memory.
# Possible reasons:
#   The system is out of physical RAM or swap space
#   In 32 bit mode, the process size limit was hit
# Possible solutions:
#   Reduce memory load on the system
#   Increase physical memory or swap space
#   Check if swap backing store is full
#   Use 64 bit Java on a 64 bit OS
#   Decrease Java heap size (-Xmx/-Xms)
#   Decrease number of Java threads
#   Decrease Java thread stack sizes (-Xss)
#   Set larger code cache with -XX:ReservedCodeCacheSize=
# This output file may be truncated or incomplete.
#
#  Out of Memory Error (os_linux.cpp:2809), pid=5382, tid=140566497277696
#
# JRE version: OpenJDK Runtime Environment (7.0_79-b14) (build 1.7.0_79-b14)
# Java VM: OpenJDK 64-Bit Server VM (24.79-b02 mixed mode linux-amd64 compressed oops)
# Derivative: IcedTea 2.5.5
# Distribution: Ubuntu 14.04 LTS, package 7u79-2.5.5-0ubuntu0.14.04.2
# Failed to write core dump. Core dumps have been disabled. To enable core dumping, try "ulimit -c unlimited" before starting Java again
#

---------------  T H R E A D  ---------------

Current thread (0x00007fd84c080000):  VMThread [stack: 0x00007fd830133000,0x00007fd830234000] [id=5395]

Stack: [0x00007fd830133000,0x00007fd830234000],  sp=0x00007fd830232490,  free space=1021k
Native frames: (J=compiled Java code, j=interpreted, Vv=VM code, C=native code)
V  [libjvm.so+0x94aec5]  VMError::report_and_die()+0x175
V  [libjvm.so+0x48b9c4]  report_vm_out_of_memory(char const*, int, unsigned long, char const*)+0x74
V  [libjvm.so+0x7c806b]  os::pd_commit_memory(char*, unsigned long, unsigned long, bool)+0xeb
V  [libjvm.so+0x7c2b0f]  os::commit_memory(char*, unsigned long, unsigned long, bool)+0x1f
V  [libjvm.so+0x83500b]  PSVirtualSpace::expand_by(unsigned long)+0x5b
V  [libjvm.so+0x835e60]  PSYoungGen::resize_generation(unsigned long, unsigned long)+0xb0
V  [libjvm.so+0x83654b]  PSYoungGen::resize(unsigned long, unsigned long)+0x1b
V  [libjvm.so+0x832830]  PSScavenge::invoke_no_policy()+0xde0
V  [libjvm.so+0x833008]  PSScavenge::invoke()+0x38
V  [libjvm.so+0x7e96f3]  ParallelScavengeHeap::failed_mem_allocate(unsigned long)+0x63
V  [libjvm.so+0x94c8c4]  VM_ParallelGCFailedAllocation::doit()+0x84
V  [libjvm.so+0x950dc7]  VM_Operation::evaluate()+0x47
V  [libjvm.so+0x94f738]  VMThread::evaluate_operation(VM_Operation*)+0x318
V  [libjvm.so+0x94fb99]  VMThread::loop()+0x219
V  [libjvm.so+0x94ffe2]  VMThread::run()+0x72
V  [libjvm.so+0x7c4f32]  java_start(Thread*)+0xf2

VM_Operation (0x00007fd8539d7520): ParallelGCFailedAllocation, mode: safepoint, requested by thread 0x00007fd84c00c000


---------------  P R O C E S S  ---------------

Java Threads: ( => current thread )
  0x00007fd84c0b9800 JavaThread "Service Thread" daemon [_thread_blocked, id=5401, stack(0x00007fd82b419000,0x00007fd82b51a000)]
  0x00007fd84c0b7800 JavaThread "C2 CompilerThread1" daemon [_thread_blocked, id=5400, stack(0x00007fd82b51a000,0x00007fd82b61b000)]
  0x00007fd84c0b4800 JavaThread "C2 CompilerThread0" daemon [_thread_blocked, id=5399, stack(0x00007fd82b61b000,0x00007fd82b71c000)]
  0x00007fd84c0b2000 JavaThread "Signal Dispatcher" daemon [_thread_blocked, id=5398, stack(0x00007fd82b71c000,0x00007fd82b81d000)]
  0x00007fd84c086800 JavaThread "Finalizer" daemon [_thread_blocked, id=5397, stack(0x00007fd82beff000,0x00007fd82c000000)]
  0x00007fd84c084800 JavaThread "Reference Handler" daemon [_thread_blocked, id=5396, stack(0x00007fd830032000,0x00007fd830133000)]
  0x00007fd84c00c000 JavaThread "main" [_thread_blocked, id=5386, stack(0x00007fd8538d8000,0x00007fd8539d9000)]

Other Threads:
=>0x00007fd84c080000 VMThread [stack: 0x00007fd830133000,0x00007fd830234000] [id=5395]
  0x00007fd84c0c4800 WatcherThread [stack: 0x00007fd82b318000,0x00007fd82b419000] [id=5402]

VM state:at safepoint (normal execution)

VM Mutex/Monitor currently owned by a thread:  ([mutex/lock_event])
[0x00007fd84c008410] Threads_lock - owner thread: 0x00007fd84c080000
[0x00007fd84c008910] Heap_lock - owner thread: 0x00007fd84c00c000

Heap
 PSYoungGen      total 38400K, used 2718K [0x00000000eaa80000, 0x00000000ed780000, 0x0000000100000000)
  eden space 30720K, 0% used [0x00000000eaa80000,0x00000000eaa80000,0x00000000ec880000)
  from space 7680K, 35% used [0x00000000ec880000,0x00000000ecb27858,0x00000000ed000000)
  to   space 7680K, 0% used [0x00000000ed000000,0x00000000ed000000,0x00000000ed780000)
 ParOldGen       total 38400K, used 19868K [0x00000000c0000000, 0x00000000c2580000, 0x00000000eaa80000)
  object space 38400K, 51% used [0x00000000c0000000,0x00000000c13671f8,0x00000000c2580000)
 PSPermGen       total 21504K, used 7160K [0x00000000b5a00000, 0x00000000b6f00000, 0x00000000c0000000)
  object space 21504K, 33% used [0x00000000b5a00000,0x00000000b60fe188,0x00000000b6f00000)

Card table byte_map: [0x00007fd8502c7000,0x00007fd85051b000] byte_map_base: 0x00007fd84fd1a000

Polling page: 0x00007fd8539f8000

Code Cache  [0x00007fd849000000, 0x00007fd849270000, 0x00007fd84c000000)
 total_blobs=631 nmethods=382 adapters=202 free_code_cache=47758Kb largest_free_block=48847872

Compilation events (10 events):
Event: 97,553 Thread 0x00007fd84c0b7800 nmethod 385 0x00007fd84907b3d0 code [0x00007fd84907b560, 0x00007fd84907b8b8]
Event: 97,574 Thread 0x00007fd84c0b4800 nmethod 386 0x00007fd8490ad850 code [0x00007fd8490ad9a0, 0x00007fd8490adb38]
Event: 97,675 Thread 0x00007fd84c0b7800  387             com.android.dx.dex.file.DexFile::getStringIds (5 bytes)
Event: 97,689 Thread 0x00007fd84c0b4800  388             com.android.dx.util.ByteArrayAnnotatedOutput::ensureCapacity (39 bytes)
Event: 99,529 Thread 0x00007fd84c0b7800 nmethod 387 0x00007fd849086e10 code [0x00007fd849086f40, 0x00007fd849086f98]
Event: 99,647 Thread 0x00007fd84c0b7800  389             com.android.dx.util.ByteArrayAnnotatedOutput::writeByte (51 bytes)
Event: 114,081 Thread 0x00007fd84c0b4800 nmethod 388 0x00007fd84907fbd0 code [0x00007fd84907fd20, 0x00007fd84907ff98]
Event: 114,437 Thread 0x00007fd84c0b4800  390             com.android.dex.EncodedValueCodec::writeSignedIntegralValue (63 bytes)
Event: 128,641 Thread 0x00007fd84c0b7800 nmethod 389 0x00007fd84908fc50 code [0x00007fd84908fda0, 0x00007fd8490900c8]
Event: 128,684 Thread 0x00007fd84c0b7800  391             com.android.dex.Leb128::writeUnsignedLeb128 (46 bytes)

GC Heap History (10 events):
Event: 2,540 GC heap after
Heap after GC invocations=2 (full 0):
 PSYoungGen      total 17408K, used 2016K [0x00000000eaa80000, 0x00000000ebd80000, 0x0000000100000000)
  eden space 15360K, 0% used [0x00000000eaa80000,0x00000000eaa80000,0x00000000eb980000)
  from space 2048K, 98% used [0x00000000ebb80000,0x00000000ebd78018,0x00000000ebd80000)
  to   space 2048K, 0% used [0x00000000eb980000,0x00000000eb980000,0x00000000ebb80000)
 ParOldGen       total 38400K, used 5884K [0x00000000c0000000, 0x00000000c2580000, 0x00000000eaa80000)
  object space 38400K, 15% used [0x00000000c0000000,0x00000000c05bf098,0x00000000c2580000)
 PSPermGen       total 21504K, used 5225K [0x00000000b5a00000, 0x00000000b6f00000, 0x00000000c0000000)
  object space 21504K, 24% used [0x00000000b5a00000,0x00000000b5f1a470,0x00000000b6f00000)
}
Event: 14,124 GC heap before
{Heap before GC invocations=3 (full 0):
 PSYoungGen      total 17408K, used 17216K [0x00000000eaa80000, 0x00000000ebd80000, 0x0000000100000000)
  eden space 15360K, 98% used [0x00000000eaa80000,0x00000000eb958228,0x00000000eb980000)
  from space 2048K, 98% used [0x00000000ebb80000,0x00000000ebd78018,0x00000000ebd80000)
  to   space 2048K, 0% used [0x00000000eb980000,0x00000000eb980000,0x00000000ebb80000)
 ParOldGen       total 38400K, used 5884K [0x00000000c0000000, 0x00000000c2580000, 0x00000000eaa80000)
  object space 38400K, 15% used [0x00000000c0000000,0x00000000c05bf098,0x00000000c2580000)
 PSPermGen       total 21504K, used 5722K [0x00000000b5a00000, 0x00000000b6f00000, 0x00000000c0000000)
  object space 21504K, 26% used [0x00000000b5a00000,0x00000000b5f96a98,0x00000000b6f00000)
Event: 14,132 GC heap after
Heap after GC invocations=3 (full 0):
 PSYoungGen      total 17408K, used 2048K [0x00000000eaa80000, 0x00000000ebd80000, 0x0000000100000000)
  eden space 15360K, 0% used [0x00000000eaa80000,0x00000000eaa80000,0x00000000eb980000)
  from space 2048K, 100% used [0x00000000eb980000,0x00000000ebb80000,0x00000000ebb80000)
  to   space 2048K, 0% used [0x00000000ebb80000,0x00000000ebb80000,0x00000000ebd80000)
 ParOldGen       total 38400K, used 9558K [0x00000000c0000000, 0x00000000c2580000, 0x00000000eaa80000)
  object space 38400K, 24% used [0x00000000c0000000,0x00000000c0955b40,0x00000000c2580000)
 PSPermGen       total 21504K, used 5722K [0x00000000b5a00000, 0x00000000b6f00000, 0x00000000c0000000)
  object space 21504K, 26% used [0x00000000b5a00000,0x00000000b5f96a98,0x00000000b6f00000)
}
Event: 15,853 GC heap before
{Heap before GC invocations=4 (full 0):
 PSYoungGen      total 17408K, used 17106K [0x00000000eaa80000, 0x00000000ebd80000, 0x0000000100000000)
  eden space 15360K, 98% used [0x00000000eaa80000,0x00000000eb9348e0,0x00000000eb980000)
  from space 2048K, 100% used [0x00000000eb980000,0x00000000ebb80000,0x00000000ebb80000)
  to   space 2048K, 0% used [0x00000000ebb80000,0x00000000ebb80000,0x00000000ebd80000)
 ParOldGen       total 38400K, used 9558K [0x00000000c0000000, 0x00000000c2580000, 0x00000000eaa80000)
  object space 38400K, 24% used [0x00000000c0000000,0x00000000c0955b40,0x00000000c2580000)
 PSPermGen       total 21504K, used 5722K [0x00000000b5a00000, 0x00000000b6f00000, 0x00000000c0000000)
  object space 21504K, 26% used [0x00000000b5a00000,0x00000000b5f96ba0,0x00000000b6f00000)
Event: 16,096 GC heap after
Heap after GC invocations=4 (full 0):
 PSYoungGen      total 17408K, used 2033K [0x00000000eaa80000, 0x00000000ecc80000, 0x0000000100000000)
  eden space 15360K, 0% used [0x00000000eaa80000,0x00000000eaa80000,0x00000000eb980000)
  from space 2048K, 99% used [0x00000000ebb80000,0x00000000ebd7c6a8,0x00000000ebd80000)
  to   space 2048K, 0% used [0x00000000eb980000,0x00000000eb980000,0x00000000ebb80000)
 ParOldGen       total 38400K, used 14855K [0x00000000c0000000, 0x00000000c2580000, 0x00000000eaa80000)
  object space 38400K, 38% used [0x00000000c0000000,0x00000000c0e81eb8,0x00000000c2580000)
 PSPermGen       total 21504K, used 5722K [0x00000000b5a00000, 0x00000000b6f00000, 0x00000000c0000000)
  object space 21504K, 26% used [0x00000000b5a00000,0x00000000b5f96ba0,0x00000000b6f00000)
}
Event: 77,712 GC heap before
{Heap before GC invocations=5 (full 0):
 PSYoungGen      total 17408K, used 17367K [0x00000000eaa80000, 0x00000000ecc80000, 0x0000000100000000)
  eden space 15360K, 99% used [0x00000000eaa80000,0x00000000eb979680,0x00000000eb980000)
  from space 2048K, 99% used [0x00000000ebb80000,0x00000000ebd7c6a8,0x00000000ebd80000)
  to   space 2048K, 0% used [0x00000000eb980000,0x00000000eb980000,0x00000000ebb80000)
 ParOldGen       total 38400K, used 14855K [0x00000000c0000000, 0x00000000c2580000, 0x00000000eaa80000)
  object space 38400K, 38% used [0x00000000c0000000,0x00000000c0e81eb8,0x00000000c2580000)
 PSPermGen       total 21504K, used 7079K [0x00000000b5a00000, 0x00000000b6f00000, 0x00000000c0000000)
  object space 21504K, 32% used [0x00000000b5a00000,0x00000000b60e9f08,0x00000000b6f00000)
Event: 77,763 GC heap after
Heap after GC invocations=5 (full 0):
 PSYoungGen      total 17408K, used 2019K [0x00000000eaa80000, 0x00000000ed780000, 0x0000000100000000)
  eden space 15360K, 0% used [0x00000000eaa80000,0x00000000eaa80000,0x00000000eb980000)
  from space 2048K, 98% used [0x00000000eb980000,0x00000000ebb78f18,0x00000000ebb80000)
  to   space 7680K, 0% used [0x00000000ed000000,0x00000000ed000000,0x00000000ed780000)
 ParOldGen       total 38400K, used 18645K [0x00000000c0000000, 0x00000000c2580000, 0x00000000eaa80000)
  object space 38400K, 48% used [0x00000000c0000000,0x00000000c12356c0,0x00000000c2580000)
 PSPermGen       total 21504K, used 7079K [0x00000000b5a00000, 0x00000000b6f00000, 0x00000000c0000000)
  object space 21504K, 32% used [0x00000000b5a00000,0x00000000b60e9f08,0x00000000b6f00000)
}
Event: 82,528 GC heap before
{Heap before GC invocations=6 (full 0):
 PSYoungGen      total 17408K, used 17379K [0x00000000eaa80000, 0x00000000ed780000, 0x0000000100000000)
  eden space 15360K, 100% used [0x00000000eaa80000,0x00000000eb980000,0x00000000eb980000)
  from space 2048K, 98% used [0x00000000eb980000,0x00000000ebb78f18,0x00000000ebb80000)
  to   space 7680K, 0% used [0x00000000ed000000,0x00000000ed000000,0x00000000ed780000)
 ParOldGen       total 38400K, used 18645K [0x00000000c0000000, 0x00000000c2580000, 0x00000000eaa80000)
  object space 38400K, 48% used [0x00000000c0000000,0x00000000c12356c0,0x00000000c2580000)
 PSPermGen       total 21504K, used 7109K [0x00000000b5a00000, 0x00000000b6f00000, 0x00000000c0000000)
  object space 21504K, 33% used [0x00000000b5a00000,0x00000000b60f14e8,0x00000000b6f00000)
Event: 82,937 GC heap after
Heap after GC invocations=6 (full 0):
 PSYoungGen      total 38400K, used 5748K [0x00000000eaa80000, 0x00000000ed780000, 0x0000000100000000)
  eden space 30720K, 0% used [0x00000000eaa80000,0x00000000eaa80000,0x00000000ec880000)
  from space 7680K, 74% used [0x00000000ed000000,0x00000000ed59d058,0x00000000ed780000)
  to   space 7680K, 0% used [0x00000000ec880000,0x00000000ec880000,0x00000000ed000000)
 ParOldGen       total 38400K, used 18645K [0x00000000c0000000, 0x00000000c2580000, 0x00000000eaa80000)
  object space 38400K, 48% used [0x00000000c0000000,0x00000000c12356c0,0x00000000c2580000)
 PSPermGen       total 21504K, used 7109K [0x00000000b5a00000, 0x00000000b6f00000, 0x00000000c0000000)
  object space 21504K, 33% used [0x00000000b5a00000,0x00000000b60f14e8,0x00000000b6f00000)
}
Event: 128,955 GC heap before
{Heap before GC invocations=7 (full 0):
 PSYoungGen      total 38400K, used 35030K [0x00000000eaa80000, 0x00000000ed780000, 0x0000000100000000)
  eden space 30720K, 95% used [0x00000000eaa80000,0x00000000ec718ac8,0x00000000ec880000)
  from space 7680K, 74% used [0x00000000ed000000,0x00000000ed59d058,0x00000000ed780000)
  to   space 7680K, 0% used [0x00000000ec880000,0x00000000ec880000,0x00000000ed000000)
 ParOldGen       total 38400K, used 18645K [0x00000000c0000000, 0x00000000c2580000, 0x00000000eaa80000)
  object space 38400K, 48% used [0x00000000c0000000,0x00000000c12356c0,0x00000000c2580000)
 PSPermGen       total 21504K, used 7160K [0x00000000b5a00000, 0x00000000b6f00000, 0x00000000c0000000)
  object space 21504K, 33% used [0x00000000b5a00000,0x00000000b60fe188,0x00000000b6f00000)

Deoptimization events (10 events):
Event: 2,376 Thread 0x00007fd84c00c000 Uncommon trap: reason=class_check action=maybe_recompile pc=0x00007fd84909b964 method=com.android.dx.rop.type.Type.equals(Ljava/lang/Object;)Z @ 8
Event: 2,390 Thread 0x00007fd84c00c000 Uncommon trap: reason=class_check action=maybe_recompile pc=0x00007fd84909b964 method=com.android.dx.rop.type.Type.equals(Ljava/lang/Object;)Z @ 8
Event: 2,450 Thread 0x00007fd84c00c000 Uncommon trap: reason=null_check action=make_not_entrant pc=0x00007fd8490c6bd4 method=com.android.dx.rop.code.RegisterSpec.equals(Ljava/lang/Object;)Z @ 1
Event: 7,176 Thread 0x00007fd84c00c000 Uncommon trap: reason=class_check action=maybe_recompile pc=0x00007fd84909c21c method=java.util.HashMap.put(Ljava/lang/Object;Ljava/lang/Object;)Ljava/lang/Object; @ 137
Event: 53,349 Thread 0x00007fd84c00c000 Uncommon trap: reason=unreached action=reinterpret pc=0x00007fd8490d6c04 method=java.util.Arrays.copyOf([Ljava/lang/Object;ILjava/lang/Class;)[Ljava/lang/Object; @ 4
Event: 57,919 Thread 0x00007fd84c00c000 Uncommon trap: reason=class_check action=maybe_recompile pc=0x00007fd8491008e4 method=java.util.HashMap.<init>(IF)V @ 115
Event: 58,100 Thread 0x00007fd84c00c000 Uncommon trap: reason=class_check action=maybe_recompile pc=0x00007fd84909c21c method=java.util.HashMap.put(Ljava/lang/Object;Ljava/lang/Object;)Ljava/lang/Object; @ 137
Event: 58,294 Thread 0x00007fd84c00c000 Uncommon trap: reason=class_check action=maybe_recompile pc=0x00007fd84909c21c method=java.util.HashMap.put(Ljava/lang/Object;Ljava/lang/Object;)Ljava/lang/Object; @ 137
Event: 58,320 Thread 0x00007fd84c00c000 Uncommon trap: reason=class_check action=maybe_recompile pc=0x00007fd84909c21c method=java.util.HashMap.put(Ljava/lang/Object;Ljava/lang/Object;)Ljava/lang/Object; @ 137
Event: 58,563 Thread 0x00007fd84c00c000 Uncommon trap: reason=class_check action=maybe_recompile pc=0x00007fd8491008e4 method=java.util.HashMap.<init>(IF)V @ 115

Internal exceptions (10 events):
Event: 75,480 Thread 0x00007fd84c00c000 Threw 0x00000000eb52feb8 at /build/buildd/openjdk-7-7u79-2.5.5/build/openjdk/hotspot/src/share/vm/prims/jvm.cpp:1284
Event: 75,480 Thread 0x00007fd84c00c000 Threw 0x00000000eb5339b0 at /build/buildd/openjdk-7-7u79-2.5.5/build/openjdk/hotspot/src/share/vm/prims/jvm.cpp:1284
Event: 75,481 Thread 0x00007fd84c00c000 Threw 0x00000000eb537580 at /build/buildd/openjdk-7-7u79-2.5.5/build/openjdk/hotspot/src/share/vm/prims/jvm.cpp:1284
Event: 75,751 Thread 0x00007fd84c00c000 Threw 0x00000000eb53be28 at /build/buildd/openjdk-7-7u79-2.5.5/build/openjdk/hotspot/src/share/vm/prims/jvm.cpp:1284
Event: 75,769 Thread 0x00007fd84c00c000 Threw 0x00000000eb53fb48 at /build/buildd/openjdk-7-7u79-2.5.5/build/openjdk/hotspot/src/share/vm/prims/jvm.cpp:1284
Event: 75,774 Thread 0x00007fd84c00c000 Threw 0x00000000eb543810 at /build/buildd/openjdk-7-7u79-2.5.5/build/openjdk/hotspot/src/share/vm/prims/jvm.cpp:1284
Event: 75,777 Thread 0x00007fd84c00c000 Threw 0x00000000eb547248 at /build/buildd/openjdk-7-7u79-2.5.5/build/openjdk/hotspot/src/share/vm/prims/jvm.cpp:1284
Event: 75,806 Thread 0x00007fd84c00c000 Threw 0x00000000eb54ece0 at /build/buildd/openjdk-7-7u79-2.5.5/build/openjdk/hotspot/src/share/vm/prims/jvm.cpp:1284
Event: 75,807 Thread 0x00007fd84c00c000 Threw 0x00000000eb551848 at /build/buildd/openjdk-7-7u79-2.5.5/build/openjdk/hotspot/src/share/vm/prims/jvm.cpp:1284
Event: 90,272 Thread 0x00007fd84c00c000 Threw 0x00000000eb190080 at /build/buildd/openjdk-7-7u79-2.5.5/build/openjdk/hotspot/src/share/vm/prims/jvm.cpp:1284

Events (10 events):
Event: 82,490 Executing VM operation: ParallelGCFailedAllocation
Event: 83,013 Executing VM operation: ParallelGCFailedAllocation done
Event: 83,280 Thread 0x00007fd84c0b4800 flushing nmethod 0x00007fd84908eb90
Event: 83,280 Thread 0x00007fd84c0b4800 flushing nmethod 0x00007fd849091c90
Event: 85,521 loading class 0x00007fd84865cb90
Event: 85,692 loading class 0x00007fd84865cb90 done
Event: 86,105 Thread 0x00007fd84c0b4800 flushing nmethod 0x00007fd8490ad850
Event: 90,127 loading class 0x00007fd84c107870
Event: 90,138 loading class 0x00007fd84c107870 done
Event: 128,936 Executing VM operation: ParallelGCFailedAllocation


Dynamic libraries:
00400000-00401000 r-xp 00000000 08:01 2896608                            /usr/lib/jvm/java-7-openjdk-amd64/jre/bin/java
00600000-00601000 r--p 00000000 08:01 2896608                            /usr/lib/jvm/java-7-openjdk-amd64/jre/bin/java
00601000-00602000 rw-p 00001000 08:01 2896608                            /usr/lib/jvm/java-7-openjdk-amd64/jre/bin/java
00f38000-00f59000 rw-p 00000000 00:00 0                                  [heap]
b5a00000-b6f00000 rw-p 00000000 00:00 0 
b6f00000-c0000000 rw-p 00000000 00:00 0 
c0000000-c2580000 rw-p 00000000 00:00 0 
c2580000-eaa80000 rw-p 00000000 00:00 0 
eaa80000-ed780000 rw-p 00000000 00:00 0 
ef680000-100000000 rw-p 00000000 00:00 0 
7fd7fc000000-7fd7fc021000 rw-p 00000000 00:00 0 
7fd7fc021000-7fd800000000 ---p 00000000 00:00 0 
7fd804000000-7fd804ac3000 rw-p 00000000 00:00 0 
7fd804ac3000-7fd808000000 ---p 00000000 00:00 0 
7fd808000000-7fd808021000 rw-p 00000000 00:00 0 
7fd808021000-7fd80c000000 ---p 00000000 00:00 0 
7fd80c000000-7fd80c021000 rw-p 00000000 00:00 0 
7fd80c021000-7fd810000000 ---p 00000000 00:00 0 
7fd810000000-7fd810b3d000 rw-p 00000000 00:00 0 
7fd810b3d000-7fd814000000 ---p 00000000 00:00 0 
7fd814000000-7fd814021000 rw-p 00000000 00:00 0 
7fd814021000-7fd818000000 ---p 00000000 00:00 0 
7fd818000000-7fd818021000 rw-p 00000000 00:00 0 
7fd818021000-7fd81c000000 ---p 00000000 00:00 0 
7fd81c000000-7fd81c021000 rw-p 00000000 00:00 0 
7fd81c021000-7fd820000000 ---p 00000000 00:00 0 
7fd820000000-7fd8200e0000 rw-p 00000000 00:00 0 
7fd8200e0000-7fd824000000 ---p 00000000 00:00 0 
7fd824000000-7fd824021000 rw-p 00000000 00:00 0 
7fd824021000-7fd828000000 ---p 00000000 00:00 0 
7fd829a39000-7fd829b9a000 rw-p 00000000 00:00 0 
7fd829b9a000-7fd829bd7000 r-xp 00000000 08:01 1314944                    /lib/x86_64-linux-gnu/libpcre.so.3.13.1
7fd829bd7000-7fd829dd6000 ---p 0003d000 08:01 1314944                    /lib/x86_64-linux-gnu/libpcre.so.3.13.1
7fd829dd6000-7fd829dd7000 r--p 0003c000 08:01 1314944                    /lib/x86_64-linux-gnu/libpcre.so.3.13.1
7fd829dd7000-7fd829dd8000 rw-p 0003d000 08:01 1314944                    /lib/x86_64-linux-gnu/libpcre.so.3.13.1
7fd829dd8000-7fd829ddf000 r-xp 00000000 08:01 2631073                    /usr/lib/x86_64-linux-gnu/libffi.so.6.0.1
7fd829ddf000-7fd829fde000 ---p 00007000 08:01 2631073                    /usr/lib/x86_64-linux-gnu/libffi.so.6.0.1
7fd829fde000-7fd829fdf000 r--p 00006000 08:01 2631073                    /usr/lib/x86_64-linux-gnu/libffi.so.6.0.1
7fd829fdf000-7fd829fe0000 rw-p 00007000 08:01 2631073                    /usr/lib/x86_64-linux-gnu/libffi.so.6.0.1
7fd829fe0000-7fd829ff7000 r-xp 00000000 08:01 1314798                    /lib/x86_64-linux-gnu/libresolv-2.19.so
7fd829ff7000-7fd82a1f7000 ---p 00017000 08:01 1314798                    /lib/x86_64-linux-gnu/libresolv-2.19.so
7fd82a1f7000-7fd82a1f8000 r--p 00017000 08:01 1314798                    /lib/x86_64-linux-gnu/libresolv-2.19.so
7fd82a1f8000-7fd82a1f9000 rw-p 00018000 08:01 1314798                    /lib/x86_64-linux-gnu/libresolv-2.19.so
7fd82a1f9000-7fd82a1fb000 rw-p 00000000 00:00 0 
7fd82a1fb000-7fd82a21b000 r-xp 00000000 08:01 1314971                    /lib/x86_64-linux-gnu/libselinux.so.1
7fd82a21b000-7fd82a41a000 ---p 00020000 08:01 1314971                    /lib/x86_64-linux-gnu/libselinux.so.1
7fd82a41a000-7fd82a41b000 r--p 0001f000 08:01 1314971                    /lib/x86_64-linux-gnu/libselinux.so.1
7fd82a41b000-7fd82a41c000 rw-p 00020000 08:01 1314971                    /lib/x86_64-linux-gnu/libselinux.so.1
7fd82a41c000-7fd82a41e000 rw-p 00000000 00:00 0 
7fd82a41e000-7fd82a421000 r-xp 00000000 08:01 2621804                    /usr/lib/x86_64-linux-gnu/libgmodule-2.0.so.0.4002.0
7fd82a421000-7fd82a620000 ---p 00003000 08:01 2621804                    /usr/lib/x86_64-linux-gnu/libgmodule-2.0.so.0.4002.0
7fd82a620000-7fd82a621000 r--p 00002000 08:01 2621804                    /usr/lib/x86_64-linux-gnu/libgmodule-2.0.so.0.4002.0
7fd82a621000-7fd82a622000 rw-p 00003000 08:01 2621804                    /usr/lib/x86_64-linux-gnu/libgmodule-2.0.so.0.4002.0
7fd82a622000-7fd82a728000 r-xp 00000000 08:01 1314776                    /lib/x86_64-linux-gnu/libglib-2.0.so.0.4002.0
7fd82a728000-7fd82a927000 ---p 00106000 08:01 1314776                    /lib/x86_64-linux-gnu/libglib-2.0.so.0.4002.0
7fd82a927000-7fd82a928000 r--p 00105000 08:01 1314776                    /lib/x86_64-linux-gnu/libglib-2.0.so.0.4002.0
7fd82a928000-7fd82a929000 rw-p 00106000 08:01 1314776                    /lib/x86_64-linux-gnu/libglib-2.0.so.0.4002.0
7fd82a929000-7fd82a92a000 rw-p 00000000 00:00 0 
7fd82a92a000-7fd82a979000 r-xp 00000000 08:01 2621822                    /usr/lib/x86_64-linux-gnu/libgobject-2.0.so.0.4002.0
7fd82a979000-7fd82ab79000 ---p 0004f000 08:01 2621822                    /usr/lib/x86_64-linux-gnu/libgobject-2.0.so.0.4002.0
7fd82ab79000-7fd82ab7a000 r--p 0004f000 08:01 2621822                    /usr/lib/x86_64-linux-gnu/libgobject-2.0.so.0.4002.0
7fd82ab7a000-7fd82ab7b000 rw-p 00050000 08:01 2621822                    /usr/lib/x86_64-linux-gnu/libgobject-2.0.so.0.4002.0
7fd82ab7b000-7fd82ace7000 r-xp 00000000 08:01 2621826                    /usr/lib/x86_64-linux-gnu/libgio-2.0.so.0.4002.0
7fd82ace7000-7fd82aee6000 ---p 0016c000 08:01 2621826                    /usr/lib/x86_64-linux-gnu/libgio-2.0.so.0.4002.0
7fd82aee6000-7fd82aeea000 r--p 0016b000 08:01 2621826                    /usr/lib/x86_64-linux-gnu/libgio-2.0.so.0.4002.0
7fd82aeea000-7fd82aeec000 rw-p 0016f000 08:01 2621826                    /usr/lib/x86_64-linux-gnu/libgio-2.0.so.0.4002.0
7fd82aeec000-7fd82aeee000 rw-p 00000000 00:00 0 
7fd82aeee000-7fd82af05000 r-xp 00000000 08:01 2896675                    /usr/lib/jvm/java-7-openjdk-amd64/jre/lib/amd64/libnet.so
7fd82af05000-7fd82b104000 ---p 00017000 08:01 2896675                    /usr/lib/jvm/java-7-openjdk-amd64/jre/lib/amd64/libnet.so
7fd82b104000-7fd82b105000 r--p 00016000 08:01 2896675                    /usr/lib/jvm/java-7-openjdk-amd64/jre/lib/amd64/libnet.so
7fd82b105000-7fd82b106000 rw-p 00017000 08:01 2896675                    /usr/lib/jvm/java-7-openjdk-amd64/jre/lib/amd64/libnet.so
7fd82b106000-7fd82b116000 r-xp 00000000 08:01 2896662                    /usr/lib/jvm/java-7-openjdk-amd64/jre/lib/amd64/libnio.so
7fd82b116000-7fd82b316000 ---p 00010000 08:01 2896662                    /usr/lib/jvm/java-7-openjdk-amd64/jre/lib/amd64/libnio.so
7fd82b316000-7fd82b317000 r--p 00010000 08:01 2896662                    /usr/lib/jvm/java-7-openjdk-amd64/jre/lib/amd64/libnio.so
7fd82b317000-7fd82b318000 rw-p 00011000 08:01 2896662                    /usr/lib/jvm/java-7-openjdk-amd64/jre/lib/amd64/libnio.so
7fd82b318000-7fd82b319000 ---p 00000000 00:00 0 
7fd82b319000-7fd82b419000 rw-p 00000000 00:00 0                          [stack:5402]
7fd82b419000-7fd82b41c000 ---p 00000000 00:00 0 
7fd82b41c000-7fd82b51a000 rw-p 00000000 00:00 0                          [stack:5401]
7fd82b51a000-7fd82b51d000 ---p 00000000 00:00 0 
7fd82b51d000-7fd82b61b000 rw-p 00000000 00:00 0                          [stack:5400]
7fd82b61b000-7fd82b61e000 ---p 00000000 00:00 0 
7fd82b61e000-7fd82b71c000 rw-p 00000000 00:00 0                          [stack:5399]
7fd82b71c000-7fd82b71f000 ---p 00000000 00:00 0 
7fd82b71f000-7fd82b81d000 rw-p 00000000 00:00 0                          [stack:5398]
7fd82b81d000-7fd82beff000 r--p 00000000 08:01 2629488                    /usr/lib/locale/locale-archive
7fd82beff000-7fd82bf02000 ---p 00000000 00:00 0 
7fd82bf02000-7fd82c000000 rw-p 00000000 00:00 0                          [stack:5397]
7fd82c000000-7fd82c021000 rw-p 00000000 00:00 0 
7fd82c021000-7fd830000000 ---p 00000000 00:00 0 
7fd830032000-7fd830035000 ---p 00000000 00:00 0 
7fd830035000-7fd830133000 rw-p 00000000 00:00 0                          [stack:5396]
7fd830133000-7fd830134000 ---p 00000000 00:00 0 
7fd830134000-7fd834000000 rw-p 00000000 00:00 0                          [stack:5395]
7fd834000000-7fd834021000 rw-p 00000000 00:00 0 
7fd834021000-7fd838000000 ---p 00000000 00:00 0 
7fd838000000-7fd838021000 rw-p 00000000 00:00 0 
7fd838021000-7fd83c000000 ---p 00000000 00:00 0 
7fd83c000000-7fd83c021000 rw-p 00000000 00:00 0 
7fd83c021000-7fd840000000 ---p 00000000 00:00 0 
7fd840000000-7fd840021000 rw-p 00000000 00:00 0 
7fd840021000-7fd844000000 ---p 00000000 00:00 0 
7fd844000000-7fd844021000 rw-p 00000000 00:00 0 
7fd844021000-7fd848000000 ---p 00000000 00:00 0 
7fd84800b000-7fd8483fc000 rw-p 00000000 00:00 0 
7fd8483fc000-7fd8485ad000 r--s 01d27000 08:01 2896681                    /usr/lib/jvm/java-7-openjdk-amd64/jre/lib/rt.jar
7fd8485ad000-7fd8488f9000 rw-p 00000000 00:00 0 
7fd8488f9000-7fd8488fa000 ---p 00000000 00:00 0 
7fd8488fa000-7fd8489fa000 rw-p 00000000 00:00 0                          [stack:5394]
7fd8489fa000-7fd8489fb000 ---p 00000000 00:00 0 
7fd8489fb000-7fd848afb000 rw-p 00000000 00:00 0                          [stack:5393]
7fd848afb000-7fd848afc000 ---p 00000000 00:00 0 
7fd848afc000-7fd848bfc000 rw-p 00000000 00:00 0                          [stack:5392]
7fd848bfc000-7fd848bfd000 ---p 00000000 00:00 0 
7fd848bfd000-7fd848cfd000 rw-p 00000000 00:00 0                          [stack:5391]
7fd848cfd000-7fd848cfe000 ---p 00000000 00:00 0 
7fd848cfe000-7fd848dfe000 rw-p 00000000 00:00 0                          [stack:5390]
7fd848dfe000-7fd848dff000 ---p 00000000 00:00 0 
7fd848dff000-7fd848eff000 rw-p 00000000 00:00 0                          [stack:5389]
7fd848eff000-7fd848f00000 ---p 00000000 00:00 0 
7fd848f00000-7fd849000000 rw-p 00000000 00:00 0                          [stack:5388]
7fd849000000-7fd849270000 rwxp 00000000 00:00 0 
7fd849270000-7fd84c25c000 rw-p 00000000 00:00 0 
7fd84c25c000-7fd850000000 ---p 00000000 00:00 0 
7fd850009000-7fd85000e000 r--s 0004d000 08:01 2896697                    /usr/lib/jvm/java-7-openjdk-amd64/jre/lib/jsse.jar
7fd85000e000-7fd85001d000 r--s 000dd000 00:18 3280347                    /home/kev/Android/Sdk/build-tools/21.1.2/lib/dx.jar
7fd85001d000-7fd85001e000 ---p 00000000 00:00 0 
7fd85001e000-7fd850129000 rw-p 00000000 00:00 0                          [stack:5387]
7fd850129000-7fd850171000 rw-p 00000000 00:00 0 
7fd850171000-7fd850184000 rw-p 00000000 00:00 0 
7fd850184000-7fd8502c7000 rw-p 00000000 00:00 0 
7fd8502c7000-7fd8502d2000 rw-p 00000000 00:00 0 
7fd8502d2000-7fd85031a000 rw-p 00000000 00:00 0 
7fd85031a000-7fd85032d000 rw-p 00000000 00:00 0 
7fd85032d000-7fd85046f000 rw-p 00000000 00:00 0 
7fd85046f000-7fd850486000 rw-p 00000000 00:00 0 
7fd850486000-7fd85051a000 rw-p 00000000 00:00 0 
7fd85051a000-7fd85051b000 rw-p 00000000 00:00 0 
7fd85051b000-7fd850523000 r-xp 00000000 08:01 2896658                    /usr/lib/jvm/java-7-openjdk-amd64/jre/lib/amd64/libzip.so
7fd850523000-7fd850722000 ---p 00008000 08:01 2896658                    /usr/lib/jvm/java-7-openjdk-amd64/jre/lib/amd64/libzip.so
7fd850722000-7fd850723000 r--p 00007000 08:01 2896658                    /usr/lib/jvm/java-7-openjdk-amd64/jre/lib/amd64/libzip.so
7fd850723000-7fd850724000 rw-p 00008000 08:01 2896658                    /usr/lib/jvm/java-7-openjdk-amd64/jre/lib/amd64/libzip.so
7fd850724000-7fd85072f000 r-xp 00000000 08:01 1314833                    /lib/x86_64-linux-gnu/libnss_files-2.19.so
7fd85072f000-7fd85092e000 ---p 0000b000 08:01 1314833                    /lib/x86_64-linux-gnu/libnss_files-2.19.so
7fd85092e000-7fd85092f000 r--p 0000a000 08:01 1314833                    /lib/x86_64-linux-gnu/libnss_files-2.19.so
7fd85092f000-7fd850930000 rw-p 0000b000 08:01 1314833                    /lib/x86_64-linux-gnu/libnss_files-2.19.so
7fd850930000-7fd85093b000 r-xp 00000000 08:01 1314967                    /lib/x86_64-linux-gnu/libnss_nis-2.19.so
7fd85093b000-7fd850b3a000 ---p 0000b000 08:01 1314967                    /lib/x86_64-linux-gnu/libnss_nis-2.19.so
7fd850b3a000-7fd850b3b000 r--p 0000a000 08:01 1314967                    /lib/x86_64-linux-gnu/libnss_nis-2.19.so
7fd850b3b000-7fd850b3c000 rw-p 0000b000 08:01 1314967                    /lib/x86_64-linux-gnu/libnss_nis-2.19.so
7fd850b3c000-7fd850b53000 r-xp 00000000 08:01 1314868                    /lib/x86_64-linux-gnu/libnsl-2.19.so
7fd850b53000-7fd850d52000 ---p 00017000 08:01 1314868                    /lib/x86_64-linux-gnu/libnsl-2.19.so
7fd850d52000-7fd850d53000 r--p 00016000 08:01 1314868                    /lib/x86_64-linux-gnu/libnsl-2.19.so
7fd850d53000-7fd850d54000 rw-p 00017000 08:01 1314868                    /lib/x86_64-linux-gnu/libnsl-2.19.so
7fd850d54000-7fd850d56000 rw-p 00000000 00:00 0 
7fd850d56000-7fd850d5f000 r-xp 00000000 08:01 1314859                    /lib/x86_64-linux-gnu/libnss_compat-2.19.so
7fd850d5f000-7fd850f5e000 ---p 00009000 08:01 1314859                    /lib/x86_64-linux-gnu/libnss_compat-2.19.so
7fd850f5e000-7fd850f5f000 r--p 00008000 08:01 1314859                    /lib/x86_64-linux-gnu/libnss_compat-2.19.so
7fd850f5f000-7fd850f60000 rw-p 00009000 08:01 1314859                    /lib/x86_64-linux-gnu/libnss_compat-2.19.so
7fd850f60000-7fd850f8b000 r-xp 00000000 08:01 2896674                    /usr/lib/jvm/java-7-openjdk-amd64/jre/lib/amd64/libjava.so
7fd850f8b000-7fd85118b000 ---p 0002b000 08:01 2896674                    /usr/lib/jvm/java-7-openjdk-amd64/jre/lib/amd64/libjava.so
7fd85118b000-7fd85118c000 r--p 0002b000 08:01 2896674                    /usr/lib/jvm/java-7-openjdk-amd64/jre/lib/amd64/libjava.so
7fd85118c000-7fd85118e000 rw-p 0002c000 08:01 2896674                    /usr/lib/jvm/java-7-openjdk-amd64/jre/lib/amd64/libjava.so
7fd85118e000-7fd85119e000 r-xp 00000000 08:01 2896671                    /usr/lib/jvm/java-7-openjdk-amd64/jre/lib/amd64/libverify.so
7fd85119e000-7fd85139d000 ---p 00010000 08:01 2896671                    /usr/lib/jvm/java-7-openjdk-amd64/jre/lib/amd64/libverify.so
7fd85139d000-7fd85139f000 r--p 0000f000 08:01 2896671                    /usr/lib/jvm/java-7-openjdk-amd64/jre/lib/amd64/libverify.so
7fd85139f000-7fd8513a0000 rw-p 00011000 08:01 2896671                    /usr/lib/jvm/java-7-openjdk-amd64/jre/lib/amd64/libverify.so
7fd8513a0000-7fd8513a7000 r-xp 00000000 08:01 1314916                    /lib/x86_64-linux-gnu/librt-2.19.so
7fd8513a7000-7fd8515a6000 ---p 00007000 08:01 1314916                    /lib/x86_64-linux-gnu/librt-2.19.so
7fd8515a6000-7fd8515a7000 r--p 00006000 08:01 1314916                    /lib/x86_64-linux-gnu/librt-2.19.so
7fd8515a7000-7fd8515a8000 rw-p 00007000 08:01 1314916                    /lib/x86_64-linux-gnu/librt-2.19.so
7fd8515a8000-7fd8515be000 r-xp 00000000 08:01 1314818                    /lib/x86_64-linux-gnu/libgcc_s.so.1
7fd8515be000-7fd8517bd000 ---p 00016000 08:01 1314818                    /lib/x86_64-linux-gnu/libgcc_s.so.1
7fd8517bd000-7fd8517be000 rw-p 00015000 08:01 1314818                    /lib/x86_64-linux-gnu/libgcc_s.so.1
7fd8517be000-7fd8518c3000 r-xp 00000000 08:01 1314817                    /lib/x86_64-linux-gnu/libm-2.19.so
7fd8518c3000-7fd851ac2000 ---p 00105000 08:01 1314817                    /lib/x86_64-linux-gnu/libm-2.19.so
7fd851ac2000-7fd851ac3000 r--p 00104000 08:01 1314817                    /lib/x86_64-linux-gnu/libm-2.19.so
7fd851ac3000-7fd851ac4000 rw-p 00105000 08:01 1314817                    /lib/x86_64-linux-gnu/libm-2.19.so
7fd851ac4000-7fd851baa000 r-xp 00000000 08:01 2631701                    /usr/lib/x86_64-linux-gnu/libstdc++.so.6.0.19
7fd851baa000-7fd851da9000 ---p 000e6000 08:01 2631701                    /usr/lib/x86_64-linux-gnu/libstdc++.so.6.0.19
7fd851da9000-7fd851db1000 r--p 000e5000 08:01 2631701                    /usr/lib/x86_64-linux-gnu/libstdc++.so.6.0.19
7fd851db1000-7fd851db3000 rw-p 000ed000 08:01 2631701                    /usr/lib/x86_64-linux-gnu/libstdc++.so.6.0.19
7fd851db3000-7fd851dc8000 rw-p 00000000 00:00 0 
7fd851dc8000-7fd8528e0000 r-xp 00000000 08:01 2896679                    /usr/lib/jvm/java-7-openjdk-amd64/jre/lib/amd64/server/libjvm.so
7fd8528e0000-7fd852ae0000 ---p 00b18000 08:01 2896679                    /usr/lib/jvm/java-7-openjdk-amd64/jre/lib/amd64/server/libjvm.so
7fd852ae0000-7fd852b7a000 r--p 00b18000 08:01 2896679                    /usr/lib/jvm/java-7-openjdk-amd64/jre/lib/amd64/server/libjvm.so
7fd852b7a000-7fd852b9d000 rw-p 00bb2000 08:01 2896679                    /usr/lib/jvm/java-7-openjdk-amd64/jre/lib/amd64/server/libjvm.so
7fd852b9d000-7fd852bcb000 rw-p 00000000 00:00 0 
7fd852bcb000-7fd852be3000 r-xp 00000000 08:01 1315004                    /lib/x86_64-linux-gnu/libz.so.1.2.8
7fd852be3000-7fd852de2000 ---p 00018000 08:01 1315004                    /lib/x86_64-linux-gnu/libz.so.1.2.8
7fd852de2000-7fd852de3000 r--p 00017000 08:01 1315004                    /lib/x86_64-linux-gnu/libz.so.1.2.8
7fd852de3000-7fd852de4000 rw-p 00018000 08:01 1315004                    /lib/x86_64-linux-gnu/libz.so.1.2.8
7fd852de4000-7fd852dfd000 r-xp 00000000 08:01 1314912                    /lib/x86_64-linux-gnu/libpthread-2.19.so
7fd852dfd000-7fd852ffc000 ---p 00019000 08:01 1314912                    /lib/x86_64-linux-gnu/libpthread-2.19.so
7fd852ffc000-7fd852ffd000 r--p 00018000 08:01 1314912                    /lib/x86_64-linux-gnu/libpthread-2.19.so
7fd852ffd000-7fd852ffe000 rw-p 00019000 08:01 1314912                    /lib/x86_64-linux-gnu/libpthread-2.19.so
7fd852ffe000-7fd853002000 rw-p 00000000 00:00 0 
7fd853002000-7fd853005000 r-xp 00000000 08:01 1314851                    /lib/x86_64-linux-gnu/libdl-2.19.so
7fd853005000-7fd853204000 ---p 00003000 08:01 1314851                    /lib/x86_64-linux-gnu/libdl-2.19.so
7fd853204000-7fd853205000 r--p 00002000 08:01 1314851                    /lib/x86_64-linux-gnu/libdl-2.19.so
7fd853205000-7fd853206000 rw-p 00003000 08:01 1314851                    /lib/x86_64-linux-gnu/libdl-2.19.so
7fd853206000-7fd8533c1000 r-xp 00000000 08:01 1314910                    /lib/x86_64-linux-gnu/libc-2.19.so
7fd8533c1000-7fd8535c0000 ---p 001bb000 08:01 1314910                    /lib/x86_64-linux-gnu/libc-2.19.so
7fd8535c0000-7fd8535c4000 r--p 001ba000 08:01 1314910                    /lib/x86_64-linux-gnu/libc-2.19.so
7fd8535c4000-7fd8535c6000 rw-p 001be000 08:01 1314910                    /lib/x86_64-linux-gnu/libc-2.19.so
7fd8535c6000-7fd8535cb000 rw-p 00000000 00:00 0 
7fd8535cb000-7fd8535d8000 r-xp 00000000 08:01 2896650                    /usr/lib/jvm/java-7-openjdk-amd64/jre/lib/amd64/jli/libjli.so
7fd8535d8000-7fd8537d7000 ---p 0000d000 08:01 2896650                    /usr/lib/jvm/java-7-openjdk-amd64/jre/lib/amd64/jli/libjli.so
7fd8537d7000-7fd8537d8000 r--p 0000c000 08:01 2896650                    /usr/lib/jvm/java-7-openjdk-amd64/jre/lib/amd64/jli/libjli.so
7fd8537d8000-7fd8537d9000 rw-p 0000d000 08:01 2896650                    /usr/lib/jvm/java-7-openjdk-amd64/jre/lib/amd64/jli/libjli.so
7fd8537d9000-7fd8537fc000 r-xp 00000000 08:01 1314872                    /lib/x86_64-linux-gnu/ld-2.19.so
7fd8537fd000-7fd8537fe000 rw-p 00000000 00:00 0 
7fd8537fe000-7fd853800000 r--s 00006000 08:01 3031457                    /usr/share/java/java-atk-wrapper.jar
7fd853800000-7fd853822000 rw-p 00000000 00:00 0 
7fd853822000-7fd8538d8000 rw-p 00000000 00:00 0 
7fd8538d8000-7fd8538db000 ---p 00000000 00:00 0 
7fd8538db000-7fd8539de000 rw-p 00000000 00:00 0                          [stack:5386]
7fd8539de000-7fd8539e0000 r--s 00012000 08:01 2896689                    /usr/lib/jvm/java-7-openjdk-amd64/jre/lib/ext/zipfs.jar
7fd8539e0000-7fd8539e3000 r--s 0000f000 08:01 2896684                    /usr/lib/jvm/java-7-openjdk-amd64/jre/lib/ext/icedtea-sound.jar
7fd8539e3000-7fd8539e6000 r--s 00086000 08:01 2896687                    /usr/lib/jvm/java-7-openjdk-amd64/jre/lib/ext/localedata.jar
7fd8539e6000-7fd8539ea000 r--s 00034000 08:01 2896688                    /usr/lib/jvm/java-7-openjdk-amd64/jre/lib/ext/sunjce_provider.jar
7fd8539ea000-7fd8539ee000 r--s 0003c000 08:01 2896686                    /usr/lib/jvm/java-7-openjdk-amd64/jre/lib/ext/sunpkcs11.jar
7fd8539ee000-7fd8539ef000 r--s 00002000 08:01 2896685                    /usr/lib/jvm/java-7-openjdk-amd64/jre/lib/ext/dnsns.jar
7fd8539ef000-7fd8539f7000 rw-s 00000000 08:01 665821                     /tmp/hsperfdata_kev/5382
7fd8539f7000-7fd8539f8000 rw-p 00000000 00:00 0 
7fd8539f8000-7fd8539f9000 ---p 00000000 00:00 0 
7fd8539f9000-7fd8539fb000 rw-p 00000000 00:00 0 
7fd8539fb000-7fd8539fc000 r--p 00022000 08:01 1314872                    /lib/x86_64-linux-gnu/ld-2.19.so
7fd8539fc000-7fd8539fd000 rw-p 00023000 08:01 1314872                    /lib/x86_64-linux-gnu/ld-2.19.so
7fd8539fd000-7fd8539fe000 rw-p 00000000 00:00 0 
7fffa0acd000-7fffa0aef000 rw-p 00000000 00:00 0                          [stack]
7fffa0afb000-7fffa0afd000 r-xp 00000000 00:00 0                          [vdso]
ffffffffff600000-ffffffffff601000 r-xp 00000000 00:00 0                  [vsyscall]

VM Arguments:
jvm_args: -Xmx1024M -Dfile.encoding=UTF-8 -Duser.country=US -Duser.language=en -Duser.variant 
java_command: com.android.dx.command.Main --dex --output /home/kev/AndroidStudioProjects/PriceCloud/app/build/intermediates/dex/debug /home/kev/AndroidStudioProjects/PriceCloud/app/build/intermediates/classes/debug /home/kev/AndroidStudioProjects/PriceCloud/app/build/intermediates/pre-dexed/debug/support-annotations-22.2.0-47529ac724c557d0a5590715bd59ee03eb3d089e.jar /home/kev/AndroidStudioProjects/PriceCloud/app/build/intermediates/pre-dexed/debug/classes-6f53929c59bddb41dc47672ba172f2df13a695dd.jar /home/kev/AndroidStudioProjects/PriceCloud/app/build/intermediates/pre-dexed/debug/classes-6c442f0d9abde040e40e674a19105e4ae643f1e7.jar /home/kev/AndroidStudioProjects/PriceCloud/app/build/intermediates/pre-dexed/debug/classes-b3a574ae2360b2a35a5374027e790e371b6ba833.jar /home/kev/AndroidStudioProjects/PriceCloud/app/build/intermediates/pre-dexed/debug/internal_impl-22.0.0-3f4198c2b9de9c2f236882d5e4e7e5679e500b10.jar /home/kev/AndroidStudioProjects/PriceCloud/app/build/intermediates/pre-dexed/debug/classes-dd00e13e55427572cc98c88a2e708f811418805a.jar /home/kev/AndroidStudioProjects/PriceCloud/app/build/intermediates/pre-dexed/debug/classes-d373bc7eea05044a443c67937e68c3f848c4a891.jar /home/kev/AndroidStudioProjects/PriceCloud/app/build/intermediates/pre-dexed/debug/classes-737b2b747426fb2693012b7faeb38377e52de754.jar /home/kev/AndroidStudioProjects/PriceCloud/app/build/intermediates/pre-dexed/debug/classes-d5aee46fe9fc2fb9ef2d81b7ee3664f00d0edd40.jar /home/kev/AndroidStudioProjects/PriceCloud/app/build/intermediates/pre-dexed/debug/classes-879217c8ec485c1bd328a5b15ebb0d37f78439f6.jar /home/kev/AndroidStudioProjects/PriceCloud/app/build/intermediates/pre-dexed/debug/classes-617b36adb7422716a4e963e770bb49ae6af34efb.jar /home/kev/AndroidStudioProjects/PriceCloud/app/build/intermediates/pre-dexed/debug/classes-dc52b2be9a1451ca03381177a20199fb00f762f3.jar /home/kev/AndroidStudioProjects/PriceCloud/app/build/intermediates/pre-dexed/debug/classes-da4488b3c869e3b39ecca7d99513
Launcher Type: SUN_STANDARD

Environment Variables:
PATH=/usr/local/sbin:/usr/local/bin:/usr/sbin:/usr/bin:/sbin:/bin:/usr/games:/usr/local/games:~/.composer/vendor/bin
LD_LIBRARY_PATH=.:
SHELL=/bin/bash
DISPLAY=:0

Signal Handlers:
SIGSEGV: [libjvm.so+0x94b9a0], sa_mask[0]=0x7ffbfeff, sa_flags=0x10000004
SIGBUS: [libjvm.so+0x94b9a0], sa_mask[0]=0x7ffbfeff, sa_flags=0x10000004
SIGFPE: [libjvm.so+0x7c3880], sa_mask[0]=0x7ffbfeff, sa_flags=0x10000004
SIGPIPE: [libjvm.so+0x7c3880], sa_mask[0]=0x7ffbfeff, sa_flags=0x10000004
SIGXFSZ: [libjvm.so+0x7c3880], sa_mask[0]=0x7ffbfeff, sa_flags=0x10000004
SIGILL: [libjvm.so+0x7c3880], sa_mask[0]=0x7ffbfeff, sa_flags=0x10000004
SIGUSR1: SIG_DFL, sa_mask[0]=0x00000000, sa_flags=0x00000000
SIGUSR2: [libjvm.so+0x7c3720], sa_mask[0]=0x00000004, sa_flags=0x10000004
SIGHUP: [libjvm.so+0x7c3900], sa_mask[0]=0x7ffbfeff, sa_flags=0x10000004
SIGINT: [libjvm.so+0x7c3900], sa_mask[0]=0x7ffbfeff, sa_flags=0x10000004
SIGTERM: [libjvm.so+0x7c3900], sa_mask[0]=0x7ffbfeff, sa_flags=0x10000004
SIGQUIT: [libjvm.so+0x7c3900], sa_mask[0]=0x7ffbfeff, sa_flags=0x10000004
SIGTRAP: SIG_DFL, sa_mask[0]=0x00000000, sa_flags=0x00000000


---------------  S Y S T E M  ---------------

OS:Ubuntu 14.04 (trusty)
uname:Linux 3.13.0-54-generic #91-Ubuntu SMP Tue May 26 19:15:08 UTC 2015 x86_64
libc:glibc 2.19 NPTL 2.19 
rlimit: STACK 8192k, CORE 0k, NPROC 28866, NOFILE 4096, AS infinity
load average:19,04 7,92 3,46

/proc/meminfo:
MemTotal:        3724688 kB
MemFree:           88700 kB
Buffers:             188 kB
Cached:           493904 kB
SwapCached:         5848 kB
Active:          2250232 kB
Inactive:         708948 kB
Active(anon):    2249896 kB
Inactive(anon):   704120 kB
Active(file):        336 kB
Inactive(file):     4828 kB
Unevictable:          32 kB
Mlocked:              32 kB
SwapTotal:        488276 kB
SwapFree:              0 kB
Dirty:                 0 kB
Writeback:             0 kB
AnonPages:       2462660 kB
Mapped:           576548 kB
Shmem:            487316 kB
Slab:              94144 kB
SReclaimable:      34692 kB
SUnreclaim:        59452 kB
KernelStack:        5976 kB
PageTables:        41296 kB
NFS_Unstable:          0 kB
Bounce:                0 kB
WritebackTmp:          0 kB
CommitLimit:     2350620 kB
Committed_AS:    8182284 kB
VmallocTotal:   34359738367 kB
VmallocUsed:      350676 kB
VmallocChunk:   34359332000 kB
HardwareCorrupted:     0 kB
AnonHugePages:    364544 kB
HugePages_Total:       0
HugePages_Free:        0
HugePages_Rsvd:        0
HugePages_Surp:        0
Hugepagesize:       2048 kB
DirectMap4k:      141952 kB
DirectMap2M:     3725312 kB
DirectMap1G:           0 kB


CPU:total 8 (4 cores per cpu, 2 threads per core) family 6 model 60 stepping 3, cmov, cx8, fxsr, mmx, sse, sse2, sse3, ssse3, sse4.1, sse4.2, popcnt, avx, avx2, aes, erms, ht, tsc, tscinvbit

/proc/cpuinfo:
processor	: 0
vendor_id	: GenuineIntel
cpu family	: 6
model		: 60
model name	: Intel(R) Core(TM) i7-4771 CPU @ 3.50GHz
stepping	: 3
microcode	: 0x9
cpu MHz		: 3501.000
cache size	: 8192 KB
physical id	: 0
siblings	: 8
core id		: 0
cpu cores	: 4
apicid		: 0
initial apicid	: 0
fpu		: yes
fpu_exception	: yes
cpuid level	: 13
wp		: yes
flags		: fpu vme de pse tsc msr pae mce cx8 apic sep mtrr pge mca cmov pat pse36 clflush dts acpi mmx fxsr sse sse2 ss ht tm pbe syscall nx pdpe1gb rdtscp lm constant_tsc arch_perfmon pebs bts rep_good nopl xtopology nonstop_tsc aperfmperf eagerfpu pni pclmulqdq dtes64 monitor ds_cpl vmx smx est tm2 ssse3 fma cx16 xtpr pdcm pcid sse4_1 sse4_2 x2apic movbe popcnt tsc_deadline_timer aes xsave avx f16c rdrand lahf_lm abm ida arat epb xsaveopt pln pts dtherm tpr_shadow vnmi flexpriority ept vpid fsgsbase tsc_adjust bmi1 hle avx2 smep bmi2 erms invpcid rtm
bogomips	: 6995.80
clflush size	: 64
cache_alignment	: 64
address sizes	: 39 bits physical, 48 bits virtual
power management:

processor	: 1
vendor_id	: GenuineIntel
cpu family	: 6
model		: 60
model name	: Intel(R) Core(TM) i7-4771 CPU @ 3.50GHz
stepping	: 3
microcode	: 0x9
cpu MHz		: 2900.000
cache size	: 8192 KB
physical id	: 0
siblings	: 8
core id		: 1
cpu cores	: 4
apicid		: 2
initial apicid	: 2
fpu		: yes
fpu_exception	: yes
cpuid level	: 13
wp		: yes
flags		: fpu vme de pse tsc msr pae mce cx8 apic sep mtrr pge mca cmov pat pse36 clflush dts acpi mmx fxsr sse sse2 ss ht tm pbe syscall nx pdpe1gb rdtscp lm constant_tsc arch_perfmon pebs bts rep_good nopl xtopology nonstop_tsc aperfmperf eagerfpu pni pclmulqdq dtes64 monitor ds_cpl vmx smx est tm2 ssse3 fma cx16 xtpr pdcm pcid sse4_1 sse4_2 x2apic movbe popcnt tsc_deadline_timer aes xsave avx f16c rdrand lahf_lm abm ida arat epb xsaveopt pln pts dtherm tpr_shadow vnmi flexpriority ept vpid fsgsbase tsc_adjust bmi1 hle avx2 smep bmi2 erms invpcid rtm
bogomips	: 6995.80
clflush size	: 64
cache_alignment	: 64
address sizes	: 39 bits physical, 48 bits virtual
power management:

processor	: 2
vendor_id	: GenuineIntel
cpu family	: 6
model		: 60
model name	: Intel(R) Core(TM) i7-4771 CPU @ 3.50GHz
stepping	: 3
microcode	: 0x9
cpu MHz		: 3501.000
cache size	: 8192 KB
physical id	: 0
siblings	: 8
core id		: 2
cpu cores	: 4
apicid		: 4
initial apicid	: 4
fpu		: yes
fpu_exception	: yes
cpuid level	: 13
wp		: yes
flags		: fpu vme de pse tsc msr pae mce cx8 apic sep mtrr pge mca cmov pat pse36 clflush dts acpi mmx fxsr sse sse2 ss ht tm pbe syscall nx pdpe1gb rdtscp lm constant_tsc arch_perfmon pebs bts rep_good nopl xtopology nonstop_tsc aperfmperf eagerfpu pni pclmulqdq dtes64 monitor ds_cpl vmx smx est tm2 ssse3 fma cx16 xtpr pdcm pcid sse4_1 sse4_2 x2apic movbe popcnt tsc_deadline_timer aes xsave avx f16c rdrand lahf_lm abm ida arat epb xsaveopt pln pts dtherm tpr_shadow vnmi flexpriority ept vpid fsgsbase tsc_adjust bmi1 hle avx2 smep bmi2 erms invpcid rtm
bogomips	: 6995.80
clflush size	: 64
cache_alignment	: 64
address sizes	: 39 bits physical, 48 bits virtual
power management:

processor	: 3
vendor_id	: GenuineIntel
cpu family	: 6
model		: 60
model name	: Intel(R) Core(TM) i7-4771 CPU @ 3.50GHz
stepping	: 3
microcode	: 0x9
cpu MHz		: 3501.000
cache size	: 8192 KB
physical id	: 0
siblings	: 8
core id		: 3
cpu cores	: 4
apicid		: 6
initial apicid	: 6
fpu		: yes
fpu_exception	: yes
cpuid level	: 13
wp		: yes
flags		: fpu vme de pse tsc msr pae mce cx8 apic sep mtrr pge mca cmov pat pse36 clflush dts acpi mmx fxsr sse sse2 ss ht tm pbe syscall nx pdpe1gb rdtscp lm constant_tsc arch_perfmon pebs bts rep_good nopl xtopology nonstop_tsc aperfmperf eagerfpu pni pclmulqdq dtes64 monitor ds_cpl vmx smx est tm2 ssse3 fma cx16 xtpr pdcm pcid sse4_1 sse4_2 x2apic movbe popcnt tsc_deadline_timer aes xsave avx f16c rdrand lahf_lm abm ida arat epb xsaveopt pln pts dtherm tpr_shadow vnmi flexpriority ept vpid fsgsbase tsc_adjust bmi1 hle avx2 smep bmi2 erms invpcid rtm
bogomips	: 6995.80
clflush size	: 64
cache_alignment	: 64
address sizes	: 39 bits physical, 48 bits virtual
power management:

processor	: 4
vendor_id	: GenuineIntel
cpu family	: 6
model		: 60
model name	: Intel(R) Core(TM) i7-4771 CPU @ 3.50GHz
stepping	: 3
microcode	: 0x9
cpu MHz		: 3501.000
cache size	: 8192 KB
physical id	: 0
siblings	: 8
core id		: 0
cpu cores	: 4
apicid		: 1
initial apicid	: 1
fpu		: yes
fpu_exception	: yes
cpuid level	: 13
wp		: yes
flags		: fpu vme de pse tsc msr pae mce cx8 apic sep mtrr pge mca cmov pat pse36 clflush dts acpi mmx fxsr sse sse2 ss ht tm pbe syscall nx pdpe1gb rdtscp lm constant_tsc arch_perfmon pebs bts rep_good nopl xtopology nonstop_tsc aperfmperf eagerfpu pni pclmulqdq dtes64 monitor ds_cpl vmx smx est tm2 ssse3 fma cx16 xtpr pdcm pcid sse4_1 sse4_2 x2apic movbe popcnt tsc_deadline_timer aes xsave avx f16c rdrand lahf_lm abm ida arat epb xsaveopt pln pts dtherm tpr_shadow vnmi flexpriority ept vpid fsgsbase tsc_adjust bmi1 hle avx2 smep bmi2 erms invpcid rtm
bogomips	: 6995.80
clflush size	: 64
cache_alignment	: 64
address sizes	: 39 bits physical, 48 bits virtual
power management:

processor	: 5
vendor_id	: GenuineIntel
cpu family	: 6
model		: 60
model name	: Intel(R) Core(TM) i7-4771 CPU @ 3.50GHz
stepping	: 3
microcode	: 0x9
cpu MHz		: 3501.000
cache size	: 8192 KB
physical id	: 0
siblings	: 8
core id		: 1
cpu cores	: 4
apicid		: 3
initial apicid	: 3
fpu		: yes
fpu_exception	: yes
cpuid level	: 13
wp		: yes
flags		: fpu vme de pse tsc msr pae mce cx8 apic sep mtrr pge mca cmov pat pse36 clflush dts acpi mmx fxsr sse sse2 ss ht tm pbe syscall nx pdpe1gb rdtscp lm constant_tsc arch_perfmon pebs bts rep_good nopl xtopology nonstop_tsc aperfmperf eagerfpu pni pclmulqdq dtes64 monitor ds_cpl vmx smx est tm2 ssse3 fma cx16 xtpr pdcm pcid sse4_1 sse4_2 x2apic movbe popcnt tsc_deadline_timer aes xsave avx f16c rdrand lahf_lm abm ida arat epb xsaveopt pln pts dtherm tpr_shadow vnmi flexpriority ept vpid fsgsbase tsc_adjust bmi1 hle avx2 smep bmi2 erms invpcid rtm
bogomips	: 6995.80
clflush size	: 64
cache_alignment	: 64
address sizes	: 39 bits physical, 48 bits virtual
power management:

processor	: 6
vendor_id	: GenuineIntel
cpu family	: 6
model		: 60
model name	: Intel(R) Core(TM) i7-4771 CPU @ 3.50GHz
stepping	: 3
microcode	: 0x9
cpu MHz		: 3501.000
cache size	: 8192 KB
physical id	: 0
siblings	: 8
core id		: 2
cpu cores	: 4
apicid		: 5
initial apicid	: 5
fpu		: yes
fpu_exception	: yes
cpuid level	: 13
wp		: yes
flags		: fpu vme de pse tsc msr pae mce cx8 apic sep mtrr pge mca cmov pat pse36 clflush dts acpi mmx fxsr sse sse2 ss ht tm pbe syscall nx pdpe1gb rdtscp lm constant_tsc arch_perfmon pebs bts rep_good nopl xtopology nonstop_tsc aperfmperf eagerfpu pni pclmulqdq dtes64 monitor ds_cpl vmx smx est tm2 ssse3 fma cx16 xtpr pdcm pcid sse4_1 sse4_2 x2apic movbe popcnt tsc_deadline_timer aes xsave avx f16c rdrand lahf_lm abm ida arat epb xsaveopt pln pts dtherm tpr_shadow vnmi flexpriority ept vpid fsgsbase tsc_adjust bmi1 hle avx2 smep bmi2 erms invpcid rtm
bogomips	: 6995.80
clflush size	: 64
cache_alignment	: 64
address sizes	: 39 bits physical, 48 bits virtual
power management:

processor	: 7
vendor_id	: GenuineIntel
cpu family	: 6
model		: 60
model name	: Intel(R) Core(TM) i7-4771 CPU @ 3.50GHz
stepping	: 3
microcode	: 0x9
cpu MHz		: 1400.000
cache size	: 8192 KB
physical id	: 0
siblings	: 8
core id		: 3
cpu cores	: 4
apicid		: 7
initial apicid	: 7
fpu		: yes
fpu_exception	: yes
cpuid level	: 13
wp		: yes
flags		: fpu vme de pse tsc msr pae mce cx8 apic sep mtrr pge mca cmov pat pse36 clflush dts acpi mmx fxsr sse sse2 ss ht tm pbe syscall nx pdpe1gb rdtscp lm constant_tsc arch_perfmon pebs bts rep_good nopl xtopology nonstop_tsc aperfmperf eagerfpu pni pclmulqdq dtes64 monitor ds_cpl vmx smx est tm2 ssse3 fma cx16 xtpr pdcm pcid sse4_1 sse4_2 x2apic movbe popcnt tsc_deadline_timer aes xsave avx f16c rdrand lahf_lm abm ida arat epb xsaveopt pln pts dtherm tpr_shadow vnmi flexpriority ept vpid fsgsbase tsc_adjust bmi1 hle avx2 smep bmi2 erms invpcid rtm
bogomips	: 6995.80
clflush size	: 64
cache_alignment	: 64
address sizes	: 39 bits physical, 48 bits virtual
power management:



Memory: 4k page, physical 3724688k(85972k free), swap 488276k(0k free)

vm_info: OpenJDK 64-Bit Server VM (24.79-b02) for linux-amd64 JRE (1.7.0_79-b14), built on Apr 16 2015 08:21:58 by "buildd" with gcc 4.8.2

time: Thu Jun 18 03:45:26 2015
elapsed time: 131 seconds

