#
# There is insufficient memory for the Java Runtime Environment to continue.
# Native memory allocation (malloc) failed to allocate 58195968 bytes for committing reserved memory.
# Possible reasons:
#   The system is out of physical RAM or swap space
#   In 32 bit mode, the process size limit was hit
# Possible solutions:
#   Reduce memory load on the system
#   Increase physical memory or swap space
#   Check if swap backing store is full
#   Use 64 bit Java on a 64 bit OS
#   Decrease Java heap size (-Xmx/-Xms)
#   Decrease number of Java threads
#   Decrease Java thread stack sizes (-Xss)
#   Set larger code cache with -XX:ReservedCodeCacheSize=
# This output file may be truncated or incomplete.
#
#  Out of Memory Error (os_linux.cpp:2809), pid=7530, tid=140503369430784
#
# JRE version: OpenJDK Runtime Environment (7.0_79-b14) (build 1.7.0_79-b14)
# Java VM: OpenJDK 64-Bit Server VM (24.79-b02 mixed mode linux-amd64 compressed oops)
# Derivative: IcedTea 2.5.5
# Distribution: Ubuntu 14.04 LTS, package 7u79-2.5.5-0ubuntu0.14.04.2
# Failed to write core dump. Core dumps have been disabled. To enable core dumping, try "ulimit -c unlimited" before starting Java again
#

---------------  T H R E A D  ---------------

Current thread (0x00007fc988080000):  VMThread [stack: 0x00007fc97d5cb000,0x00007fc97d6cc000] [id=7543]

Stack: [0x00007fc97d5cb000,0x00007fc97d6cc000],  sp=0x00007fc97d6ca490,  free space=1021k
Native frames: (J=compiled Java code, j=interpreted, Vv=VM code, C=native code)
V  [libjvm.so+0x94aec5]  VMError::report_and_die()+0x175
V  [libjvm.so+0x48b9c4]  report_vm_out_of_memory(char const*, int, unsigned long, char const*)+0x74
V  [libjvm.so+0x7c806b]  os::pd_commit_memory(char*, unsigned long, unsigned long, bool)+0xeb
V  [libjvm.so+0x7c2b0f]  os::commit_memory(char*, unsigned long, unsigned long, bool)+0x1f
V  [libjvm.so+0x83500b]  PSVirtualSpace::expand_by(unsigned long)+0x5b
V  [libjvm.so+0x835e60]  PSYoungGen::resize_generation(unsigned long, unsigned long)+0xb0
V  [libjvm.so+0x83654b]  PSYoungGen::resize(unsigned long, unsigned long)+0x1b
V  [libjvm.so+0x832830]  PSScavenge::invoke_no_policy()+0xde0
V  [libjvm.so+0x833008]  PSScavenge::invoke()+0x38
V  [libjvm.so+0x7e96f3]  ParallelScavengeHeap::failed_mem_allocate(unsigned long)+0x63
V  [libjvm.so+0x94c8c4]  VM_ParallelGCFailedAllocation::doit()+0x84
V  [libjvm.so+0x950dc7]  VM_Operation::evaluate()+0x47
V  [libjvm.so+0x94f738]  VMThread::evaluate_operation(VM_Operation*)+0x318
V  [libjvm.so+0x94fb99]  VMThread::loop()+0x219
V  [libjvm.so+0x94ffe2]  VMThread::run()+0x72
V  [libjvm.so+0x7c4f32]  java_start(Thread*)+0xf2

VM_Operation (0x00007fc990eaf3e0): ParallelGCFailedAllocation, mode: safepoint, requested by thread 0x00007fc98800c000


---------------  P R O C E S S  ---------------

Java Threads: ( => current thread )
  0x00007fc9880b9800 JavaThread "Service Thread" daemon [_thread_blocked, id=7549, stack(0x00007fc97c8e3000,0x00007fc97c9e4000)]
  0x00007fc9880b7800 JavaThread "C2 CompilerThread1" daemon [_thread_blocked, id=7548, stack(0x00007fc97c9e4000,0x00007fc97cae5000)]
  0x00007fc9880b4800 JavaThread "C2 CompilerThread0" daemon [_thread_blocked, id=7547, stack(0x00007fc97cae5000,0x00007fc97cbe6000)]
  0x00007fc9880b2800 JavaThread "Signal Dispatcher" daemon [_thread_blocked, id=7546, stack(0x00007fc97cbe6000,0x00007fc97cce7000)]
  0x00007fc988086800 JavaThread "Finalizer" daemon [_thread_blocked, id=7545, stack(0x00007fc97d3c9000,0x00007fc97d4ca000)]
  0x00007fc988084800 JavaThread "Reference Handler" daemon [_thread_blocked, id=7544, stack(0x00007fc97d4ca000,0x00007fc97d5cb000)]
  0x00007fc98800c000 JavaThread "main" [_thread_blocked, id=7534, stack(0x00007fc990db0000,0x00007fc990eb1000)]

Other Threads:
=>0x00007fc988080000 VMThread [stack: 0x00007fc97d5cb000,0x00007fc97d6cc000] [id=7543]
  0x00007fc9880c4000 WatcherThread [stack: 0x00007fc97c7e2000,0x00007fc97c8e3000] [id=7550]

VM state:at safepoint (normal execution)

VM Mutex/Monitor currently owned by a thread:  ([mutex/lock_event])
[0x00007fc988008430] Threads_lock - owner thread: 0x00007fc988080000
[0x00007fc988008930] Heap_lock - owner thread: 0x00007fc98800c000

Heap
 PSYoungGen      total 130560K, used 6434K [0x00000000eaa80000, 0x00000000f3280000, 0x0000000100000000)
  eden space 122368K, 0% used [0x00000000eaa80000,0x00000000eaa80000,0x00000000f2200000)
  from space 8192K, 78% used [0x00000000f2200000,0x00000000f2848b80,0x00000000f2a00000)
  to   space 7680K, 0% used [0x00000000f2a00000,0x00000000f2a00000,0x00000000f3180000)
 ParOldGen       total 49664K, used 37387K [0x00000000c0000000, 0x00000000c3080000, 0x00000000eaa80000)
  object space 49664K, 75% used [0x00000000c0000000,0x00000000c2482e48,0x00000000c3080000)
 PSPermGen       total 21504K, used 7190K [0x00000000b5a00000, 0x00000000b6f00000, 0x00000000c0000000)
  object space 21504K, 33% used [0x00000000b5a00000,0x00000000b6105a00,0x00000000b6f00000)

Card table byte_map: [0x00007fc98d79f000,0x00007fc98d9f3000] byte_map_base: 0x00007fc98d1f2000

Polling page: 0x00007fc990ed0000

Code Cache  [0x00007fc985000000, 0x00007fc985270000, 0x00007fc988000000)
 total_blobs=945 nmethods=694 adapters=204 free_code_cache=47237Kb largest_free_block=48333312

Compilation events (10 events):
Event: 2,273 Thread 0x00007fc9880b7800 nmethod 706 0x00007fc9851e0710 code [0x00007fc9851e0840, 0x00007fc9851e0898]
Event: 2,273 Thread 0x00007fc9880b7800  707             com.android.dx.io.instructions.FiveRegisterDecodedInstruction::getD (5 bytes)
Event: 2,273 Thread 0x00007fc9880b7800 nmethod 707 0x00007fc9851e0510 code [0x00007fc9851e0640, 0x00007fc9851e0698]
Event: 2,274 Thread 0x00007fc9880b4800 nmethod 701 0x00007fc9851de7d0 code [0x00007fc9851de920, 0x00007fc9851deaf8]
Event: 2,303 Thread 0x00007fc9880b4800  709             com.android.dx.util.ByteArrayAnnotatedOutput::<init> (9 bytes)
Event: 2,303 Thread 0x00007fc9880b7800  708             com.android.dx.util.ByteArrayAnnotatedOutput::<init> (54 bytes)
Event: 2,303 Thread 0x00007fc9880b7800 nmethod 708 0x00007fc9851de590 code [0x00007fc9851de6c0, 0x00007fc9851de758]
Event: 2,303 Thread 0x00007fc9880b7800  710             com.android.dx.util.ByteArrayAnnotatedOutput::toByteArray (23 bytes)
Event: 2,304 Thread 0x00007fc9880b4800 nmethod 709 0x00007fc9851de290 code [0x00007fc9851de3e0, 0x00007fc9851de4f8]
Event: 2,304 Thread 0x00007fc9880b7800 nmethod 710 0x00007fc9851dded0 code [0x00007fc9851de020, 0x00007fc9851de198]

GC Heap History (10 events):
Event: 1,693 GC heap after
Heap after GC invocations=5 (full 0):
 PSYoungGen      total 32768K, used 2033K [0x00000000eaa80000, 0x00000000ef580000, 0x0000000100000000)
  eden space 30720K, 0% used [0x00000000eaa80000,0x00000000eaa80000,0x00000000ec880000)
  from space 2048K, 99% used [0x00000000ec880000,0x00000000eca7c6c0,0x00000000eca80000)
  to   space 7680K, 0% used [0x00000000eee00000,0x00000000eee00000,0x00000000ef580000)
 ParOldGen       total 38400K, used 17348K [0x00000000c0000000, 0x00000000c2580000, 0x00000000eaa80000)
  object space 38400K, 45% used [0x00000000c0000000,0x00000000c10f1308,0x00000000c2580000)
 PSPermGen       total 21504K, used 7044K [0x00000000b5a00000, 0x00000000b6f00000, 0x00000000c0000000)
  object space 21504K, 32% used [0x00000000b5a00000,0x00000000b60e1188,0x00000000b6f00000)
}
Event: 1,810 GC heap before
{Heap before GC invocations=6 (full 0):
 PSYoungGen      total 32768K, used 32420K [0x00000000eaa80000, 0x00000000ef580000, 0x0000000100000000)
  eden space 30720K, 98% used [0x00000000eaa80000,0x00000000ec82cb28,0x00000000ec880000)
  from space 2048K, 99% used [0x00000000ec880000,0x00000000eca7c6c0,0x00000000eca80000)
  to   space 7680K, 0% used [0x00000000eee00000,0x00000000eee00000,0x00000000ef580000)
 ParOldGen       total 38400K, used 17348K [0x00000000c0000000, 0x00000000c2580000, 0x00000000eaa80000)
  object space 38400K, 45% used [0x00000000c0000000,0x00000000c10f1308,0x00000000c2580000)
 PSPermGen       total 21504K, used 7069K [0x00000000b5a00000, 0x00000000b6f00000, 0x00000000c0000000)
  object space 21504K, 32% used [0x00000000b5a00000,0x00000000b60e75e8,0x00000000b6f00000)
Event: 1,821 GC heap after
Heap after GC invocations=6 (full 0):
 PSYoungGen      total 69120K, used 4504K [0x00000000eaa80000, 0x00000000ef580000, 0x0000000100000000)
  eden space 61440K, 0% used [0x00000000eaa80000,0x00000000eaa80000,0x00000000ee680000)
  from space 7680K, 58% used [0x00000000eee00000,0x00000000ef2660d0,0x00000000ef580000)
  to   space 7680K, 0% used [0x00000000ee680000,0x00000000ee680000,0x00000000eee00000)
 ParOldGen       total 38400K, used 17348K [0x00000000c0000000, 0x00000000c2580000, 0x00000000eaa80000)
  object space 38400K, 45% used [0x00000000c0000000,0x00000000c10f1308,0x00000000c2580000)
 PSPermGen       total 21504K, used 7069K [0x00000000b5a00000, 0x00000000b6f00000, 0x00000000c0000000)
  object space 21504K, 32% used [0x00000000b5a00000,0x00000000b60e75e8,0x00000000b6f00000)
}
Event: 1,968 GC heap before
{Heap before GC invocations=7 (full 0):
 PSYoungGen      total 69120K, used 65944K [0x00000000eaa80000, 0x00000000ef580000, 0x0000000100000000)
  eden space 61440K, 100% used [0x00000000eaa80000,0x00000000ee680000,0x00000000ee680000)
  from space 7680K, 58% used [0x00000000eee00000,0x00000000ef2660d0,0x00000000ef580000)
  to   space 7680K, 0% used [0x00000000ee680000,0x00000000ee680000,0x00000000eee00000)
 ParOldGen       total 38400K, used 17348K [0x00000000c0000000, 0x00000000c2580000, 0x00000000eaa80000)
  object space 38400K, 45% used [0x00000000c0000000,0x00000000c10f1308,0x00000000c2580000)
 PSPermGen       total 21504K, used 7176K [0x00000000b5a00000, 0x00000000b6f00000, 0x00000000c0000000)
  object space 21504K, 33% used [0x00000000b5a00000,0x00000000b61023e0,0x00000000b6f00000)
Event: 1,981 GC heap after
Heap after GC invocations=7 (full 0):
 PSYoungGen      total 69120K, used 6074K [0x00000000eaa80000, 0x00000000f3180000, 0x0000000100000000)
  eden space 61440K, 0% used [0x00000000eaa80000,0x00000000eaa80000,0x00000000ee680000)
  from space 7680K, 79% used [0x00000000ee680000,0x00000000eec6eb60,0x00000000eee00000)
  to   space 7680K, 0% used [0x00000000f2a00000,0x00000000f2a00000,0x00000000f3180000)
 ParOldGen       total 38400K, used 27007K [0x00000000c0000000, 0x00000000c2580000, 0x00000000eaa80000)
  object space 38400K, 70% used [0x00000000c0000000,0x00000000c1a5fe38,0x00000000c2580000)
 PSPermGen       total 21504K, used 7176K [0x00000000b5a00000, 0x00000000b6f00000, 0x00000000c0000000)
  object space 21504K, 33% used [0x00000000b5a00000,0x00000000b61023e0,0x00000000b6f00000)
}
Event: 2,088 GC heap before
{Heap before GC invocations=8 (full 0):
 PSYoungGen      total 69120K, used 67514K [0x00000000eaa80000, 0x00000000f3180000, 0x0000000100000000)
  eden space 61440K, 100% used [0x00000000eaa80000,0x00000000ee680000,0x00000000ee680000)
  from space 7680K, 79% used [0x00000000ee680000,0x00000000eec6eb60,0x00000000eee00000)
  to   space 7680K, 0% used [0x00000000f2a00000,0x00000000f2a00000,0x00000000f3180000)
 ParOldGen       total 38400K, used 27007K [0x00000000c0000000, 0x00000000c2580000, 0x00000000eaa80000)
  object space 38400K, 70% used [0x00000000c0000000,0x00000000c1a5fe38,0x00000000c2580000)
 PSPermGen       total 21504K, used 7186K [0x00000000b5a00000, 0x00000000b6f00000, 0x00000000c0000000)
  object space 21504K, 33% used [0x00000000b5a00000,0x00000000b6104900,0x00000000b6f00000)
Event: 2,097 GC heap after
Heap after GC invocations=8 (full 0):
 PSYoungGen      total 130048K, used 7560K [0x00000000eaa80000, 0x00000000f3280000, 0x0000000100000000)
  eden space 122368K, 0% used [0x00000000eaa80000,0x00000000eaa80000,0x00000000f2200000)
  from space 7680K, 98% used [0x00000000f2a00000,0x00000000f3162248,0x00000000f3180000)
  to   space 8192K, 0% used [0x00000000f2200000,0x00000000f2200000,0x00000000f2a00000)
 ParOldGen       total 38400K, used 36272K [0x00000000c0000000, 0x00000000c2580000, 0x00000000eaa80000)
  object space 38400K, 94% used [0x00000000c0000000,0x00000000c236c130,0x00000000c2580000)
 PSPermGen       total 21504K, used 7186K [0x00000000b5a00000, 0x00000000b6f00000, 0x00000000c0000000)
  object space 21504K, 33% used [0x00000000b5a00000,0x00000000b6104900,0x00000000b6f00000)
}
Event: 2,097 GC heap before
{Heap before GC invocations=9 (full 1):
 PSYoungGen      total 130048K, used 7560K [0x00000000eaa80000, 0x00000000f3280000, 0x0000000100000000)
  eden space 122368K, 0% used [0x00000000eaa80000,0x00000000eaa80000,0x00000000f2200000)
  from space 7680K, 98% used [0x00000000f2a00000,0x00000000f3162248,0x00000000f3180000)
  to   space 8192K, 0% used [0x00000000f2200000,0x00000000f2200000,0x00000000f2a00000)
 ParOldGen       total 38400K, used 36272K [0x00000000c0000000, 0x00000000c2580000, 0x00000000eaa80000)
  object space 38400K, 94% used [0x00000000c0000000,0x00000000c236c130,0x00000000c2580000)
 PSPermGen       total 21504K, used 7186K [0x00000000b5a00000, 0x00000000b6f00000, 0x00000000c0000000)
  object space 21504K, 33% used [0x00000000b5a00000,0x00000000b6104900,0x00000000b6f00000)
Event: 2,130 GC heap after
Heap after GC invocations=9 (full 1):
 PSYoungGen      total 130048K, used 0K [0x00000000eaa80000, 0x00000000f3280000, 0x0000000100000000)
  eden space 122368K, 0% used [0x00000000eaa80000,0x00000000eaa80000,0x00000000f2200000)
  from space 7680K, 0% used [0x00000000f2a00000,0x00000000f2a00000,0x00000000f3180000)
  to   space 8192K, 0% used [0x00000000f2200000,0x00000000f2200000,0x00000000f2a00000)
 ParOldGen       total 49664K, used 20476K [0x00000000c0000000, 0x00000000c3080000, 0x00000000eaa80000)
  object space 49664K, 41% used [0x00000000c0000000,0x00000000c13ff2b0,0x00000000c3080000)
 PSPermGen       total 21504K, used 7183K [0x00000000b5a00000, 0x00000000b6f00000, 0x00000000c0000000)
  object space 21504K, 33% used [0x00000000b5a00000,0x00000000b6103ec8,0x00000000b6f00000)
}
Event: 2,307 GC heap before
{Heap before GC invocations=10 (full 1):
 PSYoungGen      total 130048K, used 122368K [0x00000000eaa80000, 0x00000000f3280000, 0x0000000100000000)
  eden space 122368K, 100% used [0x00000000eaa80000,0x00000000f2200000,0x00000000f2200000)
  from space 7680K, 0% used [0x00000000f2a00000,0x00000000f2a00000,0x00000000f3180000)
  to   space 8192K, 0% used [0x00000000f2200000,0x00000000f2200000,0x00000000f2a00000)
 ParOldGen       total 49664K, used 20476K [0x00000000c0000000, 0x00000000c3080000, 0x00000000eaa80000)
  object space 49664K, 41% used [0x00000000c0000000,0x00000000c13ff2b0,0x00000000c3080000)
 PSPermGen       total 21504K, used 7190K [0x00000000b5a00000, 0x00000000b6f00000, 0x00000000c0000000)
  object space 21504K, 33% used [0x00000000b5a00000,0x00000000b6105a00,0x00000000b6f00000)

Deoptimization events (10 events):
Event: 1,947 Thread 0x00007fc98800c000 Uncommon trap: reason=predicate action=maybe_recompile pc=0x00007fc985080498 method=java.util.TimSort.binarySort([Ljava/lang/Object;IIILjava/util/Comparator;)V @ 37
Event: 2,038 Thread 0x00007fc98800c000 Uncommon trap: reason=array_check action=maybe_recompile pc=0x00007fc9851a7560 method=java.util.TimSort.binarySort([Ljava/lang/Object;IIILjava/util/Comparator;)V @ 215
Event: 2,038 Thread 0x00007fc98800c000 Uncommon trap: reason=array_check action=maybe_recompile pc=0x00007fc9851a7560 method=java.util.TimSort.binarySort([Ljava/lang/Object;IIILjava/util/Comparator;)V @ 215
Event: 2,039 Thread 0x00007fc98800c000 Uncommon trap: reason=array_check action=maybe_recompile pc=0x00007fc9851a7560 method=java.util.TimSort.binarySort([Ljava/lang/Object;IIILjava/util/Comparator;)V @ 215
Event: 2,081 Thread 0x00007fc98800c000 Uncommon trap: reason=array_check action=maybe_recompile pc=0x00007fc9851a7654 method=java.util.TimSort.binarySort([Ljava/lang/Object;IIILjava/util/Comparator;)V @ 183
Event: 2,081 Thread 0x00007fc98800c000 Uncommon trap: reason=array_check action=maybe_recompile pc=0x00007fc9851a7654 method=java.util.TimSort.binarySort([Ljava/lang/Object;IIILjava/util/Comparator;)V @ 183
Event: 2,160 Thread 0x00007fc98800c000 Uncommon trap: reason=array_check action=maybe_recompile pc=0x00007fc9851b6f1c method=java.util.ComparableTimSort.binarySort([Ljava/lang/Object;III)V @ 183
Event: 2,169 Thread 0x00007fc98800c000 Uncommon trap: reason=array_check action=maybe_recompile pc=0x00007fc9851c4164 method=java.util.TimSort.binarySort([Ljava/lang/Object;IIILjava/util/Comparator;)V @ 193
Event: 2,169 Thread 0x00007fc98800c000 Uncommon trap: reason=array_check action=maybe_recompile pc=0x00007fc9851c4164 method=java.util.TimSort.binarySort([Ljava/lang/Object;IIILjava/util/Comparator;)V @ 193
Event: 2,239 Thread 0x00007fc98800c000 Uncommon trap: reason=array_check action=maybe_recompile pc=0x00007fc9851b6f1c method=java.util.ComparableTimSort.binarySort([Ljava/lang/Object;III)V @ 183

Internal exceptions (10 events):
Event: 1,388 Thread 0x00007fc98800c000 Threw 0x00000000eb87ea28 at /build/buildd/openjdk-7-7u79-2.5.5/build/openjdk/hotspot/src/share/vm/prims/jvm.cpp:1284
Event: 1,388 Thread 0x00007fc98800c000 Threw 0x00000000eb882668 at /build/buildd/openjdk-7-7u79-2.5.5/build/openjdk/hotspot/src/share/vm/prims/jvm.cpp:1284
Event: 1,388 Thread 0x00007fc98800c000 Threw 0x00000000eb8863f8 at /build/buildd/openjdk-7-7u79-2.5.5/build/openjdk/hotspot/src/share/vm/prims/jvm.cpp:1284
Event: 1,389 Thread 0x00007fc98800c000 Threw 0x00000000eb88c388 at /build/buildd/openjdk-7-7u79-2.5.5/build/openjdk/hotspot/src/share/vm/prims/jvm.cpp:1284
Event: 1,389 Thread 0x00007fc98800c000 Threw 0x00000000eb88feb8 at /build/buildd/openjdk-7-7u79-2.5.5/build/openjdk/hotspot/src/share/vm/prims/jvm.cpp:1284
Event: 1,389 Thread 0x00007fc98800c000 Threw 0x00000000eb893b80 at /build/buildd/openjdk-7-7u79-2.5.5/build/openjdk/hotspot/src/share/vm/prims/jvm.cpp:1284
Event: 1,389 Thread 0x00007fc98800c000 Threw 0x00000000eb8975b8 at /build/buildd/openjdk-7-7u79-2.5.5/build/openjdk/hotspot/src/share/vm/prims/jvm.cpp:1284
Event: 1,391 Thread 0x00007fc98800c000 Threw 0x00000000eb89f088 at /build/buildd/openjdk-7-7u79-2.5.5/build/openjdk/hotspot/src/share/vm/prims/jvm.cpp:1284
Event: 1,391 Thread 0x00007fc98800c000 Threw 0x00000000eb8a1bf0 at /build/buildd/openjdk-7-7u79-2.5.5/build/openjdk/hotspot/src/share/vm/prims/jvm.cpp:1284
Event: 1,644 Thread 0x00007fc98800c000 Threw 0x00000000ec12d418 at /build/buildd/openjdk-7-7u79-2.5.5/build/openjdk/hotspot/src/share/vm/prims/jvm.cpp:1284

Events (10 events):
Event: 2,169 Thread 0x00007fc98800c000 Uncommon trap: trap_request=0xffffffd6 fr.pc=0x00007fc9851c4164
Event: 2,169 Thread 0x00007fc98800c000 DEOPT PACKING pc=0x00007fc9851c4164 sp=0x00007fc990eaf4e0
Event: 2,169 Thread 0x00007fc98800c000 DEOPT UNPACKING pc=0x00007fc985039445 sp=0x00007fc990eaf4a8 mode 2
Event: 2,169 Thread 0x00007fc98800c000 Uncommon trap: trap_request=0xffffffd6 fr.pc=0x00007fc9851c4164
Event: 2,169 Thread 0x00007fc98800c000 DEOPT PACKING pc=0x00007fc9851c4164 sp=0x00007fc990eaf4e0
Event: 2,169 Thread 0x00007fc98800c000 DEOPT UNPACKING pc=0x00007fc985039445 sp=0x00007fc990eaf4a8 mode 2
Event: 2,239 Thread 0x00007fc98800c000 Uncommon trap: trap_request=0xffffffd6 fr.pc=0x00007fc9851b6f1c
Event: 2,239 Thread 0x00007fc98800c000 DEOPT PACKING pc=0x00007fc9851b6f1c sp=0x00007fc990eaf440
Event: 2,239 Thread 0x00007fc98800c000 DEOPT UNPACKING pc=0x00007fc985039445 sp=0x00007fc990eaf418 mode 2
Event: 2,306 Executing VM operation: ParallelGCFailedAllocation


Dynamic libraries:
00400000-00401000 r-xp 00000000 08:01 2896608                            /usr/lib/jvm/java-7-openjdk-amd64/jre/bin/java
00600000-00601000 r--p 00000000 08:01 2896608                            /usr/lib/jvm/java-7-openjdk-amd64/jre/bin/java
00601000-00602000 rw-p 00001000 08:01 2896608                            /usr/lib/jvm/java-7-openjdk-amd64/jre/bin/java
0253c000-0255d000 rw-p 00000000 00:00 0                                  [heap]
b5a00000-b6f00000 rw-p 00000000 00:00 0 
b6f00000-c0000000 rw-p 00000000 00:00 0 
c0000000-c3080000 rw-p 00000000 00:00 0 
c3080000-eaa80000 rw-p 00000000 00:00 0 
eaa80000-f3280000 rw-p 00000000 00:00 0 
f6a00000-100000000 rw-p 00000000 00:00 0 
7fc930000000-7fc930021000 rw-p 00000000 00:00 0 
7fc930021000-7fc934000000 ---p 00000000 00:00 0 
7fc934000000-7fc934021000 rw-p 00000000 00:00 0 
7fc934021000-7fc938000000 ---p 00000000 00:00 0 
7fc938000000-7fc938827000 rw-p 00000000 00:00 0 
7fc938827000-7fc93c000000 ---p 00000000 00:00 0 
7fc93c000000-7fc93c6c8000 rw-p 00000000 00:00 0 
7fc93c6c8000-7fc940000000 ---p 00000000 00:00 0 
7fc940000000-7fc940021000 rw-p 00000000 00:00 0 
7fc940021000-7fc944000000 ---p 00000000 00:00 0 
7fc944000000-7fc944021000 rw-p 00000000 00:00 0 
7fc944021000-7fc948000000 ---p 00000000 00:00 0 
7fc948000000-7fc9480e1000 rw-p 00000000 00:00 0 
7fc9480e1000-7fc94c000000 ---p 00000000 00:00 0 
7fc94c000000-7fc94c021000 rw-p 00000000 00:00 0 
7fc94c021000-7fc950000000 ---p 00000000 00:00 0 
7fc950000000-7fc950021000 rw-p 00000000 00:00 0 
7fc950021000-7fc954000000 ---p 00000000 00:00 0 
7fc958000000-7fc958021000 rw-p 00000000 00:00 0 
7fc958021000-7fc95c000000 ---p 00000000 00:00 0 
7fc960000000-7fc960021000 rw-p 00000000 00:00 0 
7fc960021000-7fc964000000 ---p 00000000 00:00 0 
7fc968000000-7fc968021000 rw-p 00000000 00:00 0 
7fc968021000-7fc96c000000 ---p 00000000 00:00 0 
7fc96c000000-7fc96c021000 rw-p 00000000 00:00 0 
7fc96c021000-7fc970000000 ---p 00000000 00:00 0 
7fc970000000-7fc970021000 rw-p 00000000 00:00 0 
7fc970021000-7fc974000000 ---p 00000000 00:00 0 
7fc976ebe000-7fc97701f000 rw-p 00000000 00:00 0 
7fc97701f000-7fc97705c000 r-xp 00000000 08:01 1314944                    /lib/x86_64-linux-gnu/libpcre.so.3.13.1
7fc97705c000-7fc97725b000 ---p 0003d000 08:01 1314944                    /lib/x86_64-linux-gnu/libpcre.so.3.13.1
7fc97725b000-7fc97725c000 r--p 0003c000 08:01 1314944                    /lib/x86_64-linux-gnu/libpcre.so.3.13.1
7fc97725c000-7fc97725d000 rw-p 0003d000 08:01 1314944                    /lib/x86_64-linux-gnu/libpcre.so.3.13.1
7fc97725d000-7fc977264000 r-xp 00000000 08:01 2631073                    /usr/lib/x86_64-linux-gnu/libffi.so.6.0.1
7fc977264000-7fc977463000 ---p 00007000 08:01 2631073                    /usr/lib/x86_64-linux-gnu/libffi.so.6.0.1
7fc977463000-7fc977464000 r--p 00006000 08:01 2631073                    /usr/lib/x86_64-linux-gnu/libffi.so.6.0.1
7fc977464000-7fc977465000 rw-p 00007000 08:01 2631073                    /usr/lib/x86_64-linux-gnu/libffi.so.6.0.1
7fc977465000-7fc97747c000 r-xp 00000000 08:01 1314798                    /lib/x86_64-linux-gnu/libresolv-2.19.so
7fc97747c000-7fc97767c000 ---p 00017000 08:01 1314798                    /lib/x86_64-linux-gnu/libresolv-2.19.so
7fc97767c000-7fc97767d000 r--p 00017000 08:01 1314798                    /lib/x86_64-linux-gnu/libresolv-2.19.so
7fc97767d000-7fc97767e000 rw-p 00018000 08:01 1314798                    /lib/x86_64-linux-gnu/libresolv-2.19.so
7fc97767e000-7fc977680000 rw-p 00000000 00:00 0 
7fc977680000-7fc9776a0000 r-xp 00000000 08:01 1314971                    /lib/x86_64-linux-gnu/libselinux.so.1
7fc9776a0000-7fc97789f000 ---p 00020000 08:01 1314971                    /lib/x86_64-linux-gnu/libselinux.so.1
7fc97789f000-7fc9778a0000 r--p 0001f000 08:01 1314971                    /lib/x86_64-linux-gnu/libselinux.so.1
7fc9778a0000-7fc9778a1000 rw-p 00020000 08:01 1314971                    /lib/x86_64-linux-gnu/libselinux.so.1
7fc9778a1000-7fc9778a3000 rw-p 00000000 00:00 0 
7fc9778a3000-7fc9778a6000 r-xp 00000000 08:01 2621804                    /usr/lib/x86_64-linux-gnu/libgmodule-2.0.so.0.4002.0
7fc9778a6000-7fc977aa5000 ---p 00003000 08:01 2621804                    /usr/lib/x86_64-linux-gnu/libgmodule-2.0.so.0.4002.0
7fc977aa5000-7fc977aa6000 r--p 00002000 08:01 2621804                    /usr/lib/x86_64-linux-gnu/libgmodule-2.0.so.0.4002.0
7fc977aa6000-7fc977aa7000 rw-p 00003000 08:01 2621804                    /usr/lib/x86_64-linux-gnu/libgmodule-2.0.so.0.4002.0
7fc977aa7000-7fc977bad000 r-xp 00000000 08:01 1314776                    /lib/x86_64-linux-gnu/libglib-2.0.so.0.4002.0
7fc977bad000-7fc977dac000 ---p 00106000 08:01 1314776                    /lib/x86_64-linux-gnu/libglib-2.0.so.0.4002.0
7fc977dac000-7fc977dad000 r--p 00105000 08:01 1314776                    /lib/x86_64-linux-gnu/libglib-2.0.so.0.4002.0
7fc977dad000-7fc977dae000 rw-p 00106000 08:01 1314776                    /lib/x86_64-linux-gnu/libglib-2.0.so.0.4002.0
7fc977dae000-7fc977daf000 rw-p 00000000 00:00 0 
7fc977daf000-7fc977dfe000 r-xp 00000000 08:01 2621822                    /usr/lib/x86_64-linux-gnu/libgobject-2.0.so.0.4002.0
7fc977dfe000-7fc977ffe000 ---p 0004f000 08:01 2621822                    /usr/lib/x86_64-linux-gnu/libgobject-2.0.so.0.4002.0
7fc977ffe000-7fc977fff000 r--p 0004f000 08:01 2621822                    /usr/lib/x86_64-linux-gnu/libgobject-2.0.so.0.4002.0
7fc977fff000-7fc978000000 rw-p 00050000 08:01 2621822                    /usr/lib/x86_64-linux-gnu/libgobject-2.0.so.0.4002.0
7fc978000000-7fc978021000 rw-p 00000000 00:00 0 
7fc978021000-7fc97c000000 ---p 00000000 00:00 0 
7fc97c045000-7fc97c1b1000 r-xp 00000000 08:01 2621826                    /usr/lib/x86_64-linux-gnu/libgio-2.0.so.0.4002.0
7fc97c1b1000-7fc97c3b0000 ---p 0016c000 08:01 2621826                    /usr/lib/x86_64-linux-gnu/libgio-2.0.so.0.4002.0
7fc97c3b0000-7fc97c3b4000 r--p 0016b000 08:01 2621826                    /usr/lib/x86_64-linux-gnu/libgio-2.0.so.0.4002.0
7fc97c3b4000-7fc97c3b6000 rw-p 0016f000 08:01 2621826                    /usr/lib/x86_64-linux-gnu/libgio-2.0.so.0.4002.0
7fc97c3b6000-7fc97c3b8000 rw-p 00000000 00:00 0 
7fc97c3b8000-7fc97c3cf000 r-xp 00000000 08:01 2896675                    /usr/lib/jvm/java-7-openjdk-amd64/jre/lib/amd64/libnet.so
7fc97c3cf000-7fc97c5ce000 ---p 00017000 08:01 2896675                    /usr/lib/jvm/java-7-openjdk-amd64/jre/lib/amd64/libnet.so
7fc97c5ce000-7fc97c5cf000 r--p 00016000 08:01 2896675                    /usr/lib/jvm/java-7-openjdk-amd64/jre/lib/amd64/libnet.so
7fc97c5cf000-7fc97c5d0000 rw-p 00017000 08:01 2896675                    /usr/lib/jvm/java-7-openjdk-amd64/jre/lib/amd64/libnet.so
7fc97c5d0000-7fc97c5e0000 r-xp 00000000 08:01 2896662                    /usr/lib/jvm/java-7-openjdk-amd64/jre/lib/amd64/libnio.so
7fc97c5e0000-7fc97c7e0000 ---p 00010000 08:01 2896662                    /usr/lib/jvm/java-7-openjdk-amd64/jre/lib/amd64/libnio.so
7fc97c7e0000-7fc97c7e1000 r--p 00010000 08:01 2896662                    /usr/lib/jvm/java-7-openjdk-amd64/jre/lib/amd64/libnio.so
7fc97c7e1000-7fc97c7e2000 rw-p 00011000 08:01 2896662                    /usr/lib/jvm/java-7-openjdk-amd64/jre/lib/amd64/libnio.so
7fc97c7e2000-7fc97c7e3000 ---p 00000000 00:00 0 
7fc97c7e3000-7fc97c8e3000 rw-p 00000000 00:00 0                          [stack:7550]
7fc97c8e3000-7fc97c8e6000 ---p 00000000 00:00 0 
7fc97c8e6000-7fc97c9e4000 rw-p 00000000 00:00 0                          [stack:7549]
7fc97c9e4000-7fc97c9e7000 ---p 00000000 00:00 0 
7fc97c9e7000-7fc97cae5000 rw-p 00000000 00:00 0                          [stack:7548]
7fc97cae5000-7fc97cae8000 ---p 00000000 00:00 0 
7fc97cae8000-7fc97cbe6000 rw-p 00000000 00:00 0                          [stack:7547]
7fc97cbe6000-7fc97cbe9000 ---p 00000000 00:00 0 
7fc97cbe9000-7fc97cce7000 rw-p 00000000 00:00 0                          [stack:7546]
7fc97cce7000-7fc97d3c9000 r--p 00000000 08:01 2629488                    /usr/lib/locale/locale-archive
7fc97d3c9000-7fc97d3cc000 ---p 00000000 00:00 0 
7fc97d3cc000-7fc97d4ca000 rw-p 00000000 00:00 0                          [stack:7545]
7fc97d4ca000-7fc97d4cd000 ---p 00000000 00:00 0 
7fc97d4cd000-7fc97d5cb000 rw-p 00000000 00:00 0                          [stack:7544]
7fc97d5cb000-7fc97d5cc000 ---p 00000000 00:00 0 
7fc97d5cc000-7fc980000000 rw-p 00000000 00:00 0                          [stack:7543]
7fc980000000-7fc980021000 rw-p 00000000 00:00 0 
7fc980021000-7fc984000000 ---p 00000000 00:00 0 
7fc98404c000-7fc985000000 rw-p 00000000 00:00 0 
7fc985000000-7fc985270000 rwxp 00000000 00:00 0 
7fc985270000-7fc9882b2000 rw-p 00000000 00:00 0 
7fc9882b2000-7fc98c000000 ---p 00000000 00:00 0 
7fc98c008000-7fc98c00d000 r--s 0004d000 08:01 2896697                    /usr/lib/jvm/java-7-openjdk-amd64/jre/lib/jsse.jar
7fc98c00d000-7fc98c01c000 r--s 000dd000 00:19 3280347                    /home/kev/Android/Sdk/build-tools/21.1.2/lib/dx.jar
7fc98c01c000-7fc98c8f1000 rw-p 00000000 00:00 0 
7fc98c8f1000-7fc98caa2000 r--s 01d27000 08:01 2896681                    /usr/lib/jvm/java-7-openjdk-amd64/jre/lib/rt.jar
7fc98caa2000-7fc98cdee000 rw-p 00000000 00:00 0 
7fc98cdee000-7fc98cdef000 ---p 00000000 00:00 0 
7fc98cdef000-7fc98ceef000 rw-p 00000000 00:00 0                          [stack:7542]
7fc98ceef000-7fc98cef0000 ---p 00000000 00:00 0 
7fc98cef0000-7fc98cff0000 rw-p 00000000 00:00 0                          [stack:7541]
7fc98cff0000-7fc98cff1000 ---p 00000000 00:00 0 
7fc98cff1000-7fc98d0f1000 rw-p 00000000 00:00 0                          [stack:7540]
7fc98d0f1000-7fc98d0f2000 ---p 00000000 00:00 0 
7fc98d0f2000-7fc98d1f2000 rw-p 00000000 00:00 0                          [stack:7539]
7fc98d1f2000-7fc98d1f3000 ---p 00000000 00:00 0 
7fc98d1f3000-7fc98d2f3000 rw-p 00000000 00:00 0                          [stack:7538]
7fc98d2f3000-7fc98d2f4000 ---p 00000000 00:00 0 
7fc98d2f4000-7fc98d3f4000 rw-p 00000000 00:00 0                          [stack:7537]
7fc98d3f4000-7fc98d3f5000 ---p 00000000 00:00 0 
7fc98d3f5000-7fc98d4f5000 rw-p 00000000 00:00 0                          [stack:7536]
7fc98d4f5000-7fc98d4f6000 ---p 00000000 00:00 0 
7fc98d4f6000-7fc98d601000 rw-p 00000000 00:00 0                          [stack:7535]
7fc98d601000-7fc98d649000 rw-p 00000000 00:00 0 
7fc98d649000-7fc98d662000 rw-p 00000000 00:00 0 
7fc98d662000-7fc98d79f000 rw-p 00000000 00:00 0 
7fc98d79f000-7fc98d7aa000 rw-p 00000000 00:00 0 
7fc98d7aa000-7fc98d7f2000 rw-p 00000000 00:00 0 
7fc98d7f2000-7fc98d80b000 rw-p 00000000 00:00 0 
7fc98d80b000-7fc98d947000 rw-p 00000000 00:00 0 
7fc98d947000-7fc98d98c000 rw-p 00000000 00:00 0 
7fc98d98c000-7fc98d9f2000 rw-p 00000000 00:00 0 
7fc98d9f2000-7fc98d9f3000 rw-p 00000000 00:00 0 
7fc98d9f3000-7fc98d9fb000 r-xp 00000000 08:01 2896658                    /usr/lib/jvm/java-7-openjdk-amd64/jre/lib/amd64/libzip.so
7fc98d9fb000-7fc98dbfa000 ---p 00008000 08:01 2896658                    /usr/lib/jvm/java-7-openjdk-amd64/jre/lib/amd64/libzip.so
7fc98dbfa000-7fc98dbfb000 r--p 00007000 08:01 2896658                    /usr/lib/jvm/java-7-openjdk-amd64/jre/lib/amd64/libzip.so
7fc98dbfb000-7fc98dbfc000 rw-p 00008000 08:01 2896658                    /usr/lib/jvm/java-7-openjdk-amd64/jre/lib/amd64/libzip.so
7fc98dbfc000-7fc98dc07000 r-xp 00000000 08:01 1314833                    /lib/x86_64-linux-gnu/libnss_files-2.19.so
7fc98dc07000-7fc98de06000 ---p 0000b000 08:01 1314833                    /lib/x86_64-linux-gnu/libnss_files-2.19.so
7fc98de06000-7fc98de07000 r--p 0000a000 08:01 1314833                    /lib/x86_64-linux-gnu/libnss_files-2.19.so
7fc98de07000-7fc98de08000 rw-p 0000b000 08:01 1314833                    /lib/x86_64-linux-gnu/libnss_files-2.19.so
7fc98de08000-7fc98de13000 r-xp 00000000 08:01 1314967                    /lib/x86_64-linux-gnu/libnss_nis-2.19.so
7fc98de13000-7fc98e012000 ---p 0000b000 08:01 1314967                    /lib/x86_64-linux-gnu/libnss_nis-2.19.so
7fc98e012000-7fc98e013000 r--p 0000a000 08:01 1314967                    /lib/x86_64-linux-gnu/libnss_nis-2.19.so
7fc98e013000-7fc98e014000 rw-p 0000b000 08:01 1314967                    /lib/x86_64-linux-gnu/libnss_nis-2.19.so
7fc98e014000-7fc98e02b000 r-xp 00000000 08:01 1314868                    /lib/x86_64-linux-gnu/libnsl-2.19.so
7fc98e02b000-7fc98e22a000 ---p 00017000 08:01 1314868                    /lib/x86_64-linux-gnu/libnsl-2.19.so
7fc98e22a000-7fc98e22b000 r--p 00016000 08:01 1314868                    /lib/x86_64-linux-gnu/libnsl-2.19.so
7fc98e22b000-7fc98e22c000 rw-p 00017000 08:01 1314868                    /lib/x86_64-linux-gnu/libnsl-2.19.so
7fc98e22c000-7fc98e22e000 rw-p 00000000 00:00 0 
7fc98e22e000-7fc98e237000 r-xp 00000000 08:01 1314859                    /lib/x86_64-linux-gnu/libnss_compat-2.19.so
7fc98e237000-7fc98e436000 ---p 00009000 08:01 1314859                    /lib/x86_64-linux-gnu/libnss_compat-2.19.so
7fc98e436000-7fc98e437000 r--p 00008000 08:01 1314859                    /lib/x86_64-linux-gnu/libnss_compat-2.19.so
7fc98e437000-7fc98e438000 rw-p 00009000 08:01 1314859                    /lib/x86_64-linux-gnu/libnss_compat-2.19.so
7fc98e438000-7fc98e463000 r-xp 00000000 08:01 2896674                    /usr/lib/jvm/java-7-openjdk-amd64/jre/lib/amd64/libjava.so
7fc98e463000-7fc98e663000 ---p 0002b000 08:01 2896674                    /usr/lib/jvm/java-7-openjdk-amd64/jre/lib/amd64/libjava.so
7fc98e663000-7fc98e664000 r--p 0002b000 08:01 2896674                    /usr/lib/jvm/java-7-openjdk-amd64/jre/lib/amd64/libjava.so
7fc98e664000-7fc98e666000 rw-p 0002c000 08:01 2896674                    /usr/lib/jvm/java-7-openjdk-amd64/jre/lib/amd64/libjava.so
7fc98e666000-7fc98e676000 r-xp 00000000 08:01 2896671                    /usr/lib/jvm/java-7-openjdk-amd64/jre/lib/amd64/libverify.so
7fc98e676000-7fc98e875000 ---p 00010000 08:01 2896671                    /usr/lib/jvm/java-7-openjdk-amd64/jre/lib/amd64/libverify.so
7fc98e875000-7fc98e877000 r--p 0000f000 08:01 2896671                    /usr/lib/jvm/java-7-openjdk-amd64/jre/lib/amd64/libverify.so
7fc98e877000-7fc98e878000 rw-p 00011000 08:01 2896671                    /usr/lib/jvm/java-7-openjdk-amd64/jre/lib/amd64/libverify.so
7fc98e878000-7fc98e87f000 r-xp 00000000 08:01 1314916                    /lib/x86_64-linux-gnu/librt-2.19.so
7fc98e87f000-7fc98ea7e000 ---p 00007000 08:01 1314916                    /lib/x86_64-linux-gnu/librt-2.19.so
7fc98ea7e000-7fc98ea7f000 r--p 00006000 08:01 1314916                    /lib/x86_64-linux-gnu/librt-2.19.so
7fc98ea7f000-7fc98ea80000 rw-p 00007000 08:01 1314916                    /lib/x86_64-linux-gnu/librt-2.19.so
7fc98ea80000-7fc98ea96000 r-xp 00000000 08:01 1314818                    /lib/x86_64-linux-gnu/libgcc_s.so.1
7fc98ea96000-7fc98ec95000 ---p 00016000 08:01 1314818                    /lib/x86_64-linux-gnu/libgcc_s.so.1
7fc98ec95000-7fc98ec96000 rw-p 00015000 08:01 1314818                    /lib/x86_64-linux-gnu/libgcc_s.so.1
7fc98ec96000-7fc98ed9b000 r-xp 00000000 08:01 1314817                    /lib/x86_64-linux-gnu/libm-2.19.so
7fc98ed9b000-7fc98ef9a000 ---p 00105000 08:01 1314817                    /lib/x86_64-linux-gnu/libm-2.19.so
7fc98ef9a000-7fc98ef9b000 r--p 00104000 08:01 1314817                    /lib/x86_64-linux-gnu/libm-2.19.so
7fc98ef9b000-7fc98ef9c000 rw-p 00105000 08:01 1314817                    /lib/x86_64-linux-gnu/libm-2.19.so
7fc98ef9c000-7fc98f082000 r-xp 00000000 08:01 2631701                    /usr/lib/x86_64-linux-gnu/libstdc++.so.6.0.19
7fc98f082000-7fc98f281000 ---p 000e6000 08:01 2631701                    /usr/lib/x86_64-linux-gnu/libstdc++.so.6.0.19
7fc98f281000-7fc98f289000 r--p 000e5000 08:01 2631701                    /usr/lib/x86_64-linux-gnu/libstdc++.so.6.0.19
7fc98f289000-7fc98f28b000 rw-p 000ed000 08:01 2631701                    /usr/lib/x86_64-linux-gnu/libstdc++.so.6.0.19
7fc98f28b000-7fc98f2a0000 rw-p 00000000 00:00 0 
7fc98f2a0000-7fc98fdb8000 r-xp 00000000 08:01 2896679                    /usr/lib/jvm/java-7-openjdk-amd64/jre/lib/amd64/server/libjvm.so
7fc98fdb8000-7fc98ffb8000 ---p 00b18000 08:01 2896679                    /usr/lib/jvm/java-7-openjdk-amd64/jre/lib/amd64/server/libjvm.so
7fc98ffb8000-7fc990052000 r--p 00b18000 08:01 2896679                    /usr/lib/jvm/java-7-openjdk-amd64/jre/lib/amd64/server/libjvm.so
7fc990052000-7fc990075000 rw-p 00bb2000 08:01 2896679                    /usr/lib/jvm/java-7-openjdk-amd64/jre/lib/amd64/server/libjvm.so
7fc990075000-7fc9900a3000 rw-p 00000000 00:00 0 
7fc9900a3000-7fc9900bb000 r-xp 00000000 08:01 1315004                    /lib/x86_64-linux-gnu/libz.so.1.2.8
7fc9900bb000-7fc9902ba000 ---p 00018000 08:01 1315004                    /lib/x86_64-linux-gnu/libz.so.1.2.8
7fc9902ba000-7fc9902bb000 r--p 00017000 08:01 1315004                    /lib/x86_64-linux-gnu/libz.so.1.2.8
7fc9902bb000-7fc9902bc000 rw-p 00018000 08:01 1315004                    /lib/x86_64-linux-gnu/libz.so.1.2.8
7fc9902bc000-7fc9902d5000 r-xp 00000000 08:01 1314912                    /lib/x86_64-linux-gnu/libpthread-2.19.so
7fc9902d5000-7fc9904d4000 ---p 00019000 08:01 1314912                    /lib/x86_64-linux-gnu/libpthread-2.19.so
7fc9904d4000-7fc9904d5000 r--p 00018000 08:01 1314912                    /lib/x86_64-linux-gnu/libpthread-2.19.so
7fc9904d5000-7fc9904d6000 rw-p 00019000 08:01 1314912                    /lib/x86_64-linux-gnu/libpthread-2.19.so
7fc9904d6000-7fc9904da000 rw-p 00000000 00:00 0 
7fc9904da000-7fc9904dd000 r-xp 00000000 08:01 1314851                    /lib/x86_64-linux-gnu/libdl-2.19.so
7fc9904dd000-7fc9906dc000 ---p 00003000 08:01 1314851                    /lib/x86_64-linux-gnu/libdl-2.19.so
7fc9906dc000-7fc9906dd000 r--p 00002000 08:01 1314851                    /lib/x86_64-linux-gnu/libdl-2.19.so
7fc9906dd000-7fc9906de000 rw-p 00003000 08:01 1314851                    /lib/x86_64-linux-gnu/libdl-2.19.so
7fc9906de000-7fc990899000 r-xp 00000000 08:01 1314910                    /lib/x86_64-linux-gnu/libc-2.19.so
7fc990899000-7fc990a98000 ---p 001bb000 08:01 1314910                    /lib/x86_64-linux-gnu/libc-2.19.so
7fc990a98000-7fc990a9c000 r--p 001ba000 08:01 1314910                    /lib/x86_64-linux-gnu/libc-2.19.so
7fc990a9c000-7fc990a9e000 rw-p 001be000 08:01 1314910                    /lib/x86_64-linux-gnu/libc-2.19.so
7fc990a9e000-7fc990aa3000 rw-p 00000000 00:00 0 
7fc990aa3000-7fc990ab0000 r-xp 00000000 08:01 2896650                    /usr/lib/jvm/java-7-openjdk-amd64/jre/lib/amd64/jli/libjli.so
7fc990ab0000-7fc990caf000 ---p 0000d000 08:01 2896650                    /usr/lib/jvm/java-7-openjdk-amd64/jre/lib/amd64/jli/libjli.so
7fc990caf000-7fc990cb0000 r--p 0000c000 08:01 2896650                    /usr/lib/jvm/java-7-openjdk-amd64/jre/lib/amd64/jli/libjli.so
7fc990cb0000-7fc990cb1000 rw-p 0000d000 08:01 2896650                    /usr/lib/jvm/java-7-openjdk-amd64/jre/lib/amd64/jli/libjli.so
7fc990cb1000-7fc990cd4000 r-xp 00000000 08:01 1314872                    /lib/x86_64-linux-gnu/ld-2.19.so
7fc990cd5000-7fc990cd6000 rw-p 00000000 00:00 0 
7fc990cd6000-7fc990cd8000 r--s 00006000 08:01 3031457                    /usr/share/java/java-atk-wrapper.jar
7fc990cd8000-7fc990cfa000 rw-p 00000000 00:00 0 
7fc990cfa000-7fc990db0000 rw-p 00000000 00:00 0 
7fc990db0000-7fc990db3000 ---p 00000000 00:00 0 
7fc990db3000-7fc990eb6000 rw-p 00000000 00:00 0                          [stack:7534]
7fc990eb6000-7fc990eb8000 r--s 00012000 08:01 2896689                    /usr/lib/jvm/java-7-openjdk-amd64/jre/lib/ext/zipfs.jar
7fc990eb8000-7fc990ebb000 r--s 0000f000 08:01 2896684                    /usr/lib/jvm/java-7-openjdk-amd64/jre/lib/ext/icedtea-sound.jar
7fc990ebb000-7fc990ebe000 r--s 00086000 08:01 2896687                    /usr/lib/jvm/java-7-openjdk-amd64/jre/lib/ext/localedata.jar
7fc990ebe000-7fc990ec2000 r--s 00034000 08:01 2896688                    /usr/lib/jvm/java-7-openjdk-amd64/jre/lib/ext/sunjce_provider.jar
7fc990ec2000-7fc990ec6000 r--s 0003c000 08:01 2896686                    /usr/lib/jvm/java-7-openjdk-amd64/jre/lib/ext/sunpkcs11.jar
7fc990ec6000-7fc990ec7000 r--s 00002000 08:01 2896685                    /usr/lib/jvm/java-7-openjdk-amd64/jre/lib/ext/dnsns.jar
7fc990ec7000-7fc990ecf000 rw-s 00000000 08:01 665696                     /tmp/hsperfdata_kev/7530
7fc990ecf000-7fc990ed0000 rw-p 00000000 00:00 0 
7fc990ed0000-7fc990ed1000 ---p 00000000 00:00 0 
7fc990ed1000-7fc990ed3000 rw-p 00000000 00:00 0 
7fc990ed3000-7fc990ed4000 r--p 00022000 08:01 1314872                    /lib/x86_64-linux-gnu/ld-2.19.so
7fc990ed4000-7fc990ed5000 rw-p 00023000 08:01 1314872                    /lib/x86_64-linux-gnu/ld-2.19.so
7fc990ed5000-7fc990ed6000 rw-p 00000000 00:00 0 
7ffdd58e2000-7ffdd5904000 rw-p 00000000 00:00 0                          [stack]
7ffdd596d000-7ffdd596f000 r-xp 00000000 00:00 0                          [vdso]
ffffffffff600000-ffffffffff601000 r-xp 00000000 00:00 0                  [vsyscall]

VM Arguments:
jvm_args: -Xmx1024M -Dfile.encoding=UTF-8 -Duser.country=US -Duser.language=en -Duser.variant 
java_command: com.android.dx.command.Main --dex --output /home/kev/AndroidStudioProjects/PriceCloud/app/build/intermediates/dex/debug /home/kev/AndroidStudioProjects/PriceCloud/app/build/intermediates/classes/debug /home/kev/AndroidStudioProjects/PriceCloud/app/build/intermediates/pre-dexed/debug/support-annotations-22.2.0-47529ac724c557d0a5590715bd59ee03eb3d089e.jar /home/kev/AndroidStudioProjects/PriceCloud/app/build/intermediates/pre-dexed/debug/classes-6f53929c59bddb41dc47672ba172f2df13a695dd.jar /home/kev/AndroidStudioProjects/PriceCloud/app/build/intermediates/pre-dexed/debug/classes-6c442f0d9abde040e40e674a19105e4ae643f1e7.jar /home/kev/AndroidStudioProjects/PriceCloud/app/build/intermediates/pre-dexed/debug/classes-b3a574ae2360b2a35a5374027e790e371b6ba833.jar /home/kev/AndroidStudioProjects/PriceCloud/app/build/intermediates/pre-dexed/debug/internal_impl-22.0.0-3f4198c2b9de9c2f236882d5e4e7e5679e500b10.jar /home/kev/AndroidStudioProjects/PriceCloud/app/build/intermediates/pre-dexed/debug/classes-dd00e13e55427572cc98c88a2e708f811418805a.jar /home/kev/AndroidStudioProjects/PriceCloud/app/build/intermediates/pre-dexed/debug/classes-d373bc7eea05044a443c67937e68c3f848c4a891.jar /home/kev/AndroidStudioProjects/PriceCloud/app/build/intermediates/pre-dexed/debug/classes-737b2b747426fb2693012b7faeb38377e52de754.jar /home/kev/AndroidStudioProjects/PriceCloud/app/build/intermediates/pre-dexed/debug/classes-d5aee46fe9fc2fb9ef2d81b7ee3664f00d0edd40.jar /home/kev/AndroidStudioProjects/PriceCloud/app/build/intermediates/pre-dexed/debug/classes-879217c8ec485c1bd328a5b15ebb0d37f78439f6.jar /home/kev/AndroidStudioProjects/PriceCloud/app/build/intermediates/pre-dexed/debug/classes-617b36adb7422716a4e963e770bb49ae6af34efb.jar /home/kev/AndroidStudioProjects/PriceCloud/app/build/intermediates/pre-dexed/debug/classes-dc52b2be9a1451ca03381177a20199fb00f762f3.jar /home/kev/AndroidStudioProjects/PriceCloud/app/build/intermediates/pre-dexed/debug/classes-da4488b3c869e3b39ecca7d99513
Launcher Type: SUN_STANDARD

Environment Variables:
PATH=/usr/local/sbin:/usr/local/bin:/usr/sbin:/usr/bin:/sbin:/bin:/usr/games:/usr/local/games:~/.composer/vendor/bin
LD_LIBRARY_PATH=/opt/android-studio/bin:
SHELL=/bin/bash
DISPLAY=:0

Signal Handlers:
SIGSEGV: [libjvm.so+0x94b9a0], sa_mask[0]=0x7ffbfeff, sa_flags=0x10000004
SIGBUS: [libjvm.so+0x94b9a0], sa_mask[0]=0x7ffbfeff, sa_flags=0x10000004
SIGFPE: [libjvm.so+0x7c3880], sa_mask[0]=0x7ffbfeff, sa_flags=0x10000004
SIGPIPE: [libjvm.so+0x7c3880], sa_mask[0]=0x7ffbfeff, sa_flags=0x10000004
SIGXFSZ: [libjvm.so+0x7c3880], sa_mask[0]=0x7ffbfeff, sa_flags=0x10000004
SIGILL: [libjvm.so+0x7c3880], sa_mask[0]=0x7ffbfeff, sa_flags=0x10000004
SIGUSR1: SIG_DFL, sa_mask[0]=0x00000000, sa_flags=0x00000000
SIGUSR2: [libjvm.so+0x7c3720], sa_mask[0]=0x00000004, sa_flags=0x10000004
SIGHUP: [libjvm.so+0x7c3900], sa_mask[0]=0x7ffbfeff, sa_flags=0x10000004
SIGINT: [libjvm.so+0x7c3900], sa_mask[0]=0x7ffbfeff, sa_flags=0x10000004
SIGTERM: [libjvm.so+0x7c3900], sa_mask[0]=0x7ffbfeff, sa_flags=0x10000004
SIGQUIT: [libjvm.so+0x7c3900], sa_mask[0]=0x7ffbfeff, sa_flags=0x10000004
SIGTRAP: SIG_DFL, sa_mask[0]=0x00000000, sa_flags=0x00000000


---------------  S Y S T E M  ---------------

OS:Ubuntu 14.04 (trusty)
uname:Linux 3.13.0-54-generic #91-Ubuntu SMP Tue May 26 19:15:08 UTC 2015 x86_64
libc:glibc 2.19 NPTL 2.19 
rlimit: STACK 8192k, CORE 0k, NPROC 28866, NOFILE 4096, AS infinity
load average:3,14 2,55 2,41

/proc/meminfo:
MemTotal:        3724688 kB
MemFree:           85028 kB
Buffers:             216 kB
Cached:           668536 kB
SwapCached:        13324 kB
Active:          2640312 kB
Inactive:         816144 kB
Active(anon):    2639956 kB
Inactive(anon):   810332 kB
Active(file):        356 kB
Inactive(file):     5812 kB
Unevictable:          32 kB
Mlocked:              32 kB
SwapTotal:        488276 kB
SwapFree:              0 kB
Dirty:               188 kB
Writeback:             0 kB
AnonPages:       2775336 kB
Mapped:           130464 kB
Shmem:            661672 kB
Slab:              81576 kB
SReclaimable:      32492 kB
SUnreclaim:        49084 kB
KernelStack:        5144 kB
PageTables:        34396 kB
NFS_Unstable:          0 kB
Bounce:                0 kB
WritebackTmp:          0 kB
CommitLimit:     2350620 kB
Committed_AS:    8907180 kB
VmallocTotal:   34359738367 kB
VmallocUsed:      351728 kB
VmallocChunk:   34359367436 kB
HardwareCorrupted:     0 kB
AnonHugePages:    761856 kB
HugePages_Total:       0
HugePages_Free:        0
HugePages_Rsvd:        0
HugePages_Surp:        0
Hugepagesize:       2048 kB
DirectMap4k:       80512 kB
DirectMap2M:     2738176 kB
DirectMap1G:     1048576 kB


CPU:total 8 (4 cores per cpu, 2 threads per core) family 6 model 60 stepping 3, cmov, cx8, fxsr, mmx, sse, sse2, sse3, ssse3, sse4.1, sse4.2, popcnt, avx, avx2, aes, erms, ht, tsc, tscinvbit

/proc/cpuinfo:
processor	: 0
vendor_id	: GenuineIntel
cpu family	: 6
model		: 60
model name	: Intel(R) Core(TM) i7-4771 CPU @ 3.50GHz
stepping	: 3
microcode	: 0x9
cpu MHz		: 3100.000
cache size	: 8192 KB
physical id	: 0
siblings	: 8
core id		: 0
cpu cores	: 4
apicid		: 0
initial apicid	: 0
fpu		: yes
fpu_exception	: yes
cpuid level	: 13
wp		: yes
flags		: fpu vme de pse tsc msr pae mce cx8 apic sep mtrr pge mca cmov pat pse36 clflush dts acpi mmx fxsr sse sse2 ss ht tm pbe syscall nx pdpe1gb rdtscp lm constant_tsc arch_perfmon pebs bts rep_good nopl xtopology nonstop_tsc aperfmperf eagerfpu pni pclmulqdq dtes64 monitor ds_cpl vmx smx est tm2 ssse3 fma cx16 xtpr pdcm pcid sse4_1 sse4_2 x2apic movbe popcnt tsc_deadline_timer aes xsave avx f16c rdrand lahf_lm abm ida arat epb xsaveopt pln pts dtherm tpr_shadow vnmi flexpriority ept vpid fsgsbase tsc_adjust bmi1 hle avx2 smep bmi2 erms invpcid rtm
bogomips	: 6995.80
clflush size	: 64
cache_alignment	: 64
address sizes	: 39 bits physical, 48 bits virtual
power management:

processor	: 1
vendor_id	: GenuineIntel
cpu family	: 6
model		: 60
model name	: Intel(R) Core(TM) i7-4771 CPU @ 3.50GHz
stepping	: 3
microcode	: 0x9
cpu MHz		: 3300.000
cache size	: 8192 KB
physical id	: 0
siblings	: 8
core id		: 1
cpu cores	: 4
apicid		: 2
initial apicid	: 2
fpu		: yes
fpu_exception	: yes
cpuid level	: 13
wp		: yes
flags		: fpu vme de pse tsc msr pae mce cx8 apic sep mtrr pge mca cmov pat pse36 clflush dts acpi mmx fxsr sse sse2 ss ht tm pbe syscall nx pdpe1gb rdtscp lm constant_tsc arch_perfmon pebs bts rep_good nopl xtopology nonstop_tsc aperfmperf eagerfpu pni pclmulqdq dtes64 monitor ds_cpl vmx smx est tm2 ssse3 fma cx16 xtpr pdcm pcid sse4_1 sse4_2 x2apic movbe popcnt tsc_deadline_timer aes xsave avx f16c rdrand lahf_lm abm ida arat epb xsaveopt pln pts dtherm tpr_shadow vnmi flexpriority ept vpid fsgsbase tsc_adjust bmi1 hle avx2 smep bmi2 erms invpcid rtm
bogomips	: 6995.80
clflush size	: 64
cache_alignment	: 64
address sizes	: 39 bits physical, 48 bits virtual
power management:

processor	: 2
vendor_id	: GenuineIntel
cpu family	: 6
model		: 60
model name	: Intel(R) Core(TM) i7-4771 CPU @ 3.50GHz
stepping	: 3
microcode	: 0x9
cpu MHz		: 3501.000
cache size	: 8192 KB
physical id	: 0
siblings	: 8
core id		: 2
cpu cores	: 4
apicid		: 4
initial apicid	: 4
fpu		: yes
fpu_exception	: yes
cpuid level	: 13
wp		: yes
flags		: fpu vme de pse tsc msr pae mce cx8 apic sep mtrr pge mca cmov pat pse36 clflush dts acpi mmx fxsr sse sse2 ss ht tm pbe syscall nx pdpe1gb rdtscp lm constant_tsc arch_perfmon pebs bts rep_good nopl xtopology nonstop_tsc aperfmperf eagerfpu pni pclmulqdq dtes64 monitor ds_cpl vmx smx est tm2 ssse3 fma cx16 xtpr pdcm pcid sse4_1 sse4_2 x2apic movbe popcnt tsc_deadline_timer aes xsave avx f16c rdrand lahf_lm abm ida arat epb xsaveopt pln pts dtherm tpr_shadow vnmi flexpriority ept vpid fsgsbase tsc_adjust bmi1 hle avx2 smep bmi2 erms invpcid rtm
bogomips	: 6995.80
clflush size	: 64
cache_alignment	: 64
address sizes	: 39 bits physical, 48 bits virtual
power management:

processor	: 3
vendor_id	: GenuineIntel
cpu family	: 6
model		: 60
model name	: Intel(R) Core(TM) i7-4771 CPU @ 3.50GHz
stepping	: 3
microcode	: 0x9
cpu MHz		: 3100.000
cache size	: 8192 KB
physical id	: 0
siblings	: 8
core id		: 3
cpu cores	: 4
apicid		: 6
initial apicid	: 6
fpu		: yes
fpu_exception	: yes
cpuid level	: 13
wp		: yes
flags		: fpu vme de pse tsc msr pae mce cx8 apic sep mtrr pge mca cmov pat pse36 clflush dts acpi mmx fxsr sse sse2 ss ht tm pbe syscall nx pdpe1gb rdtscp lm constant_tsc arch_perfmon pebs bts rep_good nopl xtopology nonstop_tsc aperfmperf eagerfpu pni pclmulqdq dtes64 monitor ds_cpl vmx smx est tm2 ssse3 fma cx16 xtpr pdcm pcid sse4_1 sse4_2 x2apic movbe popcnt tsc_deadline_timer aes xsave avx f16c rdrand lahf_lm abm ida arat epb xsaveopt pln pts dtherm tpr_shadow vnmi flexpriority ept vpid fsgsbase tsc_adjust bmi1 hle avx2 smep bmi2 erms invpcid rtm
bogomips	: 6995.80
clflush size	: 64
cache_alignment	: 64
address sizes	: 39 bits physical, 48 bits virtual
power management:

processor	: 4
vendor_id	: GenuineIntel
cpu family	: 6
model		: 60
model name	: Intel(R) Core(TM) i7-4771 CPU @ 3.50GHz
stepping	: 3
microcode	: 0x9
cpu MHz		: 2500.000
cache size	: 8192 KB
physical id	: 0
siblings	: 8
core id		: 0
cpu cores	: 4
apicid		: 1
initial apicid	: 1
fpu		: yes
fpu_exception	: yes
cpuid level	: 13
wp		: yes
flags		: fpu vme de pse tsc msr pae mce cx8 apic sep mtrr pge mca cmov pat pse36 clflush dts acpi mmx fxsr sse sse2 ss ht tm pbe syscall nx pdpe1gb rdtscp lm constant_tsc arch_perfmon pebs bts rep_good nopl xtopology nonstop_tsc aperfmperf eagerfpu pni pclmulqdq dtes64 monitor ds_cpl vmx smx est tm2 ssse3 fma cx16 xtpr pdcm pcid sse4_1 sse4_2 x2apic movbe popcnt tsc_deadline_timer aes xsave avx f16c rdrand lahf_lm abm ida arat epb xsaveopt pln pts dtherm tpr_shadow vnmi flexpriority ept vpid fsgsbase tsc_adjust bmi1 hle avx2 smep bmi2 erms invpcid rtm
bogomips	: 6995.80
clflush size	: 64
cache_alignment	: 64
address sizes	: 39 bits physical, 48 bits virtual
power management:

processor	: 5
vendor_id	: GenuineIntel
cpu family	: 6
model		: 60
model name	: Intel(R) Core(TM) i7-4771 CPU @ 3.50GHz
stepping	: 3
microcode	: 0x9
cpu MHz		: 3501.000
cache size	: 8192 KB
physical id	: 0
siblings	: 8
core id		: 1
cpu cores	: 4
apicid		: 3
initial apicid	: 3
fpu		: yes
fpu_exception	: yes
cpuid level	: 13
wp		: yes
flags		: fpu vme de pse tsc msr pae mce cx8 apic sep mtrr pge mca cmov pat pse36 clflush dts acpi mmx fxsr sse sse2 ss ht tm pbe syscall nx pdpe1gb rdtscp lm constant_tsc arch_perfmon pebs bts rep_good nopl xtopology nonstop_tsc aperfmperf eagerfpu pni pclmulqdq dtes64 monitor ds_cpl vmx smx est tm2 ssse3 fma cx16 xtpr pdcm pcid sse4_1 sse4_2 x2apic movbe popcnt tsc_deadline_timer aes xsave avx f16c rdrand lahf_lm abm ida arat epb xsaveopt pln pts dtherm tpr_shadow vnmi flexpriority ept vpid fsgsbase tsc_adjust bmi1 hle avx2 smep bmi2 erms invpcid rtm
bogomips	: 6995.80
clflush size	: 64
cache_alignment	: 64
address sizes	: 39 bits physical, 48 bits virtual
power management:

processor	: 6
vendor_id	: GenuineIntel
cpu family	: 6
model		: 60
model name	: Intel(R) Core(TM) i7-4771 CPU @ 3.50GHz
stepping	: 3
microcode	: 0x9
cpu MHz		: 800.000
cache size	: 8192 KB
physical id	: 0
siblings	: 8
core id		: 2
cpu cores	: 4
apicid		: 5
initial apicid	: 5
fpu		: yes
fpu_exception	: yes
cpuid level	: 13
wp		: yes
flags		: fpu vme de pse tsc msr pae mce cx8 apic sep mtrr pge mca cmov pat pse36 clflush dts acpi mmx fxsr sse sse2 ss ht tm pbe syscall nx pdpe1gb rdtscp lm constant_tsc arch_perfmon pebs bts rep_good nopl xtopology nonstop_tsc aperfmperf eagerfpu pni pclmulqdq dtes64 monitor ds_cpl vmx smx est tm2 ssse3 fma cx16 xtpr pdcm pcid sse4_1 sse4_2 x2apic movbe popcnt tsc_deadline_timer aes xsave avx f16c rdrand lahf_lm abm ida arat epb xsaveopt pln pts dtherm tpr_shadow vnmi flexpriority ept vpid fsgsbase tsc_adjust bmi1 hle avx2 smep bmi2 erms invpcid rtm
bogomips	: 6995.80
clflush size	: 64
cache_alignment	: 64
address sizes	: 39 bits physical, 48 bits virtual
power management:

processor	: 7
vendor_id	: GenuineIntel
cpu family	: 6
model		: 60
model name	: Intel(R) Core(TM) i7-4771 CPU @ 3.50GHz
stepping	: 3
microcode	: 0x9
cpu MHz		: 2900.000
cache size	: 8192 KB
physical id	: 0
siblings	: 8
core id		: 3
cpu cores	: 4
apicid		: 7
initial apicid	: 7
fpu		: yes
fpu_exception	: yes
cpuid level	: 13
wp		: yes
flags		: fpu vme de pse tsc msr pae mce cx8 apic sep mtrr pge mca cmov pat pse36 clflush dts acpi mmx fxsr sse sse2 ss ht tm pbe syscall nx pdpe1gb rdtscp lm constant_tsc arch_perfmon pebs bts rep_good nopl xtopology nonstop_tsc aperfmperf eagerfpu pni pclmulqdq dtes64 monitor ds_cpl vmx smx est tm2 ssse3 fma cx16 xtpr pdcm pcid sse4_1 sse4_2 x2apic movbe popcnt tsc_deadline_timer aes xsave avx f16c rdrand lahf_lm abm ida arat epb xsaveopt pln pts dtherm tpr_shadow vnmi flexpriority ept vpid fsgsbase tsc_adjust bmi1 hle avx2 smep bmi2 erms invpcid rtm
bogomips	: 6995.80
clflush size	: 64
cache_alignment	: 64
address sizes	: 39 bits physical, 48 bits virtual
power management:



Memory: 4k page, physical 3724688k(83236k free), swap 488276k(0k free)

vm_info: OpenJDK 64-Bit Server VM (24.79-b02) for linux-amd64 JRE (1.7.0_79-b14), built on Apr 16 2015 08:21:58 by "buildd" with gcc 4.8.2

time: Wed Jun 17 11:02:05 2015
elapsed time: 3 seconds

