#
# There is insufficient memory for the Java Runtime Environment to continue.
# Native memory allocation (malloc) failed to allocate 72351744 bytes for committing reserved memory.
# Possible reasons:
#   The system is out of physical RAM or swap space
#   In 32 bit mode, the process size limit was hit
# Possible solutions:
#   Reduce memory load on the system
#   Increase physical memory or swap space
#   Check if swap backing store is full
#   Use 64 bit Java on a 64 bit OS
#   Decrease Java heap size (-Xmx/-Xms)
#   Decrease number of Java threads
#   Decrease Java thread stack sizes (-Xss)
#   Set larger code cache with -XX:ReservedCodeCacheSize=
# This output file may be truncated or incomplete.
#
#  Out of Memory Error (os_linux.cpp:2809), pid=21703, tid=139787306002176
#
# JRE version: OpenJDK Runtime Environment (7.0_79-b14) (build 1.7.0_79-b14)
# Java VM: OpenJDK 64-Bit Server VM (24.79-b02 mixed mode linux-amd64 compressed oops)
# Derivative: IcedTea 2.5.5
# Distribution: Ubuntu 14.04 LTS, package 7u79-2.5.5-0ubuntu0.14.04.2
# Failed to write core dump. Core dumps have been disabled. To enable core dumping, try "ulimit -c unlimited" before starting Java again
#

---------------  T H R E A D  ---------------

Current thread (0x00007f22d0080000):  VMThread [stack: 0x00007f22c4a7e000,0x00007f22c4b7f000] [id=21717]

Stack: [0x00007f22c4a7e000,0x00007f22c4b7f000],  sp=0x00007f22c4b7d490,  free space=1021k
Native frames: (J=compiled Java code, j=interpreted, Vv=VM code, C=native code)
V  [libjvm.so+0x94aec5]  VMError::report_and_die()+0x175
V  [libjvm.so+0x48b9c4]  report_vm_out_of_memory(char const*, int, unsigned long, char const*)+0x74
V  [libjvm.so+0x7c806b]  os::pd_commit_memory(char*, unsigned long, unsigned long, bool)+0xeb
V  [libjvm.so+0x7c2b0f]  os::commit_memory(char*, unsigned long, unsigned long, bool)+0x1f
V  [libjvm.so+0x83500b]  PSVirtualSpace::expand_by(unsigned long)+0x5b
V  [libjvm.so+0x835e60]  PSYoungGen::resize_generation(unsigned long, unsigned long)+0xb0
V  [libjvm.so+0x83654b]  PSYoungGen::resize(unsigned long, unsigned long)+0x1b
V  [libjvm.so+0x832830]  PSScavenge::invoke_no_policy()+0xde0
V  [libjvm.so+0x833008]  PSScavenge::invoke()+0x38
V  [libjvm.so+0x7e96f3]  ParallelScavengeHeap::failed_mem_allocate(unsigned long)+0x63
V  [libjvm.so+0x94c8c4]  VM_ParallelGCFailedAllocation::doit()+0x84
V  [libjvm.so+0x950dc7]  VM_Operation::evaluate()+0x47
V  [libjvm.so+0x94f738]  VMThread::evaluate_operation(VM_Operation*)+0x318
V  [libjvm.so+0x94fb99]  VMThread::loop()+0x219
V  [libjvm.so+0x94ffe2]  VMThread::run()+0x72
V  [libjvm.so+0x7c4f32]  java_start(Thread*)+0xf2

VM_Operation (0x00007f22d8330240): ParallelGCFailedAllocation, mode: safepoint, requested by thread 0x00007f22d000c000


---------------  P R O C E S S  ---------------

Java Threads: ( => current thread )
  0x00007f22d00bb800 JavaThread "Service Thread" daemon [_thread_blocked, id=21723, stack(0x00007f22b7cfd000,0x00007f22b7dfe000)]
  0x00007f22d00b9800 JavaThread "C2 CompilerThread1" daemon [_thread_blocked, id=21722, stack(0x00007f22b7dfe000,0x00007f22b7eff000)]
  0x00007f22d00b6800 JavaThread "C2 CompilerThread0" daemon [_thread_blocked, id=21721, stack(0x00007f22b7eff000,0x00007f22b8000000)]
  0x00007f22d00b4800 JavaThread "Signal Dispatcher" daemon [_thread_blocked, id=21720, stack(0x00007f22c4099000,0x00007f22c419a000)]
  0x00007f22d0086800 JavaThread "Finalizer" daemon [_thread_blocked, id=21719, stack(0x00007f22c487c000,0x00007f22c497d000)]
  0x00007f22d0084800 JavaThread "Reference Handler" daemon [_thread_blocked, id=21718, stack(0x00007f22c497d000,0x00007f22c4a7e000)]
  0x00007f22d000c000 JavaThread "main" [_thread_blocked, id=21708, stack(0x00007f22d8231000,0x00007f22d8332000)]

Other Threads:
=>0x00007f22d0080000 VMThread [stack: 0x00007f22c4a7e000,0x00007f22c4b7f000] [id=21717]
  0x00007f22d00c6000 WatcherThread [stack: 0x00007f22b7bfc000,0x00007f22b7cfd000] [id=21724]

VM state:at safepoint (normal execution)

VM Mutex/Monitor currently owned by a thread:  ([mutex/lock_event])
[0x00007f22d0008410] Threads_lock - owner thread: 0x00007f22d0080000
[0x00007f22d0008910] Heap_lock - owner thread: 0x00007f22d000c000

Heap
 PSYoungGen      total 69120K, used 8688K [0x00000000eaa80000, 0x00000000ef780000, 0x0000000100000000)
  eden space 60416K, 0% used [0x00000000eaa80000,0x00000000eaa80000,0x00000000ee580000)
  from space 8704K, 99% used [0x00000000ee580000,0x00000000eedfc130,0x00000000eee00000)
  to   space 7680K, 0% used [0x00000000eee00000,0x00000000eee00000,0x00000000ef580000)
 ParOldGen       total 38400K, used 26805K [0x00000000c0000000, 0x00000000c2580000, 0x00000000eaa80000)
  object space 38400K, 69% used [0x00000000c0000000,0x00000000c1a2d618,0x00000000c2580000)
 PSPermGen       total 21504K, used 7209K [0x00000000b5a00000, 0x00000000b6f00000, 0x00000000c0000000)
  object space 21504K, 33% used [0x00000000b5a00000,0x00000000b610a7c0,0x00000000b6f00000)

Card table byte_map: [0x00007f22d4c20000,0x00007f22d4e74000] byte_map_base: 0x00007f22d4673000

Polling page: 0x00007f22d8351000

Code Cache  [0x00007f22cd000000, 0x00007f22cd270000, 0x00007f22d0000000)
 total_blobs=889 nmethods=638 adapters=204 free_code_cache=47312Kb largest_free_block=48387776

Compilation events (10 events):
Event: 15,933 Thread 0x00007f22d00b6800 nmethod 648 0x00007f22cd1be990 code [0x00007f22cd1beb00, 0x00007f22cd1becd8]
Event: 15,933 Thread 0x00007f22d00b6800  651             com.android.dx.merge.DexMerger::access$2100 (5 bytes)
Event: 15,934 Thread 0x00007f22d00b6800 nmethod 651 0x00007f22cd1be790 code [0x00007f22cd1be8c0, 0x00007f22cd1be918]
Event: 15,934 Thread 0x00007f22d00b6800  652             com.android.dx.merge.DexMerger$4::read (8 bytes)
Event: 15,945 Thread 0x00007f22d00b6800 nmethod 652 0x00007f22cd1c76d0 code [0x00007f22cd1c78e0, 0x00007f22cd1c8328]
Event: 15,945 Thread 0x00007f22d00b6800  653             com.android.dx.merge.DexMerger$4::read (9 bytes)
Event: 16,152 Thread 0x00007f22d00b6800 nmethod 653 0x00007f22cd1d4710 code [0x00007f22cd1d4920, 0x00007f22cd1d5368]
Event: 16,153 Thread 0x00007f22d00b9800 nmethod 650 0x00007f22cd1d6450 code [0x00007f22cd1d6860, 0x00007f22cd1d8240]
Event: 16,325 Thread 0x00007f22d00b9800  655             com.android.dx.merge.IndexMap::adjust (36 bytes)
Event: 16,325 Thread 0x00007f22d00b6800  654             com.android.dex.Dex$Section::readProtoId (30 bytes)

GC Heap History (10 events):
Event: 1,206 GC heap after
Heap after GC invocations=2 (full 0):
 PSYoungGen      total 17408K, used 2048K [0x00000000eaa80000, 0x00000000ebd80000, 0x0000000100000000)
  eden space 15360K, 0% used [0x00000000eaa80000,0x00000000eaa80000,0x00000000eb980000)
  from space 2048K, 100% used [0x00000000ebb80000,0x00000000ebd80000,0x00000000ebd80000)
  to   space 2048K, 0% used [0x00000000eb980000,0x00000000eb980000,0x00000000ebb80000)
 ParOldGen       total 38400K, used 5356K [0x00000000c0000000, 0x00000000c2580000, 0x00000000eaa80000)
  object space 38400K, 13% used [0x00000000c0000000,0x00000000c053b380,0x00000000c2580000)
 PSPermGen       total 21504K, used 5218K [0x00000000b5a00000, 0x00000000b6f00000, 0x00000000c0000000)
  object space 21504K, 24% used [0x00000000b5a00000,0x00000000b5f18968,0x00000000b6f00000)
}
Event: 2,124 GC heap before
{Heap before GC invocations=3 (full 0):
 PSYoungGen      total 17408K, used 17185K [0x00000000eaa80000, 0x00000000ebd80000, 0x0000000100000000)
  eden space 15360K, 98% used [0x00000000eaa80000,0x00000000eb9487d8,0x00000000eb980000)
  from space 2048K, 100% used [0x00000000ebb80000,0x00000000ebd80000,0x00000000ebd80000)
  to   space 2048K, 0% used [0x00000000eb980000,0x00000000eb980000,0x00000000ebb80000)
 ParOldGen       total 38400K, used 5356K [0x00000000c0000000, 0x00000000c2580000, 0x00000000eaa80000)
  object space 38400K, 13% used [0x00000000c0000000,0x00000000c053b380,0x00000000c2580000)
 PSPermGen       total 21504K, used 5672K [0x00000000b5a00000, 0x00000000b6f00000, 0x00000000c0000000)
  object space 21504K, 26% used [0x00000000b5a00000,0x00000000b5f8a1c0,0x00000000b6f00000)
Event: 2,198 GC heap after
Heap after GC invocations=3 (full 0):
 PSYoungGen      total 17408K, used 2033K [0x00000000eaa80000, 0x00000000ecc80000, 0x0000000100000000)
  eden space 15360K, 0% used [0x00000000eaa80000,0x00000000eaa80000,0x00000000eb980000)
  from space 2048K, 99% used [0x00000000eb980000,0x00000000ebb7c6a8,0x00000000ebb80000)
  to   space 2048K, 0% used [0x00000000eca80000,0x00000000eca80000,0x00000000ecc80000)
 ParOldGen       total 38400K, used 10110K [0x00000000c0000000, 0x00000000c2580000, 0x00000000eaa80000)
  object space 38400K, 26% used [0x00000000c0000000,0x00000000c09df848,0x00000000c2580000)
 PSPermGen       total 21504K, used 5672K [0x00000000b5a00000, 0x00000000b6f00000, 0x00000000c0000000)
  object space 21504K, 26% used [0x00000000b5a00000,0x00000000b5f8a1c0,0x00000000b6f00000)
}
Event: 6,592 GC heap before
{Heap before GC invocations=4 (full 0):
 PSYoungGen      total 17408K, used 17393K [0x00000000eaa80000, 0x00000000ecc80000, 0x0000000100000000)
  eden space 15360K, 100% used [0x00000000eaa80000,0x00000000eb980000,0x00000000eb980000)
  from space 2048K, 99% used [0x00000000eb980000,0x00000000ebb7c6a8,0x00000000ebb80000)
  to   space 2048K, 0% used [0x00000000eca80000,0x00000000eca80000,0x00000000ecc80000)
 ParOldGen       total 38400K, used 10110K [0x00000000c0000000, 0x00000000c2580000, 0x00000000eaa80000)
  object space 38400K, 26% used [0x00000000c0000000,0x00000000c09df848,0x00000000c2580000)
 PSPermGen       total 21504K, used 6402K [0x00000000b5a00000, 0x00000000b6f00000, 0x00000000c0000000)
  object space 21504K, 29% used [0x00000000b5a00000,0x00000000b6040848,0x00000000b6f00000)
Event: 6,745 GC heap after
Heap after GC invocations=4 (full 0):
 PSYoungGen      total 32768K, used 2033K [0x00000000eaa80000, 0x00000000ecc80000, 0x0000000100000000)
  eden space 30720K, 0% used [0x00000000eaa80000,0x00000000eaa80000,0x00000000ec880000)
  from space 2048K, 99% used [0x00000000eca80000,0x00000000ecc7c6a8,0x00000000ecc80000)
  to   space 2048K, 0% used [0x00000000ec880000,0x00000000ec880000,0x00000000eca80000)
 ParOldGen       total 38400K, used 14046K [0x00000000c0000000, 0x00000000c2580000, 0x00000000eaa80000)
  object space 38400K, 36% used [0x00000000c0000000,0x00000000c0db79f8,0x00000000c2580000)
 PSPermGen       total 21504K, used 6402K [0x00000000b5a00000, 0x00000000b6f00000, 0x00000000c0000000)
  object space 21504K, 29% used [0x00000000b5a00000,0x00000000b6040848,0x00000000b6f00000)
}
Event: 14,061 GC heap before
{Heap before GC invocations=5 (full 0):
 PSYoungGen      total 32768K, used 32753K [0x00000000eaa80000, 0x00000000ecc80000, 0x0000000100000000)
  eden space 30720K, 100% used [0x00000000eaa80000,0x00000000ec880000,0x00000000ec880000)
  from space 2048K, 99% used [0x00000000eca80000,0x00000000ecc7c6a8,0x00000000ecc80000)
  to   space 2048K, 0% used [0x00000000ec880000,0x00000000ec880000,0x00000000eca80000)
 ParOldGen       total 38400K, used 14046K [0x00000000c0000000, 0x00000000c2580000, 0x00000000eaa80000)
  object space 38400K, 36% used [0x00000000c0000000,0x00000000c0db79f8,0x00000000c2580000)
 PSPermGen       total 21504K, used 7073K [0x00000000b5a00000, 0x00000000b6f00000, 0x00000000c0000000)
  object space 21504K, 32% used [0x00000000b5a00000,0x00000000b60e87f8,0x00000000b6f00000)
Event: 14,502 GC heap after
Heap after GC invocations=5 (full 0):
 PSYoungGen      total 32768K, used 2033K [0x00000000eaa80000, 0x00000000ef580000, 0x0000000100000000)
  eden space 30720K, 0% used [0x00000000eaa80000,0x00000000eaa80000,0x00000000ec880000)
  from space 2048K, 99% used [0x00000000ec880000,0x00000000eca7c6a8,0x00000000eca80000)
  to   space 7680K, 0% used [0x00000000eee00000,0x00000000eee00000,0x00000000ef580000)
 ParOldGen       total 38400K, used 16064K [0x00000000c0000000, 0x00000000c2580000, 0x00000000eaa80000)
  object space 38400K, 41% used [0x00000000c0000000,0x00000000c0fb0208,0x00000000c2580000)
 PSPermGen       total 21504K, used 7073K [0x00000000b5a00000, 0x00000000b6f00000, 0x00000000c0000000)
  object space 21504K, 32% used [0x00000000b5a00000,0x00000000b60e87f8,0x00000000b6f00000)
}
Event: 15,245 GC heap before
{Heap before GC invocations=6 (full 0):
 PSYoungGen      total 32768K, used 32753K [0x00000000eaa80000, 0x00000000ef580000, 0x0000000100000000)
  eden space 30720K, 100% used [0x00000000eaa80000,0x00000000ec880000,0x00000000ec880000)
  from space 2048K, 99% used [0x00000000ec880000,0x00000000eca7c6a8,0x00000000eca80000)
  to   space 7680K, 0% used [0x00000000eee00000,0x00000000eee00000,0x00000000ef580000)
 ParOldGen       total 38400K, used 16064K [0x00000000c0000000, 0x00000000c2580000, 0x00000000eaa80000)
  object space 38400K, 41% used [0x00000000c0000000,0x00000000c0fb0208,0x00000000c2580000)
 PSPermGen       total 21504K, used 7102K [0x00000000b5a00000, 0x00000000b6f00000, 0x00000000c0000000)
  object space 21504K, 33% used [0x00000000b5a00000,0x00000000b60ef9e0,0x00000000b6f00000)
Event: 15,328 GC heap after
Heap after GC invocations=6 (full 0):
 PSYoungGen      total 68096K, used 7507K [0x00000000eaa80000, 0x00000000ef780000, 0x0000000100000000)
  eden space 60416K, 0% used [0x00000000eaa80000,0x00000000eaa80000,0x00000000ee580000)
  from space 7680K, 97% used [0x00000000eee00000,0x00000000ef554e48,0x00000000ef580000)
  to   space 8704K, 0% used [0x00000000ee580000,0x00000000ee580000,0x00000000eee00000)
 ParOldGen       total 38400K, used 17148K [0x00000000c0000000, 0x00000000c2580000, 0x00000000eaa80000)
  object space 38400K, 44% used [0x00000000c0000000,0x00000000c10bf148,0x00000000c2580000)
 PSPermGen       total 21504K, used 7102K [0x00000000b5a00000, 0x00000000b6f00000, 0x00000000c0000000)
  object space 21504K, 33% used [0x00000000b5a00000,0x00000000b60ef9e0,0x00000000b6f00000)
}
Event: 16,771 GC heap before
{Heap before GC invocations=7 (full 0):
 PSYoungGen      total 68096K, used 67923K [0x00000000eaa80000, 0x00000000ef780000, 0x0000000100000000)
  eden space 60416K, 100% used [0x00000000eaa80000,0x00000000ee580000,0x00000000ee580000)
  from space 7680K, 97% used [0x00000000eee00000,0x00000000ef554e48,0x00000000ef580000)
  to   space 8704K, 0% used [0x00000000ee580000,0x00000000ee580000,0x00000000eee00000)
 ParOldGen       total 38400K, used 17148K [0x00000000c0000000, 0x00000000c2580000, 0x00000000eaa80000)
  object space 38400K, 44% used [0x00000000c0000000,0x00000000c10bf148,0x00000000c2580000)
 PSPermGen       total 21504K, used 7209K [0x00000000b5a00000, 0x00000000b6f00000, 0x00000000c0000000)
  object space 21504K, 33% used [0x00000000b5a00000,0x00000000b610a7c0,0x00000000b6f00000)

Deoptimization events (10 events):
Event: 6,555 Thread 0x00007f22d000c000 Uncommon trap: reason=class_check action=maybe_recompile pc=0x00007f22cd122600 method=com.android.dex.Leb128.writeUnsignedLeb128(Lcom/android/dex/util/ByteOutput;I)V @ 40
Event: 6,555 Thread 0x00007f22d000c000 Uncommon trap: reason=class_check action=maybe_recompile pc=0x00007f22cd122600 method=com.android.dex.Leb128.writeUnsignedLeb128(Lcom/android/dex/util/ByteOutput;I)V @ 40
Event: 11,850 Thread 0x00007f22d000c000 Uncommon trap: reason=class_check action=maybe_recompile pc=0x00007f22cd14ccfc method=com.android.dx.merge.DexMerger$IdMerger.mergeSorted()V @ 11
Event: 11,863 Thread 0x00007f22d000c000 Uncommon trap: reason=class_check action=maybe_recompile pc=0x00007f22cd14ccfc method=com.android.dx.merge.DexMerger$IdMerger.mergeSorted()V @ 11
Event: 11,864 Thread 0x00007f22d000c000 Uncommon trap: reason=class_check action=maybe_recompile pc=0x00007f22cd14ccfc method=com.android.dx.merge.DexMerger$IdMerger.mergeSorted()V @ 11
Event: 11,864 Thread 0x00007f22d000c000 Uncommon trap: reason=class_check action=maybe_recompile pc=0x00007f22cd14ccfc method=com.android.dx.merge.DexMerger$IdMerger.mergeSorted()V @ 11
Event: 11,968 Thread 0x00007f22d000c000 Uncommon trap: reason=predicate action=maybe_recompile pc=0x00007f22cd14bcd4 method=com.android.dex.Leb128.readUnsignedLeb128(Lcom/android/dex/util/ByteInput;)I @ 41
Event: 15,564 Thread 0x00007f22d000c000 Uncommon trap: reason=predicate action=maybe_recompile pc=0x00007f22cd1855ac method=java.util.ComparableTimSort.binarySort([Ljava/lang/Object;III)V @ 37
Event: 15,799 Thread 0x00007f22d000c000 Uncommon trap: reason=array_check action=maybe_recompile pc=0x00007f22cd1b8e00 method=java.util.ComparableTimSort.binarySort([Ljava/lang/Object;III)V @ 193
Event: 15,940 Thread 0x00007f22d000c000 Uncommon trap: reason=array_check action=maybe_recompile pc=0x00007f22cd1b8e00 method=java.util.ComparableTimSort.binarySort([Ljava/lang/Object;III)V @ 193

Internal exceptions (10 events):
Event: 8,360 Thread 0x00007f22d000c000 Threw 0x00000000eacbb740 at /build/buildd/openjdk-7-7u79-2.5.5/build/openjdk/hotspot/src/share/vm/prims/jvm.cpp:1284
Event: 8,360 Thread 0x00007f22d000c000 Threw 0x00000000eacbf310 at /build/buildd/openjdk-7-7u79-2.5.5/build/openjdk/hotspot/src/share/vm/prims/jvm.cpp:1284
Event: 8,363 Thread 0x00007f22d000c000 Threw 0x00000000eacc2fc0 at /build/buildd/openjdk-7-7u79-2.5.5/build/openjdk/hotspot/src/share/vm/prims/jvm.cpp:1284
Event: 8,373 Thread 0x00007f22d000c000 Threw 0x00000000eacc7560 at /build/buildd/openjdk-7-7u79-2.5.5/build/openjdk/hotspot/src/share/vm/prims/jvm.cpp:1284
Event: 8,374 Thread 0x00007f22d000c000 Threw 0x00000000eaccb030 at /build/buildd/openjdk-7-7u79-2.5.5/build/openjdk/hotspot/src/share/vm/prims/jvm.cpp:1284
Event: 8,374 Thread 0x00007f22d000c000 Threw 0x00000000eaccecf8 at /build/buildd/openjdk-7-7u79-2.5.5/build/openjdk/hotspot/src/share/vm/prims/jvm.cpp:1284
Event: 8,378 Thread 0x00007f22d000c000 Threw 0x00000000eacd2730 at /build/buildd/openjdk-7-7u79-2.5.5/build/openjdk/hotspot/src/share/vm/prims/jvm.cpp:1284
Event: 8,392 Thread 0x00007f22d000c000 Threw 0x00000000eacda1c8 at /build/buildd/openjdk-7-7u79-2.5.5/build/openjdk/hotspot/src/share/vm/prims/jvm.cpp:1284
Event: 8,392 Thread 0x00007f22d000c000 Threw 0x00000000eacdcd30 at /build/buildd/openjdk-7-7u79-2.5.5/build/openjdk/hotspot/src/share/vm/prims/jvm.cpp:1284
Event: 13,521 Thread 0x00007f22d000c000 Threw 0x00000000ec506720 at /build/buildd/openjdk-7-7u79-2.5.5/build/openjdk/hotspot/src/share/vm/prims/jvm.cpp:1284

Events (10 events):
Event: 15,792 loading class 0x00007f228075e930 done
Event: 15,792 loading class 0x00007f22ccfaba10
Event: 15,792 loading class 0x00007f22ccfaba10 done
Event: 15,799 Thread 0x00007f22d000c000 Uncommon trap: trap_request=0xffffffd6 fr.pc=0x00007f22cd1b8e00
Event: 15,799 Thread 0x00007f22d000c000 DEOPT PACKING pc=0x00007f22cd1b8e00 sp=0x00007f22d8330450
Event: 15,799 Thread 0x00007f22d000c000 DEOPT UNPACKING pc=0x00007f22cd039445 sp=0x00007f22d8330418 mode 2
Event: 15,940 Thread 0x00007f22d000c000 Uncommon trap: trap_request=0xffffffd6 fr.pc=0x00007f22cd1b8e00
Event: 15,940 Thread 0x00007f22d000c000 DEOPT PACKING pc=0x00007f22cd1b8e00 sp=0x00007f22d8330450
Event: 15,941 Thread 0x00007f22d000c000 DEOPT UNPACKING pc=0x00007f22cd039445 sp=0x00007f22d8330418 mode 2
Event: 16,765 Executing VM operation: ParallelGCFailedAllocation


Dynamic libraries:
00400000-00401000 r-xp 00000000 08:01 2896608                            /usr/lib/jvm/java-7-openjdk-amd64/jre/bin/java
00600000-00601000 r--p 00000000 08:01 2896608                            /usr/lib/jvm/java-7-openjdk-amd64/jre/bin/java
00601000-00602000 rw-p 00001000 08:01 2896608                            /usr/lib/jvm/java-7-openjdk-amd64/jre/bin/java
00bd1000-00bf2000 rw-p 00000000 00:00 0                                  [heap]
b5a00000-b6f00000 rw-p 00000000 00:00 0 
b6f00000-c0000000 rw-p 00000000 00:00 0 
c0000000-c2580000 rw-p 00000000 00:00 0 
c2580000-eaa80000 rw-p 00000000 00:00 0 
eaa80000-ef780000 rw-p 00000000 00:00 0 
f3c80000-100000000 rw-p 00000000 00:00 0 
7f2278000000-7f2278021000 rw-p 00000000 00:00 0 
7f2278021000-7f227c000000 ---p 00000000 00:00 0 
7f2280000000-7f2280a8c000 rw-p 00000000 00:00 0 
7f2280a8c000-7f2284000000 ---p 00000000 00:00 0 
7f2284000000-7f2284021000 rw-p 00000000 00:00 0 
7f2284021000-7f2288000000 ---p 00000000 00:00 0 
7f2288000000-7f2288021000 rw-p 00000000 00:00 0 
7f2288021000-7f228c000000 ---p 00000000 00:00 0 
7f228c000000-7f228cbad000 rw-p 00000000 00:00 0 
7f228cbad000-7f2290000000 ---p 00000000 00:00 0 
7f2290000000-7f2290021000 rw-p 00000000 00:00 0 
7f2290021000-7f2294000000 ---p 00000000 00:00 0 
7f2294000000-7f2294021000 rw-p 00000000 00:00 0 
7f2294021000-7f2298000000 ---p 00000000 00:00 0 
7f2298000000-7f2298021000 rw-p 00000000 00:00 0 
7f2298021000-7f229c000000 ---p 00000000 00:00 0 
7f229c000000-7f229c0e0000 rw-p 00000000 00:00 0 
7f229c0e0000-7f22a0000000 ---p 00000000 00:00 0 
7f22a0000000-7f22a0021000 rw-p 00000000 00:00 0 
7f22a0021000-7f22a4000000 ---p 00000000 00:00 0 
7f22a8000000-7f22a8021000 rw-p 00000000 00:00 0 
7f22a8021000-7f22ac000000 ---p 00000000 00:00 0 
7f22b0000000-7f22b0021000 rw-p 00000000 00:00 0 
7f22b0021000-7f22b4000000 ---p 00000000 00:00 0 
7f22b61e8000-7f22b6349000 rw-p 00000000 00:00 0 
7f22b6349000-7f22b6386000 r-xp 00000000 08:01 1314944                    /lib/x86_64-linux-gnu/libpcre.so.3.13.1
7f22b6386000-7f22b6585000 ---p 0003d000 08:01 1314944                    /lib/x86_64-linux-gnu/libpcre.so.3.13.1
7f22b6585000-7f22b6586000 r--p 0003c000 08:01 1314944                    /lib/x86_64-linux-gnu/libpcre.so.3.13.1
7f22b6586000-7f22b6587000 rw-p 0003d000 08:01 1314944                    /lib/x86_64-linux-gnu/libpcre.so.3.13.1
7f22b6587000-7f22b658e000 r-xp 00000000 08:01 2631073                    /usr/lib/x86_64-linux-gnu/libffi.so.6.0.1
7f22b658e000-7f22b678d000 ---p 00007000 08:01 2631073                    /usr/lib/x86_64-linux-gnu/libffi.so.6.0.1
7f22b678d000-7f22b678e000 r--p 00006000 08:01 2631073                    /usr/lib/x86_64-linux-gnu/libffi.so.6.0.1
7f22b678e000-7f22b678f000 rw-p 00007000 08:01 2631073                    /usr/lib/x86_64-linux-gnu/libffi.so.6.0.1
7f22b678f000-7f22b67a6000 r-xp 00000000 08:01 1314798                    /lib/x86_64-linux-gnu/libresolv-2.19.so
7f22b67a6000-7f22b69a6000 ---p 00017000 08:01 1314798                    /lib/x86_64-linux-gnu/libresolv-2.19.so
7f22b69a6000-7f22b69a7000 r--p 00017000 08:01 1314798                    /lib/x86_64-linux-gnu/libresolv-2.19.so
7f22b69a7000-7f22b69a8000 rw-p 00018000 08:01 1314798                    /lib/x86_64-linux-gnu/libresolv-2.19.so
7f22b69a8000-7f22b69aa000 rw-p 00000000 00:00 0 
7f22b69aa000-7f22b69ca000 r-xp 00000000 08:01 1314971                    /lib/x86_64-linux-gnu/libselinux.so.1
7f22b69ca000-7f22b6bc9000 ---p 00020000 08:01 1314971                    /lib/x86_64-linux-gnu/libselinux.so.1
7f22b6bc9000-7f22b6bca000 r--p 0001f000 08:01 1314971                    /lib/x86_64-linux-gnu/libselinux.so.1
7f22b6bca000-7f22b6bcb000 rw-p 00020000 08:01 1314971                    /lib/x86_64-linux-gnu/libselinux.so.1
7f22b6bcb000-7f22b6bcd000 rw-p 00000000 00:00 0 
7f22b6bcd000-7f22b6bd0000 r-xp 00000000 08:01 2621804                    /usr/lib/x86_64-linux-gnu/libgmodule-2.0.so.0.4002.0
7f22b6bd0000-7f22b6dcf000 ---p 00003000 08:01 2621804                    /usr/lib/x86_64-linux-gnu/libgmodule-2.0.so.0.4002.0
7f22b6dcf000-7f22b6dd0000 r--p 00002000 08:01 2621804                    /usr/lib/x86_64-linux-gnu/libgmodule-2.0.so.0.4002.0
7f22b6dd0000-7f22b6dd1000 rw-p 00003000 08:01 2621804                    /usr/lib/x86_64-linux-gnu/libgmodule-2.0.so.0.4002.0
7f22b6dd1000-7f22b6ed7000 r-xp 00000000 08:01 1314776                    /lib/x86_64-linux-gnu/libglib-2.0.so.0.4002.0
7f22b6ed7000-7f22b70d6000 ---p 00106000 08:01 1314776                    /lib/x86_64-linux-gnu/libglib-2.0.so.0.4002.0
7f22b70d6000-7f22b70d7000 r--p 00105000 08:01 1314776                    /lib/x86_64-linux-gnu/libglib-2.0.so.0.4002.0
7f22b70d7000-7f22b70d8000 rw-p 00106000 08:01 1314776                    /lib/x86_64-linux-gnu/libglib-2.0.so.0.4002.0
7f22b70d8000-7f22b70d9000 rw-p 00000000 00:00 0 
7f22b70d9000-7f22b7128000 r-xp 00000000 08:01 2621822                    /usr/lib/x86_64-linux-gnu/libgobject-2.0.so.0.4002.0
7f22b7128000-7f22b7328000 ---p 0004f000 08:01 2621822                    /usr/lib/x86_64-linux-gnu/libgobject-2.0.so.0.4002.0
7f22b7328000-7f22b7329000 r--p 0004f000 08:01 2621822                    /usr/lib/x86_64-linux-gnu/libgobject-2.0.so.0.4002.0
7f22b7329000-7f22b732a000 rw-p 00050000 08:01 2621822                    /usr/lib/x86_64-linux-gnu/libgobject-2.0.so.0.4002.0
7f22b732a000-7f22b7496000 r-xp 00000000 08:01 2621826                    /usr/lib/x86_64-linux-gnu/libgio-2.0.so.0.4002.0
7f22b7496000-7f22b7695000 ---p 0016c000 08:01 2621826                    /usr/lib/x86_64-linux-gnu/libgio-2.0.so.0.4002.0
7f22b7695000-7f22b7699000 r--p 0016b000 08:01 2621826                    /usr/lib/x86_64-linux-gnu/libgio-2.0.so.0.4002.0
7f22b7699000-7f22b769b000 rw-p 0016f000 08:01 2621826                    /usr/lib/x86_64-linux-gnu/libgio-2.0.so.0.4002.0
7f22b769b000-7f22b769d000 rw-p 00000000 00:00 0 
7f22b769d000-7f22b76b4000 r-xp 00000000 08:01 2896675                    /usr/lib/jvm/java-7-openjdk-amd64/jre/lib/amd64/libnet.so
7f22b76b4000-7f22b78b3000 ---p 00017000 08:01 2896675                    /usr/lib/jvm/java-7-openjdk-amd64/jre/lib/amd64/libnet.so
7f22b78b3000-7f22b78b4000 r--p 00016000 08:01 2896675                    /usr/lib/jvm/java-7-openjdk-amd64/jre/lib/amd64/libnet.so
7f22b78b4000-7f22b78b5000 rw-p 00017000 08:01 2896675                    /usr/lib/jvm/java-7-openjdk-amd64/jre/lib/amd64/libnet.so
7f22b78b5000-7f22b78c5000 r-xp 00000000 08:01 2896662                    /usr/lib/jvm/java-7-openjdk-amd64/jre/lib/amd64/libnio.so
7f22b78c5000-7f22b7ac5000 ---p 00010000 08:01 2896662                    /usr/lib/jvm/java-7-openjdk-amd64/jre/lib/amd64/libnio.so
7f22b7ac5000-7f22b7ac6000 r--p 00010000 08:01 2896662                    /usr/lib/jvm/java-7-openjdk-amd64/jre/lib/amd64/libnio.so
7f22b7ac6000-7f22b7ac7000 rw-p 00011000 08:01 2896662                    /usr/lib/jvm/java-7-openjdk-amd64/jre/lib/amd64/libnio.so
7f22b7bfc000-7f22b7bfd000 ---p 00000000 00:00 0 
7f22b7bfd000-7f22b7cfd000 rw-p 00000000 00:00 0                          [stack:21724]
7f22b7cfd000-7f22b7d00000 ---p 00000000 00:00 0 
7f22b7d00000-7f22b7dfe000 rw-p 00000000 00:00 0                          [stack:21723]
7f22b7dfe000-7f22b7e01000 ---p 00000000 00:00 0 
7f22b7e01000-7f22b7eff000 rw-p 00000000 00:00 0                          [stack:21722]
7f22b7eff000-7f22b7f02000 ---p 00000000 00:00 0 
7f22b7f02000-7f22b8000000 rw-p 00000000 00:00 0                          [stack:21721]
7f22b8000000-7f22b8021000 rw-p 00000000 00:00 0 
7f22b8021000-7f22bc000000 ---p 00000000 00:00 0 
7f22bc000000-7f22bc021000 rw-p 00000000 00:00 0 
7f22bc021000-7f22c0000000 ---p 00000000 00:00 0 
7f22c0000000-7f22c0021000 rw-p 00000000 00:00 0 
7f22c0021000-7f22c4000000 ---p 00000000 00:00 0 
7f22c4099000-7f22c409c000 ---p 00000000 00:00 0 
7f22c409c000-7f22c419a000 rw-p 00000000 00:00 0                          [stack:21720]
7f22c419a000-7f22c487c000 r--p 00000000 08:01 2629488                    /usr/lib/locale/locale-archive
7f22c487c000-7f22c487f000 ---p 00000000 00:00 0 
7f22c487f000-7f22c497d000 rw-p 00000000 00:00 0                          [stack:21719]
7f22c497d000-7f22c4980000 ---p 00000000 00:00 0 
7f22c4980000-7f22c4a7e000 rw-p 00000000 00:00 0                          [stack:21718]
7f22c4a7e000-7f22c4a7f000 ---p 00000000 00:00 0 
7f22c4a7f000-7f22c8000000 rw-p 00000000 00:00 0                          [stack:21717]
7f22c8000000-7f22c8021000 rw-p 00000000 00:00 0 
7f22c8021000-7f22cc000000 ---p 00000000 00:00 0 
7f22cc01a000-7f22ccd56000 rw-p 00000000 00:00 0 
7f22ccd56000-7f22ccf07000 r--s 01d27000 08:01 2896681                    /usr/lib/jvm/java-7-openjdk-amd64/jre/lib/rt.jar
7f22ccf07000-7f22cd000000 rw-p 00000000 00:00 0 
7f22cd000000-7f22cd270000 rwxp 00000000 00:00 0 
7f22cd270000-7f22d0270000 rw-p 00000000 00:00 0 
7f22d0270000-7f22d4000000 ---p 00000000 00:00 0 
7f22d4008000-7f22d400d000 r--s 0004d000 08:01 2896697                    /usr/lib/jvm/java-7-openjdk-amd64/jre/lib/jsse.jar
7f22d400d000-7f22d401c000 r--s 000dd000 00:18 3280347                    /home/kev/Android/Sdk/build-tools/21.1.2/lib/dx.jar
7f22d401c000-7f22d426f000 rw-p 00000000 00:00 0 
7f22d426f000-7f22d4270000 ---p 00000000 00:00 0 
7f22d4270000-7f22d4370000 rw-p 00000000 00:00 0                          [stack:21716]
7f22d4370000-7f22d4371000 ---p 00000000 00:00 0 
7f22d4371000-7f22d4471000 rw-p 00000000 00:00 0                          [stack:21715]
7f22d4471000-7f22d4472000 ---p 00000000 00:00 0 
7f22d4472000-7f22d4572000 rw-p 00000000 00:00 0                          [stack:21714]
7f22d4572000-7f22d4573000 ---p 00000000 00:00 0 
7f22d4573000-7f22d4673000 rw-p 00000000 00:00 0                          [stack:21713]
7f22d4673000-7f22d4674000 ---p 00000000 00:00 0 
7f22d4674000-7f22d4774000 rw-p 00000000 00:00 0                          [stack:21712]
7f22d4774000-7f22d4775000 ---p 00000000 00:00 0 
7f22d4775000-7f22d4875000 rw-p 00000000 00:00 0                          [stack:21711]
7f22d4875000-7f22d4876000 ---p 00000000 00:00 0 
7f22d4876000-7f22d4976000 rw-p 00000000 00:00 0                          [stack:21710]
7f22d4976000-7f22d4977000 ---p 00000000 00:00 0 
7f22d4977000-7f22d4a82000 rw-p 00000000 00:00 0                          [stack:21709]
7f22d4a82000-7f22d4aca000 rw-p 00000000 00:00 0 
7f22d4aca000-7f22d4add000 rw-p 00000000 00:00 0 
7f22d4add000-7f22d4c20000 rw-p 00000000 00:00 0 
7f22d4c20000-7f22d4c2b000 rw-p 00000000 00:00 0 
7f22d4c2b000-7f22d4c73000 rw-p 00000000 00:00 0 
7f22d4c73000-7f22d4c86000 rw-p 00000000 00:00 0 
7f22d4c86000-7f22d4dc8000 rw-p 00000000 00:00 0 
7f22d4dc8000-7f22d4def000 rw-p 00000000 00:00 0 
7f22d4def000-7f22d4e73000 rw-p 00000000 00:00 0 
7f22d4e73000-7f22d4e74000 rw-p 00000000 00:00 0 
7f22d4e74000-7f22d4e7c000 r-xp 00000000 08:01 2896658                    /usr/lib/jvm/java-7-openjdk-amd64/jre/lib/amd64/libzip.so
7f22d4e7c000-7f22d507b000 ---p 00008000 08:01 2896658                    /usr/lib/jvm/java-7-openjdk-amd64/jre/lib/amd64/libzip.so
7f22d507b000-7f22d507c000 r--p 00007000 08:01 2896658                    /usr/lib/jvm/java-7-openjdk-amd64/jre/lib/amd64/libzip.so
7f22d507c000-7f22d507d000 rw-p 00008000 08:01 2896658                    /usr/lib/jvm/java-7-openjdk-amd64/jre/lib/amd64/libzip.so
7f22d507d000-7f22d5088000 r-xp 00000000 08:01 1314833                    /lib/x86_64-linux-gnu/libnss_files-2.19.so
7f22d5088000-7f22d5287000 ---p 0000b000 08:01 1314833                    /lib/x86_64-linux-gnu/libnss_files-2.19.so
7f22d5287000-7f22d5288000 r--p 0000a000 08:01 1314833                    /lib/x86_64-linux-gnu/libnss_files-2.19.so
7f22d5288000-7f22d5289000 rw-p 0000b000 08:01 1314833                    /lib/x86_64-linux-gnu/libnss_files-2.19.so
7f22d5289000-7f22d5294000 r-xp 00000000 08:01 1314967                    /lib/x86_64-linux-gnu/libnss_nis-2.19.so
7f22d5294000-7f22d5493000 ---p 0000b000 08:01 1314967                    /lib/x86_64-linux-gnu/libnss_nis-2.19.so
7f22d5493000-7f22d5494000 r--p 0000a000 08:01 1314967                    /lib/x86_64-linux-gnu/libnss_nis-2.19.so
7f22d5494000-7f22d5495000 rw-p 0000b000 08:01 1314967                    /lib/x86_64-linux-gnu/libnss_nis-2.19.so
7f22d5495000-7f22d54ac000 r-xp 00000000 08:01 1314868                    /lib/x86_64-linux-gnu/libnsl-2.19.so
7f22d54ac000-7f22d56ab000 ---p 00017000 08:01 1314868                    /lib/x86_64-linux-gnu/libnsl-2.19.so
7f22d56ab000-7f22d56ac000 r--p 00016000 08:01 1314868                    /lib/x86_64-linux-gnu/libnsl-2.19.so
7f22d56ac000-7f22d56ad000 rw-p 00017000 08:01 1314868                    /lib/x86_64-linux-gnu/libnsl-2.19.so
7f22d56ad000-7f22d56af000 rw-p 00000000 00:00 0 
7f22d56af000-7f22d56b8000 r-xp 00000000 08:01 1314859                    /lib/x86_64-linux-gnu/libnss_compat-2.19.so
7f22d56b8000-7f22d58b7000 ---p 00009000 08:01 1314859                    /lib/x86_64-linux-gnu/libnss_compat-2.19.so
7f22d58b7000-7f22d58b8000 r--p 00008000 08:01 1314859                    /lib/x86_64-linux-gnu/libnss_compat-2.19.so
7f22d58b8000-7f22d58b9000 rw-p 00009000 08:01 1314859                    /lib/x86_64-linux-gnu/libnss_compat-2.19.so
7f22d58b9000-7f22d58e4000 r-xp 00000000 08:01 2896674                    /usr/lib/jvm/java-7-openjdk-amd64/jre/lib/amd64/libjava.so
7f22d58e4000-7f22d5ae4000 ---p 0002b000 08:01 2896674                    /usr/lib/jvm/java-7-openjdk-amd64/jre/lib/amd64/libjava.so
7f22d5ae4000-7f22d5ae5000 r--p 0002b000 08:01 2896674                    /usr/lib/jvm/java-7-openjdk-amd64/jre/lib/amd64/libjava.so
7f22d5ae5000-7f22d5ae7000 rw-p 0002c000 08:01 2896674                    /usr/lib/jvm/java-7-openjdk-amd64/jre/lib/amd64/libjava.so
7f22d5ae7000-7f22d5af7000 r-xp 00000000 08:01 2896671                    /usr/lib/jvm/java-7-openjdk-amd64/jre/lib/amd64/libverify.so
7f22d5af7000-7f22d5cf6000 ---p 00010000 08:01 2896671                    /usr/lib/jvm/java-7-openjdk-amd64/jre/lib/amd64/libverify.so
7f22d5cf6000-7f22d5cf8000 r--p 0000f000 08:01 2896671                    /usr/lib/jvm/java-7-openjdk-amd64/jre/lib/amd64/libverify.so
7f22d5cf8000-7f22d5cf9000 rw-p 00011000 08:01 2896671                    /usr/lib/jvm/java-7-openjdk-amd64/jre/lib/amd64/libverify.so
7f22d5cf9000-7f22d5d00000 r-xp 00000000 08:01 1314916                    /lib/x86_64-linux-gnu/librt-2.19.so
7f22d5d00000-7f22d5eff000 ---p 00007000 08:01 1314916                    /lib/x86_64-linux-gnu/librt-2.19.so
7f22d5eff000-7f22d5f00000 r--p 00006000 08:01 1314916                    /lib/x86_64-linux-gnu/librt-2.19.so
7f22d5f00000-7f22d5f01000 rw-p 00007000 08:01 1314916                    /lib/x86_64-linux-gnu/librt-2.19.so
7f22d5f01000-7f22d5f17000 r-xp 00000000 08:01 1314818                    /lib/x86_64-linux-gnu/libgcc_s.so.1
7f22d5f17000-7f22d6116000 ---p 00016000 08:01 1314818                    /lib/x86_64-linux-gnu/libgcc_s.so.1
7f22d6116000-7f22d6117000 rw-p 00015000 08:01 1314818                    /lib/x86_64-linux-gnu/libgcc_s.so.1
7f22d6117000-7f22d621c000 r-xp 00000000 08:01 1314817                    /lib/x86_64-linux-gnu/libm-2.19.so
7f22d621c000-7f22d641b000 ---p 00105000 08:01 1314817                    /lib/x86_64-linux-gnu/libm-2.19.so
7f22d641b000-7f22d641c000 r--p 00104000 08:01 1314817                    /lib/x86_64-linux-gnu/libm-2.19.so
7f22d641c000-7f22d641d000 rw-p 00105000 08:01 1314817                    /lib/x86_64-linux-gnu/libm-2.19.so
7f22d641d000-7f22d6503000 r-xp 00000000 08:01 2631701                    /usr/lib/x86_64-linux-gnu/libstdc++.so.6.0.19
7f22d6503000-7f22d6702000 ---p 000e6000 08:01 2631701                    /usr/lib/x86_64-linux-gnu/libstdc++.so.6.0.19
7f22d6702000-7f22d670a000 r--p 000e5000 08:01 2631701                    /usr/lib/x86_64-linux-gnu/libstdc++.so.6.0.19
7f22d670a000-7f22d670c000 rw-p 000ed000 08:01 2631701                    /usr/lib/x86_64-linux-gnu/libstdc++.so.6.0.19
7f22d670c000-7f22d6721000 rw-p 00000000 00:00 0 
7f22d6721000-7f22d7239000 r-xp 00000000 08:01 2896679                    /usr/lib/jvm/java-7-openjdk-amd64/jre/lib/amd64/server/libjvm.so
7f22d7239000-7f22d7439000 ---p 00b18000 08:01 2896679                    /usr/lib/jvm/java-7-openjdk-amd64/jre/lib/amd64/server/libjvm.so
7f22d7439000-7f22d74d3000 r--p 00b18000 08:01 2896679                    /usr/lib/jvm/java-7-openjdk-amd64/jre/lib/amd64/server/libjvm.so
7f22d74d3000-7f22d74f6000 rw-p 00bb2000 08:01 2896679                    /usr/lib/jvm/java-7-openjdk-amd64/jre/lib/amd64/server/libjvm.so
7f22d74f6000-7f22d7524000 rw-p 00000000 00:00 0 
7f22d7524000-7f22d753c000 r-xp 00000000 08:01 1315004                    /lib/x86_64-linux-gnu/libz.so.1.2.8
7f22d753c000-7f22d773b000 ---p 00018000 08:01 1315004                    /lib/x86_64-linux-gnu/libz.so.1.2.8
7f22d773b000-7f22d773c000 r--p 00017000 08:01 1315004                    /lib/x86_64-linux-gnu/libz.so.1.2.8
7f22d773c000-7f22d773d000 rw-p 00018000 08:01 1315004                    /lib/x86_64-linux-gnu/libz.so.1.2.8
7f22d773d000-7f22d7756000 r-xp 00000000 08:01 1314912                    /lib/x86_64-linux-gnu/libpthread-2.19.so
7f22d7756000-7f22d7955000 ---p 00019000 08:01 1314912                    /lib/x86_64-linux-gnu/libpthread-2.19.so
7f22d7955000-7f22d7956000 r--p 00018000 08:01 1314912                    /lib/x86_64-linux-gnu/libpthread-2.19.so
7f22d7956000-7f22d7957000 rw-p 00019000 08:01 1314912                    /lib/x86_64-linux-gnu/libpthread-2.19.so
7f22d7957000-7f22d795b000 rw-p 00000000 00:00 0 
7f22d795b000-7f22d795e000 r-xp 00000000 08:01 1314851                    /lib/x86_64-linux-gnu/libdl-2.19.so
7f22d795e000-7f22d7b5d000 ---p 00003000 08:01 1314851                    /lib/x86_64-linux-gnu/libdl-2.19.so
7f22d7b5d000-7f22d7b5e000 r--p 00002000 08:01 1314851                    /lib/x86_64-linux-gnu/libdl-2.19.so
7f22d7b5e000-7f22d7b5f000 rw-p 00003000 08:01 1314851                    /lib/x86_64-linux-gnu/libdl-2.19.so
7f22d7b5f000-7f22d7d1a000 r-xp 00000000 08:01 1314910                    /lib/x86_64-linux-gnu/libc-2.19.so
7f22d7d1a000-7f22d7f19000 ---p 001bb000 08:01 1314910                    /lib/x86_64-linux-gnu/libc-2.19.so
7f22d7f19000-7f22d7f1d000 r--p 001ba000 08:01 1314910                    /lib/x86_64-linux-gnu/libc-2.19.so
7f22d7f1d000-7f22d7f1f000 rw-p 001be000 08:01 1314910                    /lib/x86_64-linux-gnu/libc-2.19.so
7f22d7f1f000-7f22d7f24000 rw-p 00000000 00:00 0 
7f22d7f24000-7f22d7f31000 r-xp 00000000 08:01 2896650                    /usr/lib/jvm/java-7-openjdk-amd64/jre/lib/amd64/jli/libjli.so
7f22d7f31000-7f22d8130000 ---p 0000d000 08:01 2896650                    /usr/lib/jvm/java-7-openjdk-amd64/jre/lib/amd64/jli/libjli.so
7f22d8130000-7f22d8131000 r--p 0000c000 08:01 2896650                    /usr/lib/jvm/java-7-openjdk-amd64/jre/lib/amd64/jli/libjli.so
7f22d8131000-7f22d8132000 rw-p 0000d000 08:01 2896650                    /usr/lib/jvm/java-7-openjdk-amd64/jre/lib/amd64/jli/libjli.so
7f22d8132000-7f22d8155000 r-xp 00000000 08:01 1314872                    /lib/x86_64-linux-gnu/ld-2.19.so
7f22d8156000-7f22d8157000 rw-p 00000000 00:00 0 
7f22d8157000-7f22d8159000 r--s 00006000 08:01 3031457                    /usr/share/java/java-atk-wrapper.jar
7f22d8159000-7f22d817b000 rw-p 00000000 00:00 0 
7f22d817b000-7f22d8231000 rw-p 00000000 00:00 0 
7f22d8231000-7f22d8234000 ---p 00000000 00:00 0 
7f22d8234000-7f22d8337000 rw-p 00000000 00:00 0                          [stack:21708]
7f22d8337000-7f22d8339000 r--s 00012000 08:01 2896689                    /usr/lib/jvm/java-7-openjdk-amd64/jre/lib/ext/zipfs.jar
7f22d8339000-7f22d833c000 r--s 0000f000 08:01 2896684                    /usr/lib/jvm/java-7-openjdk-amd64/jre/lib/ext/icedtea-sound.jar
7f22d833c000-7f22d833f000 r--s 00086000 08:01 2896687                    /usr/lib/jvm/java-7-openjdk-amd64/jre/lib/ext/localedata.jar
7f22d833f000-7f22d8343000 r--s 00034000 08:01 2896688                    /usr/lib/jvm/java-7-openjdk-amd64/jre/lib/ext/sunjce_provider.jar
7f22d8343000-7f22d8347000 r--s 0003c000 08:01 2896686                    /usr/lib/jvm/java-7-openjdk-amd64/jre/lib/ext/sunpkcs11.jar
7f22d8347000-7f22d8348000 r--s 00002000 08:01 2896685                    /usr/lib/jvm/java-7-openjdk-amd64/jre/lib/ext/dnsns.jar
7f22d8348000-7f22d8350000 rw-s 00000000 08:01 665748                     /tmp/hsperfdata_kev/21703
7f22d8350000-7f22d8351000 rw-p 00000000 00:00 0 
7f22d8351000-7f22d8352000 ---p 00000000 00:00 0 
7f22d8352000-7f22d8354000 rw-p 00000000 00:00 0 
7f22d8354000-7f22d8355000 r--p 00022000 08:01 1314872                    /lib/x86_64-linux-gnu/ld-2.19.so
7f22d8355000-7f22d8356000 rw-p 00023000 08:01 1314872                    /lib/x86_64-linux-gnu/ld-2.19.so
7f22d8356000-7f22d8357000 rw-p 00000000 00:00 0 
7ffdd270a000-7ffdd272c000 rw-p 00000000 00:00 0                          [stack]
7ffdd279c000-7ffdd279e000 r-xp 00000000 00:00 0                          [vdso]
ffffffffff600000-ffffffffff601000 r-xp 00000000 00:00 0                  [vsyscall]

VM Arguments:
jvm_args: -Xmx1024M -Dfile.encoding=UTF-8 -Duser.country=US -Duser.language=en -Duser.variant 
java_command: com.android.dx.command.Main --dex --output /home/kev/AndroidStudioProjects/PriceCloud/app/build/intermediates/dex/debug /home/kev/AndroidStudioProjects/PriceCloud/app/build/intermediates/classes/debug /home/kev/AndroidStudioProjects/PriceCloud/app/build/intermediates/pre-dexed/debug/support-annotations-22.2.0-47529ac724c557d0a5590715bd59ee03eb3d089e.jar /home/kev/AndroidStudioProjects/PriceCloud/app/build/intermediates/pre-dexed/debug/classes-6f53929c59bddb41dc47672ba172f2df13a695dd.jar /home/kev/AndroidStudioProjects/PriceCloud/app/build/intermediates/pre-dexed/debug/classes-6c442f0d9abde040e40e674a19105e4ae643f1e7.jar /home/kev/AndroidStudioProjects/PriceCloud/app/build/intermediates/pre-dexed/debug/classes-b3a574ae2360b2a35a5374027e790e371b6ba833.jar /home/kev/AndroidStudioProjects/PriceCloud/app/build/intermediates/pre-dexed/debug/internal_impl-22.0.0-3f4198c2b9de9c2f236882d5e4e7e5679e500b10.jar /home/kev/AndroidStudioProjects/PriceCloud/app/build/intermediates/pre-dexed/debug/classes-dd00e13e55427572cc98c88a2e708f811418805a.jar /home/kev/AndroidStudioProjects/PriceCloud/app/build/intermediates/pre-dexed/debug/classes-d373bc7eea05044a443c67937e68c3f848c4a891.jar /home/kev/AndroidStudioProjects/PriceCloud/app/build/intermediates/pre-dexed/debug/classes-737b2b747426fb2693012b7faeb38377e52de754.jar /home/kev/AndroidStudioProjects/PriceCloud/app/build/intermediates/pre-dexed/debug/classes-d5aee46fe9fc2fb9ef2d81b7ee3664f00d0edd40.jar /home/kev/AndroidStudioProjects/PriceCloud/app/build/intermediates/pre-dexed/debug/classes-879217c8ec485c1bd328a5b15ebb0d37f78439f6.jar /home/kev/AndroidStudioProjects/PriceCloud/app/build/intermediates/pre-dexed/debug/classes-617b36adb7422716a4e963e770bb49ae6af34efb.jar /home/kev/AndroidStudioProjects/PriceCloud/app/build/intermediates/pre-dexed/debug/classes-dc52b2be9a1451ca03381177a20199fb00f762f3.jar /home/kev/AndroidStudioProjects/PriceCloud/app/build/intermediates/pre-dexed/debug/classes-da4488b3c869e3b39ecca7d99513
Launcher Type: SUN_STANDARD

Environment Variables:
PATH=/usr/local/sbin:/usr/local/bin:/usr/sbin:/usr/bin:/sbin:/bin:/usr/games:/usr/local/games:~/.composer/vendor/bin
LD_LIBRARY_PATH=.:
SHELL=/bin/bash
DISPLAY=:0

Signal Handlers:
SIGSEGV: [libjvm.so+0x94b9a0], sa_mask[0]=0x7ffbfeff, sa_flags=0x10000004
SIGBUS: [libjvm.so+0x94b9a0], sa_mask[0]=0x7ffbfeff, sa_flags=0x10000004
SIGFPE: [libjvm.so+0x7c3880], sa_mask[0]=0x7ffbfeff, sa_flags=0x10000004
SIGPIPE: [libjvm.so+0x7c3880], sa_mask[0]=0x7ffbfeff, sa_flags=0x10000004
SIGXFSZ: [libjvm.so+0x7c3880], sa_mask[0]=0x7ffbfeff, sa_flags=0x10000004
SIGILL: [libjvm.so+0x7c3880], sa_mask[0]=0x7ffbfeff, sa_flags=0x10000004
SIGUSR1: SIG_DFL, sa_mask[0]=0x00000000, sa_flags=0x00000000
SIGUSR2: [libjvm.so+0x7c3720], sa_mask[0]=0x00000004, sa_flags=0x10000004
SIGHUP: [libjvm.so+0x7c3900], sa_mask[0]=0x7ffbfeff, sa_flags=0x10000004
SIGINT: [libjvm.so+0x7c3900], sa_mask[0]=0x7ffbfeff, sa_flags=0x10000004
SIGTERM: [libjvm.so+0x7c3900], sa_mask[0]=0x7ffbfeff, sa_flags=0x10000004
SIGQUIT: [libjvm.so+0x7c3900], sa_mask[0]=0x7ffbfeff, sa_flags=0x10000004
SIGTRAP: SIG_DFL, sa_mask[0]=0x00000000, sa_flags=0x00000000


---------------  S Y S T E M  ---------------

OS:Ubuntu 14.04 (trusty)
uname:Linux 3.13.0-54-generic #91-Ubuntu SMP Tue May 26 19:15:08 UTC 2015 x86_64
libc:glibc 2.19 NPTL 2.19 
rlimit: STACK 8192k, CORE 0k, NPROC 28866, NOFILE 4096, AS infinity
load average:4,07 1,70 1,14

/proc/meminfo:
MemTotal:        3724688 kB
MemFree:           92160 kB
Buffers:             440 kB
Cached:           450464 kB
SwapCached:         9224 kB
Active:          2234452 kB
Inactive:         693592 kB
Active(anon):    2233384 kB
Inactive(anon):   669868 kB
Active(file):       1068 kB
Inactive(file):    23724 kB
Unevictable:          32 kB
Mlocked:              32 kB
SwapTotal:        488276 kB
SwapFree:             24 kB
Dirty:                 4 kB
Writeback:            40 kB
AnonPages:       2469472 kB
Mapped:           584384 kB
Shmem:            424716 kB
Slab:              95344 kB
SReclaimable:      37924 kB
SUnreclaim:        57420 kB
KernelStack:        5976 kB
PageTables:        40692 kB
NFS_Unstable:          0 kB
Bounce:                0 kB
WritebackTmp:          0 kB
CommitLimit:     2350620 kB
Committed_AS:    8219028 kB
VmallocTotal:   34359738367 kB
VmallocUsed:      350612 kB
VmallocChunk:   34359332000 kB
HardwareCorrupted:     0 kB
AnonHugePages:    495616 kB
HugePages_Total:       0
HugePages_Free:        0
HugePages_Rsvd:        0
HugePages_Surp:        0
Hugepagesize:       2048 kB
DirectMap4k:      141952 kB
DirectMap2M:     3725312 kB
DirectMap1G:           0 kB


CPU:total 8 (4 cores per cpu, 2 threads per core) family 6 model 60 stepping 3, cmov, cx8, fxsr, mmx, sse, sse2, sse3, ssse3, sse4.1, sse4.2, popcnt, avx, avx2, aes, erms, ht, tsc, tscinvbit

/proc/cpuinfo:
processor	: 0
vendor_id	: GenuineIntel
cpu family	: 6
model		: 60
model name	: Intel(R) Core(TM) i7-4771 CPU @ 3.50GHz
stepping	: 3
microcode	: 0x9
cpu MHz		: 2900.000
cache size	: 8192 KB
physical id	: 0
siblings	: 8
core id		: 0
cpu cores	: 4
apicid		: 0
initial apicid	: 0
fpu		: yes
fpu_exception	: yes
cpuid level	: 13
wp		: yes
flags		: fpu vme de pse tsc msr pae mce cx8 apic sep mtrr pge mca cmov pat pse36 clflush dts acpi mmx fxsr sse sse2 ss ht tm pbe syscall nx pdpe1gb rdtscp lm constant_tsc arch_perfmon pebs bts rep_good nopl xtopology nonstop_tsc aperfmperf eagerfpu pni pclmulqdq dtes64 monitor ds_cpl vmx smx est tm2 ssse3 fma cx16 xtpr pdcm pcid sse4_1 sse4_2 x2apic movbe popcnt tsc_deadline_timer aes xsave avx f16c rdrand lahf_lm abm ida arat epb xsaveopt pln pts dtherm tpr_shadow vnmi flexpriority ept vpid fsgsbase tsc_adjust bmi1 hle avx2 smep bmi2 erms invpcid rtm
bogomips	: 6995.80
clflush size	: 64
cache_alignment	: 64
address sizes	: 39 bits physical, 48 bits virtual
power management:

processor	: 1
vendor_id	: GenuineIntel
cpu family	: 6
model		: 60
model name	: Intel(R) Core(TM) i7-4771 CPU @ 3.50GHz
stepping	: 3
microcode	: 0x9
cpu MHz		: 2900.000
cache size	: 8192 KB
physical id	: 0
siblings	: 8
core id		: 1
cpu cores	: 4
apicid		: 2
initial apicid	: 2
fpu		: yes
fpu_exception	: yes
cpuid level	: 13
wp		: yes
flags		: fpu vme de pse tsc msr pae mce cx8 apic sep mtrr pge mca cmov pat pse36 clflush dts acpi mmx fxsr sse sse2 ss ht tm pbe syscall nx pdpe1gb rdtscp lm constant_tsc arch_perfmon pebs bts rep_good nopl xtopology nonstop_tsc aperfmperf eagerfpu pni pclmulqdq dtes64 monitor ds_cpl vmx smx est tm2 ssse3 fma cx16 xtpr pdcm pcid sse4_1 sse4_2 x2apic movbe popcnt tsc_deadline_timer aes xsave avx f16c rdrand lahf_lm abm ida arat epb xsaveopt pln pts dtherm tpr_shadow vnmi flexpriority ept vpid fsgsbase tsc_adjust bmi1 hle avx2 smep bmi2 erms invpcid rtm
bogomips	: 6995.80
clflush size	: 64
cache_alignment	: 64
address sizes	: 39 bits physical, 48 bits virtual
power management:

processor	: 2
vendor_id	: GenuineIntel
cpu family	: 6
model		: 60
model name	: Intel(R) Core(TM) i7-4771 CPU @ 3.50GHz
stepping	: 3
microcode	: 0x9
cpu MHz		: 3501.000
cache size	: 8192 KB
physical id	: 0
siblings	: 8
core id		: 2
cpu cores	: 4
apicid		: 4
initial apicid	: 4
fpu		: yes
fpu_exception	: yes
cpuid level	: 13
wp		: yes
flags		: fpu vme de pse tsc msr pae mce cx8 apic sep mtrr pge mca cmov pat pse36 clflush dts acpi mmx fxsr sse sse2 ss ht tm pbe syscall nx pdpe1gb rdtscp lm constant_tsc arch_perfmon pebs bts rep_good nopl xtopology nonstop_tsc aperfmperf eagerfpu pni pclmulqdq dtes64 monitor ds_cpl vmx smx est tm2 ssse3 fma cx16 xtpr pdcm pcid sse4_1 sse4_2 x2apic movbe popcnt tsc_deadline_timer aes xsave avx f16c rdrand lahf_lm abm ida arat epb xsaveopt pln pts dtherm tpr_shadow vnmi flexpriority ept vpid fsgsbase tsc_adjust bmi1 hle avx2 smep bmi2 erms invpcid rtm
bogomips	: 6995.80
clflush size	: 64
cache_alignment	: 64
address sizes	: 39 bits physical, 48 bits virtual
power management:

processor	: 3
vendor_id	: GenuineIntel
cpu family	: 6
model		: 60
model name	: Intel(R) Core(TM) i7-4771 CPU @ 3.50GHz
stepping	: 3
microcode	: 0x9
cpu MHz		: 1800.000
cache size	: 8192 KB
physical id	: 0
siblings	: 8
core id		: 3
cpu cores	: 4
apicid		: 6
initial apicid	: 6
fpu		: yes
fpu_exception	: yes
cpuid level	: 13
wp		: yes
flags		: fpu vme de pse tsc msr pae mce cx8 apic sep mtrr pge mca cmov pat pse36 clflush dts acpi mmx fxsr sse sse2 ss ht tm pbe syscall nx pdpe1gb rdtscp lm constant_tsc arch_perfmon pebs bts rep_good nopl xtopology nonstop_tsc aperfmperf eagerfpu pni pclmulqdq dtes64 monitor ds_cpl vmx smx est tm2 ssse3 fma cx16 xtpr pdcm pcid sse4_1 sse4_2 x2apic movbe popcnt tsc_deadline_timer aes xsave avx f16c rdrand lahf_lm abm ida arat epb xsaveopt pln pts dtherm tpr_shadow vnmi flexpriority ept vpid fsgsbase tsc_adjust bmi1 hle avx2 smep bmi2 erms invpcid rtm
bogomips	: 6995.80
clflush size	: 64
cache_alignment	: 64
address sizes	: 39 bits physical, 48 bits virtual
power management:

processor	: 4
vendor_id	: GenuineIntel
cpu family	: 6
model		: 60
model name	: Intel(R) Core(TM) i7-4771 CPU @ 3.50GHz
stepping	: 3
microcode	: 0x9
cpu MHz		: 3501.000
cache size	: 8192 KB
physical id	: 0
siblings	: 8
core id		: 0
cpu cores	: 4
apicid		: 1
initial apicid	: 1
fpu		: yes
fpu_exception	: yes
cpuid level	: 13
wp		: yes
flags		: fpu vme de pse tsc msr pae mce cx8 apic sep mtrr pge mca cmov pat pse36 clflush dts acpi mmx fxsr sse sse2 ss ht tm pbe syscall nx pdpe1gb rdtscp lm constant_tsc arch_perfmon pebs bts rep_good nopl xtopology nonstop_tsc aperfmperf eagerfpu pni pclmulqdq dtes64 monitor ds_cpl vmx smx est tm2 ssse3 fma cx16 xtpr pdcm pcid sse4_1 sse4_2 x2apic movbe popcnt tsc_deadline_timer aes xsave avx f16c rdrand lahf_lm abm ida arat epb xsaveopt pln pts dtherm tpr_shadow vnmi flexpriority ept vpid fsgsbase tsc_adjust bmi1 hle avx2 smep bmi2 erms invpcid rtm
bogomips	: 6995.80
clflush size	: 64
cache_alignment	: 64
address sizes	: 39 bits physical, 48 bits virtual
power management:

processor	: 5
vendor_id	: GenuineIntel
cpu family	: 6
model		: 60
model name	: Intel(R) Core(TM) i7-4771 CPU @ 3.50GHz
stepping	: 3
microcode	: 0x9
cpu MHz		: 800.000
cache size	: 8192 KB
physical id	: 0
siblings	: 8
core id		: 1
cpu cores	: 4
apicid		: 3
initial apicid	: 3
fpu		: yes
fpu_exception	: yes
cpuid level	: 13
wp		: yes
flags		: fpu vme de pse tsc msr pae mce cx8 apic sep mtrr pge mca cmov pat pse36 clflush dts acpi mmx fxsr sse sse2 ss ht tm pbe syscall nx pdpe1gb rdtscp lm constant_tsc arch_perfmon pebs bts rep_good nopl xtopology nonstop_tsc aperfmperf eagerfpu pni pclmulqdq dtes64 monitor ds_cpl vmx smx est tm2 ssse3 fma cx16 xtpr pdcm pcid sse4_1 sse4_2 x2apic movbe popcnt tsc_deadline_timer aes xsave avx f16c rdrand lahf_lm abm ida arat epb xsaveopt pln pts dtherm tpr_shadow vnmi flexpriority ept vpid fsgsbase tsc_adjust bmi1 hle avx2 smep bmi2 erms invpcid rtm
bogomips	: 6995.80
clflush size	: 64
cache_alignment	: 64
address sizes	: 39 bits physical, 48 bits virtual
power management:

processor	: 6
vendor_id	: GenuineIntel
cpu family	: 6
model		: 60
model name	: Intel(R) Core(TM) i7-4771 CPU @ 3.50GHz
stepping	: 3
microcode	: 0x9
cpu MHz		: 800.000
cache size	: 8192 KB
physical id	: 0
siblings	: 8
core id		: 2
cpu cores	: 4
apicid		: 5
initial apicid	: 5
fpu		: yes
fpu_exception	: yes
cpuid level	: 13
wp		: yes
flags		: fpu vme de pse tsc msr pae mce cx8 apic sep mtrr pge mca cmov pat pse36 clflush dts acpi mmx fxsr sse sse2 ss ht tm pbe syscall nx pdpe1gb rdtscp lm constant_tsc arch_perfmon pebs bts rep_good nopl xtopology nonstop_tsc aperfmperf eagerfpu pni pclmulqdq dtes64 monitor ds_cpl vmx smx est tm2 ssse3 fma cx16 xtpr pdcm pcid sse4_1 sse4_2 x2apic movbe popcnt tsc_deadline_timer aes xsave avx f16c rdrand lahf_lm abm ida arat epb xsaveopt pln pts dtherm tpr_shadow vnmi flexpriority ept vpid fsgsbase tsc_adjust bmi1 hle avx2 smep bmi2 erms invpcid rtm
bogomips	: 6995.80
clflush size	: 64
cache_alignment	: 64
address sizes	: 39 bits physical, 48 bits virtual
power management:

processor	: 7
vendor_id	: GenuineIntel
cpu family	: 6
model		: 60
model name	: Intel(R) Core(TM) i7-4771 CPU @ 3.50GHz
stepping	: 3
microcode	: 0x9
cpu MHz		: 3501.000
cache size	: 8192 KB
physical id	: 0
siblings	: 8
core id		: 3
cpu cores	: 4
apicid		: 7
initial apicid	: 7
fpu		: yes
fpu_exception	: yes
cpuid level	: 13
wp		: yes
flags		: fpu vme de pse tsc msr pae mce cx8 apic sep mtrr pge mca cmov pat pse36 clflush dts acpi mmx fxsr sse sse2 ss ht tm pbe syscall nx pdpe1gb rdtscp lm constant_tsc arch_perfmon pebs bts rep_good nopl xtopology nonstop_tsc aperfmperf eagerfpu pni pclmulqdq dtes64 monitor ds_cpl vmx smx est tm2 ssse3 fma cx16 xtpr pdcm pcid sse4_1 sse4_2 x2apic movbe popcnt tsc_deadline_timer aes xsave avx f16c rdrand lahf_lm abm ida arat epb xsaveopt pln pts dtherm tpr_shadow vnmi flexpriority ept vpid fsgsbase tsc_adjust bmi1 hle avx2 smep bmi2 erms invpcid rtm
bogomips	: 6995.80
clflush size	: 64
cache_alignment	: 64
address sizes	: 39 bits physical, 48 bits virtual
power management:



Memory: 4k page, physical 3724688k(91168k free), swap 488276k(32k free)

vm_info: OpenJDK 64-Bit Server VM (24.79-b02) for linux-amd64 JRE (1.7.0_79-b14), built on Apr 16 2015 08:21:58 by "buildd" with gcc 4.8.2

time: Wed Jun 17 23:10:57 2015
elapsed time: 18 seconds

