#
# There is insufficient memory for the Java Runtime Environment to continue.
# Native memory allocation (malloc) failed to allocate 96468992 bytes for committing reserved memory.
# Possible reasons:
#   The system is out of physical RAM or swap space
#   In 32 bit mode, the process size limit was hit
# Possible solutions:
#   Reduce memory load on the system
#   Increase physical memory or swap space
#   Check if swap backing store is full
#   Use 64 bit Java on a 64 bit OS
#   Decrease Java heap size (-Xmx/-Xms)
#   Decrease number of Java threads
#   Decrease Java thread stack sizes (-Xss)
#   Set larger code cache with -XX:ReservedCodeCacheSize=
# This output file may be truncated or incomplete.
#
#  Out of Memory Error (os_linux.cpp:2809), pid=28218, tid=140231479097088
#
# JRE version: OpenJDK Runtime Environment (7.0_79-b14) (build 1.7.0_79-b14)
# Java VM: OpenJDK 64-Bit Server VM (24.79-b02 mixed mode linux-amd64 compressed oops)
# Derivative: IcedTea 2.5.5
# Distribution: Ubuntu 14.04 LTS, package 7u79-2.5.5-0ubuntu0.14.04.2
# Failed to write core dump. Core dumps have been disabled. To enable core dumping, try "ulimit -c unlimited" before starting Java again
#

---------------  T H R E A D  ---------------

Current thread (0x00007f8a58080000):  VMThread [stack: 0x00007f8a2f6f7000,0x00007f8a2f7f8000] [id=28233]

Stack: [0x00007f8a2f6f7000,0x00007f8a2f7f8000],  sp=0x00007f8a2f7f6490,  free space=1021k
Native frames: (J=compiled Java code, j=interpreted, Vv=VM code, C=native code)
V  [libjvm.so+0x94aec5]  VMError::report_and_die()+0x175
V  [libjvm.so+0x48b9c4]  report_vm_out_of_memory(char const*, int, unsigned long, char const*)+0x74
V  [libjvm.so+0x7c806b]  os::pd_commit_memory(char*, unsigned long, unsigned long, bool)+0xeb
V  [libjvm.so+0x7c2b0f]  os::commit_memory(char*, unsigned long, unsigned long, bool)+0x1f
V  [libjvm.so+0x83500b]  PSVirtualSpace::expand_by(unsigned long)+0x5b
V  [libjvm.so+0x835e60]  PSYoungGen::resize_generation(unsigned long, unsigned long)+0xb0
V  [libjvm.so+0x83654b]  PSYoungGen::resize(unsigned long, unsigned long)+0x1b
V  [libjvm.so+0x832830]  PSScavenge::invoke_no_policy()+0xde0
V  [libjvm.so+0x833008]  PSScavenge::invoke()+0x38
V  [libjvm.so+0x7e96f3]  ParallelScavengeHeap::failed_mem_allocate(unsigned long)+0x63
V  [libjvm.so+0x94c8c4]  VM_ParallelGCFailedAllocation::doit()+0x84
V  [libjvm.so+0x950dc7]  VM_Operation::evaluate()+0x47
V  [libjvm.so+0x94f738]  VMThread::evaluate_operation(VM_Operation*)+0x318
V  [libjvm.so+0x94fb99]  VMThread::loop()+0x219
V  [libjvm.so+0x94ffe2]  VMThread::run()+0x72
V  [libjvm.so+0x7c4f32]  java_start(Thread*)+0xf2

VM_Operation (0x00007f8a5efbe480): ParallelGCFailedAllocation, mode: safepoint, requested by thread 0x00007f8a5800c000


---------------  P R O C E S S  ---------------

Java Threads: ( => current thread )
  0x00007f8a580b9800 JavaThread "Service Thread" daemon [_thread_blocked, id=28239, stack(0x00007f8a2ea0f000,0x00007f8a2eb10000)]
  0x00007f8a580b7800 JavaThread "C2 CompilerThread1" daemon [_thread_blocked, id=28238, stack(0x00007f8a2eb10000,0x00007f8a2ec11000)]
  0x00007f8a580b4800 JavaThread "C2 CompilerThread0" daemon [_thread_blocked, id=28237, stack(0x00007f8a2ec11000,0x00007f8a2ed12000)]
  0x00007f8a580b2800 JavaThread "Signal Dispatcher" daemon [_thread_blocked, id=28236, stack(0x00007f8a2ed12000,0x00007f8a2ee13000)]
  0x00007f8a58086800 JavaThread "Finalizer" daemon [_thread_blocked, id=28235, stack(0x00007f8a2f4f5000,0x00007f8a2f5f6000)]
  0x00007f8a58084800 JavaThread "Reference Handler" daemon [_thread_blocked, id=28234, stack(0x00007f8a2f5f6000,0x00007f8a2f6f7000)]
  0x00007f8a5800c000 JavaThread "main" [_thread_blocked, id=28224, stack(0x00007f8a5eebf000,0x00007f8a5efc0000)]

Other Threads:
=>0x00007f8a58080000 VMThread [stack: 0x00007f8a2f6f7000,0x00007f8a2f7f8000] [id=28233]
  0x00007f8a580c4800 WatcherThread [stack: 0x00007f8a2e90e000,0x00007f8a2ea0f000] [id=28240]

VM state:at safepoint (normal execution)

VM Mutex/Monitor currently owned by a thread:  ([mutex/lock_event])
[0x00007f8a58008410] Threads_lock - owner thread: 0x00007f8a58080000
[0x00007f8a58008910] Heap_lock - owner thread: 0x00007f8a5800c000

Heap
 PSYoungGen      total 63488K, used 2032K [0x00000000eaa80000, 0x00000000eea80000, 0x0000000100000000)
  eden space 61440K, 0% used [0x00000000eaa80000,0x00000000eaa80000,0x00000000ee680000)
  from space 2048K, 99% used [0x00000000ee680000,0x00000000ee87c260,0x00000000ee880000)
  to   space 2048K, 0% used [0x00000000ee880000,0x00000000ee880000,0x00000000eea80000)
 ParOldGen       total 38400K, used 31157K [0x00000000c0000000, 0x00000000c2580000, 0x00000000eaa80000)
  object space 38400K, 81% used [0x00000000c0000000,0x00000000c1e6d570,0x00000000c2580000)
 PSPermGen       total 21504K, used 7176K [0x00000000b5a00000, 0x00000000b6f00000, 0x00000000c0000000)
  object space 21504K, 33% used [0x00000000b5a00000,0x00000000b6102168,0x00000000b6f00000)

Card table byte_map: [0x00007f8a5478b000,0x00007f8a549df000] byte_map_base: 0x00007f8a541de000

Polling page: 0x00007f8a5efdf000

Code Cache  [0x00007f8a549df000, 0x00007f8a54c4f000, 0x00007f8a579df000)
 total_blobs=872 nmethods=621 adapters=204 free_code_cache=47467Kb largest_free_block=48566656

Compilation events (10 events):
Event: 2,734 Thread 0x00007f8a580b7800 nmethod 627 0x00007f8a54b77250 code [0x00007f8a54b773a0, 0x00007f8a54b77458]
Event: 2,734 Thread 0x00007f8a580b7800  628             java.util.TimSort::countRunAndMakeAscending (128 bytes)
Event: 2,735 Thread 0x00007f8a580b4800 nmethod 623 0x00007f8a54b765d0 code [0x00007f8a54b76760, 0x00007f8a54b76c38]
Event: 2,735 Thread 0x00007f8a580b4800  629             java.util.TimSort::binarySort (223 bytes)
Event: 2,738 Thread 0x00007f8a580b7800 nmethod 628 0x00007f8a54b85410 code [0x00007f8a54b855c0, 0x00007f8a54b85ac8]
Event: 2,738 Thread 0x00007f8a580b7800  630             com.android.dex.Leb128::writeSignedLeb128 (83 bytes)
Event: 2,739 Thread 0x00007f8a580b7800 nmethod 630 0x00007f8a54b84f90 code [0x00007f8a54b850e0, 0x00007f8a54b85278]
Event: 2,739 Thread 0x00007f8a580b7800  631             com.android.dx.merge.InstructionTransformer$StringVisitor::visit (63 bytes)
Event: 2,740 Thread 0x00007f8a580b4800 nmethod 629 0x00007f8a54b71910 code [0x00007f8a54b71aa0, 0x00007f8a54b72138]
Event: 2,742 Thread 0x00007f8a580b7800 nmethod 631 0x00007f8a54b71050 code [0x00007f8a54b711c0, 0x00007f8a54b71518]

GC Heap History (9 events):
Event: 0,509 GC heap before
{Heap before GC invocations=1 (full 0):
 PSYoungGen      total 17408K, used 15360K [0x00000000eaa80000, 0x00000000ebd80000, 0x0000000100000000)
  eden space 15360K, 100% used [0x00000000eaa80000,0x00000000eb980000,0x00000000eb980000)
  from space 2048K, 0% used [0x00000000ebb80000,0x00000000ebb80000,0x00000000ebd80000)
  to   space 2048K, 0% used [0x00000000eb980000,0x00000000eb980000,0x00000000ebb80000)
 ParOldGen       total 38400K, used 0K [0x00000000c0000000, 0x00000000c2580000, 0x00000000eaa80000)
  object space 38400K, 0% used [0x00000000c0000000,0x00000000c0000000,0x00000000c2580000)
 PSPermGen       total 21504K, used 5017K [0x00000000b5a00000, 0x00000000b6f00000, 0x00000000c0000000)
  object space 21504K, 23% used [0x00000000b5a00000,0x00000000b5ee6540,0x00000000b6f00000)
Event: 0,514 GC heap after
Heap after GC invocations=1 (full 0):
 PSYoungGen      total 17408K, used 2032K [0x00000000eaa80000, 0x00000000ecc80000, 0x0000000100000000)
  eden space 15360K, 0% used [0x00000000eaa80000,0x00000000eaa80000,0x00000000eb980000)
  from space 2048K, 99% used [0x00000000eb980000,0x00000000ebb7c028,0x00000000ebb80000)
  to   space 2048K, 0% used [0x00000000eca80000,0x00000000eca80000,0x00000000ecc80000)
 ParOldGen       total 38400K, used 2194K [0x00000000c0000000, 0x00000000c2580000, 0x00000000eaa80000)
  object space 38400K, 5% used [0x00000000c0000000,0x00000000c0224b88,0x00000000c2580000)
 PSPermGen       total 21504K, used 5017K [0x00000000b5a00000, 0x00000000b6f00000, 0x00000000c0000000)
  object space 21504K, 23% used [0x00000000b5a00000,0x00000000b5ee6540,0x00000000b6f00000)
}
Event: 0,820 GC heap before
{Heap before GC invocations=2 (full 0):
 PSYoungGen      total 17408K, used 17392K [0x00000000eaa80000, 0x00000000ecc80000, 0x0000000100000000)
  eden space 15360K, 100% used [0x00000000eaa80000,0x00000000eb980000,0x00000000eb980000)
  from space 2048K, 99% used [0x00000000eb980000,0x00000000ebb7c028,0x00000000ebb80000)
  to   space 2048K, 0% used [0x00000000eca80000,0x00000000eca80000,0x00000000ecc80000)
 ParOldGen       total 38400K, used 2194K [0x00000000c0000000, 0x00000000c2580000, 0x00000000eaa80000)
  object space 38400K, 5% used [0x00000000c0000000,0x00000000c0224b88,0x00000000c2580000)
 PSPermGen       total 21504K, used 5205K [0x00000000b5a00000, 0x00000000b6f00000, 0x00000000c0000000)
  object space 21504K, 24% used [0x00000000b5a00000,0x00000000b5f15518,0x00000000b6f00000)
Event: 0,824 GC heap after
Heap after GC invocations=2 (full 0):
 PSYoungGen      total 32768K, used 2033K [0x00000000eaa80000, 0x00000000ecc80000, 0x0000000100000000)
  eden space 30720K, 0% used [0x00000000eaa80000,0x00000000eaa80000,0x00000000ec880000)
  from space 2048K, 99% used [0x00000000eca80000,0x00000000ecc7c6c0,0x00000000ecc80000)
  to   space 2048K, 0% used [0x00000000ec880000,0x00000000ec880000,0x00000000eca80000)
 ParOldGen       total 38400K, used 5928K [0x00000000c0000000, 0x00000000c2580000, 0x00000000eaa80000)
  object space 38400K, 15% used [0x00000000c0000000,0x00000000c05ca050,0x00000000c2580000)
 PSPermGen       total 21504K, used 5205K [0x00000000b5a00000, 0x00000000b6f00000, 0x00000000c0000000)
  object space 21504K, 24% used [0x00000000b5a00000,0x00000000b5f15518,0x00000000b6f00000)
}
Event: 2,183 GC heap before
{Heap before GC invocations=3 (full 0):
 PSYoungGen      total 32768K, used 32675K [0x00000000eaa80000, 0x00000000ecc80000, 0x0000000100000000)
  eden space 30720K, 99% used [0x00000000eaa80000,0x00000000ec86c870,0x00000000ec880000)
  from space 2048K, 99% used [0x00000000eca80000,0x00000000ecc7c6c0,0x00000000ecc80000)
  to   space 2048K, 0% used [0x00000000ec880000,0x00000000ec880000,0x00000000eca80000)
 ParOldGen       total 38400K, used 5928K [0x00000000c0000000, 0x00000000c2580000, 0x00000000eaa80000)
  object space 38400K, 15% used [0x00000000c0000000,0x00000000c05ca050,0x00000000c2580000)
 PSPermGen       total 21504K, used 6719K [0x00000000b5a00000, 0x00000000b6f00000, 0x00000000c0000000)
  object space 21504K, 31% used [0x00000000b5a00000,0x00000000b608ff98,0x00000000b6f00000)
Event: 2,198 GC heap after
Heap after GC invocations=3 (full 0):
 PSYoungGen      total 32768K, used 2033K [0x00000000eaa80000, 0x00000000eea80000, 0x0000000100000000)
  eden space 30720K, 0% used [0x00000000eaa80000,0x00000000eaa80000,0x00000000ec880000)
  from space 2048K, 99% used [0x00000000ec880000,0x00000000eca7c6a8,0x00000000eca80000)
  to   space 2048K, 0% used [0x00000000ee880000,0x00000000ee880000,0x00000000eea80000)
 ParOldGen       total 38400K, used 14391K [0x00000000c0000000, 0x00000000c2580000, 0x00000000eaa80000)
  object space 38400K, 37% used [0x00000000c0000000,0x00000000c0e0de80,0x00000000c2580000)
 PSPermGen       total 21504K, used 6719K [0x00000000b5a00000, 0x00000000b6f00000, 0x00000000c0000000)
  object space 21504K, 31% used [0x00000000b5a00000,0x00000000b608ff98,0x00000000b6f00000)
}
Event: 2,506 GC heap before
{Heap before GC invocations=4 (full 0):
 PSYoungGen      total 32768K, used 32218K [0x00000000eaa80000, 0x00000000eea80000, 0x0000000100000000)
  eden space 30720K, 98% used [0x00000000eaa80000,0x00000000ec7fa4b8,0x00000000ec880000)
  from space 2048K, 99% used [0x00000000ec880000,0x00000000eca7c6a8,0x00000000eca80000)
  to   space 2048K, 0% used [0x00000000ee880000,0x00000000ee880000,0x00000000eea80000)
 ParOldGen       total 38400K, used 14391K [0x00000000c0000000, 0x00000000c2580000, 0x00000000eaa80000)
  object space 38400K, 37% used [0x00000000c0000000,0x00000000c0e0de80,0x00000000c2580000)
 PSPermGen       total 21504K, used 7054K [0x00000000b5a00000, 0x00000000b6f00000, 0x00000000c0000000)
  object space 21504K, 32% used [0x00000000b5a00000,0x00000000b60e3a78,0x00000000b6f00000)
Event: 2,514 GC heap after
Heap after GC invocations=4 (full 0):
 PSYoungGen      total 63488K, used 2016K [0x00000000eaa80000, 0x00000000eea80000, 0x0000000100000000)
  eden space 61440K, 0% used [0x00000000eaa80000,0x00000000eaa80000,0x00000000ee680000)
  from space 2048K, 98% used [0x00000000ee880000,0x00000000eea78018,0x00000000eea80000)
  to   space 2048K, 0% used [0x00000000ee680000,0x00000000ee680000,0x00000000ee880000)
 ParOldGen       total 38400K, used 15635K [0x00000000c0000000, 0x00000000c2580000, 0x00000000eaa80000)
  object space 38400K, 40% used [0x00000000c0000000,0x00000000c0f44d60,0x00000000c2580000)
 PSPermGen       total 21504K, used 7054K [0x00000000b5a00000, 0x00000000b6f00000, 0x00000000c0000000)
  object space 21504K, 32% used [0x00000000b5a00000,0x00000000b60e3a78,0x00000000b6f00000)
}
Event: 3,088 GC heap before
{Heap before GC invocations=5 (full 0):
 PSYoungGen      total 63488K, used 63456K [0x00000000eaa80000, 0x00000000eea80000, 0x0000000100000000)
  eden space 61440K, 100% used [0x00000000eaa80000,0x00000000ee680000,0x00000000ee680000)
  from space 2048K, 98% used [0x00000000ee880000,0x00000000eea78018,0x00000000eea80000)
  to   space 2048K, 0% used [0x00000000ee680000,0x00000000ee680000,0x00000000ee880000)
 ParOldGen       total 38400K, used 15635K [0x00000000c0000000, 0x00000000c2580000, 0x00000000eaa80000)
  object space 38400K, 40% used [0x00000000c0000000,0x00000000c0f44d60,0x00000000c2580000)
 PSPermGen       total 21504K, used 7176K [0x00000000b5a00000, 0x00000000b6f00000, 0x00000000c0000000)
  object space 21504K, 33% used [0x00000000b5a00000,0x00000000b6102168,0x00000000b6f00000)

Deoptimization events (10 events):
Event: 2,244 Thread 0x00007f8a5800c000 Uncommon trap: reason=class_check action=maybe_recompile pc=0x00007f8a54b20f80 method=com.android.dx.merge.DexMerger$IdMerger.mergeSorted()V @ 11
Event: 2,249 Thread 0x00007f8a5800c000 Uncommon trap: reason=class_check action=maybe_recompile pc=0x00007f8a54b20f80 method=com.android.dx.merge.DexMerger$IdMerger.mergeSorted()V @ 11
Event: 2,250 Thread 0x00007f8a5800c000 Uncommon trap: reason=class_check action=maybe_recompile pc=0x00007f8a54b20f80 method=com.android.dx.merge.DexMerger$IdMerger.mergeSorted()V @ 11
Event: 2,251 Thread 0x00007f8a5800c000 Uncommon trap: reason=class_check action=maybe_recompile pc=0x00007f8a54b20f80 method=com.android.dx.merge.DexMerger$IdMerger.mergeSorted()V @ 11
Event: 2,262 Thread 0x00007f8a5800c000 Uncommon trap: reason=predicate action=maybe_recompile pc=0x00007f8a54b1e394 method=com.android.dex.Leb128.readUnsignedLeb128(Lcom/android/dex/util/ByteInput;)I @ 41
Event: 2,581 Thread 0x00007f8a5800c000 Uncommon trap: reason=predicate action=maybe_recompile pc=0x00007f8a54a72dac method=java.util.ComparableTimSort.binarySort([Ljava/lang/Object;III)V @ 37
Event: 2,646 Thread 0x00007f8a5800c000 Uncommon trap: reason=array_check action=maybe_recompile pc=0x00007f8a54a716c4 method=java.util.ComparableTimSort.binarySort([Ljava/lang/Object;III)V @ 215
Event: 2,646 Thread 0x00007f8a5800c000 Uncommon trap: reason=array_check action=maybe_recompile pc=0x00007f8a54a71780 method=java.util.ComparableTimSort.binarySort([Ljava/lang/Object;III)V @ 193
Event: 2,704 Thread 0x00007f8a5800c000 Uncommon trap: reason=array_check action=maybe_recompile pc=0x00007f8a54a716c4 method=java.util.ComparableTimSort.binarySort([Ljava/lang/Object;III)V @ 215
Event: 2,705 Thread 0x00007f8a5800c000 Uncommon trap: reason=array_check action=maybe_recompile pc=0x00007f8a54a71780 method=java.util.ComparableTimSort.binarySort([Ljava/lang/Object;III)V @ 193

Internal exceptions (10 events):
Event: 2,177 Thread 0x00007f8a5800c000 Threw 0x00000000ec8401a8 at /build/buildd/openjdk-7-7u79-2.5.5/build/openjdk/hotspot/src/share/vm/prims/jvm.cpp:1284
Event: 2,177 Thread 0x00007f8a5800c000 Threw 0x00000000ec843de8 at /build/buildd/openjdk-7-7u79-2.5.5/build/openjdk/hotspot/src/share/vm/prims/jvm.cpp:1284
Event: 2,177 Thread 0x00007f8a5800c000 Threw 0x00000000ec847b78 at /build/buildd/openjdk-7-7u79-2.5.5/build/openjdk/hotspot/src/share/vm/prims/jvm.cpp:1284
Event: 2,178 Thread 0x00007f8a5800c000 Threw 0x00000000ec84db08 at /build/buildd/openjdk-7-7u79-2.5.5/build/openjdk/hotspot/src/share/vm/prims/jvm.cpp:1284
Event: 2,179 Thread 0x00007f8a5800c000 Threw 0x00000000ec8515d8 at /build/buildd/openjdk-7-7u79-2.5.5/build/openjdk/hotspot/src/share/vm/prims/jvm.cpp:1284
Event: 2,179 Thread 0x00007f8a5800c000 Threw 0x00000000ec8552a0 at /build/buildd/openjdk-7-7u79-2.5.5/build/openjdk/hotspot/src/share/vm/prims/jvm.cpp:1284
Event: 2,179 Thread 0x00007f8a5800c000 Threw 0x00000000ec858cd8 at /build/buildd/openjdk-7-7u79-2.5.5/build/openjdk/hotspot/src/share/vm/prims/jvm.cpp:1284
Event: 2,199 Thread 0x00007f8a5800c000 Threw 0x00000000eaac0f78 at /build/buildd/openjdk-7-7u79-2.5.5/build/openjdk/hotspot/src/share/vm/prims/jvm.cpp:1284
Event: 2,199 Thread 0x00007f8a5800c000 Threw 0x00000000eaac3ae0 at /build/buildd/openjdk-7-7u79-2.5.5/build/openjdk/hotspot/src/share/vm/prims/jvm.cpp:1284
Event: 2,464 Thread 0x00007f8a5800c000 Threw 0x00000000ec241a88 at /build/buildd/openjdk-7-7u79-2.5.5/build/openjdk/hotspot/src/share/vm/prims/jvm.cpp:1284

Events (10 events):
Event: 2,891 loading class 0x00007f8a10105c60 done
Event: 2,891 loading class 0x00007f8a104d2eb0
Event: 2,891 loading class 0x00007f8a104d2eb0 done
Event: 2,891 loading class 0x00007f8a10105dc0
Event: 2,891 loading class 0x00007f8a10105dc0 done
Event: 2,891 loading class 0x00007f8a10105e90
Event: 2,891 loading class 0x00007f8a10105e90 done
Event: 2,892 loading class 0x00007f8a5c07ba10
Event: 2,892 loading class 0x00007f8a5c07ba10 done
Event: 2,994 Executing VM operation: ParallelGCFailedAllocation


Dynamic libraries:
00400000-00401000 r-xp 00000000 08:01 2896608                            /usr/lib/jvm/java-7-openjdk-amd64/jre/bin/java
00600000-00601000 r--p 00000000 08:01 2896608                            /usr/lib/jvm/java-7-openjdk-amd64/jre/bin/java
00601000-00602000 rw-p 00001000 08:01 2896608                            /usr/lib/jvm/java-7-openjdk-amd64/jre/bin/java
01e61000-01e82000 rw-p 00000000 00:00 0                                  [heap]
b5a00000-b6f00000 rw-p 00000000 00:00 0 
b6f00000-c0000000 rw-p 00000000 00:00 0 
c0000000-c2580000 rw-p 00000000 00:00 0 
c2580000-eaa80000 rw-p 00000000 00:00 0 
eaa80000-eea80000 rw-p 00000000 00:00 0 
f4680000-100000000 rw-p 00000000 00:00 0 
7f8a08000000-7f8a08021000 rw-p 00000000 00:00 0 
7f8a08021000-7f8a0c000000 ---p 00000000 00:00 0 
7f8a10000000-7f8a10883000 rw-p 00000000 00:00 0 
7f8a10883000-7f8a14000000 ---p 00000000 00:00 0 
7f8a14000000-7f8a14021000 rw-p 00000000 00:00 0 
7f8a14021000-7f8a18000000 ---p 00000000 00:00 0 
7f8a18000000-7f8a18021000 rw-p 00000000 00:00 0 
7f8a18021000-7f8a1c000000 ---p 00000000 00:00 0 
7f8a1c000000-7f8a1c696000 rw-p 00000000 00:00 0 
7f8a1c696000-7f8a20000000 ---p 00000000 00:00 0 
7f8a20000000-7f8a20021000 rw-p 00000000 00:00 0 
7f8a20021000-7f8a24000000 ---p 00000000 00:00 0 
7f8a24000000-7f8a24021000 rw-p 00000000 00:00 0 
7f8a24021000-7f8a28000000 ---p 00000000 00:00 0 
7f8a28000000-7f8a280e0000 rw-p 00000000 00:00 0 
7f8a280e0000-7f8a2c000000 ---p 00000000 00:00 0 
7f8a2d02f000-7f8a2d190000 rw-p 00000000 00:00 0 
7f8a2d190000-7f8a2d1cd000 r-xp 00000000 08:01 1314944                    /lib/x86_64-linux-gnu/libpcre.so.3.13.1
7f8a2d1cd000-7f8a2d3cc000 ---p 0003d000 08:01 1314944                    /lib/x86_64-linux-gnu/libpcre.so.3.13.1
7f8a2d3cc000-7f8a2d3cd000 r--p 0003c000 08:01 1314944                    /lib/x86_64-linux-gnu/libpcre.so.3.13.1
7f8a2d3cd000-7f8a2d3ce000 rw-p 0003d000 08:01 1314944                    /lib/x86_64-linux-gnu/libpcre.so.3.13.1
7f8a2d3ce000-7f8a2d3d5000 r-xp 00000000 08:01 2631073                    /usr/lib/x86_64-linux-gnu/libffi.so.6.0.1
7f8a2d3d5000-7f8a2d5d4000 ---p 00007000 08:01 2631073                    /usr/lib/x86_64-linux-gnu/libffi.so.6.0.1
7f8a2d5d4000-7f8a2d5d5000 r--p 00006000 08:01 2631073                    /usr/lib/x86_64-linux-gnu/libffi.so.6.0.1
7f8a2d5d5000-7f8a2d5d6000 rw-p 00007000 08:01 2631073                    /usr/lib/x86_64-linux-gnu/libffi.so.6.0.1
7f8a2d5d6000-7f8a2d5ed000 r-xp 00000000 08:01 1314798                    /lib/x86_64-linux-gnu/libresolv-2.19.so
7f8a2d5ed000-7f8a2d7ed000 ---p 00017000 08:01 1314798                    /lib/x86_64-linux-gnu/libresolv-2.19.so
7f8a2d7ed000-7f8a2d7ee000 r--p 00017000 08:01 1314798                    /lib/x86_64-linux-gnu/libresolv-2.19.so
7f8a2d7ee000-7f8a2d7ef000 rw-p 00018000 08:01 1314798                    /lib/x86_64-linux-gnu/libresolv-2.19.so
7f8a2d7ef000-7f8a2d7f1000 rw-p 00000000 00:00 0 
7f8a2d7f1000-7f8a2d811000 r-xp 00000000 08:01 1314971                    /lib/x86_64-linux-gnu/libselinux.so.1
7f8a2d811000-7f8a2da10000 ---p 00020000 08:01 1314971                    /lib/x86_64-linux-gnu/libselinux.so.1
7f8a2da10000-7f8a2da11000 r--p 0001f000 08:01 1314971                    /lib/x86_64-linux-gnu/libselinux.so.1
7f8a2da11000-7f8a2da12000 rw-p 00020000 08:01 1314971                    /lib/x86_64-linux-gnu/libselinux.so.1
7f8a2da12000-7f8a2da14000 rw-p 00000000 00:00 0 
7f8a2da14000-7f8a2da17000 r-xp 00000000 08:01 2621804                    /usr/lib/x86_64-linux-gnu/libgmodule-2.0.so.0.4002.0
7f8a2da17000-7f8a2dc16000 ---p 00003000 08:01 2621804                    /usr/lib/x86_64-linux-gnu/libgmodule-2.0.so.0.4002.0
7f8a2dc16000-7f8a2dc17000 r--p 00002000 08:01 2621804                    /usr/lib/x86_64-linux-gnu/libgmodule-2.0.so.0.4002.0
7f8a2dc17000-7f8a2dc18000 rw-p 00003000 08:01 2621804                    /usr/lib/x86_64-linux-gnu/libgmodule-2.0.so.0.4002.0
7f8a2dc18000-7f8a2dd1e000 r-xp 00000000 08:01 1314776                    /lib/x86_64-linux-gnu/libglib-2.0.so.0.4002.0
7f8a2dd1e000-7f8a2df1d000 ---p 00106000 08:01 1314776                    /lib/x86_64-linux-gnu/libglib-2.0.so.0.4002.0
7f8a2df1d000-7f8a2df1e000 r--p 00105000 08:01 1314776                    /lib/x86_64-linux-gnu/libglib-2.0.so.0.4002.0
7f8a2df1e000-7f8a2df1f000 rw-p 00106000 08:01 1314776                    /lib/x86_64-linux-gnu/libglib-2.0.so.0.4002.0
7f8a2df1f000-7f8a2df20000 rw-p 00000000 00:00 0 
7f8a2df20000-7f8a2df6f000 r-xp 00000000 08:01 2621822                    /usr/lib/x86_64-linux-gnu/libgobject-2.0.so.0.4002.0
7f8a2df6f000-7f8a2e16f000 ---p 0004f000 08:01 2621822                    /usr/lib/x86_64-linux-gnu/libgobject-2.0.so.0.4002.0
7f8a2e16f000-7f8a2e170000 r--p 0004f000 08:01 2621822                    /usr/lib/x86_64-linux-gnu/libgobject-2.0.so.0.4002.0
7f8a2e170000-7f8a2e171000 rw-p 00050000 08:01 2621822                    /usr/lib/x86_64-linux-gnu/libgobject-2.0.so.0.4002.0
7f8a2e171000-7f8a2e2dd000 r-xp 00000000 08:01 2621826                    /usr/lib/x86_64-linux-gnu/libgio-2.0.so.0.4002.0
7f8a2e2dd000-7f8a2e4dc000 ---p 0016c000 08:01 2621826                    /usr/lib/x86_64-linux-gnu/libgio-2.0.so.0.4002.0
7f8a2e4dc000-7f8a2e4e0000 r--p 0016b000 08:01 2621826                    /usr/lib/x86_64-linux-gnu/libgio-2.0.so.0.4002.0
7f8a2e4e0000-7f8a2e4e2000 rw-p 0016f000 08:01 2621826                    /usr/lib/x86_64-linux-gnu/libgio-2.0.so.0.4002.0
7f8a2e4e2000-7f8a2e4e4000 rw-p 00000000 00:00 0 
7f8a2e4e4000-7f8a2e4fb000 r-xp 00000000 08:01 2896675                    /usr/lib/jvm/java-7-openjdk-amd64/jre/lib/amd64/libnet.so
7f8a2e4fb000-7f8a2e6fa000 ---p 00017000 08:01 2896675                    /usr/lib/jvm/java-7-openjdk-amd64/jre/lib/amd64/libnet.so
7f8a2e6fa000-7f8a2e6fb000 r--p 00016000 08:01 2896675                    /usr/lib/jvm/java-7-openjdk-amd64/jre/lib/amd64/libnet.so
7f8a2e6fb000-7f8a2e6fc000 rw-p 00017000 08:01 2896675                    /usr/lib/jvm/java-7-openjdk-amd64/jre/lib/amd64/libnet.so
7f8a2e6fc000-7f8a2e70c000 r-xp 00000000 08:01 2896662                    /usr/lib/jvm/java-7-openjdk-amd64/jre/lib/amd64/libnio.so
7f8a2e70c000-7f8a2e90c000 ---p 00010000 08:01 2896662                    /usr/lib/jvm/java-7-openjdk-amd64/jre/lib/amd64/libnio.so
7f8a2e90c000-7f8a2e90d000 r--p 00010000 08:01 2896662                    /usr/lib/jvm/java-7-openjdk-amd64/jre/lib/amd64/libnio.so
7f8a2e90d000-7f8a2e90e000 rw-p 00011000 08:01 2896662                    /usr/lib/jvm/java-7-openjdk-amd64/jre/lib/amd64/libnio.so
7f8a2e90e000-7f8a2e90f000 ---p 00000000 00:00 0 
7f8a2e90f000-7f8a2ea0f000 rw-p 00000000 00:00 0                          [stack:28240]
7f8a2ea0f000-7f8a2ea12000 ---p 00000000 00:00 0 
7f8a2ea12000-7f8a2eb10000 rw-p 00000000 00:00 0                          [stack:28239]
7f8a2eb10000-7f8a2eb13000 ---p 00000000 00:00 0 
7f8a2eb13000-7f8a2ec11000 rw-p 00000000 00:00 0                          [stack:28238]
7f8a2ec11000-7f8a2ec14000 ---p 00000000 00:00 0 
7f8a2ec14000-7f8a2ed12000 rw-p 00000000 00:00 0                          [stack:28237]
7f8a2ed12000-7f8a2ed15000 ---p 00000000 00:00 0 
7f8a2ed15000-7f8a2ee13000 rw-p 00000000 00:00 0                          [stack:28236]
7f8a2ee13000-7f8a2f4f5000 r--p 00000000 08:01 2629488                    /usr/lib/locale/locale-archive
7f8a2f4f5000-7f8a2f4f8000 ---p 00000000 00:00 0 
7f8a2f4f8000-7f8a2f5f6000 rw-p 00000000 00:00 0                          [stack:28235]
7f8a2f5f6000-7f8a2f5f9000 ---p 00000000 00:00 0 
7f8a2f5f9000-7f8a2f6f7000 rw-p 00000000 00:00 0                          [stack:28234]
7f8a2f6f7000-7f8a2f6f8000 ---p 00000000 00:00 0 
7f8a2f6f8000-7f8a30000000 rw-p 00000000 00:00 0                          [stack:28233]
7f8a30000000-7f8a30021000 rw-p 00000000 00:00 0 
7f8a30021000-7f8a34000000 ---p 00000000 00:00 0 
7f8a34000000-7f8a34021000 rw-p 00000000 00:00 0 
7f8a34021000-7f8a38000000 ---p 00000000 00:00 0 
7f8a38000000-7f8a38021000 rw-p 00000000 00:00 0 
7f8a38021000-7f8a3c000000 ---p 00000000 00:00 0 
7f8a3c000000-7f8a3c021000 rw-p 00000000 00:00 0 
7f8a3c021000-7f8a40000000 ---p 00000000 00:00 0 
7f8a40000000-7f8a40021000 rw-p 00000000 00:00 0 
7f8a40021000-7f8a44000000 ---p 00000000 00:00 0 
7f8a44000000-7f8a44021000 rw-p 00000000 00:00 0 
7f8a44021000-7f8a48000000 ---p 00000000 00:00 0 
7f8a48000000-7f8a48021000 rw-p 00000000 00:00 0 
7f8a48021000-7f8a4c000000 ---p 00000000 00:00 0 
7f8a4c000000-7f8a4c021000 rw-p 00000000 00:00 0 
7f8a4c021000-7f8a50000000 ---p 00000000 00:00 0 
7f8a50033000-7f8a50038000 r--s 0004d000 08:01 2896697                    /usr/lib/jvm/java-7-openjdk-amd64/jre/lib/jsse.jar
7f8a50038000-7f8a50047000 r--s 000dd000 00:18 3280347                    /home/kev/Android/Sdk/build-tools/21.1.2/lib/dx.jar
7f8a50047000-7f8a51483000 rw-p 00000000 00:00 0 
7f8a51483000-7f8a51634000 r--s 01d27000 08:01 2896681                    /usr/lib/jvm/java-7-openjdk-amd64/jre/lib/rt.jar
7f8a51634000-7f8a53e2d000 rw-p 00000000 00:00 0 
7f8a53e2d000-7f8a53e2e000 ---p 00000000 00:00 0 
7f8a53e2e000-7f8a53f2e000 rw-p 00000000 00:00 0                          [stack:28232]
7f8a53f2e000-7f8a53f2f000 ---p 00000000 00:00 0 
7f8a53f2f000-7f8a5402f000 rw-p 00000000 00:00 0                          [stack:28231]
7f8a5402f000-7f8a54030000 ---p 00000000 00:00 0 
7f8a54030000-7f8a54130000 rw-p 00000000 00:00 0                          [stack:28230]
7f8a54130000-7f8a54131000 ---p 00000000 00:00 0 
7f8a54131000-7f8a54231000 rw-p 00000000 00:00 0                          [stack:28229]
7f8a54231000-7f8a54232000 ---p 00000000 00:00 0 
7f8a54232000-7f8a54332000 rw-p 00000000 00:00 0                          [stack:28228]
7f8a54332000-7f8a54333000 ---p 00000000 00:00 0 
7f8a54333000-7f8a54433000 rw-p 00000000 00:00 0                          [stack:28227]
7f8a54433000-7f8a54434000 ---p 00000000 00:00 0 
7f8a54434000-7f8a54534000 rw-p 00000000 00:00 0                          [stack:28226]
7f8a54534000-7f8a54535000 ---p 00000000 00:00 0 
7f8a54535000-7f8a54648000 rw-p 00000000 00:00 0                          [stack:28225]
7f8a54648000-7f8a5478b000 rw-p 00000000 00:00 0 
7f8a5478b000-7f8a54796000 rw-p 00000000 00:00 0 
7f8a54796000-7f8a547de000 rw-p 00000000 00:00 0 
7f8a547de000-7f8a547f1000 rw-p 00000000 00:00 0 
7f8a547f1000-7f8a54933000 rw-p 00000000 00:00 0 
7f8a54933000-7f8a54954000 rw-p 00000000 00:00 0 
7f8a54954000-7f8a549de000 rw-p 00000000 00:00 0 
7f8a549de000-7f8a549df000 rw-p 00000000 00:00 0 
7f8a549df000-7f8a54c4f000 rwxp 00000000 00:00 0 
7f8a54c4f000-7f8a579df000 rw-p 00000000 00:00 0 
7f8a579df000-7f8a579e7000 r-xp 00000000 08:01 2896658                    /usr/lib/jvm/java-7-openjdk-amd64/jre/lib/amd64/libzip.so
7f8a579e7000-7f8a57be6000 ---p 00008000 08:01 2896658                    /usr/lib/jvm/java-7-openjdk-amd64/jre/lib/amd64/libzip.so
7f8a57be6000-7f8a57be7000 r--p 00007000 08:01 2896658                    /usr/lib/jvm/java-7-openjdk-amd64/jre/lib/amd64/libzip.so
7f8a57be7000-7f8a57be8000 rw-p 00008000 08:01 2896658                    /usr/lib/jvm/java-7-openjdk-amd64/jre/lib/amd64/libzip.so
7f8a57be8000-7f8a57bf3000 r-xp 00000000 08:01 1314833                    /lib/x86_64-linux-gnu/libnss_files-2.19.so
7f8a57bf3000-7f8a57df2000 ---p 0000b000 08:01 1314833                    /lib/x86_64-linux-gnu/libnss_files-2.19.so
7f8a57df2000-7f8a57df3000 r--p 0000a000 08:01 1314833                    /lib/x86_64-linux-gnu/libnss_files-2.19.so
7f8a57df3000-7f8a57df4000 rw-p 0000b000 08:01 1314833                    /lib/x86_64-linux-gnu/libnss_files-2.19.so
7f8a57df4000-7f8a57dff000 r-xp 00000000 08:01 1314967                    /lib/x86_64-linux-gnu/libnss_nis-2.19.so
7f8a57dff000-7f8a57ffe000 ---p 0000b000 08:01 1314967                    /lib/x86_64-linux-gnu/libnss_nis-2.19.so
7f8a57ffe000-7f8a57fff000 r--p 0000a000 08:01 1314967                    /lib/x86_64-linux-gnu/libnss_nis-2.19.so
7f8a57fff000-7f8a58000000 rw-p 0000b000 08:01 1314967                    /lib/x86_64-linux-gnu/libnss_nis-2.19.so
7f8a58000000-7f8a58274000 rw-p 00000000 00:00 0 
7f8a58274000-7f8a5c000000 ---p 00000000 00:00 0 
7f8a5c004000-7f8a5c0db000 rw-p 00000000 00:00 0 
7f8a5c0db000-7f8a5c123000 rw-p 00000000 00:00 0 
7f8a5c123000-7f8a5c13a000 r-xp 00000000 08:01 1314868                    /lib/x86_64-linux-gnu/libnsl-2.19.so
7f8a5c13a000-7f8a5c339000 ---p 00017000 08:01 1314868                    /lib/x86_64-linux-gnu/libnsl-2.19.so
7f8a5c339000-7f8a5c33a000 r--p 00016000 08:01 1314868                    /lib/x86_64-linux-gnu/libnsl-2.19.so
7f8a5c33a000-7f8a5c33b000 rw-p 00017000 08:01 1314868                    /lib/x86_64-linux-gnu/libnsl-2.19.so
7f8a5c33b000-7f8a5c33d000 rw-p 00000000 00:00 0 
7f8a5c33d000-7f8a5c346000 r-xp 00000000 08:01 1314859                    /lib/x86_64-linux-gnu/libnss_compat-2.19.so
7f8a5c346000-7f8a5c545000 ---p 00009000 08:01 1314859                    /lib/x86_64-linux-gnu/libnss_compat-2.19.so
7f8a5c545000-7f8a5c546000 r--p 00008000 08:01 1314859                    /lib/x86_64-linux-gnu/libnss_compat-2.19.so
7f8a5c546000-7f8a5c547000 rw-p 00009000 08:01 1314859                    /lib/x86_64-linux-gnu/libnss_compat-2.19.so
7f8a5c547000-7f8a5c572000 r-xp 00000000 08:01 2896674                    /usr/lib/jvm/java-7-openjdk-amd64/jre/lib/amd64/libjava.so
7f8a5c572000-7f8a5c772000 ---p 0002b000 08:01 2896674                    /usr/lib/jvm/java-7-openjdk-amd64/jre/lib/amd64/libjava.so
7f8a5c772000-7f8a5c773000 r--p 0002b000 08:01 2896674                    /usr/lib/jvm/java-7-openjdk-amd64/jre/lib/amd64/libjava.so
7f8a5c773000-7f8a5c775000 rw-p 0002c000 08:01 2896674                    /usr/lib/jvm/java-7-openjdk-amd64/jre/lib/amd64/libjava.so
7f8a5c775000-7f8a5c785000 r-xp 00000000 08:01 2896671                    /usr/lib/jvm/java-7-openjdk-amd64/jre/lib/amd64/libverify.so
7f8a5c785000-7f8a5c984000 ---p 00010000 08:01 2896671                    /usr/lib/jvm/java-7-openjdk-amd64/jre/lib/amd64/libverify.so
7f8a5c984000-7f8a5c986000 r--p 0000f000 08:01 2896671                    /usr/lib/jvm/java-7-openjdk-amd64/jre/lib/amd64/libverify.so
7f8a5c986000-7f8a5c987000 rw-p 00011000 08:01 2896671                    /usr/lib/jvm/java-7-openjdk-amd64/jre/lib/amd64/libverify.so
7f8a5c987000-7f8a5c98e000 r-xp 00000000 08:01 1314916                    /lib/x86_64-linux-gnu/librt-2.19.so
7f8a5c98e000-7f8a5cb8d000 ---p 00007000 08:01 1314916                    /lib/x86_64-linux-gnu/librt-2.19.so
7f8a5cb8d000-7f8a5cb8e000 r--p 00006000 08:01 1314916                    /lib/x86_64-linux-gnu/librt-2.19.so
7f8a5cb8e000-7f8a5cb8f000 rw-p 00007000 08:01 1314916                    /lib/x86_64-linux-gnu/librt-2.19.so
7f8a5cb8f000-7f8a5cba5000 r-xp 00000000 08:01 1314818                    /lib/x86_64-linux-gnu/libgcc_s.so.1
7f8a5cba5000-7f8a5cda4000 ---p 00016000 08:01 1314818                    /lib/x86_64-linux-gnu/libgcc_s.so.1
7f8a5cda4000-7f8a5cda5000 rw-p 00015000 08:01 1314818                    /lib/x86_64-linux-gnu/libgcc_s.so.1
7f8a5cda5000-7f8a5ceaa000 r-xp 00000000 08:01 1314817                    /lib/x86_64-linux-gnu/libm-2.19.so
7f8a5ceaa000-7f8a5d0a9000 ---p 00105000 08:01 1314817                    /lib/x86_64-linux-gnu/libm-2.19.so
7f8a5d0a9000-7f8a5d0aa000 r--p 00104000 08:01 1314817                    /lib/x86_64-linux-gnu/libm-2.19.so
7f8a5d0aa000-7f8a5d0ab000 rw-p 00105000 08:01 1314817                    /lib/x86_64-linux-gnu/libm-2.19.so
7f8a5d0ab000-7f8a5d191000 r-xp 00000000 08:01 2631701                    /usr/lib/x86_64-linux-gnu/libstdc++.so.6.0.19
7f8a5d191000-7f8a5d390000 ---p 000e6000 08:01 2631701                    /usr/lib/x86_64-linux-gnu/libstdc++.so.6.0.19
7f8a5d390000-7f8a5d398000 r--p 000e5000 08:01 2631701                    /usr/lib/x86_64-linux-gnu/libstdc++.so.6.0.19
7f8a5d398000-7f8a5d39a000 rw-p 000ed000 08:01 2631701                    /usr/lib/x86_64-linux-gnu/libstdc++.so.6.0.19
7f8a5d39a000-7f8a5d3af000 rw-p 00000000 00:00 0 
7f8a5d3af000-7f8a5dec7000 r-xp 00000000 08:01 2896679                    /usr/lib/jvm/java-7-openjdk-amd64/jre/lib/amd64/server/libjvm.so
7f8a5dec7000-7f8a5e0c7000 ---p 00b18000 08:01 2896679                    /usr/lib/jvm/java-7-openjdk-amd64/jre/lib/amd64/server/libjvm.so
7f8a5e0c7000-7f8a5e161000 r--p 00b18000 08:01 2896679                    /usr/lib/jvm/java-7-openjdk-amd64/jre/lib/amd64/server/libjvm.so
7f8a5e161000-7f8a5e184000 rw-p 00bb2000 08:01 2896679                    /usr/lib/jvm/java-7-openjdk-amd64/jre/lib/amd64/server/libjvm.so
7f8a5e184000-7f8a5e1b2000 rw-p 00000000 00:00 0 
7f8a5e1b2000-7f8a5e1ca000 r-xp 00000000 08:01 1315004                    /lib/x86_64-linux-gnu/libz.so.1.2.8
7f8a5e1ca000-7f8a5e3c9000 ---p 00018000 08:01 1315004                    /lib/x86_64-linux-gnu/libz.so.1.2.8
7f8a5e3c9000-7f8a5e3ca000 r--p 00017000 08:01 1315004                    /lib/x86_64-linux-gnu/libz.so.1.2.8
7f8a5e3ca000-7f8a5e3cb000 rw-p 00018000 08:01 1315004                    /lib/x86_64-linux-gnu/libz.so.1.2.8
7f8a5e3cb000-7f8a5e3e4000 r-xp 00000000 08:01 1314912                    /lib/x86_64-linux-gnu/libpthread-2.19.so
7f8a5e3e4000-7f8a5e5e3000 ---p 00019000 08:01 1314912                    /lib/x86_64-linux-gnu/libpthread-2.19.so
7f8a5e5e3000-7f8a5e5e4000 r--p 00018000 08:01 1314912                    /lib/x86_64-linux-gnu/libpthread-2.19.so
7f8a5e5e4000-7f8a5e5e5000 rw-p 00019000 08:01 1314912                    /lib/x86_64-linux-gnu/libpthread-2.19.so
7f8a5e5e5000-7f8a5e5e9000 rw-p 00000000 00:00 0 
7f8a5e5e9000-7f8a5e5ec000 r-xp 00000000 08:01 1314851                    /lib/x86_64-linux-gnu/libdl-2.19.so
7f8a5e5ec000-7f8a5e7eb000 ---p 00003000 08:01 1314851                    /lib/x86_64-linux-gnu/libdl-2.19.so
7f8a5e7eb000-7f8a5e7ec000 r--p 00002000 08:01 1314851                    /lib/x86_64-linux-gnu/libdl-2.19.so
7f8a5e7ec000-7f8a5e7ed000 rw-p 00003000 08:01 1314851                    /lib/x86_64-linux-gnu/libdl-2.19.so
7f8a5e7ed000-7f8a5e9a8000 r-xp 00000000 08:01 1314910                    /lib/x86_64-linux-gnu/libc-2.19.so
7f8a5e9a8000-7f8a5eba7000 ---p 001bb000 08:01 1314910                    /lib/x86_64-linux-gnu/libc-2.19.so
7f8a5eba7000-7f8a5ebab000 r--p 001ba000 08:01 1314910                    /lib/x86_64-linux-gnu/libc-2.19.so
7f8a5ebab000-7f8a5ebad000 rw-p 001be000 08:01 1314910                    /lib/x86_64-linux-gnu/libc-2.19.so
7f8a5ebad000-7f8a5ebb2000 rw-p 00000000 00:00 0 
7f8a5ebb2000-7f8a5ebbf000 r-xp 00000000 08:01 2896650                    /usr/lib/jvm/java-7-openjdk-amd64/jre/lib/amd64/jli/libjli.so
7f8a5ebbf000-7f8a5edbe000 ---p 0000d000 08:01 2896650                    /usr/lib/jvm/java-7-openjdk-amd64/jre/lib/amd64/jli/libjli.so
7f8a5edbe000-7f8a5edbf000 r--p 0000c000 08:01 2896650                    /usr/lib/jvm/java-7-openjdk-amd64/jre/lib/amd64/jli/libjli.so
7f8a5edbf000-7f8a5edc0000 rw-p 0000d000 08:01 2896650                    /usr/lib/jvm/java-7-openjdk-amd64/jre/lib/amd64/jli/libjli.so
7f8a5edc0000-7f8a5ede3000 r-xp 00000000 08:01 1314872                    /lib/x86_64-linux-gnu/ld-2.19.so
7f8a5ede4000-7f8a5ede5000 rw-p 00000000 00:00 0 
7f8a5ede5000-7f8a5ede7000 r--s 00006000 08:01 3031457                    /usr/share/java/java-atk-wrapper.jar
7f8a5ede7000-7f8a5ee09000 rw-p 00000000 00:00 0 
7f8a5ee09000-7f8a5eebf000 rw-p 00000000 00:00 0 
7f8a5eebf000-7f8a5eec2000 ---p 00000000 00:00 0 
7f8a5eec2000-7f8a5efc5000 rw-p 00000000 00:00 0                          [stack:28224]
7f8a5efc5000-7f8a5efc7000 r--s 00012000 08:01 2896689                    /usr/lib/jvm/java-7-openjdk-amd64/jre/lib/ext/zipfs.jar
7f8a5efc7000-7f8a5efca000 r--s 0000f000 08:01 2896684                    /usr/lib/jvm/java-7-openjdk-amd64/jre/lib/ext/icedtea-sound.jar
7f8a5efca000-7f8a5efcd000 r--s 00086000 08:01 2896687                    /usr/lib/jvm/java-7-openjdk-amd64/jre/lib/ext/localedata.jar
7f8a5efcd000-7f8a5efd1000 r--s 00034000 08:01 2896688                    /usr/lib/jvm/java-7-openjdk-amd64/jre/lib/ext/sunjce_provider.jar
7f8a5efd1000-7f8a5efd5000 r--s 0003c000 08:01 2896686                    /usr/lib/jvm/java-7-openjdk-amd64/jre/lib/ext/sunpkcs11.jar
7f8a5efd5000-7f8a5efd6000 r--s 00002000 08:01 2896685                    /usr/lib/jvm/java-7-openjdk-amd64/jre/lib/ext/dnsns.jar
7f8a5efd6000-7f8a5efde000 rw-s 00000000 08:01 665775                     /tmp/hsperfdata_kev/28218
7f8a5efde000-7f8a5efdf000 rw-p 00000000 00:00 0 
7f8a5efdf000-7f8a5efe0000 ---p 00000000 00:00 0 
7f8a5efe0000-7f8a5efe2000 rw-p 00000000 00:00 0 
7f8a5efe2000-7f8a5efe3000 r--p 00022000 08:01 1314872                    /lib/x86_64-linux-gnu/ld-2.19.so
7f8a5efe3000-7f8a5efe4000 rw-p 00023000 08:01 1314872                    /lib/x86_64-linux-gnu/ld-2.19.so
7f8a5efe4000-7f8a5efe5000 rw-p 00000000 00:00 0 
7ffc61a19000-7ffc61a3b000 rw-p 00000000 00:00 0                          [stack]
7ffc61be6000-7ffc61be8000 r-xp 00000000 00:00 0                          [vdso]
ffffffffff600000-ffffffffff601000 r-xp 00000000 00:00 0                  [vsyscall]

VM Arguments:
jvm_args: -Xmx1024M -Dfile.encoding=UTF-8 -Duser.country=US -Duser.language=en -Duser.variant 
java_command: com.android.dx.command.Main --dex --output /home/kev/AndroidStudioProjects/PriceCloud/app/build/intermediates/dex/debug /home/kev/AndroidStudioProjects/PriceCloud/app/build/intermediates/classes/debug /home/kev/AndroidStudioProjects/PriceCloud/app/build/intermediates/pre-dexed/debug/support-annotations-22.2.0-47529ac724c557d0a5590715bd59ee03eb3d089e.jar /home/kev/AndroidStudioProjects/PriceCloud/app/build/intermediates/pre-dexed/debug/classes-6f53929c59bddb41dc47672ba172f2df13a695dd.jar /home/kev/AndroidStudioProjects/PriceCloud/app/build/intermediates/pre-dexed/debug/classes-6c442f0d9abde040e40e674a19105e4ae643f1e7.jar /home/kev/AndroidStudioProjects/PriceCloud/app/build/intermediates/pre-dexed/debug/classes-b3a574ae2360b2a35a5374027e790e371b6ba833.jar /home/kev/AndroidStudioProjects/PriceCloud/app/build/intermediates/pre-dexed/debug/internal_impl-22.0.0-3f4198c2b9de9c2f236882d5e4e7e5679e500b10.jar /home/kev/AndroidStudioProjects/PriceCloud/app/build/intermediates/pre-dexed/debug/classes-dd00e13e55427572cc98c88a2e708f811418805a.jar /home/kev/AndroidStudioProjects/PriceCloud/app/build/intermediates/pre-dexed/debug/classes-d373bc7eea05044a443c67937e68c3f848c4a891.jar /home/kev/AndroidStudioProjects/PriceCloud/app/build/intermediates/pre-dexed/debug/classes-737b2b747426fb2693012b7faeb38377e52de754.jar /home/kev/AndroidStudioProjects/PriceCloud/app/build/intermediates/pre-dexed/debug/classes-d5aee46fe9fc2fb9ef2d81b7ee3664f00d0edd40.jar /home/kev/AndroidStudioProjects/PriceCloud/app/build/intermediates/pre-dexed/debug/classes-879217c8ec485c1bd328a5b15ebb0d37f78439f6.jar /home/kev/AndroidStudioProjects/PriceCloud/app/build/intermediates/pre-dexed/debug/classes-617b36adb7422716a4e963e770bb49ae6af34efb.jar /home/kev/AndroidStudioProjects/PriceCloud/app/build/intermediates/pre-dexed/debug/classes-dc52b2be9a1451ca03381177a20199fb00f762f3.jar /home/kev/AndroidStudioProjects/PriceCloud/app/build/intermediates/pre-dexed/debug/classes-da4488b3c869e3b39ecca7d99513
Launcher Type: SUN_STANDARD

Environment Variables:
PATH=/usr/local/sbin:/usr/local/bin:/usr/sbin:/usr/bin:/sbin:/bin:/usr/games:/usr/local/games:~/.composer/vendor/bin
LD_LIBRARY_PATH=.:
SHELL=/bin/bash
DISPLAY=:0

Signal Handlers:
SIGSEGV: [libjvm.so+0x94b9a0], sa_mask[0]=0x7ffbfeff, sa_flags=0x10000004
SIGBUS: [libjvm.so+0x94b9a0], sa_mask[0]=0x7ffbfeff, sa_flags=0x10000004
SIGFPE: [libjvm.so+0x7c3880], sa_mask[0]=0x7ffbfeff, sa_flags=0x10000004
SIGPIPE: [libjvm.so+0x7c3880], sa_mask[0]=0x7ffbfeff, sa_flags=0x10000004
SIGXFSZ: [libjvm.so+0x7c3880], sa_mask[0]=0x7ffbfeff, sa_flags=0x10000004
SIGILL: [libjvm.so+0x7c3880], sa_mask[0]=0x7ffbfeff, sa_flags=0x10000004
SIGUSR1: SIG_DFL, sa_mask[0]=0x00000000, sa_flags=0x00000000
SIGUSR2: [libjvm.so+0x7c3720], sa_mask[0]=0x00000004, sa_flags=0x10000004
SIGHUP: [libjvm.so+0x7c3900], sa_mask[0]=0x7ffbfeff, sa_flags=0x10000004
SIGINT: [libjvm.so+0x7c3900], sa_mask[0]=0x7ffbfeff, sa_flags=0x10000004
SIGTERM: [libjvm.so+0x7c3900], sa_mask[0]=0x7ffbfeff, sa_flags=0x10000004
SIGQUIT: [libjvm.so+0x7c3900], sa_mask[0]=0x7ffbfeff, sa_flags=0x10000004
SIGTRAP: SIG_DFL, sa_mask[0]=0x00000000, sa_flags=0x00000000


---------------  S Y S T E M  ---------------

OS:Ubuntu 14.04 (trusty)
uname:Linux 3.13.0-54-generic #91-Ubuntu SMP Tue May 26 19:15:08 UTC 2015 x86_64
libc:glibc 2.19 NPTL 2.19 
rlimit: STACK 8192k, CORE 0k, NPROC 28866, NOFILE 4096, AS infinity
load average:1,80 1,27 1,61

/proc/meminfo:
MemTotal:        3724688 kB
MemFree:          111240 kB
Buffers:             712 kB
Cached:           446576 kB
SwapCached:         6576 kB
Active:          2251300 kB
Inactive:         710576 kB
Active(anon):    2250444 kB
Inactive(anon):   690440 kB
Active(file):        856 kB
Inactive(file):    20136 kB
Unevictable:          52 kB
Mlocked:              52 kB
SwapTotal:        488276 kB
SwapFree:              0 kB
Dirty:                 0 kB
Writeback:             0 kB
AnonPages:       2509152 kB
Mapped:           548596 kB
Shmem:            425308 kB
Slab:              88552 kB
SReclaimable:      32880 kB
SUnreclaim:        55672 kB
KernelStack:        5768 kB
PageTables:        39632 kB
NFS_Unstable:          0 kB
Bounce:                0 kB
WritebackTmp:          0 kB
CommitLimit:     2350620 kB
Committed_AS:    8011796 kB
VmallocTotal:   34359738367 kB
VmallocUsed:      350676 kB
VmallocChunk:   34359332000 kB
HardwareCorrupted:     0 kB
AnonHugePages:    313344 kB
HugePages_Total:       0
HugePages_Free:        0
HugePages_Rsvd:        0
HugePages_Surp:        0
Hugepagesize:       2048 kB
DirectMap4k:      141952 kB
DirectMap2M:     3725312 kB
DirectMap1G:           0 kB


CPU:total 8 (4 cores per cpu, 2 threads per core) family 6 model 60 stepping 3, cmov, cx8, fxsr, mmx, sse, sse2, sse3, ssse3, sse4.1, sse4.2, popcnt, avx, avx2, aes, erms, ht, tsc, tscinvbit

/proc/cpuinfo:
processor	: 0
vendor_id	: GenuineIntel
cpu family	: 6
model		: 60
model name	: Intel(R) Core(TM) i7-4771 CPU @ 3.50GHz
stepping	: 3
microcode	: 0x9
cpu MHz		: 3501.000
cache size	: 8192 KB
physical id	: 0
siblings	: 8
core id		: 0
cpu cores	: 4
apicid		: 0
initial apicid	: 0
fpu		: yes
fpu_exception	: yes
cpuid level	: 13
wp		: yes
flags		: fpu vme de pse tsc msr pae mce cx8 apic sep mtrr pge mca cmov pat pse36 clflush dts acpi mmx fxsr sse sse2 ss ht tm pbe syscall nx pdpe1gb rdtscp lm constant_tsc arch_perfmon pebs bts rep_good nopl xtopology nonstop_tsc aperfmperf eagerfpu pni pclmulqdq dtes64 monitor ds_cpl vmx smx est tm2 ssse3 fma cx16 xtpr pdcm pcid sse4_1 sse4_2 x2apic movbe popcnt tsc_deadline_timer aes xsave avx f16c rdrand lahf_lm abm ida arat epb xsaveopt pln pts dtherm tpr_shadow vnmi flexpriority ept vpid fsgsbase tsc_adjust bmi1 hle avx2 smep bmi2 erms invpcid rtm
bogomips	: 6995.80
clflush size	: 64
cache_alignment	: 64
address sizes	: 39 bits physical, 48 bits virtual
power management:

processor	: 1
vendor_id	: GenuineIntel
cpu family	: 6
model		: 60
model name	: Intel(R) Core(TM) i7-4771 CPU @ 3.50GHz
stepping	: 3
microcode	: 0x9
cpu MHz		: 3100.000
cache size	: 8192 KB
physical id	: 0
siblings	: 8
core id		: 1
cpu cores	: 4
apicid		: 2
initial apicid	: 2
fpu		: yes
fpu_exception	: yes
cpuid level	: 13
wp		: yes
flags		: fpu vme de pse tsc msr pae mce cx8 apic sep mtrr pge mca cmov pat pse36 clflush dts acpi mmx fxsr sse sse2 ss ht tm pbe syscall nx pdpe1gb rdtscp lm constant_tsc arch_perfmon pebs bts rep_good nopl xtopology nonstop_tsc aperfmperf eagerfpu pni pclmulqdq dtes64 monitor ds_cpl vmx smx est tm2 ssse3 fma cx16 xtpr pdcm pcid sse4_1 sse4_2 x2apic movbe popcnt tsc_deadline_timer aes xsave avx f16c rdrand lahf_lm abm ida arat epb xsaveopt pln pts dtherm tpr_shadow vnmi flexpriority ept vpid fsgsbase tsc_adjust bmi1 hle avx2 smep bmi2 erms invpcid rtm
bogomips	: 6995.80
clflush size	: 64
cache_alignment	: 64
address sizes	: 39 bits physical, 48 bits virtual
power management:

processor	: 2
vendor_id	: GenuineIntel
cpu family	: 6
model		: 60
model name	: Intel(R) Core(TM) i7-4771 CPU @ 3.50GHz
stepping	: 3
microcode	: 0x9
cpu MHz		: 3300.000
cache size	: 8192 KB
physical id	: 0
siblings	: 8
core id		: 2
cpu cores	: 4
apicid		: 4
initial apicid	: 4
fpu		: yes
fpu_exception	: yes
cpuid level	: 13
wp		: yes
flags		: fpu vme de pse tsc msr pae mce cx8 apic sep mtrr pge mca cmov pat pse36 clflush dts acpi mmx fxsr sse sse2 ss ht tm pbe syscall nx pdpe1gb rdtscp lm constant_tsc arch_perfmon pebs bts rep_good nopl xtopology nonstop_tsc aperfmperf eagerfpu pni pclmulqdq dtes64 monitor ds_cpl vmx smx est tm2 ssse3 fma cx16 xtpr pdcm pcid sse4_1 sse4_2 x2apic movbe popcnt tsc_deadline_timer aes xsave avx f16c rdrand lahf_lm abm ida arat epb xsaveopt pln pts dtherm tpr_shadow vnmi flexpriority ept vpid fsgsbase tsc_adjust bmi1 hle avx2 smep bmi2 erms invpcid rtm
bogomips	: 6995.80
clflush size	: 64
cache_alignment	: 64
address sizes	: 39 bits physical, 48 bits virtual
power management:

processor	: 3
vendor_id	: GenuineIntel
cpu family	: 6
model		: 60
model name	: Intel(R) Core(TM) i7-4771 CPU @ 3.50GHz
stepping	: 3
microcode	: 0x9
cpu MHz		: 3501.000
cache size	: 8192 KB
physical id	: 0
siblings	: 8
core id		: 3
cpu cores	: 4
apicid		: 6
initial apicid	: 6
fpu		: yes
fpu_exception	: yes
cpuid level	: 13
wp		: yes
flags		: fpu vme de pse tsc msr pae mce cx8 apic sep mtrr pge mca cmov pat pse36 clflush dts acpi mmx fxsr sse sse2 ss ht tm pbe syscall nx pdpe1gb rdtscp lm constant_tsc arch_perfmon pebs bts rep_good nopl xtopology nonstop_tsc aperfmperf eagerfpu pni pclmulqdq dtes64 monitor ds_cpl vmx smx est tm2 ssse3 fma cx16 xtpr pdcm pcid sse4_1 sse4_2 x2apic movbe popcnt tsc_deadline_timer aes xsave avx f16c rdrand lahf_lm abm ida arat epb xsaveopt pln pts dtherm tpr_shadow vnmi flexpriority ept vpid fsgsbase tsc_adjust bmi1 hle avx2 smep bmi2 erms invpcid rtm
bogomips	: 6995.80
clflush size	: 64
cache_alignment	: 64
address sizes	: 39 bits physical, 48 bits virtual
power management:

processor	: 4
vendor_id	: GenuineIntel
cpu family	: 6
model		: 60
model name	: Intel(R) Core(TM) i7-4771 CPU @ 3.50GHz
stepping	: 3
microcode	: 0x9
cpu MHz		: 3501.000
cache size	: 8192 KB
physical id	: 0
siblings	: 8
core id		: 0
cpu cores	: 4
apicid		: 1
initial apicid	: 1
fpu		: yes
fpu_exception	: yes
cpuid level	: 13
wp		: yes
flags		: fpu vme de pse tsc msr pae mce cx8 apic sep mtrr pge mca cmov pat pse36 clflush dts acpi mmx fxsr sse sse2 ss ht tm pbe syscall nx pdpe1gb rdtscp lm constant_tsc arch_perfmon pebs bts rep_good nopl xtopology nonstop_tsc aperfmperf eagerfpu pni pclmulqdq dtes64 monitor ds_cpl vmx smx est tm2 ssse3 fma cx16 xtpr pdcm pcid sse4_1 sse4_2 x2apic movbe popcnt tsc_deadline_timer aes xsave avx f16c rdrand lahf_lm abm ida arat epb xsaveopt pln pts dtherm tpr_shadow vnmi flexpriority ept vpid fsgsbase tsc_adjust bmi1 hle avx2 smep bmi2 erms invpcid rtm
bogomips	: 6995.80
clflush size	: 64
cache_alignment	: 64
address sizes	: 39 bits physical, 48 bits virtual
power management:

processor	: 5
vendor_id	: GenuineIntel
cpu family	: 6
model		: 60
model name	: Intel(R) Core(TM) i7-4771 CPU @ 3.50GHz
stepping	: 3
microcode	: 0x9
cpu MHz		: 2000.000
cache size	: 8192 KB
physical id	: 0
siblings	: 8
core id		: 1
cpu cores	: 4
apicid		: 3
initial apicid	: 3
fpu		: yes
fpu_exception	: yes
cpuid level	: 13
wp		: yes
flags		: fpu vme de pse tsc msr pae mce cx8 apic sep mtrr pge mca cmov pat pse36 clflush dts acpi mmx fxsr sse sse2 ss ht tm pbe syscall nx pdpe1gb rdtscp lm constant_tsc arch_perfmon pebs bts rep_good nopl xtopology nonstop_tsc aperfmperf eagerfpu pni pclmulqdq dtes64 monitor ds_cpl vmx smx est tm2 ssse3 fma cx16 xtpr pdcm pcid sse4_1 sse4_2 x2apic movbe popcnt tsc_deadline_timer aes xsave avx f16c rdrand lahf_lm abm ida arat epb xsaveopt pln pts dtherm tpr_shadow vnmi flexpriority ept vpid fsgsbase tsc_adjust bmi1 hle avx2 smep bmi2 erms invpcid rtm
bogomips	: 6995.80
clflush size	: 64
cache_alignment	: 64
address sizes	: 39 bits physical, 48 bits virtual
power management:

processor	: 6
vendor_id	: GenuineIntel
cpu family	: 6
model		: 60
model name	: Intel(R) Core(TM) i7-4771 CPU @ 3.50GHz
stepping	: 3
microcode	: 0x9
cpu MHz		: 2500.000
cache size	: 8192 KB
physical id	: 0
siblings	: 8
core id		: 2
cpu cores	: 4
apicid		: 5
initial apicid	: 5
fpu		: yes
fpu_exception	: yes
cpuid level	: 13
wp		: yes
flags		: fpu vme de pse tsc msr pae mce cx8 apic sep mtrr pge mca cmov pat pse36 clflush dts acpi mmx fxsr sse sse2 ss ht tm pbe syscall nx pdpe1gb rdtscp lm constant_tsc arch_perfmon pebs bts rep_good nopl xtopology nonstop_tsc aperfmperf eagerfpu pni pclmulqdq dtes64 monitor ds_cpl vmx smx est tm2 ssse3 fma cx16 xtpr pdcm pcid sse4_1 sse4_2 x2apic movbe popcnt tsc_deadline_timer aes xsave avx f16c rdrand lahf_lm abm ida arat epb xsaveopt pln pts dtherm tpr_shadow vnmi flexpriority ept vpid fsgsbase tsc_adjust bmi1 hle avx2 smep bmi2 erms invpcid rtm
bogomips	: 6995.80
clflush size	: 64
cache_alignment	: 64
address sizes	: 39 bits physical, 48 bits virtual
power management:

processor	: 7
vendor_id	: GenuineIntel
cpu family	: 6
model		: 60
model name	: Intel(R) Core(TM) i7-4771 CPU @ 3.50GHz
stepping	: 3
microcode	: 0x9
cpu MHz		: 1200.000
cache size	: 8192 KB
physical id	: 0
siblings	: 8
core id		: 3
cpu cores	: 4
apicid		: 7
initial apicid	: 7
fpu		: yes
fpu_exception	: yes
cpuid level	: 13
wp		: yes
flags		: fpu vme de pse tsc msr pae mce cx8 apic sep mtrr pge mca cmov pat pse36 clflush dts acpi mmx fxsr sse sse2 ss ht tm pbe syscall nx pdpe1gb rdtscp lm constant_tsc arch_perfmon pebs bts rep_good nopl xtopology nonstop_tsc aperfmperf eagerfpu pni pclmulqdq dtes64 monitor ds_cpl vmx smx est tm2 ssse3 fma cx16 xtpr pdcm pcid sse4_1 sse4_2 x2apic movbe popcnt tsc_deadline_timer aes xsave avx f16c rdrand lahf_lm abm ida arat epb xsaveopt pln pts dtherm tpr_shadow vnmi flexpriority ept vpid fsgsbase tsc_adjust bmi1 hle avx2 smep bmi2 erms invpcid rtm
bogomips	: 6995.80
clflush size	: 64
cache_alignment	: 64
address sizes	: 39 bits physical, 48 bits virtual
power management:



Memory: 4k page, physical 3724688k(110992k free), swap 488276k(0k free)

vm_info: OpenJDK 64-Bit Server VM (24.79-b02) for linux-amd64 JRE (1.7.0_79-b14), built on Apr 16 2015 08:21:58 by "buildd" with gcc 4.8.2

time: Thu Jun 18 00:31:17 2015
elapsed time: 5 seconds

